180420 191933.523|CONFIG|main|setFileHandlers|Now logging to E:\PC2\Others\pc2Client\bin\logs directory.
180420 191933.525|INFO|main|info|
180420 191933.532|INFO|main|info|Version 9.5.3 20180207 (Wednesday, February 7th 2018 04:25 UTC) Java ver 1.8.0_101 build 4653 Windows 10 10.0 (amd64) 
180420 191933.532|INFO|main|startLog|Working directory is E:\PC2\Others\pc2Client\bin
180420 191933.575|INFO|main|startLog|Process id is 1844@NguyenManhSon
180420 191933.575|INFO|main|start|Starting ConnectionManager...
180420 191934.074|INFO|main|start|Started ConnectionManager
180420 191934.079|INFO|main|setClientServerAndPort|INIFile File location: file:/E:/PC2/Others/pc2Client/bin/pc2v9.ini
180420 191934.087|INFO|main|setClientServerAndPort|setClientServerAndPort 203.162.88.119 parsed as 203.162.88.119 port 50002
180420 191934.087|INFO|main|info|Contacting server at 203.162.88.119:50002
180420 191934.087|INFO|main|connectToMyServer|Connecting to 203.162.88.119:50002
180420 191934.187|INFO|Thread-1|receiveUnencrypted|receiveUnencrypted(TransportWrapper, ConnectionHandlerID=Socket[addr=/203.162.88.119,port=50002,localport=57891]--4419552094736076167)
180420 191934.369|INFO|Thread-1|receiveUnencrypted|receiveUnencrypted Made a secret key for Socket[addr=/203.162.88.119,port=50002,localport=57891]--4419552094736076167 key is com.sun.crypto.provider.DESKey@fffe783c
180420 191934.370|INFO|Thread-1|getPublicKeyPacket|Generating Unencrypted Public Key Packet
180420 191934.371|INFO|Thread-1|getPublicKeyPacket|checking key:= SunJCE Diffie-Hellman Public Key:
y:
    d4b54584 80b3c90c b264f268 83ed87b1 efd134ad 348f4a61 a413ec50 888a8a03
    6eab2964 61413526 0705b4cd 795550c8 f39b3f4c 3f540f60 174cadb6 4f8e3e74
    eed53f52 98a264d7 c322f726 94a168c9 0b570f4a e7fa500b 8453957c 917d06cd
    08fb643c b7f019c3 e3249048 50289d45 86077971 7cc13d4e bf1800e3 8229e57b
p:
    f488fd58 4e49dbcd 20b49de4 9107366b 336c380d 451d0f7c 88b31c7c 5b2d8ef6
    f3c923c0 43f0a55b 188d8ebb 558cb85d 38d334fd 7c175743 a31d186c de33212c
    b52aff3c e1b12940 18118d7c 84a70a72 d686c403 19c80729 7aca950c d9969fab
    d00a509b 0246d308 3d66a45d 419f9c7c bd894b22 1926baab a25ec355 e92f78c7
g:
    02
l:
    512
180420 191934.372|INFO|Thread-1|getPublicKeyPacket|packet:= edu.csus.ecs.pc2.core.transport.TransportWrapper@5c226a84
180420 192207.972|INFO|Thread-1|receive|Exception in receive for Socket[addr=/203.162.88.119,port=50002,localport=57891]--4419552094736076167
|java.net.SocketTimeoutException: Read timed out
|    at java.net.SocketInputStream.socketRead0 (SocketInputStream.java:-2)
|    at java.net.SocketInputStream.socketRead (SocketInputStream.java:116)
|    at java.net.SocketInputStream.read (SocketInputStream.java:170)
|    at java.net.SocketInputStream.read (SocketInputStream.java:141)
|    at java.net.SocketInputStream.read (SocketInputStream.java:223)
|    at java.io.ObjectInputStream$PeekInputStream.peek (ObjectInputStream.java:2321)
|    at java.io.ObjectInputStream$BlockDataInputStream.peek (ObjectInputStream.java:2614)
|    at java.io.ObjectInputStream$BlockDataInputStream.peekByte (ObjectInputStream.java:2624)
|    at java.io.ObjectInputStream.readObject0 (ObjectInputStream.java:1321)
|    at java.io.ObjectInputStream.readObject (ObjectInputStream.java:373)
|    at edu.csus.ecs.pc2.core.transport.ConnectionHandlerThread.receive (ConnectionHandlerThread.java:151)
|    at edu.csus.ecs.pc2.core.transport.ConnectionHandlerClientThread.run (ConnectionHandlerClientThread.java:65)
180420 192207.973|FINER|Thread-1|run|THROW
|edu.csus.ecs.pc2.core.transport.TransportException: Read timed out
|    at edu.csus.ecs.pc2.core.transport.ConnectionHandlerThread.receive (ConnectionHandlerThread.java:161)
|    at edu.csus.ecs.pc2.core.transport.ConnectionHandlerClientThread.run (ConnectionHandlerClientThread.java:65)
180420 192207.974|INFO|Thread-1|receive|SocketException in receive for Socket[addr=/203.162.88.119,port=50002,localport=57891]--4419552094736076167
|java.net.SocketException: Connection reset
|    at java.net.SocketInputStream.read (SocketInputStream.java:209)
|    at java.net.SocketInputStream.read (SocketInputStream.java:141)
|    at java.net.SocketInputStream.read (SocketInputStream.java:223)
|    at java.io.ObjectInputStream$PeekInputStream.peek (ObjectInputStream.java:2321)
|    at java.io.ObjectInputStream$BlockDataInputStream.peek (ObjectInputStream.java:2614)
|    at java.io.ObjectInputStream$BlockDataInputStream.peekByte (ObjectInputStream.java:2624)
|    at java.io.ObjectInputStream.readObject0 (ObjectInputStream.java:1321)
|    at java.io.ObjectInputStream.readObject (ObjectInputStream.java:373)
|    at edu.csus.ecs.pc2.core.transport.ConnectionHandlerThread.receive (ConnectionHandlerThread.java:151)
|    at edu.csus.ecs.pc2.core.transport.ConnectionHandlerClientThread.run (ConnectionHandlerClientThread.java:65)
180420 192207.974|FINER|Thread-1|run|THROW
|edu.csus.ecs.pc2.core.transport.TransportException: Connection reset
|    at edu.csus.ecs.pc2.core.transport.ConnectionHandlerThread.receive (ConnectionHandlerThread.java:155)
|    at edu.csus.ecs.pc2.core.transport.ConnectionHandlerClientThread.run (ConnectionHandlerClientThread.java:65)
