190215 110108.101|CONFIG|main|setFileHandlers|Now logging to /home/akilotus/AkiGithub/akikazecp/Vault/DSA_NMS_19/Basic_Contest1/pc2Client/bin/logs directory.
190215 110108.107|INFO|main|info|
190215 110108.115|INFO|main|info|Version 9.5.3 20180207 (Wednesday, February 7th 2018 04:25 UTC) Java ver 10.0.2 build 4653 Linux 4.15.0-45-generic (amd64) 
190215 110108.116|INFO|main|startLog|Working directory is /home/akilotus/AkiGithub/akikazecp/Vault/DSA_NMS_19/Basic_Contest1/pc2Client/bin
190215 110108.205|INFO|main|startLog|Process id is 11437@AkiLinux
190215 110108.206|INFO|main|start|Starting ConnectionManager...
190215 110108.324|INFO|main|start|Started ConnectionManager
190215 110108.326|INFO|main|setClientServerAndPort|INIFile File location: file:/home/akilotus/AkiGithub/akikazecp/Vault/DSA_NMS_19/Basic_Contest1/pc2Client/bin/pc2v9.ini
190215 110108.327|INFO|main|setClientServerAndPort|setClientServerAndPort 203.162.88.119 parsed as 203.162.88.119 port 50002
190215 110108.327|INFO|main|info|Contacting server at 203.162.88.119:50002
190215 110108.328|INFO|main|connectToMyServer|Connecting to 203.162.88.119:50002
190215 110108.463|INFO|Thread-0|receiveUnencrypted|receiveUnencrypted(TransportWrapper, ConnectionHandlerID=Socket[addr=/203.162.88.119,port=50002,localport=58650]-8999290781460757644)
190215 110108.520|INFO|Thread-0|receiveUnencrypted|receiveUnencrypted Made a secret key for Socket[addr=/203.162.88.119,port=50002,localport=58650]-8999290781460757644 key is com.sun.crypto.provider.DESKey@1873d
190215 110108.521|INFO|Thread-0|getPublicKeyPacket|Generating Unencrypted Public Key Packet
190215 110108.523|INFO|Thread-0|getPublicKeyPacket|checking key:= SunJCE Diffie-Hellman Public Key:
y:
    284b5895 e1302c92 4898c97c c1b10e4d 59362c0c 3d9b9fcf 022579f3 563709eb
    cf02511a 372c80f8 55967d12 79b9d215 527e262e 4a6ce405 290f068d 441373a8
    bc3f687b 3c8135a7 b550c7a4 4d50459a 8c5b083c 0f720514 663568bf 557406f7
    e09d151a 16468f1d e3b37c99 19bc23b2 67ae214c ec1f5eed adf5e239 62c6b7ff
p:
    f488fd58 4e49dbcd 20b49de4 9107366b 336c380d 451d0f7c 88b31c7c 5b2d8ef6
    f3c923c0 43f0a55b 188d8ebb 558cb85d 38d334fd 7c175743 a31d186c de33212c
    b52aff3c e1b12940 18118d7c 84a70a72 d686c403 19c80729 7aca950c d9969fab
    d00a509b 0246d308 3d66a45d 419f9c7c bd894b22 1926baab a25ec355 e92f78c7
g:
    02
l:
    512
190215 110108.524|INFO|Thread-0|getPublicKeyPacket|packet:= edu.csus.ecs.pc2.core.transport.TransportWrapper@5be079a1
190215 111740.716|INFO|Thread-0|receive|SocketException in receive for Socket[addr=/203.162.88.119,port=50002,localport=58650]-8999290781460757644
|java.net.SocketException: Connection reset
|    at java.net.SocketInputStream.read (SocketInputStream.java:210)
|    at java.net.SocketInputStream.read (SocketInputStream.java:141)
|    at java.net.SocketInputStream.read (SocketInputStream.java:224)
|    at java.io.ObjectInputStream$PeekInputStream.peek (ObjectInputStream.java:2716)
|    at java.io.ObjectInputStream$BlockDataInputStream.peek (ObjectInputStream.java:3043)
|    at java.io.ObjectInputStream$BlockDataInputStream.peekByte (ObjectInputStream.java:3053)
|    at java.io.ObjectInputStream.readObject0 (ObjectInputStream.java:1554)
|    at java.io.ObjectInputStream.readObject (ObjectInputStream.java:422)
|    at edu.csus.ecs.pc2.core.transport.ConnectionHandlerThread.receive (ConnectionHandlerThread.java:151)
|    at edu.csus.ecs.pc2.core.transport.ConnectionHandlerClientThread.run (ConnectionHandlerClientThread.java:65)
190215 111740.719|FINER|Thread-0|run|THROW
|edu.csus.ecs.pc2.core.transport.TransportException: Connection reset
|    at edu.csus.ecs.pc2.core.transport.ConnectionHandlerThread.receive (ConnectionHandlerThread.java:155)
|    at edu.csus.ecs.pc2.core.transport.ConnectionHandlerClientThread.run (ConnectionHandlerClientThread.java:65)
