180531 190210.360|CONFIG|AWT-EventQueue-0|setFileHandlers|Now logging to E:\PC2\Others\pc2Client\bin\logs directory.
180531 190210.360|INFO|AWT-EventQueue-0|info|
180531 190210.360|INFO|AWT-EventQueue-0|info|Version 9.5.3 20180207 (Wednesday, February 7th 2018 04:25 UTC) Java ver 1.8.0_101 build 4653 Windows 10 10.0 (amd64) 
180531 190210.360|INFO|AWT-EventQueue-0|info|Login: team70 (aka team70)
180531 190210.360|INFO|AWT-EventQueue-0|startLog|Working directory is E:\PC2\Others\pc2Client\bin
180531 190210.360|INFO|AWT-EventQueue-0|startLog|Process id is 12004@NguyenManhSon
180531 190210.360|INFO|AWT-EventQueue-0|info|Contacting server at 203.162.88.119:50002 as TEAM70 @ site 0
180531 190210.360|INFO|AWT-EventQueue-0|info|sendLoginRequest start - sending from TEAM70 @ site 0
180531 190210.392|INFO|AWT-EventQueue-0|sendToLocalServer|Sending packet to server Packet[LOGIN_REQUEST] #1 TEAM70 @ site 0 -> SERVER0 @ site 0
180531 190210.392|INFO|Thread-4|run|send(Serializable)
180531 190210.392|INFO|AWT-EventQueue-0|sendToLocalServer|Sent    packet to server Packet[LOGIN_REQUEST] #1 TEAM70 @ site 0 -> SERVER0 @ site 0
180531 190210.392|INFO|AWT-EventQueue-0|info|sendLoginRequest end - packet sent.
180531 190210.681|INFO|Thread-1|receive|public void receive(SealedObject TransportPacket, ConnectionHandlerID connectionHandlerID)
180531 190210.775|INFO|Thread-5|info| receiveObject(S) start got Packet[LOGIN_SUCCESS] #3121 SERVER0 @ site 1 -> TEAM70 @ site 1
180531 190210.775|INFO|Thread-5|dumpPacket|Packet LOGIN_SUCCESS (Seq #3121 ) recieveObject
180531 190210.775|INFO|Thread-5|dumpPacket|  From: SERVER0 @ site 1 (WIN-GAG3RVQSL34 @ 10.99.3.97) (Contest Id: Default-6049533424236271069)
180531 190210.775|INFO|Thread-5|dumpPacket|    To: TEAM70 @ site 1
180531 190210.775|INFO|Thread-5|dumpPacket|   key: ACCOUNT_ARRAY is: [Ledu.csus.ecs.pc2.core.model.Account; [Ledu.csus.ecs.pc2.core.model.Account;@6f1158aa
180531 190210.775|INFO|Thread-5|dumpPacket|   key: GENERAL_PROBLEM is: edu.csus.ecs.pc2.core.model.Problem General
180531 190210.790|INFO|Thread-5|dumpPacket|   key: PROBLEM_DATA_FILES is: [Ledu.csus.ecs.pc2.core.model.ProblemDataFiles; [Ledu.csus.ecs.pc2.core.model.ProblemDataFiles;@61d6bb38
180531 190210.790|INFO|Thread-5|dumpPacket|   key: JUDGEMENT_LIST is: [Ledu.csus.ecs.pc2.core.model.Judgement; [Ledu.csus.ecs.pc2.core.model.Judgement;@65e933da
180531 190210.790|INFO|Thread-5|dumpPacket|   key: SERVER_CLOCK_OFFSET is: java.util.GregorianCalendar java.util.GregorianCalendar[time=1527768153336,areFieldsSet=true,areAllFieldsSet=false,lenient=true,zone=sun.util.calendar.ZoneInfo[id="GMT",offset=0,dstSavings=0,useDaylight=false,transitions=0,lastRule=null],firstDayOfWeek=1,minimalDaysInFirstWeek=1,ERA=1,YEAR=2018,MONTH=4,WEEK_OF_YEAR=22,WEEK_OF_MONTH=5,DAY_OF_MONTH=31,DAY_OF_YEAR=151,DAY_OF_WEEK=5,DAY_OF_WEEK_IN_MONTH=5,AM_PM=1,HOUR=0,HOUR_OF_DAY=12,MINUTE=2,SECOND=33,MILLISECOND=336,ZONE_OFFSET=0,DST_OFFSET=0]
180531 190210.790|INFO|Thread-5|dumpPacket|   key: LANGUAGE_LIST is: [Ledu.csus.ecs.pc2.core.model.Language; [Ledu.csus.ecs.pc2.core.model.Language;@20ebb103
180531 190210.790|INFO|Thread-5|dumpPacket|   key: PROFILE is: edu.csus.ecs.pc2.core.model.Profile Default--4701277765367706988
180531 190210.790|INFO|Thread-5|dumpPacket|   key: BALLOON_SETTINGS_LIST is: [Ledu.csus.ecs.pc2.core.model.BalloonSettings; [Ledu.csus.ecs.pc2.core.model.BalloonSettings;@455a69bc
180531 190210.790|INFO|Thread-5|dumpPacket|   key: REMOTE_LOGGED_IN_USERS is: [Ledu.csus.ecs.pc2.core.model.ClientId; [Ledu.csus.ecs.pc2.core.model.ClientId;@11811554
180531 190210.790|INFO|Thread-5|dumpPacket|   key: CLARIFICATION_LIST is: [Ledu.csus.ecs.pc2.core.model.Clarification; [Ledu.csus.ecs.pc2.core.model.Clarification;@3dda935d
180531 190210.790|INFO|Thread-5|dumpPacket|   key: PROBLEM_LIST is: [Ledu.csus.ecs.pc2.core.model.Problem; [Ledu.csus.ecs.pc2.core.model.Problem;@40c44e4c
180531 190210.790|INFO|Thread-5|dumpPacket|   key: CONTEST_IDENTIFIER is: java.lang.String Default-6049533424236271069
180531 190210.790|INFO|Thread-5|dumpPacket|   key: CATEGORY_LIST is: [Ledu.csus.ecs.pc2.core.model.Category; [Ledu.csus.ecs.pc2.core.model.Category;@5645c861
180531 190210.790|INFO|Thread-5|dumpPacket|   key: SITE_NUMBER is: java.lang.Integer 1
180531 190210.790|INFO|Thread-5|dumpPacket|   key: CLIENT_SETTINGS_LIST is: [Ledu.csus.ecs.pc2.core.model.ClientSettings; [Ledu.csus.ecs.pc2.core.model.ClientSettings;@4ff75c48
180531 190210.790|INFO|Thread-5|dumpPacket|   key: CLIENT_ID is: edu.csus.ecs.pc2.core.model.ClientId TEAM70 @ site 1
180531 190210.790|INFO|Thread-5|dumpPacket|   key: LOCAL_LOGGED_IN_USERS is: [Ledu.csus.ecs.pc2.core.model.ClientId; [Ledu.csus.ecs.pc2.core.model.ClientId;@26de7e90
180531 190210.790|INFO|Thread-5|dumpPacket|   key: PROFILE_LIST is: [Ledu.csus.ecs.pc2.core.model.Profile; [Ledu.csus.ecs.pc2.core.model.Profile;@448af229
180531 190210.790|INFO|Thread-5|dumpPacket|   key: CONTEST_TIME is: edu.csus.ecs.pc2.core.model.ContestTime edu.csus.ecs.pc2.core.model.ContestTime@3cf43c19
180531 190210.790|INFO|Thread-5|dumpPacket|   key: CONNECTION_HANDLE_ID_LIST is: [Ledu.csus.ecs.pc2.core.transport.ConnectionHandlerID; [Ledu.csus.ecs.pc2.core.transport.ConnectionHandlerID;@499432d3
180531 190210.790|INFO|Thread-5|dumpPacket|   key: GROUP_LIST is: [Ledu.csus.ecs.pc2.core.model.Group; [Ledu.csus.ecs.pc2.core.model.Group;@1cebef8f
180531 190210.790|INFO|Thread-5|dumpPacket|   key: CONTEST_TIME_LIST is: [Ledu.csus.ecs.pc2.core.model.ContestTime; [Ledu.csus.ecs.pc2.core.model.ContestTime;@fe34d81
180531 190210.790|INFO|Thread-5|dumpPacket|   key: CONTEST_INFORMATION is: edu.csus.ecs.pc2.core.model.ContestInformation edu.csus.ecs.pc2.core.model.ContestInformation@126aac90
180531 190210.790|INFO|Thread-5|dumpPacket|   key: SITE_LIST is: [Ledu.csus.ecs.pc2.core.model.Site; [Ledu.csus.ecs.pc2.core.model.Site;@7a8016a4
180531 190210.790|INFO|Thread-5|dumpPacket|   key: RUN_LIST is: [Ledu.csus.ecs.pc2.core.model.Run; [Ledu.csus.ecs.pc2.core.model.Run;@395419ec
180531 190210.790|INFO|Thread-5|info|handlePacket start Packet[LOGIN_SUCCESS] #3121 SERVER0 @ site 1 -> TEAM70 @ site 1
180531 190210.790|INFO|Thread-5|dumpPacket|Packet LOGIN_SUCCESS (Seq #3121 ) handlePacket
180531 190210.790|INFO|Thread-5|dumpPacket|  From: SERVER0 @ site 1 (WIN-GAG3RVQSL34 @ 10.99.3.97) (Contest Id: Default-6049533424236271069)
180531 190210.790|INFO|Thread-5|dumpPacket|    To: TEAM70 @ site 1
180531 190210.790|INFO|Thread-5|dumpPacket|   key: ACCOUNT_ARRAY is: [Ledu.csus.ecs.pc2.core.model.Account; [Ledu.csus.ecs.pc2.core.model.Account;@6f1158aa
180531 190210.790|INFO|Thread-5|dumpPacket|   key: GENERAL_PROBLEM is: edu.csus.ecs.pc2.core.model.Problem General
180531 190210.790|INFO|Thread-5|dumpPacket|   key: PROBLEM_DATA_FILES is: [Ledu.csus.ecs.pc2.core.model.ProblemDataFiles; [Ledu.csus.ecs.pc2.core.model.ProblemDataFiles;@61d6bb38
180531 190210.790|INFO|Thread-5|dumpPacket|   key: JUDGEMENT_LIST is: [Ledu.csus.ecs.pc2.core.model.Judgement; [Ledu.csus.ecs.pc2.core.model.Judgement;@65e933da
180531 190210.790|INFO|Thread-5|dumpPacket|   key: SERVER_CLOCK_OFFSET is: java.util.GregorianCalendar java.util.GregorianCalendar[time=1527768153336,areFieldsSet=true,areAllFieldsSet=false,lenient=true,zone=sun.util.calendar.ZoneInfo[id="GMT",offset=0,dstSavings=0,useDaylight=false,transitions=0,lastRule=null],firstDayOfWeek=1,minimalDaysInFirstWeek=1,ERA=1,YEAR=2018,MONTH=4,WEEK_OF_YEAR=22,WEEK_OF_MONTH=5,DAY_OF_MONTH=31,DAY_OF_YEAR=151,DAY_OF_WEEK=5,DAY_OF_WEEK_IN_MONTH=5,AM_PM=1,HOUR=0,HOUR_OF_DAY=12,MINUTE=2,SECOND=33,MILLISECOND=336,ZONE_OFFSET=0,DST_OFFSET=0]
180531 190210.790|INFO|Thread-5|dumpPacket|   key: LANGUAGE_LIST is: [Ledu.csus.ecs.pc2.core.model.Language; [Ledu.csus.ecs.pc2.core.model.Language;@20ebb103
180531 190210.790|INFO|Thread-5|dumpPacket|   key: PROFILE is: edu.csus.ecs.pc2.core.model.Profile Default--4701277765367706988
180531 190210.790|INFO|Thread-5|dumpPacket|   key: BALLOON_SETTINGS_LIST is: [Ledu.csus.ecs.pc2.core.model.BalloonSettings; [Ledu.csus.ecs.pc2.core.model.BalloonSettings;@455a69bc
180531 190210.790|INFO|Thread-5|dumpPacket|   key: REMOTE_LOGGED_IN_USERS is: [Ledu.csus.ecs.pc2.core.model.ClientId; [Ledu.csus.ecs.pc2.core.model.ClientId;@11811554
180531 190210.806|INFO|Thread-5|dumpPacket|   key: CLARIFICATION_LIST is: [Ledu.csus.ecs.pc2.core.model.Clarification; [Ledu.csus.ecs.pc2.core.model.Clarification;@3dda935d
180531 190210.806|INFO|Thread-5|dumpPacket|   key: PROBLEM_LIST is: [Ledu.csus.ecs.pc2.core.model.Problem; [Ledu.csus.ecs.pc2.core.model.Problem;@40c44e4c
180531 190210.806|INFO|Thread-5|dumpPacket|   key: CONTEST_IDENTIFIER is: java.lang.String Default-6049533424236271069
180531 190210.806|INFO|Thread-5|dumpPacket|   key: CATEGORY_LIST is: [Ledu.csus.ecs.pc2.core.model.Category; [Ledu.csus.ecs.pc2.core.model.Category;@5645c861
180531 190210.806|INFO|Thread-5|dumpPacket|   key: SITE_NUMBER is: java.lang.Integer 1
180531 190210.806|INFO|Thread-5|dumpPacket|   key: CLIENT_SETTINGS_LIST is: [Ledu.csus.ecs.pc2.core.model.ClientSettings; [Ledu.csus.ecs.pc2.core.model.ClientSettings;@4ff75c48
180531 190210.806|INFO|Thread-5|dumpPacket|   key: CLIENT_ID is: edu.csus.ecs.pc2.core.model.ClientId TEAM70 @ site 1
180531 190210.806|INFO|Thread-5|dumpPacket|   key: LOCAL_LOGGED_IN_USERS is: [Ledu.csus.ecs.pc2.core.model.ClientId; [Ledu.csus.ecs.pc2.core.model.ClientId;@26de7e90
180531 190210.806|INFO|Thread-5|dumpPacket|   key: PROFILE_LIST is: [Ledu.csus.ecs.pc2.core.model.Profile; [Ledu.csus.ecs.pc2.core.model.Profile;@448af229
180531 190210.806|INFO|Thread-5|dumpPacket|   key: CONTEST_TIME is: edu.csus.ecs.pc2.core.model.ContestTime edu.csus.ecs.pc2.core.model.ContestTime@3cf43c19
180531 190210.806|INFO|Thread-5|dumpPacket|   key: CONNECTION_HANDLE_ID_LIST is: [Ledu.csus.ecs.pc2.core.transport.ConnectionHandlerID; [Ledu.csus.ecs.pc2.core.transport.ConnectionHandlerID;@499432d3
180531 190210.806|INFO|Thread-5|dumpPacket|   key: GROUP_LIST is: [Ledu.csus.ecs.pc2.core.model.Group; [Ledu.csus.ecs.pc2.core.model.Group;@1cebef8f
180531 190210.806|INFO|Thread-5|dumpPacket|   key: CONTEST_TIME_LIST is: [Ledu.csus.ecs.pc2.core.model.ContestTime; [Ledu.csus.ecs.pc2.core.model.ContestTime;@fe34d81
180531 190210.806|INFO|Thread-5|dumpPacket|   key: CONTEST_INFORMATION is: edu.csus.ecs.pc2.core.model.ContestInformation edu.csus.ecs.pc2.core.model.ContestInformation@126aac90
180531 190210.806|INFO|Thread-5|dumpPacket|   key: SITE_LIST is: [Ledu.csus.ecs.pc2.core.model.Site; [Ledu.csus.ecs.pc2.core.model.Site;@7a8016a4
180531 190210.806|INFO|Thread-5|dumpPacket|   key: RUN_LIST is: [Ledu.csus.ecs.pc2.core.model.Run; [Ledu.csus.ecs.pc2.core.model.Run;@395419ec
180531 190230.059|INFO|Thread-7|run|send(Serializable)
180531 190230.200|INFO|Thread-1|receive|public void receive(SealedObject TransportPacket, ConnectionHandlerID connectionHandlerID)
180531 190231.806|INFO|Thread-1|receive|public void receive(SealedObject TransportPacket, ConnectionHandlerID connectionHandlerID)
180531 190307.463|INFO|Thread-10|run|send(Serializable)
180531 190307.572|INFO|Thread-1|receive|public void receive(SealedObject TransportPacket, ConnectionHandlerID connectionHandlerID)
180531 190309.869|INFO|Thread-1|receive|public void receive(SealedObject TransportPacket, ConnectionHandlerID connectionHandlerID)
180606 081755.443|CONFIG|AWT-EventQueue-0|setFileHandlers|Now logging to E:\PC2\Others\pc2Client\bin\logs directory.
180606 081755.465|INFO|AWT-EventQueue-0|info|
180606 081755.465|INFO|AWT-EventQueue-0|info|Version 9.5.3 20180207 (Wednesday, February 7th 2018 04:25 UTC) Java ver 1.8.0_101 build 4653 Windows 10 10.0 (amd64) 
180606 081755.465|INFO|AWT-EventQueue-0|info|Login: team70 (aka team70)
180606 081755.465|INFO|AWT-EventQueue-0|startLog|Working directory is E:\PC2\Others\pc2Client\bin
180606 081755.465|INFO|AWT-EventQueue-0|startLog|Process id is 2832@NguyenManhSon
180606 081755.465|INFO|AWT-EventQueue-0|info|Contacting server at 203.162.88.119:50002 as TEAM70 @ site 0
180606 081755.465|INFO|AWT-EventQueue-0|info|sendLoginRequest start - sending from TEAM70 @ site 0
180606 081755.465|INFO|AWT-EventQueue-0|sendToLocalServer|Sending packet to server Packet[LOGIN_REQUEST] #1 TEAM70 @ site 0 -> SERVER0 @ site 0
180606 081755.475|INFO|Thread-4|run|send(Serializable)
180606 081755.475|INFO|AWT-EventQueue-0|sendToLocalServer|Sent    packet to server Packet[LOGIN_REQUEST] #1 TEAM70 @ site 0 -> SERVER0 @ site 0
180606 081755.475|INFO|AWT-EventQueue-0|info|sendLoginRequest end - packet sent.
180606 081755.755|INFO|Thread-1|receive|public void receive(SealedObject TransportPacket, ConnectionHandlerID connectionHandlerID)
180606 081755.755|INFO|Thread-5|info| receiveObject(S) start got Packet[LOGIN_FAILED] #288 SERVER0 @ site 1 -> TEAM70 @ site 0
180606 081755.755|INFO|Thread-5|dumpPacket|Packet LOGIN_FAILED (Seq #288 ) recieveObject
180606 081755.755|INFO|Thread-5|dumpPacket|  From: SERVER0 @ site 1 (WIN-GAG3RVQSL34 @ 10.99.3.97) (Contest Id: Default-3389190138843485101)
180606 081755.755|INFO|Thread-5|dumpPacket|    To: TEAM70 @ site 0
180606 081755.755|INFO|Thread-5|dumpPacket|   key: MESSAGE_STRING is: java.lang.String Account inactive
180606 081755.755|INFO|Thread-5|info|handlePacket start Packet[LOGIN_FAILED] #288 SERVER0 @ site 1 -> TEAM70 @ site 0
180606 081755.755|INFO|Thread-5|dumpPacket|Packet LOGIN_FAILED (Seq #288 ) handlePacket
180606 081755.755|INFO|Thread-5|dumpPacket|  From: SERVER0 @ site 1 (WIN-GAG3RVQSL34 @ 10.99.3.97) (Contest Id: Default-3389190138843485101)
180606 081755.755|INFO|Thread-5|dumpPacket|    To: TEAM70 @ site 0
180606 081755.755|INFO|Thread-5|dumpPacket|   key: MESSAGE_STRING is: java.lang.String Account inactive
180606 081756.865|INFO|Thread-5|info| receiveObject(S) end   got Packet[LOGIN_FAILED] #288 SERVER0 @ site 1 -> TEAM70 @ site 0
180606 081909.035|CONFIG|AWT-EventQueue-0|setFileHandlers|Now logging to E:\PC2\Others\pc2Client\bin\logs directory.
180606 081909.035|INFO|AWT-EventQueue-0|info|
180606 081909.035|INFO|AWT-EventQueue-0|info|Version 9.5.3 20180207 (Wednesday, February 7th 2018 04:25 UTC) Java ver 1.8.0_101 build 4653 Windows 10 10.0 (amd64) 
180606 081909.035|INFO|AWT-EventQueue-0|info|Login: team70 (aka team70)
180606 081909.035|INFO|AWT-EventQueue-0|startLog|Working directory is E:\PC2\Others\pc2Client\bin
180606 081909.035|INFO|AWT-EventQueue-0|startLog|Process id is 2832@NguyenManhSon
180606 081909.035|INFO|AWT-EventQueue-0|info|Contacting server at 203.162.88.119:50002 as TEAM70 @ site 0
180606 081909.035|INFO|AWT-EventQueue-0|info|sendLoginRequest start - sending from TEAM70 @ site 0
180606 081909.035|INFO|AWT-EventQueue-0|sendToLocalServer|Sending packet to server Packet[LOGIN_REQUEST] #3 TEAM70 @ site 0 -> SERVER0 @ site 0
180606 081909.035|INFO|AWT-EventQueue-0|sendToLocalServer|Sent    packet to server Packet[LOGIN_REQUEST] #3 TEAM70 @ site 0 -> SERVER0 @ site 0
180606 081909.035|INFO|Thread-8|run|send(Serializable)
180606 081909.035|INFO|AWT-EventQueue-0|info|sendLoginRequest end - packet sent.
180606 081909.145|INFO|Thread-1|receive|public void receive(SealedObject TransportPacket, ConnectionHandlerID connectionHandlerID)
180606 081909.215|INFO|Thread-9|info| receiveObject(S) start got Packet[LOGIN_SUCCESS] #309 SERVER0 @ site 1 -> TEAM70 @ site 1
180606 081909.215|INFO|Thread-9|dumpPacket|Packet LOGIN_SUCCESS (Seq #309 ) recieveObject
180606 081909.215|INFO|Thread-9|dumpPacket|  From: SERVER0 @ site 1 (WIN-GAG3RVQSL34 @ 10.99.3.97) (Contest Id: Default-3389190138843485101)
180606 081909.215|INFO|Thread-9|dumpPacket|    To: TEAM70 @ site 1
180606 081909.215|INFO|Thread-9|dumpPacket|   key: ACCOUNT_ARRAY is: [Ledu.csus.ecs.pc2.core.model.Account; [Ledu.csus.ecs.pc2.core.model.Account;@490d2119
180606 081909.215|INFO|Thread-9|dumpPacket|   key: GENERAL_PROBLEM is: edu.csus.ecs.pc2.core.model.Problem General
180606 081909.215|INFO|Thread-9|dumpPacket|   key: PROBLEM_DATA_FILES is: [Ledu.csus.ecs.pc2.core.model.ProblemDataFiles; [Ledu.csus.ecs.pc2.core.model.ProblemDataFiles;@47cac648
180606 081909.215|INFO|Thread-9|dumpPacket|   key: JUDGEMENT_LIST is: [Ledu.csus.ecs.pc2.core.model.Judgement; [Ledu.csus.ecs.pc2.core.model.Judgement;@43f54a69
180606 081909.215|INFO|Thread-9|dumpPacket|   key: SERVER_CLOCK_OFFSET is: java.util.GregorianCalendar java.util.GregorianCalendar[time=1528247977648,areFieldsSet=true,areAllFieldsSet=false,lenient=true,zone=sun.util.calendar.ZoneInfo[id="GMT",offset=0,dstSavings=0,useDaylight=false,transitions=0,lastRule=null],firstDayOfWeek=1,minimalDaysInFirstWeek=1,ERA=1,YEAR=2018,MONTH=5,WEEK_OF_YEAR=23,WEEK_OF_MONTH=2,DAY_OF_MONTH=6,DAY_OF_YEAR=157,DAY_OF_WEEK=4,DAY_OF_WEEK_IN_MONTH=1,AM_PM=0,HOUR=1,HOUR_OF_DAY=1,MINUTE=19,SECOND=37,MILLISECOND=648,ZONE_OFFSET=0,DST_OFFSET=0]
180606 081909.215|INFO|Thread-9|dumpPacket|   key: LANGUAGE_LIST is: [Ledu.csus.ecs.pc2.core.model.Language; [Ledu.csus.ecs.pc2.core.model.Language;@6f7cc73
180606 081909.215|INFO|Thread-9|dumpPacket|   key: PROFILE is: edu.csus.ecs.pc2.core.model.Profile Default-127625033806020821
180606 081909.215|INFO|Thread-9|dumpPacket|   key: BALLOON_SETTINGS_LIST is: [Ledu.csus.ecs.pc2.core.model.BalloonSettings; [Ledu.csus.ecs.pc2.core.model.BalloonSettings;@2652205d
180606 081909.215|INFO|Thread-9|dumpPacket|   key: REMOTE_LOGGED_IN_USERS is: [Ledu.csus.ecs.pc2.core.model.ClientId; [Ledu.csus.ecs.pc2.core.model.ClientId;@37bb4a59
180606 081909.215|INFO|Thread-9|dumpPacket|   key: CLARIFICATION_LIST is: [Ledu.csus.ecs.pc2.core.model.Clarification; [Ledu.csus.ecs.pc2.core.model.Clarification;@5ef4f8c5
180606 081909.215|INFO|Thread-9|dumpPacket|   key: PROBLEM_LIST is: [Ledu.csus.ecs.pc2.core.model.Problem; [Ledu.csus.ecs.pc2.core.model.Problem;@66d8333c
180606 081909.215|INFO|Thread-9|dumpPacket|   key: CONTEST_IDENTIFIER is: java.lang.String Default-3389190138843485101
180606 081909.215|INFO|Thread-9|dumpPacket|   key: CATEGORY_LIST is: [Ledu.csus.ecs.pc2.core.model.Category; [Ledu.csus.ecs.pc2.core.model.Category;@51bfb772
180606 081909.215|INFO|Thread-9|dumpPacket|   key: SITE_NUMBER is: java.lang.Integer 1
180606 081909.215|INFO|Thread-9|dumpPacket|   key: CLIENT_SETTINGS_LIST is: [Ledu.csus.ecs.pc2.core.model.ClientSettings; [Ledu.csus.ecs.pc2.core.model.ClientSettings;@3c3bc69e
180606 081909.215|INFO|Thread-9|dumpPacket|   key: CLIENT_ID is: edu.csus.ecs.pc2.core.model.ClientId TEAM70 @ site 1
180606 081909.215|INFO|Thread-9|dumpPacket|   key: LOCAL_LOGGED_IN_USERS is: [Ledu.csus.ecs.pc2.core.model.ClientId; [Ledu.csus.ecs.pc2.core.model.ClientId;@45f0330c
180606 081909.215|INFO|Thread-9|dumpPacket|   key: PROFILE_LIST is: [Ledu.csus.ecs.pc2.core.model.Profile; [Ledu.csus.ecs.pc2.core.model.Profile;@6296a95d
180606 081909.215|INFO|Thread-9|dumpPacket|   key: CONTEST_TIME is: edu.csus.ecs.pc2.core.model.ContestTime edu.csus.ecs.pc2.core.model.ContestTime@4ebe865a
180606 081909.215|INFO|Thread-9|dumpPacket|   key: CONNECTION_HANDLE_ID_LIST is: [Ledu.csus.ecs.pc2.core.transport.ConnectionHandlerID; [Ledu.csus.ecs.pc2.core.transport.ConnectionHandlerID;@2cd3b625
180606 081909.215|INFO|Thread-9|dumpPacket|   key: GROUP_LIST is: [Ledu.csus.ecs.pc2.core.model.Group; [Ledu.csus.ecs.pc2.core.model.Group;@687f88e0
180606 081909.215|INFO|Thread-9|dumpPacket|   key: CONTEST_TIME_LIST is: [Ledu.csus.ecs.pc2.core.model.ContestTime; [Ledu.csus.ecs.pc2.core.model.ContestTime;@3f7408f3
180606 081909.215|INFO|Thread-9|dumpPacket|   key: CONTEST_INFORMATION is: edu.csus.ecs.pc2.core.model.ContestInformation edu.csus.ecs.pc2.core.model.ContestInformation@542d511
180606 081909.215|INFO|Thread-9|dumpPacket|   key: SITE_LIST is: [Ledu.csus.ecs.pc2.core.model.Site; [Ledu.csus.ecs.pc2.core.model.Site;@34913902
180606 081909.215|INFO|Thread-9|dumpPacket|   key: RUN_LIST is: [Ledu.csus.ecs.pc2.core.model.Run; [Ledu.csus.ecs.pc2.core.model.Run;@20bd8ff8
180606 081909.215|INFO|Thread-9|info|handlePacket start Packet[LOGIN_SUCCESS] #309 SERVER0 @ site 1 -> TEAM70 @ site 1
180606 081909.215|INFO|Thread-9|dumpPacket|Packet LOGIN_SUCCESS (Seq #309 ) handlePacket
180606 081909.215|INFO|Thread-9|dumpPacket|  From: SERVER0 @ site 1 (WIN-GAG3RVQSL34 @ 10.99.3.97) (Contest Id: Default-3389190138843485101)
180606 081909.215|INFO|Thread-9|dumpPacket|    To: TEAM70 @ site 1
180606 081909.215|INFO|Thread-9|dumpPacket|   key: ACCOUNT_ARRAY is: [Ledu.csus.ecs.pc2.core.model.Account; [Ledu.csus.ecs.pc2.core.model.Account;@490d2119
180606 081909.215|INFO|Thread-9|dumpPacket|   key: GENERAL_PROBLEM is: edu.csus.ecs.pc2.core.model.Problem General
180606 081909.215|INFO|Thread-9|dumpPacket|   key: PROBLEM_DATA_FILES is: [Ledu.csus.ecs.pc2.core.model.ProblemDataFiles; [Ledu.csus.ecs.pc2.core.model.ProblemDataFiles;@47cac648
180606 081909.215|INFO|Thread-9|dumpPacket|   key: JUDGEMENT_LIST is: [Ledu.csus.ecs.pc2.core.model.Judgement; [Ledu.csus.ecs.pc2.core.model.Judgement;@43f54a69
180606 081909.215|INFO|Thread-9|dumpPacket|   key: SERVER_CLOCK_OFFSET is: java.util.GregorianCalendar java.util.GregorianCalendar[time=1528247977648,areFieldsSet=true,areAllFieldsSet=false,lenient=true,zone=sun.util.calendar.ZoneInfo[id="GMT",offset=0,dstSavings=0,useDaylight=false,transitions=0,lastRule=null],firstDayOfWeek=1,minimalDaysInFirstWeek=1,ERA=1,YEAR=2018,MONTH=5,WEEK_OF_YEAR=23,WEEK_OF_MONTH=2,DAY_OF_MONTH=6,DAY_OF_YEAR=157,DAY_OF_WEEK=4,DAY_OF_WEEK_IN_MONTH=1,AM_PM=0,HOUR=1,HOUR_OF_DAY=1,MINUTE=19,SECOND=37,MILLISECOND=648,ZONE_OFFSET=0,DST_OFFSET=0]
180606 081909.215|INFO|Thread-9|dumpPacket|   key: LANGUAGE_LIST is: [Ledu.csus.ecs.pc2.core.model.Language; [Ledu.csus.ecs.pc2.core.model.Language;@6f7cc73
180606 081909.215|INFO|Thread-9|dumpPacket|   key: PROFILE is: edu.csus.ecs.pc2.core.model.Profile Default-127625033806020821
180606 081909.215|INFO|Thread-9|dumpPacket|   key: BALLOON_SETTINGS_LIST is: [Ledu.csus.ecs.pc2.core.model.BalloonSettings; [Ledu.csus.ecs.pc2.core.model.BalloonSettings;@2652205d
180606 081909.215|INFO|Thread-9|dumpPacket|   key: REMOTE_LOGGED_IN_USERS is: [Ledu.csus.ecs.pc2.core.model.ClientId; [Ledu.csus.ecs.pc2.core.model.ClientId;@37bb4a59
180606 081909.215|INFO|Thread-9|dumpPacket|   key: CLARIFICATION_LIST is: [Ledu.csus.ecs.pc2.core.model.Clarification; [Ledu.csus.ecs.pc2.core.model.Clarification;@5ef4f8c5
180606 081909.215|INFO|Thread-9|dumpPacket|   key: PROBLEM_LIST is: [Ledu.csus.ecs.pc2.core.model.Problem; [Ledu.csus.ecs.pc2.core.model.Problem;@66d8333c
180606 081909.215|INFO|Thread-9|dumpPacket|   key: CONTEST_IDENTIFIER is: java.lang.String Default-3389190138843485101
180606 081909.215|INFO|Thread-9|dumpPacket|   key: CATEGORY_LIST is: [Ledu.csus.ecs.pc2.core.model.Category; [Ledu.csus.ecs.pc2.core.model.Category;@51bfb772
180606 081909.215|INFO|Thread-9|dumpPacket|   key: SITE_NUMBER is: java.lang.Integer 1
180606 081909.215|INFO|Thread-9|dumpPacket|   key: CLIENT_SETTINGS_LIST is: [Ledu.csus.ecs.pc2.core.model.ClientSettings; [Ledu.csus.ecs.pc2.core.model.ClientSettings;@3c3bc69e
180606 081909.215|INFO|Thread-9|dumpPacket|   key: CLIENT_ID is: edu.csus.ecs.pc2.core.model.ClientId TEAM70 @ site 1
180606 081909.215|INFO|Thread-9|dumpPacket|   key: LOCAL_LOGGED_IN_USERS is: [Ledu.csus.ecs.pc2.core.model.ClientId; [Ledu.csus.ecs.pc2.core.model.ClientId;@45f0330c
180606 081909.215|INFO|Thread-9|dumpPacket|   key: PROFILE_LIST is: [Ledu.csus.ecs.pc2.core.model.Profile; [Ledu.csus.ecs.pc2.core.model.Profile;@6296a95d
180606 081909.215|INFO|Thread-9|dumpPacket|   key: CONTEST_TIME is: edu.csus.ecs.pc2.core.model.ContestTime edu.csus.ecs.pc2.core.model.ContestTime@4ebe865a
180606 081909.215|INFO|Thread-9|dumpPacket|   key: CONNECTION_HANDLE_ID_LIST is: [Ledu.csus.ecs.pc2.core.transport.ConnectionHandlerID; [Ledu.csus.ecs.pc2.core.transport.ConnectionHandlerID;@2cd3b625
180606 081909.215|INFO|Thread-9|dumpPacket|   key: GROUP_LIST is: [Ledu.csus.ecs.pc2.core.model.Group; [Ledu.csus.ecs.pc2.core.model.Group;@687f88e0
180606 081909.215|INFO|Thread-9|dumpPacket|   key: CONTEST_TIME_LIST is: [Ledu.csus.ecs.pc2.core.model.ContestTime; [Ledu.csus.ecs.pc2.core.model.ContestTime;@3f7408f3
180606 081909.215|INFO|Thread-9|dumpPacket|   key: CONTEST_INFORMATION is: edu.csus.ecs.pc2.core.model.ContestInformation edu.csus.ecs.pc2.core.model.ContestInformation@542d511
180606 081909.225|INFO|Thread-9|dumpPacket|   key: SITE_LIST is: [Ledu.csus.ecs.pc2.core.model.Site; [Ledu.csus.ecs.pc2.core.model.Site;@34913902
180606 081909.225|INFO|Thread-9|dumpPacket|   key: RUN_LIST is: [Ledu.csus.ecs.pc2.core.model.Run; [Ledu.csus.ecs.pc2.core.model.Run;@20bd8ff8
