180531 190210.837|CONFIG|Thread-5|setFileHandlers|Now logging to E:\PC2\Others\pc2Client\bin\logs directory.
180531 190210.837|INFO|Thread-5|info|
180531 190210.837|INFO|Thread-5|info|Version 9.5.3 20180207 (Wednesday, February 7th 2018 04:25 UTC) Java ver 1.8.0_101 build 4653 Windows 10 10.0 (amd64) 
180531 190210.837|INFO|Thread-5|info|Login: team70 (aka team70)
180531 190210.837|INFO|Thread-5|startLog|Working directory is E:\PC2\Others\pc2Client\bin
180531 190210.837|INFO|Thread-5|startLog|Process id is 12004@NguyenManhSon
180531 190210.837|INFO|Thread-5|info|Attempting to load UI class edu.csus.ecs.pc2.ui.team.TeamView
180531 190210.853|INFO|Thread-5|info|Loaded UI class edu.csus.ecs.pc2.ui.team.TeamView
180531 190211.103|INFO|Thread-5|info| handlePacket original LOGIN_SUCCESS after -- all settings loaded 
180531 190211.103|INFO|Thread-5|info|handlePacket end Packet[LOGIN_SUCCESS] #3121 SERVER0 @ site 1 -> TEAM70 @ site 1
180531 190211.103|INFO|Thread-5|info| receiveObject(S) end   got Packet[LOGIN_SUCCESS] #3121 SERVER0 @ site 1 -> TEAM70 @ site 1
180531 190230.043|INFO|AWT-EventQueue-0|testOrSubmitRun|submitRun for L Java file: C:\Users\Manh Son\Documents\NetBeansProjects\Luyentap1\src\luyentap1\L.java
180531 190230.059|INFO|AWT-EventQueue-0|sendToLocalServer|Sending packet to server Packet[RUN_SUBMISSION] #2 TEAM70 @ site 1 -> SERVER0 @ site 1
180531 190230.059|INFO|AWT-EventQueue-0|sendToLocalServer|Sent    packet to server Packet[RUN_SUBMISSION] #2 TEAM70 @ site 1 -> SERVER0 @ site 1
180531 190230.200|INFO|Thread-8|info| receiveObject(S) start got Packet[RUN_SUBMISSION_CONFIRM] #3123 SERVER0 @ site 1 -> TEAM70 @ site 1
180531 190230.200|INFO|Thread-8|dumpPacket|Packet RUN_SUBMISSION_CONFIRM (Seq #3123 ) recieveObject
180531 190230.200|INFO|Thread-8|dumpPacket|  From: SERVER0 @ site 1 (WIN-GAG3RVQSL34 @ 10.99.3.97) (Contest Id: Default-6049533424236271069)
180531 190230.200|INFO|Thread-8|dumpPacket|    To: TEAM70 @ site 1
180531 190230.200|INFO|Thread-8|dumpPacket|   key: RUN is: edu.csus.ecs.pc2.core.model.Run Run 371 QUEUED_FOR_COMPUTER_JUDGEMENT 3492 min 209559459ms from TEAM70 @ site 1 id Run--2404718136807404272 problem L-7552438993550918496 lang Java--5414716287253377954
180531 190230.200|INFO|Thread-8|info|handlePacket start Packet[RUN_SUBMISSION_CONFIRM] #3123 SERVER0 @ site 1 -> TEAM70 @ site 1
180531 190230.200|INFO|Thread-8|dumpPacket|Packet RUN_SUBMISSION_CONFIRM (Seq #3123 ) handlePacket
180531 190230.200|INFO|Thread-8|dumpPacket|  From: SERVER0 @ site 1 (WIN-GAG3RVQSL34 @ 10.99.3.97) (Contest Id: Default-6049533424236271069)
180531 190230.200|INFO|Thread-8|dumpPacket|    To: TEAM70 @ site 1
180531 190230.200|INFO|Thread-8|dumpPacket|   key: RUN is: edu.csus.ecs.pc2.core.model.Run Run 371 QUEUED_FOR_COMPUTER_JUDGEMENT 3492 min 209559459ms from TEAM70 @ site 1 id Run--2404718136807404272 problem L-7552438993550918496 lang Java--5414716287253377954
180531 190231.806|INFO|Thread-9|info| receiveObject(S) start got Packet[RUN_JUDGEMENT] #3127 SERVER0 @ site 1 -> TEAM70 @ site 1
180531 190231.806|INFO|Thread-9|dumpPacket|Packet RUN_JUDGEMENT (Seq #3127 ) recieveObject
180531 190231.806|INFO|Thread-9|dumpPacket|  From: SERVER0 @ site 1 (WIN-GAG3RVQSL34 @ 10.99.3.97) (Contest Id: Default-6049533424236271069)
180531 190231.806|INFO|Thread-9|dumpPacket|    To: TEAM70 @ site 1
180531 190231.806|INFO|Thread-9|dumpPacket|   key: CLIENT_ID is: edu.csus.ecs.pc2.core.model.ClientId SERVER0 @ site 1
180531 190231.821|INFO|Thread-9|dumpPacket|   key: RUN is: edu.csus.ecs.pc2.core.model.Run Run 371 JUDGED 3492 min 209559459ms from TEAM70 @ site 1 id Run--2404718136807404272 problem L-7552438993550918496 lang Java--5414716287253377954
180531 190231.821|INFO|Thread-9|dumpPacket|   key: JUDGEMENT_RECORD is: edu.csus.ecs.pc2.core.model.JudgementRecord No by JUDGE1 @ site 1 judgement No - Wrong Answer-8052161434486381940 id JudgementRecord-4673897863248944609
180531 190231.821|INFO|Thread-9|info|handlePacket start Packet[RUN_JUDGEMENT] #3127 SERVER0 @ site 1 -> TEAM70 @ site 1
180531 190231.821|INFO|Thread-9|dumpPacket|Packet RUN_JUDGEMENT (Seq #3127 ) handlePacket
180531 190231.821|INFO|Thread-8|info| receiveObject(S) end   got Packet[RUN_SUBMISSION_CONFIRM] #3123 SERVER0 @ site 1 -> TEAM70 @ site 1
180531 190231.837|INFO|Thread-9|dumpPacket|  From: SERVER0 @ site 1 (WIN-GAG3RVQSL34 @ 10.99.3.97) (Contest Id: Default-6049533424236271069)
180531 190231.837|INFO|Thread-9|dumpPacket|    To: TEAM70 @ site 1
180531 190231.837|INFO|Thread-9|dumpPacket|   key: CLIENT_ID is: edu.csus.ecs.pc2.core.model.ClientId SERVER0 @ site 1
180531 190231.837|INFO|Thread-9|dumpPacket|   key: RUN is: edu.csus.ecs.pc2.core.model.Run Run 371 JUDGED 3492 min 209559459ms from TEAM70 @ site 1 id Run--2404718136807404272 problem L-7552438993550918496 lang Java--5414716287253377954
180531 190231.837|INFO|Thread-9|dumpPacket|   key: JUDGEMENT_RECORD is: edu.csus.ecs.pc2.core.model.JudgementRecord No by JUDGE1 @ site 1 judgement No - Wrong Answer-8052161434486381940 id JudgementRecord-4673897863248944609
180531 190232.806|INFO|Thread-9|info| receiveObject(S) end   got Packet[RUN_JUDGEMENT] #3127 SERVER0 @ site 1 -> TEAM70 @ site 1
180531 190307.463|INFO|AWT-EventQueue-0|testOrSubmitRun|submitRun for L Java file: C:\Users\Manh Son\Documents\NetBeansProjects\Luyentap1\src\luyentap1\L.java
180531 190307.463|INFO|AWT-EventQueue-0|sendToLocalServer|Sending packet to server Packet[RUN_SUBMISSION] #3 TEAM70 @ site 1 -> SERVER0 @ site 1
180531 190307.463|INFO|AWT-EventQueue-0|sendToLocalServer|Sent    packet to server Packet[RUN_SUBMISSION] #3 TEAM70 @ site 1 -> SERVER0 @ site 1
180531 190307.572|INFO|Thread-11|info| receiveObject(S) start got Packet[RUN_SUBMISSION_CONFIRM] #3131 SERVER0 @ site 1 -> TEAM70 @ site 1
180531 190307.572|INFO|Thread-11|dumpPacket|Packet RUN_SUBMISSION_CONFIRM (Seq #3131 ) recieveObject
180531 190307.572|INFO|Thread-11|dumpPacket|  From: SERVER0 @ site 1 (WIN-GAG3RVQSL34 @ 10.99.3.97) (Contest Id: Default-6049533424236271069)
180531 190307.572|INFO|Thread-11|dumpPacket|    To: TEAM70 @ site 1
180531 190307.572|INFO|Thread-11|dumpPacket|   key: RUN is: edu.csus.ecs.pc2.core.model.Run Run 372 QUEUED_FOR_COMPUTER_JUDGEMENT 3493 min 209596828ms from TEAM70 @ site 1 id Run--8392321685667156090 problem L-7552438993550918496 lang Java--5414716287253377954
180531 190307.572|INFO|Thread-11|info|handlePacket start Packet[RUN_SUBMISSION_CONFIRM] #3131 SERVER0 @ site 1 -> TEAM70 @ site 1
180531 190307.572|INFO|Thread-11|dumpPacket|Packet RUN_SUBMISSION_CONFIRM (Seq #3131 ) handlePacket
180531 190307.572|INFO|Thread-11|dumpPacket|  From: SERVER0 @ site 1 (WIN-GAG3RVQSL34 @ 10.99.3.97) (Contest Id: Default-6049533424236271069)
180531 190307.572|INFO|Thread-11|dumpPacket|    To: TEAM70 @ site 1
180531 190307.572|INFO|Thread-11|dumpPacket|   key: RUN is: edu.csus.ecs.pc2.core.model.Run Run 372 QUEUED_FOR_COMPUTER_JUDGEMENT 3493 min 209596828ms from TEAM70 @ site 1 id Run--8392321685667156090 problem L-7552438993550918496 lang Java--5414716287253377954
180531 190309.885|INFO|Thread-12|info| receiveObject(S) start got Packet[RUN_JUDGEMENT] #3135 SERVER0 @ site 1 -> TEAM70 @ site 1
180531 190309.885|INFO|Thread-12|dumpPacket|Packet RUN_JUDGEMENT (Seq #3135 ) recieveObject
180531 190309.885|INFO|Thread-12|dumpPacket|  From: SERVER0 @ site 1 (WIN-GAG3RVQSL34 @ 10.99.3.97) (Contest Id: Default-6049533424236271069)
180531 190309.885|INFO|Thread-12|dumpPacket|    To: TEAM70 @ site 1
180531 190309.885|INFO|Thread-12|dumpPacket|   key: CLIENT_ID is: edu.csus.ecs.pc2.core.model.ClientId SERVER0 @ site 1
180531 190309.885|INFO|Thread-12|dumpPacket|   key: RUN is: edu.csus.ecs.pc2.core.model.Run Run 372 JUDGED 3493 min 209596828ms from TEAM70 @ site 1 id Run--8392321685667156090 problem L-7552438993550918496 lang Java--5414716287253377954
180531 190309.885|INFO|Thread-12|dumpPacket|   key: JUDGEMENT_RECORD is: edu.csus.ecs.pc2.core.model.JudgementRecord Yes by JUDGE1 @ site 1 judgement Yes-135322059414097176 id JudgementRecord--5158814345940568082
180531 190309.885|INFO|Thread-12|info|handlePacket start Packet[RUN_JUDGEMENT] #3135 SERVER0 @ site 1 -> TEAM70 @ site 1
180531 190309.885|INFO|Thread-12|dumpPacket|Packet RUN_JUDGEMENT (Seq #3135 ) handlePacket
180531 190309.885|INFO|Thread-12|dumpPacket|  From: SERVER0 @ site 1 (WIN-GAG3RVQSL34 @ 10.99.3.97) (Contest Id: Default-6049533424236271069)
180531 190309.885|INFO|Thread-12|dumpPacket|    To: TEAM70 @ site 1
180531 190309.885|INFO|Thread-12|dumpPacket|   key: CLIENT_ID is: edu.csus.ecs.pc2.core.model.ClientId SERVER0 @ site 1
180531 190309.885|INFO|Thread-12|dumpPacket|   key: RUN is: edu.csus.ecs.pc2.core.model.Run Run 372 JUDGED 3493 min 209596828ms from TEAM70 @ site 1 id Run--8392321685667156090 problem L-7552438993550918496 lang Java--5414716287253377954
180531 190309.885|INFO|Thread-12|dumpPacket|   key: JUDGEMENT_RECORD is: edu.csus.ecs.pc2.core.model.JudgementRecord Yes by JUDGE1 @ site 1 judgement Yes-135322059414097176 id JudgementRecord--5158814345940568082
180531 190310.931|INFO|Thread-12|info| receiveObject(S) end   got Packet[RUN_JUDGEMENT] #3135 SERVER0 @ site 1 -> TEAM70 @ site 1
180531 190311.494|INFO|Thread-11|info| receiveObject(S) end   got Packet[RUN_SUBMISSION_CONFIRM] #3131 SERVER0 @ site 1 -> TEAM70 @ site 1
180606 081909.235|CONFIG|Thread-9|setFileHandlers|Now logging to E:\PC2\Others\pc2Client\bin\logs directory.
180606 081909.235|INFO|Thread-9|info|
180606 081909.235|INFO|Thread-9|info|Version 9.5.3 20180207 (Wednesday, February 7th 2018 04:25 UTC) Java ver 1.8.0_101 build 4653 Windows 10 10.0 (amd64) 
180606 081909.235|INFO|Thread-9|info|Login: team70 (aka team70)
180606 081909.235|INFO|Thread-9|startLog|Working directory is E:\PC2\Others\pc2Client\bin
180606 081909.235|INFO|Thread-9|startLog|Process id is 2832@NguyenManhSon
180606 081909.235|INFO|Thread-9|info|Attempting to load UI class edu.csus.ecs.pc2.ui.team.TeamView
180606 081909.245|INFO|Thread-9|info|Loaded UI class edu.csus.ecs.pc2.ui.team.TeamView
180606 081909.488|INFO|Thread-9|info| handlePacket original LOGIN_SUCCESS after -- all settings loaded 
180606 081909.495|INFO|Thread-9|info|handlePacket end Packet[LOGIN_SUCCESS] #309 SERVER0 @ site 1 -> TEAM70 @ site 1
180606 081909.495|INFO|Thread-9|info| receiveObject(S) end   got Packet[LOGIN_SUCCESS] #309 SERVER0 @ site 1 -> TEAM70 @ site 1
