180316 184849.449|CONFIG|Thread-5|setFileHandlers|Now logging to E:\PC2\Others\pc2Client\bin\logs directory.
180316 184849.449|INFO|Thread-5|info|
180316 184849.449|INFO|Thread-5|info|Version 9.5.3 20180207 (Wednesday, February 7th 2018 04:25 UTC) Java ver 1.8.0_101 build 4653 Windows 10 10.0 (amd64) 
180316 184849.449|INFO|Thread-5|info|Login: team357 (aka team357)
180316 184849.449|INFO|Thread-5|startLog|Working directory is E:\PC2\Others\pc2Client\bin
180316 184849.449|INFO|Thread-5|startLog|Process id is 10492@NguyenManhSon
180316 184849.449|INFO|Thread-5|info|Attempting to load UI class edu.csus.ecs.pc2.ui.team.TeamView
180316 184849.465|INFO|Thread-5|info|Loaded UI class edu.csus.ecs.pc2.ui.team.TeamView
180316 184849.730|INFO|Thread-5|info| handlePacket original LOGIN_SUCCESS after -- all settings loaded 
180316 184849.730|INFO|Thread-5|info|handlePacket end Packet[LOGIN_SUCCESS] #10055 SERVER0 @ site 1 -> TEAM357 @ site 1
180316 184849.730|INFO|Thread-5|info| receiveObject(S) end   got Packet[LOGIN_SUCCESS] #10055 SERVER0 @ site 1 -> TEAM357 @ site 1
180316 184907.196|INFO|AWT-EventQueue-0|testOrSubmitRun|submitRun for A C/C++ file: E:\__CTDL_GT_D16\KIEMTRA\Luyentap3\A\A.cpp
180316 184907.196|INFO|AWT-EventQueue-0|sendToLocalServer|Sending packet to server Packet[RUN_SUBMISSION] #2 TEAM357 @ site 1 -> SERVER0 @ site 1
180316 184907.211|INFO|AWT-EventQueue-0|sendToLocalServer|Sent    packet to server Packet[RUN_SUBMISSION] #2 TEAM357 @ site 1 -> SERVER0 @ site 1
180316 184907.495|INFO|Thread-8|info| receiveObject(S) start got Packet[RUN_SUBMISSION_CONFIRM] #10057 SERVER0 @ site 1 -> TEAM357 @ site 1
180316 184907.495|INFO|Thread-8|dumpPacket|Packet RUN_SUBMISSION_CONFIRM (Seq #10057 ) recieveObject
180316 184907.495|INFO|Thread-8|dumpPacket|  From: SERVER0 @ site 1 (WIN-GAG3RVQSL34 @ 10.99.3.97) (Contest Id: Default--3335807939675924251)
180316 184907.495|INFO|Thread-8|dumpPacket|    To: TEAM357 @ site 1
180316 184907.495|INFO|Thread-8|dumpPacket|   key: RUN is: edu.csus.ecs.pc2.core.model.Run Run 982 QUEUED_FOR_COMPUTER_JUDGEMENT 2855 min 171347310ms from TEAM357 @ site 1 id Run--6631260316565293855 problem A--1731686034403452800 lang C/C++-8115657387133289744
180316 184907.495|INFO|Thread-8|info|handlePacket start Packet[RUN_SUBMISSION_CONFIRM] #10057 SERVER0 @ site 1 -> TEAM357 @ site 1
180316 184907.495|INFO|Thread-8|dumpPacket|Packet RUN_SUBMISSION_CONFIRM (Seq #10057 ) handlePacket
180316 184907.495|INFO|Thread-8|dumpPacket|  From: SERVER0 @ site 1 (WIN-GAG3RVQSL34 @ 10.99.3.97) (Contest Id: Default--3335807939675924251)
180316 184907.495|INFO|Thread-8|dumpPacket|    To: TEAM357 @ site 1
180316 184907.495|INFO|Thread-8|dumpPacket|   key: RUN is: edu.csus.ecs.pc2.core.model.Run Run 982 QUEUED_FOR_COMPUTER_JUDGEMENT 2855 min 171347310ms from TEAM357 @ site 1 id Run--6631260316565293855 problem A--1731686034403452800 lang C/C++-8115657387133289744
180316 184909.651|INFO|Thread-9|info| receiveObject(S) start got Packet[RUN_JUDGEMENT] #10061 SERVER0 @ site 1 -> TEAM357 @ site 1
180316 184909.651|INFO|Thread-9|dumpPacket|Packet RUN_JUDGEMENT (Seq #10061 ) recieveObject
180316 184909.651|INFO|Thread-9|dumpPacket|  From: SERVER0 @ site 1 (WIN-GAG3RVQSL34 @ 10.99.3.97) (Contest Id: Default--3335807939675924251)
180316 184909.651|INFO|Thread-9|dumpPacket|    To: TEAM357 @ site 1
180316 184909.651|INFO|Thread-9|dumpPacket|   key: CLIENT_ID is: edu.csus.ecs.pc2.core.model.ClientId SERVER0 @ site 1
180316 184909.651|INFO|Thread-9|dumpPacket|   key: RUN is: edu.csus.ecs.pc2.core.model.Run Run 982 JUDGED 2855 min 171347310ms from TEAM357 @ site 1 id Run--6631260316565293855 problem A--1731686034403452800 lang C/C++-8115657387133289744
180316 184909.651|INFO|Thread-9|dumpPacket|   key: JUDGEMENT_RECORD is: edu.csus.ecs.pc2.core.model.JudgementRecord Yes by JUDGE1 @ site 1 judgement Yes-6261107029115356387 id JudgementRecord--5725272155275081027
180316 184909.651|INFO|Thread-9|info|handlePacket start Packet[RUN_JUDGEMENT] #10061 SERVER0 @ site 1 -> TEAM357 @ site 1
180316 184909.651|INFO|Thread-9|dumpPacket|Packet RUN_JUDGEMENT (Seq #10061 ) handlePacket
180316 184909.651|INFO|Thread-9|dumpPacket|  From: SERVER0 @ site 1 (WIN-GAG3RVQSL34 @ 10.99.3.97) (Contest Id: Default--3335807939675924251)
180316 184909.651|INFO|Thread-9|dumpPacket|    To: TEAM357 @ site 1
180316 184909.651|INFO|Thread-9|dumpPacket|   key: CLIENT_ID is: edu.csus.ecs.pc2.core.model.ClientId SERVER0 @ site 1
180316 184909.667|INFO|Thread-9|dumpPacket|   key: RUN is: edu.csus.ecs.pc2.core.model.Run Run 982 JUDGED 2855 min 171347310ms from TEAM357 @ site 1 id Run--6631260316565293855 problem A--1731686034403452800 lang C/C++-8115657387133289744
180316 184909.667|INFO|Thread-9|dumpPacket|   key: JUDGEMENT_RECORD is: edu.csus.ecs.pc2.core.model.JudgementRecord Yes by JUDGE1 @ site 1 judgement Yes-6261107029115356387 id JudgementRecord--5725272155275081027
180316 184910.572|INFO|Thread-9|info| receiveObject(S) end   got Packet[RUN_JUDGEMENT] #10061 SERVER0 @ site 1 -> TEAM357 @ site 1
180316 184911.150|INFO|Thread-8|info| receiveObject(S) end   got Packet[RUN_SUBMISSION_CONFIRM] #10057 SERVER0 @ site 1 -> TEAM357 @ site 1
180316 185533.563|INFO|AWT-EventQueue-0|testOrSubmitRun|submitRun for F C/C++ file: E:\__CTDL_GT_D16\KIEMTRA\Luyentap3\F\F.cpp
180316 185533.563|INFO|AWT-EventQueue-0|sendToLocalServer|Sending packet to server Packet[RUN_SUBMISSION] #3 TEAM357 @ site 1 -> SERVER0 @ site 1
180316 185533.563|INFO|AWT-EventQueue-0|sendToLocalServer|Sent    packet to server Packet[RUN_SUBMISSION] #3 TEAM357 @ site 1 -> SERVER0 @ site 1
180316 185609.014|CONFIG|Thread-5|setFileHandlers|Now logging to E:\PC2\Others\pc2Client\bin\logs directory.
180316 185609.014|INFO|Thread-5|info|
180316 185609.014|INFO|Thread-5|info|Version 9.5.3 20180207 (Wednesday, February 7th 2018 04:25 UTC) Java ver 1.8.0_101 build 4653 Windows 10 10.0 (amd64) 
180316 185609.014|INFO|Thread-5|info|Login: team357 (aka team357)
180316 185609.014|INFO|Thread-5|startLog|Working directory is E:\PC2\Others\pc2Client\bin
180316 185609.014|INFO|Thread-5|startLog|Process id is 9612@NguyenManhSon
180316 185609.014|INFO|Thread-5|info|Attempting to load UI class edu.csus.ecs.pc2.ui.team.TeamView
180316 185609.030|INFO|Thread-5|info|Loaded UI class edu.csus.ecs.pc2.ui.team.TeamView
180316 185609.248|INFO|Thread-5|info| handlePacket original LOGIN_SUCCESS after -- all settings loaded 
180316 185609.248|INFO|Thread-5|info|handlePacket end Packet[LOGIN_SUCCESS] #10086 SERVER0 @ site 1 -> TEAM357 @ site 1
180316 185609.248|INFO|Thread-5|info| receiveObject(S) end   got Packet[LOGIN_SUCCESS] #10086 SERVER0 @ site 1 -> TEAM357 @ site 1
180316 185625.983|INFO|AWT-EventQueue-0|testOrSubmitRun|submitRun for F C/C++ file: E:\__CTDL_GT_D16\KIEMTRA\Luyentap3\F\F.cpp
180316 185625.983|INFO|AWT-EventQueue-0|sendToLocalServer|Sending packet to server Packet[RUN_SUBMISSION] #2 TEAM357 @ site 1 -> SERVER0 @ site 1
180316 185625.983|INFO|AWT-EventQueue-0|sendToLocalServer|Sent    packet to server Packet[RUN_SUBMISSION] #2 TEAM357 @ site 1 -> SERVER0 @ site 1
180316 185626.217|INFO|Thread-8|info| receiveObject(S) start got Packet[RUN_SUBMISSION_CONFIRM] #10088 SERVER0 @ site 1 -> TEAM357 @ site 1
180316 185626.217|INFO|Thread-8|dumpPacket|Packet RUN_SUBMISSION_CONFIRM (Seq #10088 ) recieveObject
180316 185626.217|INFO|Thread-8|dumpPacket|  From: SERVER0 @ site 1 (WIN-GAG3RVQSL34 @ 10.99.3.97) (Contest Id: Default--3335807939675924251)
180316 185626.217|INFO|Thread-8|dumpPacket|    To: TEAM357 @ site 1
180316 185626.217|INFO|Thread-8|dumpPacket|   key: RUN is: edu.csus.ecs.pc2.core.model.Run Run 985 QUEUED_FOR_COMPUTER_JUDGEMENT 2863 min 171786062ms from TEAM357 @ site 1 id Run--6555663102290655335 problem F--1779264682330661939 lang C/C++-8115657387133289744
180316 185626.217|INFO|Thread-8|info|handlePacket start Packet[RUN_SUBMISSION_CONFIRM] #10088 SERVER0 @ site 1 -> TEAM357 @ site 1
180316 185626.217|INFO|Thread-8|dumpPacket|Packet RUN_SUBMISSION_CONFIRM (Seq #10088 ) handlePacket
180316 185626.217|INFO|Thread-8|dumpPacket|  From: SERVER0 @ site 1 (WIN-GAG3RVQSL34 @ 10.99.3.97) (Contest Id: Default--3335807939675924251)
180316 185626.217|INFO|Thread-8|dumpPacket|    To: TEAM357 @ site 1
180316 185626.217|INFO|Thread-8|dumpPacket|   key: RUN is: edu.csus.ecs.pc2.core.model.Run Run 985 QUEUED_FOR_COMPUTER_JUDGEMENT 2863 min 171786062ms from TEAM357 @ site 1 id Run--6555663102290655335 problem F--1779264682330661939 lang C/C++-8115657387133289744
180316 185628.186|INFO|Thread-9|info| receiveObject(S) start got Packet[RUN_JUDGEMENT] #10094 SERVER0 @ site 1 -> TEAM357 @ site 1
180316 185628.186|INFO|Thread-9|dumpPacket|Packet RUN_JUDGEMENT (Seq #10094 ) recieveObject
180316 185628.186|INFO|Thread-9|dumpPacket|  From: SERVER0 @ site 1 (WIN-GAG3RVQSL34 @ 10.99.3.97) (Contest Id: Default--3335807939675924251)
180316 185628.186|INFO|Thread-9|dumpPacket|    To: TEAM357 @ site 1
180316 185628.186|INFO|Thread-9|dumpPacket|   key: CLIENT_ID is: edu.csus.ecs.pc2.core.model.ClientId SERVER0 @ site 1
180316 185628.186|INFO|Thread-9|dumpPacket|   key: RUN is: edu.csus.ecs.pc2.core.model.Run Run 985 JUDGED 2863 min 171786062ms from TEAM357 @ site 1 id Run--6555663102290655335 problem F--1779264682330661939 lang C/C++-8115657387133289744
180316 185628.186|INFO|Thread-9|dumpPacket|   key: JUDGEMENT_RECORD is: edu.csus.ecs.pc2.core.model.JudgementRecord No by JUDGE3 @ site 1 judgement No - Compilation Error--2126453468487931890 id JudgementRecord-5629910640296523768
180316 185628.186|INFO|Thread-9|info|handlePacket start Packet[RUN_JUDGEMENT] #10094 SERVER0 @ site 1 -> TEAM357 @ site 1
180316 185628.186|INFO|Thread-9|dumpPacket|Packet RUN_JUDGEMENT (Seq #10094 ) handlePacket
180316 185628.186|INFO|Thread-9|dumpPacket|  From: SERVER0 @ site 1 (WIN-GAG3RVQSL34 @ 10.99.3.97) (Contest Id: Default--3335807939675924251)
180316 185628.186|INFO|Thread-9|dumpPacket|    To: TEAM357 @ site 1
180316 185628.186|INFO|Thread-9|dumpPacket|   key: CLIENT_ID is: edu.csus.ecs.pc2.core.model.ClientId SERVER0 @ site 1
180316 185628.186|INFO|Thread-9|dumpPacket|   key: RUN is: edu.csus.ecs.pc2.core.model.Run Run 985 JUDGED 2863 min 171786062ms from TEAM357 @ site 1 id Run--6555663102290655335 problem F--1779264682330661939 lang C/C++-8115657387133289744
180316 185628.202|INFO|Thread-9|dumpPacket|   key: JUDGEMENT_RECORD is: edu.csus.ecs.pc2.core.model.JudgementRecord No by JUDGE3 @ site 1 judgement No - Compilation Error--2126453468487931890 id JudgementRecord-5629910640296523768
180316 185629.624|INFO|Thread-9|info| receiveObject(S) end   got Packet[RUN_JUDGEMENT] #10094 SERVER0 @ site 1 -> TEAM357 @ site 1
180316 185630.311|INFO|Thread-8|info| receiveObject(S) end   got Packet[RUN_SUBMISSION_CONFIRM] #10088 SERVER0 @ site 1 -> TEAM357 @ site 1
180316 185647.358|INFO|AWT-EventQueue-0|testOrSubmitRun|submitRun for F C/C++ file: E:\__CTDL_GT_D16\KIEMTRA\Luyentap3\F\F.cpp
180316 185647.358|INFO|AWT-EventQueue-0|sendToLocalServer|Sending packet to server Packet[RUN_SUBMISSION] #3 TEAM357 @ site 1 -> SERVER0 @ site 1
180316 185647.358|INFO|AWT-EventQueue-0|sendToLocalServer|Sent    packet to server Packet[RUN_SUBMISSION] #3 TEAM357 @ site 1 -> SERVER0 @ site 1
180316 185647.577|INFO|Thread-11|info| receiveObject(S) start got Packet[RUN_SUBMISSION_CONFIRM] #10097 SERVER0 @ site 1 -> TEAM357 @ site 1
180316 185647.577|INFO|Thread-11|dumpPacket|Packet RUN_SUBMISSION_CONFIRM (Seq #10097 ) recieveObject
180316 185647.577|INFO|Thread-11|dumpPacket|  From: SERVER0 @ site 1 (WIN-GAG3RVQSL34 @ 10.99.3.97) (Contest Id: Default--3335807939675924251)
180316 185647.577|INFO|Thread-11|dumpPacket|    To: TEAM357 @ site 1
180316 185647.577|INFO|Thread-11|dumpPacket|   key: RUN is: edu.csus.ecs.pc2.core.model.Run Run 986 QUEUED_FOR_COMPUTER_JUDGEMENT 2863 min 171807437ms from TEAM357 @ site 1 id Run-7888360071836998074 problem F--1779264682330661939 lang C/C++-8115657387133289744
180316 185647.577|INFO|Thread-11|info|handlePacket start Packet[RUN_SUBMISSION_CONFIRM] #10097 SERVER0 @ site 1 -> TEAM357 @ site 1
180316 185647.577|INFO|Thread-11|dumpPacket|Packet RUN_SUBMISSION_CONFIRM (Seq #10097 ) handlePacket
180316 185647.577|INFO|Thread-11|dumpPacket|  From: SERVER0 @ site 1 (WIN-GAG3RVQSL34 @ 10.99.3.97) (Contest Id: Default--3335807939675924251)
180316 185647.577|INFO|Thread-11|dumpPacket|    To: TEAM357 @ site 1
180316 185647.577|INFO|Thread-11|dumpPacket|   key: RUN is: edu.csus.ecs.pc2.core.model.Run Run 986 QUEUED_FOR_COMPUTER_JUDGEMENT 2863 min 171807437ms from TEAM357 @ site 1 id Run-7888360071836998074 problem F--1779264682330661939 lang C/C++-8115657387133289744
180316 185654.079|INFO|Thread-12|info| receiveObject(S) start got Packet[RUN_JUDGEMENT] #10103 SERVER0 @ site 1 -> TEAM357 @ site 1
180316 185654.079|INFO|Thread-12|dumpPacket|Packet RUN_JUDGEMENT (Seq #10103 ) recieveObject
180316 185654.079|INFO|Thread-12|dumpPacket|  From: SERVER0 @ site 1 (WIN-GAG3RVQSL34 @ 10.99.3.97) (Contest Id: Default--3335807939675924251)
180316 185654.079|INFO|Thread-12|dumpPacket|    To: TEAM357 @ site 1
180316 185654.079|INFO|Thread-12|dumpPacket|   key: CLIENT_ID is: edu.csus.ecs.pc2.core.model.ClientId SERVER0 @ site 1
180316 185654.079|INFO|Thread-12|dumpPacket|   key: RUN is: edu.csus.ecs.pc2.core.model.Run Run 986 JUDGED 2863 min 171807437ms from TEAM357 @ site 1 id Run-7888360071836998074 problem F--1779264682330661939 lang C/C++-8115657387133289744
180316 185654.079|INFO|Thread-12|dumpPacket|   key: JUDGEMENT_RECORD is: edu.csus.ecs.pc2.core.model.JudgementRecord No by JUDGE1 @ site 1 judgement No - Run-time Error-3425446007489204342 id JudgementRecord-5797156647464168147
180316 185654.079|INFO|Thread-12|info|handlePacket start Packet[RUN_JUDGEMENT] #10103 SERVER0 @ site 1 -> TEAM357 @ site 1
180316 185654.079|INFO|Thread-12|dumpPacket|Packet RUN_JUDGEMENT (Seq #10103 ) handlePacket
180316 185654.094|INFO|Thread-12|dumpPacket|  From: SERVER0 @ site 1 (WIN-GAG3RVQSL34 @ 10.99.3.97) (Contest Id: Default--3335807939675924251)
180316 185654.094|INFO|Thread-12|dumpPacket|    To: TEAM357 @ site 1
180316 185654.094|INFO|Thread-12|dumpPacket|   key: CLIENT_ID is: edu.csus.ecs.pc2.core.model.ClientId SERVER0 @ site 1
180316 185654.094|INFO|Thread-12|dumpPacket|   key: RUN is: edu.csus.ecs.pc2.core.model.Run Run 986 JUDGED 2863 min 171807437ms from TEAM357 @ site 1 id Run-7888360071836998074 problem F--1779264682330661939 lang C/C++-8115657387133289744
180316 185654.094|INFO|Thread-12|dumpPacket|   key: JUDGEMENT_RECORD is: edu.csus.ecs.pc2.core.model.JudgementRecord No by JUDGE1 @ site 1 judgement No - Run-time Error-3425446007489204342 id JudgementRecord-5797156647464168147
180316 185655.407|INFO|Thread-12|info| receiveObject(S) end   got Packet[RUN_JUDGEMENT] #10103 SERVER0 @ site 1 -> TEAM357 @ site 1
180316 185656.235|INFO|Thread-11|info| receiveObject(S) end   got Packet[RUN_SUBMISSION_CONFIRM] #10097 SERVER0 @ site 1 -> TEAM357 @ site 1
180316 185758.382|INFO|AWT-EventQueue-0|testOrSubmitRun|submitRun for F C/C++ file: E:\__CTDL_GT_D16\KIEMTRA\Luyentap3\F\F.cpp
180316 185758.382|INFO|AWT-EventQueue-0|sendToLocalServer|Sending packet to server Packet[RUN_SUBMISSION] #4 TEAM357 @ site 1 -> SERVER0 @ site 1
180316 185758.382|INFO|AWT-EventQueue-0|sendToLocalServer|Sent    packet to server Packet[RUN_SUBMISSION] #4 TEAM357 @ site 1 -> SERVER0 @ site 1
180316 185758.617|INFO|Thread-14|info| receiveObject(S) start got Packet[RUN_SUBMISSION_CONFIRM] #10107 SERVER0 @ site 1 -> TEAM357 @ site 1
180316 185758.617|INFO|Thread-14|dumpPacket|Packet RUN_SUBMISSION_CONFIRM (Seq #10107 ) recieveObject
180316 185758.617|INFO|Thread-14|dumpPacket|  From: SERVER0 @ site 1 (WIN-GAG3RVQSL34 @ 10.99.3.97) (Contest Id: Default--3335807939675924251)
180316 185758.617|INFO|Thread-14|dumpPacket|    To: TEAM357 @ site 1
180316 185758.617|INFO|Thread-14|dumpPacket|   key: RUN is: edu.csus.ecs.pc2.core.model.Run Run 987 QUEUED_FOR_COMPUTER_JUDGEMENT 2864 min 171878453ms from TEAM357 @ site 1 id Run-1819767809265871400 problem F--1779264682330661939 lang C/C++-8115657387133289744
180316 185758.617|INFO|Thread-14|info|handlePacket start Packet[RUN_SUBMISSION_CONFIRM] #10107 SERVER0 @ site 1 -> TEAM357 @ site 1
180316 185758.617|INFO|Thread-14|dumpPacket|Packet RUN_SUBMISSION_CONFIRM (Seq #10107 ) handlePacket
180316 185758.617|INFO|Thread-14|dumpPacket|  From: SERVER0 @ site 1 (WIN-GAG3RVQSL34 @ 10.99.3.97) (Contest Id: Default--3335807939675924251)
180316 185758.617|INFO|Thread-14|dumpPacket|    To: TEAM357 @ site 1
180316 185758.617|INFO|Thread-14|dumpPacket|   key: RUN is: edu.csus.ecs.pc2.core.model.Run Run 987 QUEUED_FOR_COMPUTER_JUDGEMENT 2864 min 171878453ms from TEAM357 @ site 1 id Run-1819767809265871400 problem F--1779264682330661939 lang C/C++-8115657387133289744
180316 185805.413|INFO|Thread-15|info| receiveObject(S) start got Packet[RUN_JUDGEMENT] #10115 SERVER0 @ site 1 -> TEAM357 @ site 1
180316 185805.413|INFO|Thread-15|dumpPacket|Packet RUN_JUDGEMENT (Seq #10115 ) recieveObject
180316 185805.413|INFO|Thread-15|dumpPacket|  From: SERVER0 @ site 1 (WIN-GAG3RVQSL34 @ 10.99.3.97) (Contest Id: Default--3335807939675924251)
180316 185805.413|INFO|Thread-15|dumpPacket|    To: TEAM357 @ site 1
180316 185805.413|INFO|Thread-15|dumpPacket|   key: CLIENT_ID is: edu.csus.ecs.pc2.core.model.ClientId SERVER0 @ site 1
180316 185805.413|INFO|Thread-15|dumpPacket|   key: RUN is: edu.csus.ecs.pc2.core.model.Run Run 987 JUDGED 2864 min 171878453ms from TEAM357 @ site 1 id Run-1819767809265871400 problem F--1779264682330661939 lang C/C++-8115657387133289744
180316 185805.413|INFO|Thread-15|dumpPacket|   key: JUDGEMENT_RECORD is: edu.csus.ecs.pc2.core.model.JudgementRecord No by JUDGE1 @ site 1 judgement No - Run-time Error-3425446007489204342 id JudgementRecord--4954146879673211773
180316 185805.413|INFO|Thread-15|info|handlePacket start Packet[RUN_JUDGEMENT] #10115 SERVER0 @ site 1 -> TEAM357 @ site 1
180316 185805.413|INFO|Thread-15|dumpPacket|Packet RUN_JUDGEMENT (Seq #10115 ) handlePacket
180316 185805.413|INFO|Thread-15|dumpPacket|  From: SERVER0 @ site 1 (WIN-GAG3RVQSL34 @ 10.99.3.97) (Contest Id: Default--3335807939675924251)
180316 185805.413|INFO|Thread-15|dumpPacket|    To: TEAM357 @ site 1
180316 185805.413|INFO|Thread-15|dumpPacket|   key: CLIENT_ID is: edu.csus.ecs.pc2.core.model.ClientId SERVER0 @ site 1
180316 185805.413|INFO|Thread-15|dumpPacket|   key: RUN is: edu.csus.ecs.pc2.core.model.Run Run 987 JUDGED 2864 min 171878453ms from TEAM357 @ site 1 id Run-1819767809265871400 problem F--1779264682330661939 lang C/C++-8115657387133289744
180316 185805.413|INFO|Thread-15|dumpPacket|   key: JUDGEMENT_RECORD is: edu.csus.ecs.pc2.core.model.JudgementRecord No by JUDGE1 @ site 1 judgement No - Run-time Error-3425446007489204342 id JudgementRecord--4954146879673211773
180316 185806.242|INFO|Thread-15|info| receiveObject(S) end   got Packet[RUN_JUDGEMENT] #10115 SERVER0 @ site 1 -> TEAM357 @ site 1
180316 185806.882|INFO|Thread-14|info| receiveObject(S) end   got Packet[RUN_SUBMISSION_CONFIRM] #10107 SERVER0 @ site 1 -> TEAM357 @ site 1
180316 190301.161|INFO|AWT-EventQueue-0|testOrSubmitRun|submitRun for F C/C++ file: E:\__CTDL_GT_D16\KIEMTRA\Luyentap3\F\F.cpp
180316 190301.177|INFO|AWT-EventQueue-0|sendToLocalServer|Sending packet to server Packet[RUN_SUBMISSION] #5 TEAM357 @ site 1 -> SERVER0 @ site 1
180316 190301.177|INFO|AWT-EventQueue-0|sendToLocalServer|Sent    packet to server Packet[RUN_SUBMISSION] #5 TEAM357 @ site 1 -> SERVER0 @ site 1
180316 190322.046|CONFIG|Thread-5|setFileHandlers|Now logging to E:\PC2\Others\pc2Client\bin\logs directory.
180316 190322.046|INFO|Thread-5|info|
180316 190322.046|INFO|Thread-5|info|Version 9.5.3 20180207 (Wednesday, February 7th 2018 04:25 UTC) Java ver 1.8.0_101 build 4653 Windows 10 10.0 (amd64) 
180316 190322.046|INFO|Thread-5|info|Login: team357 (aka team357)
180316 190322.046|INFO|Thread-5|startLog|Working directory is E:\PC2\Others\pc2Client\bin
180316 190322.046|INFO|Thread-5|startLog|Process id is 8400@NguyenManhSon
180316 190322.046|INFO|Thread-5|info|Attempting to load UI class edu.csus.ecs.pc2.ui.team.TeamView
180316 190322.062|INFO|Thread-5|info|Loaded UI class edu.csus.ecs.pc2.ui.team.TeamView
180316 190322.296|INFO|Thread-5|info| handlePacket original LOGIN_SUCCESS after -- all settings loaded 
180316 190322.296|INFO|Thread-5|info|handlePacket end Packet[LOGIN_SUCCESS] #10123 SERVER0 @ site 1 -> TEAM357 @ site 1
180316 190322.296|INFO|Thread-5|info| receiveObject(S) end   got Packet[LOGIN_SUCCESS] #10123 SERVER0 @ site 1 -> TEAM357 @ site 1
180316 190341.827|INFO|AWT-EventQueue-0|testOrSubmitRun|submitRun for F C/C++ file: E:\__CTDL_GT_D16\KIEMTRA\Luyentap3\F\F.cpp
180316 190341.843|INFO|AWT-EventQueue-0|sendToLocalServer|Sending packet to server Packet[RUN_SUBMISSION] #2 TEAM357 @ site 1 -> SERVER0 @ site 1
180316 190341.843|INFO|AWT-EventQueue-0|sendToLocalServer|Sent    packet to server Packet[RUN_SUBMISSION] #2 TEAM357 @ site 1 -> SERVER0 @ site 1
180316 190342.015|INFO|Thread-8|info| receiveObject(S) start got Packet[RUN_SUBMISSION_CONFIRM] #10125 SERVER0 @ site 1 -> TEAM357 @ site 1
180316 190342.015|INFO|Thread-8|dumpPacket|Packet RUN_SUBMISSION_CONFIRM (Seq #10125 ) recieveObject
180316 190342.015|INFO|Thread-8|dumpPacket|  From: SERVER0 @ site 1 (WIN-GAG3RVQSL34 @ 10.99.3.97) (Contest Id: Default--3335807939675924251)
180316 190342.015|INFO|Thread-8|dumpPacket|    To: TEAM357 @ site 1
180316 190342.015|INFO|Thread-8|dumpPacket|   key: RUN is: edu.csus.ecs.pc2.core.model.Run Run 988 QUEUED_FOR_COMPUTER_JUDGEMENT 2870 min 172221913ms from TEAM357 @ site 1 id Run--3678963192206254408 problem F--1779264682330661939 lang C/C++-8115657387133289744
180316 190342.015|INFO|Thread-8|info|handlePacket start Packet[RUN_SUBMISSION_CONFIRM] #10125 SERVER0 @ site 1 -> TEAM357 @ site 1
180316 190342.015|INFO|Thread-8|dumpPacket|Packet RUN_SUBMISSION_CONFIRM (Seq #10125 ) handlePacket
180316 190342.015|INFO|Thread-8|dumpPacket|  From: SERVER0 @ site 1 (WIN-GAG3RVQSL34 @ 10.99.3.97) (Contest Id: Default--3335807939675924251)
180316 190342.015|INFO|Thread-8|dumpPacket|    To: TEAM357 @ site 1
180316 190342.015|INFO|Thread-8|dumpPacket|   key: RUN is: edu.csus.ecs.pc2.core.model.Run Run 988 QUEUED_FOR_COMPUTER_JUDGEMENT 2870 min 172221913ms from TEAM357 @ site 1 id Run--3678963192206254408 problem F--1779264682330661939 lang C/C++-8115657387133289744
180316 190343.202|INFO|Thread-8|info| receiveObject(S) end   got Packet[RUN_SUBMISSION_CONFIRM] #10125 SERVER0 @ site 1 -> TEAM357 @ site 1
180316 190348.406|INFO|Thread-9|info| receiveObject(S) start got Packet[RUN_JUDGEMENT] #10131 SERVER0 @ site 1 -> TEAM357 @ site 1
180316 190348.406|INFO|Thread-9|dumpPacket|Packet RUN_JUDGEMENT (Seq #10131 ) recieveObject
180316 190348.406|INFO|Thread-9|dumpPacket|  From: SERVER0 @ site 1 (WIN-GAG3RVQSL34 @ 10.99.3.97) (Contest Id: Default--3335807939675924251)
180316 190348.406|INFO|Thread-9|dumpPacket|    To: TEAM357 @ site 1
180316 190348.406|INFO|Thread-9|dumpPacket|   key: CLIENT_ID is: edu.csus.ecs.pc2.core.model.ClientId SERVER0 @ site 1
180316 190348.406|INFO|Thread-9|dumpPacket|   key: RUN is: edu.csus.ecs.pc2.core.model.Run Run 988 JUDGED 2870 min 172221913ms from TEAM357 @ site 1 id Run--3678963192206254408 problem F--1779264682330661939 lang C/C++-8115657387133289744
180316 190348.406|INFO|Thread-9|dumpPacket|   key: JUDGEMENT_RECORD is: edu.csus.ecs.pc2.core.model.JudgementRecord Yes by JUDGE1 @ site 1 judgement Yes-6261107029115356387 id JudgementRecord-2522309256576944721
180316 190348.406|INFO|Thread-9|info|handlePacket start Packet[RUN_JUDGEMENT] #10131 SERVER0 @ site 1 -> TEAM357 @ site 1
180316 190348.406|INFO|Thread-9|dumpPacket|Packet RUN_JUDGEMENT (Seq #10131 ) handlePacket
180316 190348.406|INFO|Thread-9|dumpPacket|  From: SERVER0 @ site 1 (WIN-GAG3RVQSL34 @ 10.99.3.97) (Contest Id: Default--3335807939675924251)
180316 190348.406|INFO|Thread-9|dumpPacket|    To: TEAM357 @ site 1
180316 190348.406|INFO|Thread-9|dumpPacket|   key: CLIENT_ID is: edu.csus.ecs.pc2.core.model.ClientId SERVER0 @ site 1
180316 190348.406|INFO|Thread-9|dumpPacket|   key: RUN is: edu.csus.ecs.pc2.core.model.Run Run 988 JUDGED 2870 min 172221913ms from TEAM357 @ site 1 id Run--3678963192206254408 problem F--1779264682330661939 lang C/C++-8115657387133289744
180316 190348.406|INFO|Thread-9|dumpPacket|   key: JUDGEMENT_RECORD is: edu.csus.ecs.pc2.core.model.JudgementRecord Yes by JUDGE1 @ site 1 judgement Yes-6261107029115356387 id JudgementRecord-2522309256576944721
180316 190349.531|INFO|Thread-9|info| receiveObject(S) end   got Packet[RUN_JUDGEMENT] #10131 SERVER0 @ site 1 -> TEAM357 @ site 1
180316 191155.475|CONFIG|Thread-5|setFileHandlers|Now logging to E:\PC2\Others\pc2Client\bin\logs directory.
180316 191155.475|INFO|Thread-5|info|
180316 191155.475|INFO|Thread-5|info|Version 9.5.3 20180207 (Wednesday, February 7th 2018 04:25 UTC) Java ver 1.8.0_101 build 4653 Windows 10 10.0 (amd64) 
180316 191155.475|INFO|Thread-5|info|Login: team357 (aka team357)
180316 191155.475|INFO|Thread-5|startLog|Working directory is E:\PC2\Others\pc2Client\bin
180316 191155.475|INFO|Thread-5|startLog|Process id is 4028@NguyenManhSon
180316 191155.475|INFO|Thread-5|info|Attempting to load UI class edu.csus.ecs.pc2.ui.team.TeamView
180316 191155.483|INFO|Thread-5|info|Loaded UI class edu.csus.ecs.pc2.ui.team.TeamView
180316 191155.723|INFO|Thread-5|info| handlePacket original LOGIN_SUCCESS after -- all settings loaded 
180316 191155.731|INFO|Thread-5|info|handlePacket end Packet[LOGIN_SUCCESS] #10146 SERVER0 @ site 1 -> TEAM357 @ site 1
180316 191155.735|INFO|Thread-5|info| receiveObject(S) end   got Packet[LOGIN_SUCCESS] #10146 SERVER0 @ site 1 -> TEAM357 @ site 1
180316 191214.591|INFO|AWT-EventQueue-0|testOrSubmitRun|submitRun for H C/C++ file: E:\__CTDL_GT_D16\KIEMTRA\Luyentap3\H\H.cpp
180316 191214.591|INFO|AWT-EventQueue-0|sendToLocalServer|Sending packet to server Packet[RUN_SUBMISSION] #2 TEAM357 @ site 1 -> SERVER0 @ site 1
180316 191214.595|INFO|AWT-EventQueue-0|sendToLocalServer|Sent    packet to server Packet[RUN_SUBMISSION] #2 TEAM357 @ site 1 -> SERVER0 @ site 1
180316 191214.807|INFO|Thread-8|info| receiveObject(S) start got Packet[RUN_SUBMISSION_CONFIRM] #10148 SERVER0 @ site 1 -> TEAM357 @ site 1
180316 191214.807|INFO|Thread-8|dumpPacket|Packet RUN_SUBMISSION_CONFIRM (Seq #10148 ) recieveObject
180316 191214.807|INFO|Thread-8|dumpPacket|  From: SERVER0 @ site 1 (WIN-GAG3RVQSL34 @ 10.99.3.97) (Contest Id: Default--3335807939675924251)
180316 191214.807|INFO|Thread-8|dumpPacket|    To: TEAM357 @ site 1
180316 191214.807|INFO|Thread-8|dumpPacket|   key: RUN is: edu.csus.ecs.pc2.core.model.Run Run 990 QUEUED_FOR_COMPUTER_JUDGEMENT 2878 min 172734670ms from TEAM357 @ site 1 id Run--3001731516555499578 problem H-4634004633229151891 lang C/C++-8115657387133289744
180316 191214.807|INFO|Thread-8|info|handlePacket start Packet[RUN_SUBMISSION_CONFIRM] #10148 SERVER0 @ site 1 -> TEAM357 @ site 1
180316 191214.807|INFO|Thread-8|dumpPacket|Packet RUN_SUBMISSION_CONFIRM (Seq #10148 ) handlePacket
180316 191214.807|INFO|Thread-8|dumpPacket|  From: SERVER0 @ site 1 (WIN-GAG3RVQSL34 @ 10.99.3.97) (Contest Id: Default--3335807939675924251)
180316 191214.811|INFO|Thread-8|dumpPacket|    To: TEAM357 @ site 1
180316 191214.811|INFO|Thread-8|dumpPacket|   key: RUN is: edu.csus.ecs.pc2.core.model.Run Run 990 QUEUED_FOR_COMPUTER_JUDGEMENT 2878 min 172734670ms from TEAM357 @ site 1 id Run--3001731516555499578 problem H-4634004633229151891 lang C/C++-8115657387133289744
180316 191216.443|INFO|Thread-9|info| receiveObject(S) start got Packet[RUN_JUDGEMENT] #10153 SERVER0 @ site 1 -> TEAM357 @ site 1
180316 191216.443|INFO|Thread-9|dumpPacket|Packet RUN_JUDGEMENT (Seq #10153 ) recieveObject
180316 191216.443|INFO|Thread-9|dumpPacket|  From: SERVER0 @ site 1 (WIN-GAG3RVQSL34 @ 10.99.3.97) (Contest Id: Default--3335807939675924251)
180316 191216.443|INFO|Thread-9|dumpPacket|    To: TEAM357 @ site 1
180316 191216.443|INFO|Thread-9|dumpPacket|   key: CLIENT_ID is: edu.csus.ecs.pc2.core.model.ClientId SERVER0 @ site 1
180316 191216.443|INFO|Thread-9|dumpPacket|   key: RUN is: edu.csus.ecs.pc2.core.model.Run Run 990 JUDGED 2878 min 172734670ms from TEAM357 @ site 1 id Run--3001731516555499578 problem H-4634004633229151891 lang C/C++-8115657387133289744
180316 191216.443|INFO|Thread-9|dumpPacket|   key: JUDGEMENT_RECORD is: edu.csus.ecs.pc2.core.model.JudgementRecord No by JUDGE5 @ site 1 judgement No - Wrong Answer--1438982313357334929 id JudgementRecord--8988980785018397342
180316 191216.443|INFO|Thread-9|info|handlePacket start Packet[RUN_JUDGEMENT] #10153 SERVER0 @ site 1 -> TEAM357 @ site 1
180316 191216.443|INFO|Thread-9|dumpPacket|Packet RUN_JUDGEMENT (Seq #10153 ) handlePacket
180316 191216.447|INFO|Thread-9|dumpPacket|  From: SERVER0 @ site 1 (WIN-GAG3RVQSL34 @ 10.99.3.97) (Contest Id: Default--3335807939675924251)
180316 191216.447|INFO|Thread-9|dumpPacket|    To: TEAM357 @ site 1
180316 191216.447|INFO|Thread-9|dumpPacket|   key: CLIENT_ID is: edu.csus.ecs.pc2.core.model.ClientId SERVER0 @ site 1
180316 191216.447|INFO|Thread-9|dumpPacket|   key: RUN is: edu.csus.ecs.pc2.core.model.Run Run 990 JUDGED 2878 min 172734670ms from TEAM357 @ site 1 id Run--3001731516555499578 problem H-4634004633229151891 lang C/C++-8115657387133289744
180316 191216.447|INFO|Thread-9|dumpPacket|   key: JUDGEMENT_RECORD is: edu.csus.ecs.pc2.core.model.JudgementRecord No by JUDGE5 @ site 1 judgement No - Wrong Answer--1438982313357334929 id JudgementRecord--8988980785018397342
180316 191217.495|INFO|Thread-9|info| receiveObject(S) end   got Packet[RUN_JUDGEMENT] #10153 SERVER0 @ site 1 -> TEAM357 @ site 1
180316 191217.983|INFO|Thread-8|info| receiveObject(S) end   got Packet[RUN_SUBMISSION_CONFIRM] #10148 SERVER0 @ site 1 -> TEAM357 @ site 1
180316 191229.909|INFO|AWT-EventQueue-0|testOrSubmitRun|submitRun for I C/C++ file: E:\__CTDL_GT_D16\KIEMTRA\Luyentap3\I\I.cpp
180316 191229.913|INFO|AWT-EventQueue-0|sendToLocalServer|Sending packet to server Packet[RUN_SUBMISSION] #3 TEAM357 @ site 1 -> SERVER0 @ site 1
180316 191229.913|INFO|AWT-EventQueue-0|sendToLocalServer|Sent    packet to server Packet[RUN_SUBMISSION] #3 TEAM357 @ site 1 -> SERVER0 @ site 1
180316 191230.129|INFO|Thread-11|info| receiveObject(S) start got Packet[RUN_SUBMISSION_CONFIRM] #10155 SERVER0 @ site 1 -> TEAM357 @ site 1
180316 191230.129|INFO|Thread-11|dumpPacket|Packet RUN_SUBMISSION_CONFIRM (Seq #10155 ) recieveObject
180316 191230.129|INFO|Thread-11|dumpPacket|  From: SERVER0 @ site 1 (WIN-GAG3RVQSL34 @ 10.99.3.97) (Contest Id: Default--3335807939675924251)
180316 191230.129|INFO|Thread-11|dumpPacket|    To: TEAM357 @ site 1
180316 191230.129|INFO|Thread-11|dumpPacket|   key: RUN is: edu.csus.ecs.pc2.core.model.Run Run 991 QUEUED_FOR_COMPUTER_JUDGEMENT 2879 min 172750005ms from TEAM357 @ site 1 id Run-5112786924085473816 problem I-3572234378413528150 lang C/C++-8115657387133289744
180316 191230.129|INFO|Thread-11|info|handlePacket start Packet[RUN_SUBMISSION_CONFIRM] #10155 SERVER0 @ site 1 -> TEAM357 @ site 1
180316 191230.133|INFO|Thread-11|dumpPacket|Packet RUN_SUBMISSION_CONFIRM (Seq #10155 ) handlePacket
180316 191230.133|INFO|Thread-11|dumpPacket|  From: SERVER0 @ site 1 (WIN-GAG3RVQSL34 @ 10.99.3.97) (Contest Id: Default--3335807939675924251)
180316 191230.133|INFO|Thread-11|dumpPacket|    To: TEAM357 @ site 1
180316 191230.133|INFO|Thread-11|dumpPacket|   key: RUN is: edu.csus.ecs.pc2.core.model.Run Run 991 QUEUED_FOR_COMPUTER_JUDGEMENT 2879 min 172750005ms from TEAM357 @ site 1 id Run-5112786924085473816 problem I-3572234378413528150 lang C/C++-8115657387133289744
180316 191232.497|INFO|Thread-12|info| receiveObject(S) start got Packet[RUN_JUDGEMENT] #10159 SERVER0 @ site 1 -> TEAM357 @ site 1
180316 191232.497|INFO|Thread-12|dumpPacket|Packet RUN_JUDGEMENT (Seq #10159 ) recieveObject
180316 191232.497|INFO|Thread-12|dumpPacket|  From: SERVER0 @ site 1 (WIN-GAG3RVQSL34 @ 10.99.3.97) (Contest Id: Default--3335807939675924251)
180316 191232.497|INFO|Thread-12|dumpPacket|    To: TEAM357 @ site 1
180316 191232.501|INFO|Thread-12|dumpPacket|   key: CLIENT_ID is: edu.csus.ecs.pc2.core.model.ClientId SERVER0 @ site 1
180316 191232.501|INFO|Thread-12|dumpPacket|   key: RUN is: edu.csus.ecs.pc2.core.model.Run Run 991 JUDGED 2879 min 172750005ms from TEAM357 @ site 1 id Run-5112786924085473816 problem I-3572234378413528150 lang C/C++-8115657387133289744
180316 191232.501|INFO|Thread-12|dumpPacket|   key: JUDGEMENT_RECORD is: edu.csus.ecs.pc2.core.model.JudgementRecord Yes by JUDGE5 @ site 1 judgement Yes-6261107029115356387 id JudgementRecord-1150871159018162039
180316 191232.501|INFO|Thread-12|info|handlePacket start Packet[RUN_JUDGEMENT] #10159 SERVER0 @ site 1 -> TEAM357 @ site 1
180316 191232.501|INFO|Thread-12|dumpPacket|Packet RUN_JUDGEMENT (Seq #10159 ) handlePacket
180316 191232.501|INFO|Thread-12|dumpPacket|  From: SERVER0 @ site 1 (WIN-GAG3RVQSL34 @ 10.99.3.97) (Contest Id: Default--3335807939675924251)
180316 191232.501|INFO|Thread-12|dumpPacket|    To: TEAM357 @ site 1
180316 191232.501|INFO|Thread-12|dumpPacket|   key: CLIENT_ID is: edu.csus.ecs.pc2.core.model.ClientId SERVER0 @ site 1
180316 191232.501|INFO|Thread-12|dumpPacket|   key: RUN is: edu.csus.ecs.pc2.core.model.Run Run 991 JUDGED 2879 min 172750005ms from TEAM357 @ site 1 id Run-5112786924085473816 problem I-3572234378413528150 lang C/C++-8115657387133289744
180316 191232.501|INFO|Thread-12|dumpPacket|   key: JUDGEMENT_RECORD is: edu.csus.ecs.pc2.core.model.JudgementRecord Yes by JUDGE5 @ site 1 judgement Yes-6261107029115356387 id JudgementRecord-1150871159018162039
180316 191233.349|INFO|Thread-12|info| receiveObject(S) end   got Packet[RUN_JUDGEMENT] #10159 SERVER0 @ site 1 -> TEAM357 @ site 1
180316 191233.869|INFO|Thread-11|info| receiveObject(S) end   got Packet[RUN_SUBMISSION_CONFIRM] #10155 SERVER0 @ site 1 -> TEAM357 @ site 1
180316 191755.408|INFO|AWT-EventQueue-0|testOrSubmitRun|submitRun for H C/C++ file: E:\__CTDL_GT_D16\KIEMTRA\Luyentap3\H\H.cpp
180316 191755.424|INFO|AWT-EventQueue-0|sendToLocalServer|Sending packet to server Packet[RUN_SUBMISSION] #4 TEAM357 @ site 1 -> SERVER0 @ site 1
180316 191755.424|INFO|AWT-EventQueue-0|sendToLocalServer|Sent    packet to server Packet[RUN_SUBMISSION] #4 TEAM357 @ site 1 -> SERVER0 @ site 1
180316 191755.624|INFO|Thread-14|info| receiveObject(S) start got Packet[RUN_SUBMISSION_CONFIRM] #10195 SERVER0 @ site 1 -> TEAM357 @ site 1
180316 191755.624|INFO|Thread-14|dumpPacket|Packet RUN_SUBMISSION_CONFIRM (Seq #10195 ) recieveObject
180316 191755.624|INFO|Thread-14|dumpPacket|  From: SERVER0 @ site 1 (WIN-GAG3RVQSL34 @ 10.99.3.97) (Contest Id: Default--3335807939675924251)
180316 191755.624|INFO|Thread-14|dumpPacket|    To: TEAM357 @ site 1
180316 191755.624|INFO|Thread-14|dumpPacket|   key: RUN is: edu.csus.ecs.pc2.core.model.Run Run 996 QUEUED_FOR_COMPUTER_JUDGEMENT 2884 min 173075501ms from TEAM357 @ site 1 id Run-4565312725262939593 problem H-4634004633229151891 lang C/C++-8115657387133289744
180316 191755.624|INFO|Thread-14|info|handlePacket start Packet[RUN_SUBMISSION_CONFIRM] #10195 SERVER0 @ site 1 -> TEAM357 @ site 1
180316 191755.624|INFO|Thread-14|dumpPacket|Packet RUN_SUBMISSION_CONFIRM (Seq #10195 ) handlePacket
180316 191755.624|INFO|Thread-14|dumpPacket|  From: SERVER0 @ site 1 (WIN-GAG3RVQSL34 @ 10.99.3.97) (Contest Id: Default--3335807939675924251)
180316 191755.624|INFO|Thread-14|dumpPacket|    To: TEAM357 @ site 1
180316 191755.624|INFO|Thread-14|dumpPacket|   key: RUN is: edu.csus.ecs.pc2.core.model.Run Run 996 QUEUED_FOR_COMPUTER_JUDGEMENT 2884 min 173075501ms from TEAM357 @ site 1 id Run-4565312725262939593 problem H-4634004633229151891 lang C/C++-8115657387133289744
180316 191757.616|INFO|Thread-15|info| receiveObject(S) start got Packet[RUN_JUDGEMENT] #10200 SERVER0 @ site 1 -> TEAM357 @ site 1
180316 191757.616|INFO|Thread-15|dumpPacket|Packet RUN_JUDGEMENT (Seq #10200 ) recieveObject
180316 191757.616|INFO|Thread-15|dumpPacket|  From: SERVER0 @ site 1 (WIN-GAG3RVQSL34 @ 10.99.3.97) (Contest Id: Default--3335807939675924251)
180316 191757.616|INFO|Thread-15|dumpPacket|    To: TEAM357 @ site 1
180316 191757.616|INFO|Thread-15|dumpPacket|   key: CLIENT_ID is: edu.csus.ecs.pc2.core.model.ClientId SERVER0 @ site 1
180316 191757.616|INFO|Thread-15|dumpPacket|   key: RUN is: edu.csus.ecs.pc2.core.model.Run Run 996 JUDGED 2884 min 173075501ms from TEAM357 @ site 1 id Run-4565312725262939593 problem H-4634004633229151891 lang C/C++-8115657387133289744
180316 191757.616|INFO|Thread-15|dumpPacket|   key: JUDGEMENT_RECORD is: edu.csus.ecs.pc2.core.model.JudgementRecord No by JUDGE1 @ site 1 judgement No - Wrong Answer--1438982313357334929 id JudgementRecord-6702804973905463519
180316 191757.616|INFO|Thread-15|info|handlePacket start Packet[RUN_JUDGEMENT] #10200 SERVER0 @ site 1 -> TEAM357 @ site 1
180316 191757.616|INFO|Thread-15|dumpPacket|Packet RUN_JUDGEMENT (Seq #10200 ) handlePacket
180316 191757.616|INFO|Thread-15|dumpPacket|  From: SERVER0 @ site 1 (WIN-GAG3RVQSL34 @ 10.99.3.97) (Contest Id: Default--3335807939675924251)
180316 191757.616|INFO|Thread-15|dumpPacket|    To: TEAM357 @ site 1
180316 191757.616|INFO|Thread-15|dumpPacket|   key: CLIENT_ID is: edu.csus.ecs.pc2.core.model.ClientId SERVER0 @ site 1
180316 191757.616|INFO|Thread-15|dumpPacket|   key: RUN is: edu.csus.ecs.pc2.core.model.Run Run 996 JUDGED 2884 min 173075501ms from TEAM357 @ site 1 id Run-4565312725262939593 problem H-4634004633229151891 lang C/C++-8115657387133289744
180316 191757.616|INFO|Thread-15|dumpPacket|   key: JUDGEMENT_RECORD is: edu.csus.ecs.pc2.core.model.JudgementRecord No by JUDGE1 @ site 1 judgement No - Wrong Answer--1438982313357334929 id JudgementRecord-6702804973905463519
180316 191758.606|INFO|Thread-15|info| receiveObject(S) end   got Packet[RUN_JUDGEMENT] #10200 SERVER0 @ site 1 -> TEAM357 @ site 1
180316 191759.142|INFO|Thread-14|info| receiveObject(S) end   got Packet[RUN_SUBMISSION_CONFIRM] #10195 SERVER0 @ site 1 -> TEAM357 @ site 1
180316 192417.940|CONFIG|Thread-5|setFileHandlers|Now logging to E:\PC2\Others\pc2Client\bin\logs directory.
180316 192417.940|INFO|Thread-5|info|
180316 192417.940|INFO|Thread-5|info|Version 9.5.3 20180207 (Wednesday, February 7th 2018 04:25 UTC) Java ver 1.8.0_101 build 4653 Windows 10 10.0 (amd64) 
180316 192417.940|INFO|Thread-5|info|Login: team357 (aka team357)
180316 192417.940|INFO|Thread-5|startLog|Working directory is E:\PC2\Others\pc2Client\bin
180316 192417.940|INFO|Thread-5|startLog|Process id is 472@NguyenManhSon
180316 192417.940|INFO|Thread-5|info|Attempting to load UI class edu.csus.ecs.pc2.ui.team.TeamView
180316 192417.940|INFO|Thread-5|info|Loaded UI class edu.csus.ecs.pc2.ui.team.TeamView
180316 192418.213|INFO|Thread-5|info| handlePacket original LOGIN_SUCCESS after -- all settings loaded 
180316 192418.213|INFO|Thread-5|info|handlePacket end Packet[LOGIN_SUCCESS] #10220 SERVER0 @ site 1 -> TEAM357 @ site 1
180316 192418.213|INFO|Thread-5|info| receiveObject(S) end   got Packet[LOGIN_SUCCESS] #10220 SERVER0 @ site 1 -> TEAM357 @ site 1
180316 192434.187|INFO|AWT-EventQueue-0|testOrSubmitRun|submitRun for H C/C++ file: E:\__CTDL_GT_D16\KIEMTRA\Luyentap3\H\H.cpp
180316 192434.187|INFO|AWT-EventQueue-0|sendToLocalServer|Sending packet to server Packet[RUN_SUBMISSION] #2 TEAM357 @ site 1 -> SERVER0 @ site 1
180316 192434.187|INFO|AWT-EventQueue-0|sendToLocalServer|Sent    packet to server Packet[RUN_SUBMISSION] #2 TEAM357 @ site 1 -> SERVER0 @ site 1
180316 192434.390|INFO|Thread-8|info| receiveObject(S) start got Packet[RUN_SUBMISSION_CONFIRM] #10222 SERVER0 @ site 1 -> TEAM357 @ site 1
180316 192434.390|INFO|Thread-8|dumpPacket|Packet RUN_SUBMISSION_CONFIRM (Seq #10222 ) recieveObject
180316 192434.390|INFO|Thread-8|dumpPacket|  From: SERVER0 @ site 1 (WIN-GAG3RVQSL34 @ 10.99.3.97) (Contest Id: Default--3335807939675924251)
180316 192434.390|INFO|Thread-8|dumpPacket|    To: TEAM357 @ site 1
180316 192434.390|INFO|Thread-8|dumpPacket|   key: RUN is: edu.csus.ecs.pc2.core.model.Run Run 999 QUEUED_FOR_COMPUTER_JUDGEMENT 2891 min 173474286ms from TEAM357 @ site 1 id Run-4091049464519793916 problem H-4634004633229151891 lang C/C++-8115657387133289744
180316 192434.390|INFO|Thread-8|info|handlePacket start Packet[RUN_SUBMISSION_CONFIRM] #10222 SERVER0 @ site 1 -> TEAM357 @ site 1
180316 192434.390|INFO|Thread-8|dumpPacket|Packet RUN_SUBMISSION_CONFIRM (Seq #10222 ) handlePacket
180316 192434.390|INFO|Thread-8|dumpPacket|  From: SERVER0 @ site 1 (WIN-GAG3RVQSL34 @ 10.99.3.97) (Contest Id: Default--3335807939675924251)
180316 192434.390|INFO|Thread-8|dumpPacket|    To: TEAM357 @ site 1
180316 192434.390|INFO|Thread-8|dumpPacket|   key: RUN is: edu.csus.ecs.pc2.core.model.Run Run 999 QUEUED_FOR_COMPUTER_JUDGEMENT 2891 min 173474286ms from TEAM357 @ site 1 id Run-4091049464519793916 problem H-4634004633229151891 lang C/C++-8115657387133289744
180316 192436.453|INFO|Thread-9|info| receiveObject(S) start got Packet[RUN_JUDGEMENT] #10228 SERVER0 @ site 1 -> TEAM357 @ site 1
180316 192436.453|INFO|Thread-9|dumpPacket|Packet RUN_JUDGEMENT (Seq #10228 ) recieveObject
180316 192436.453|INFO|Thread-9|dumpPacket|  From: SERVER0 @ site 1 (WIN-GAG3RVQSL34 @ 10.99.3.97) (Contest Id: Default--3335807939675924251)
180316 192436.453|INFO|Thread-9|dumpPacket|    To: TEAM357 @ site 1
180316 192436.453|INFO|Thread-9|dumpPacket|   key: CLIENT_ID is: edu.csus.ecs.pc2.core.model.ClientId SERVER0 @ site 1
180316 192436.453|INFO|Thread-9|dumpPacket|   key: RUN is: edu.csus.ecs.pc2.core.model.Run Run 999 JUDGED 2891 min 173474286ms from TEAM357 @ site 1 id Run-4091049464519793916 problem H-4634004633229151891 lang C/C++-8115657387133289744
180316 192436.453|INFO|Thread-9|dumpPacket|   key: JUDGEMENT_RECORD is: edu.csus.ecs.pc2.core.model.JudgementRecord No by JUDGE5 @ site 1 judgement No - Wrong Answer--1438982313357334929 id JudgementRecord-4658919644005050842
180316 192436.453|INFO|Thread-9|info|handlePacket start Packet[RUN_JUDGEMENT] #10228 SERVER0 @ site 1 -> TEAM357 @ site 1
180316 192436.453|INFO|Thread-9|dumpPacket|Packet RUN_JUDGEMENT (Seq #10228 ) handlePacket
180316 192436.453|INFO|Thread-9|dumpPacket|  From: SERVER0 @ site 1 (WIN-GAG3RVQSL34 @ 10.99.3.97) (Contest Id: Default--3335807939675924251)
180316 192436.453|INFO|Thread-9|dumpPacket|    To: TEAM357 @ site 1
180316 192436.453|INFO|Thread-9|dumpPacket|   key: CLIENT_ID is: edu.csus.ecs.pc2.core.model.ClientId SERVER0 @ site 1
180316 192436.453|INFO|Thread-9|dumpPacket|   key: RUN is: edu.csus.ecs.pc2.core.model.Run Run 999 JUDGED 2891 min 173474286ms from TEAM357 @ site 1 id Run-4091049464519793916 problem H-4634004633229151891 lang C/C++-8115657387133289744
180316 192436.453|INFO|Thread-9|dumpPacket|   key: JUDGEMENT_RECORD is: edu.csus.ecs.pc2.core.model.JudgementRecord No by JUDGE5 @ site 1 judgement No - Wrong Answer--1438982313357334929 id JudgementRecord-4658919644005050842
180316 192437.692|INFO|Thread-9|info| receiveObject(S) end   got Packet[RUN_JUDGEMENT] #10228 SERVER0 @ site 1 -> TEAM357 @ site 1
180316 192438.334|INFO|Thread-8|info| receiveObject(S) end   got Packet[RUN_SUBMISSION_CONFIRM] #10222 SERVER0 @ site 1 -> TEAM357 @ site 1
180316 192512.280|INFO|Thread-10|info| receiveObject(S) start got Packet[RUN_JUDGEMENT] #10241 SERVER0 @ site 1 -> TEAM357 @ site 1
180316 192512.280|INFO|Thread-10|dumpPacket|Packet RUN_JUDGEMENT (Seq #10241 ) recieveObject
180316 192512.296|INFO|Thread-10|dumpPacket|  From: SERVER0 @ site 1 (WIN-GAG3RVQSL34 @ 10.99.3.97) (Contest Id: Default--3335807939675924251)
180316 192512.296|INFO|Thread-10|dumpPacket|    To: TEAM357 @ site 1
180316 192512.296|INFO|Thread-10|dumpPacket|   key: CLIENT_ID is: edu.csus.ecs.pc2.core.model.ClientId SERVER0 @ site 1
180316 192512.296|INFO|Thread-10|dumpPacket|   key: RUN is: edu.csus.ecs.pc2.core.model.Run Run 999 JUDGED 2891 min 173474286ms from TEAM357 @ site 1 id Run-4091049464519793916 problem H-4634004633229151891 lang C/C++-8115657387133289744
180316 192512.296|INFO|Thread-10|dumpPacket|   key: JUDGEMENT_RECORD is: edu.csus.ecs.pc2.core.model.JudgementRecord No by JUDGE5 @ site 1 judgement No - Wrong Answer--1438982313357334929 id JudgementRecord-4658919644005050842
180316 192512.296|INFO|Thread-10|info|handlePacket start Packet[RUN_JUDGEMENT] #10241 SERVER0 @ site 1 -> TEAM357 @ site 1
180316 192512.296|INFO|Thread-10|dumpPacket|Packet RUN_JUDGEMENT (Seq #10241 ) handlePacket
180316 192512.296|INFO|Thread-10|dumpPacket|  From: SERVER0 @ site 1 (WIN-GAG3RVQSL34 @ 10.99.3.97) (Contest Id: Default--3335807939675924251)
180316 192512.296|INFO|Thread-10|dumpPacket|    To: TEAM357 @ site 1
180316 192512.296|INFO|Thread-10|dumpPacket|   key: CLIENT_ID is: edu.csus.ecs.pc2.core.model.ClientId SERVER0 @ site 1
180316 192512.296|INFO|Thread-10|dumpPacket|   key: RUN is: edu.csus.ecs.pc2.core.model.Run Run 999 JUDGED 2891 min 173474286ms from TEAM357 @ site 1 id Run-4091049464519793916 problem H-4634004633229151891 lang C/C++-8115657387133289744
180316 192512.311|INFO|Thread-10|dumpPacket|   key: JUDGEMENT_RECORD is: edu.csus.ecs.pc2.core.model.JudgementRecord No by JUDGE5 @ site 1 judgement No - Wrong Answer--1438982313357334929 id JudgementRecord-4658919644005050842
180316 192517.218|INFO|Thread-10|info| receiveObject(S) end   got Packet[RUN_JUDGEMENT] #10241 SERVER0 @ site 1 -> TEAM357 @ site 1
180316 192604.992|INFO|AWT-EventQueue-0|testOrSubmitRun|submitRun for H C/C++ file: E:\__CTDL_GT_D16\KIEMTRA\Luyentap3\H\H.cpp
180316 192604.992|INFO|AWT-EventQueue-0|sendToLocalServer|Sending packet to server Packet[RUN_SUBMISSION] #3 TEAM357 @ site 1 -> SERVER0 @ site 1
180316 192604.992|INFO|AWT-EventQueue-0|sendToLocalServer|Sent    packet to server Packet[RUN_SUBMISSION] #3 TEAM357 @ site 1 -> SERVER0 @ site 1
180316 192605.216|INFO|Thread-12|info| receiveObject(S) start got Packet[RUN_SUBMISSION_CONFIRM] #10243 SERVER0 @ site 1 -> TEAM357 @ site 1
180316 192605.216|INFO|Thread-12|dumpPacket|Packet RUN_SUBMISSION_CONFIRM (Seq #10243 ) recieveObject
180316 192605.216|INFO|Thread-12|dumpPacket|  From: SERVER0 @ site 1 (WIN-GAG3RVQSL34 @ 10.99.3.97) (Contest Id: Default--3335807939675924251)
180316 192605.216|INFO|Thread-12|dumpPacket|    To: TEAM357 @ site 1
180316 192605.216|INFO|Thread-12|dumpPacket|   key: RUN is: edu.csus.ecs.pc2.core.model.Run Run 1001 QUEUED_FOR_COMPUTER_JUDGEMENT 2892 min 173565089ms from TEAM357 @ site 1 id Run-7614382658317472057 problem H-4634004633229151891 lang C/C++-8115657387133289744
180316 192605.216|INFO|Thread-12|info|handlePacket start Packet[RUN_SUBMISSION_CONFIRM] #10243 SERVER0 @ site 1 -> TEAM357 @ site 1
180316 192605.216|INFO|Thread-12|dumpPacket|Packet RUN_SUBMISSION_CONFIRM (Seq #10243 ) handlePacket
180316 192605.216|INFO|Thread-12|dumpPacket|  From: SERVER0 @ site 1 (WIN-GAG3RVQSL34 @ 10.99.3.97) (Contest Id: Default--3335807939675924251)
180316 192605.216|INFO|Thread-12|dumpPacket|    To: TEAM357 @ site 1
180316 192605.216|INFO|Thread-12|dumpPacket|   key: RUN is: edu.csus.ecs.pc2.core.model.Run Run 1001 QUEUED_FOR_COMPUTER_JUDGEMENT 2892 min 173565089ms from TEAM357 @ site 1 id Run-7614382658317472057 problem H-4634004633229151891 lang C/C++-8115657387133289744
180316 192606.955|INFO|Thread-13|info| receiveObject(S) start got Packet[RUN_JUDGEMENT] #10247 SERVER0 @ site 1 -> TEAM357 @ site 1
180316 192606.955|INFO|Thread-13|dumpPacket|Packet RUN_JUDGEMENT (Seq #10247 ) recieveObject
180316 192606.955|INFO|Thread-13|dumpPacket|  From: SERVER0 @ site 1 (WIN-GAG3RVQSL34 @ 10.99.3.97) (Contest Id: Default--3335807939675924251)
180316 192606.955|INFO|Thread-13|dumpPacket|    To: TEAM357 @ site 1
180316 192606.955|INFO|Thread-13|dumpPacket|   key: CLIENT_ID is: edu.csus.ecs.pc2.core.model.ClientId SERVER0 @ site 1
180316 192606.955|INFO|Thread-13|dumpPacket|   key: RUN is: edu.csus.ecs.pc2.core.model.Run Run 1001 JUDGED 2892 min 173565089ms from TEAM357 @ site 1 id Run-7614382658317472057 problem H-4634004633229151891 lang C/C++-8115657387133289744
180316 192606.955|INFO|Thread-13|dumpPacket|   key: JUDGEMENT_RECORD is: edu.csus.ecs.pc2.core.model.JudgementRecord No by JUDGE5 @ site 1 judgement No - Wrong Answer--1438982313357334929 id JudgementRecord--5020838649314978381
180316 192606.970|INFO|Thread-13|info|handlePacket start Packet[RUN_JUDGEMENT] #10247 SERVER0 @ site 1 -> TEAM357 @ site 1
180316 192606.970|INFO|Thread-13|dumpPacket|Packet RUN_JUDGEMENT (Seq #10247 ) handlePacket
180316 192606.970|INFO|Thread-13|dumpPacket|  From: SERVER0 @ site 1 (WIN-GAG3RVQSL34 @ 10.99.3.97) (Contest Id: Default--3335807939675924251)
180316 192606.970|INFO|Thread-13|dumpPacket|    To: TEAM357 @ site 1
180316 192606.970|INFO|Thread-13|dumpPacket|   key: CLIENT_ID is: edu.csus.ecs.pc2.core.model.ClientId SERVER0 @ site 1
180316 192606.970|INFO|Thread-13|dumpPacket|   key: RUN is: edu.csus.ecs.pc2.core.model.Run Run 1001 JUDGED 2892 min 173565089ms from TEAM357 @ site 1 id Run-7614382658317472057 problem H-4634004633229151891 lang C/C++-8115657387133289744
180316 192606.970|INFO|Thread-13|dumpPacket|   key: JUDGEMENT_RECORD is: edu.csus.ecs.pc2.core.model.JudgementRecord No by JUDGE5 @ site 1 judgement No - Wrong Answer--1438982313357334929 id JudgementRecord--5020838649314978381
180316 192607.850|INFO|Thread-13|info| receiveObject(S) end   got Packet[RUN_JUDGEMENT] #10247 SERVER0 @ site 1 -> TEAM357 @ site 1
180316 192608.449|INFO|Thread-12|info| receiveObject(S) end   got Packet[RUN_SUBMISSION_CONFIRM] #10243 SERVER0 @ site 1 -> TEAM357 @ site 1
180316 192753.265|INFO|AWT-EventQueue-0|testOrSubmitRun|submitRun for H C/C++ file: E:\__CTDL_GT_D16\KIEMTRA\Luyentap3\H\H.cpp
180316 192753.280|INFO|AWT-EventQueue-0|sendToLocalServer|Sending packet to server Packet[RUN_SUBMISSION] #4 TEAM357 @ site 1 -> SERVER0 @ site 1
180316 192753.280|INFO|AWT-EventQueue-0|sendToLocalServer|Sent    packet to server Packet[RUN_SUBMISSION] #4 TEAM357 @ site 1 -> SERVER0 @ site 1
180316 192753.530|INFO|Thread-15|info| receiveObject(S) start got Packet[RUN_SUBMISSION_CONFIRM] #10259 SERVER0 @ site 1 -> TEAM357 @ site 1
180316 192753.530|INFO|Thread-15|dumpPacket|Packet RUN_SUBMISSION_CONFIRM (Seq #10259 ) recieveObject
180316 192753.530|INFO|Thread-15|dumpPacket|  From: SERVER0 @ site 1 (WIN-GAG3RVQSL34 @ 10.99.3.97) (Contest Id: Default--3335807939675924251)
180316 192753.530|INFO|Thread-15|dumpPacket|    To: TEAM357 @ site 1
180316 192753.530|INFO|Thread-15|dumpPacket|   key: RUN is: edu.csus.ecs.pc2.core.model.Run Run 1003 QUEUED_FOR_COMPUTER_JUDGEMENT 2894 min 173673396ms from TEAM357 @ site 1 id Run--1804315746469178979 problem H-4634004633229151891 lang C/C++-8115657387133289744
180316 192753.530|INFO|Thread-15|info|handlePacket start Packet[RUN_SUBMISSION_CONFIRM] #10259 SERVER0 @ site 1 -> TEAM357 @ site 1
180316 192753.530|INFO|Thread-15|dumpPacket|Packet RUN_SUBMISSION_CONFIRM (Seq #10259 ) handlePacket
180316 192753.530|INFO|Thread-15|dumpPacket|  From: SERVER0 @ site 1 (WIN-GAG3RVQSL34 @ 10.99.3.97) (Contest Id: Default--3335807939675924251)
180316 192753.530|INFO|Thread-15|dumpPacket|    To: TEAM357 @ site 1
180316 192753.546|INFO|Thread-15|dumpPacket|   key: RUN is: edu.csus.ecs.pc2.core.model.Run Run 1003 QUEUED_FOR_COMPUTER_JUDGEMENT 2894 min 173673396ms from TEAM357 @ site 1 id Run--1804315746469178979 problem H-4634004633229151891 lang C/C++-8115657387133289744
180316 192755.139|INFO|Thread-16|info| receiveObject(S) start got Packet[RUN_JUDGEMENT] #10265 SERVER0 @ site 1 -> TEAM357 @ site 1
180316 192755.139|INFO|Thread-16|dumpPacket|Packet RUN_JUDGEMENT (Seq #10265 ) recieveObject
180316 192755.139|INFO|Thread-16|dumpPacket|  From: SERVER0 @ site 1 (WIN-GAG3RVQSL34 @ 10.99.3.97) (Contest Id: Default--3335807939675924251)
180316 192755.139|INFO|Thread-16|dumpPacket|    To: TEAM357 @ site 1
180316 192755.139|INFO|Thread-16|dumpPacket|   key: CLIENT_ID is: edu.csus.ecs.pc2.core.model.ClientId SERVER0 @ site 1
180316 192755.139|INFO|Thread-16|dumpPacket|   key: RUN is: edu.csus.ecs.pc2.core.model.Run Run 1003 JUDGED 2894 min 173673396ms from TEAM357 @ site 1 id Run--1804315746469178979 problem H-4634004633229151891 lang C/C++-8115657387133289744
180316 192755.139|INFO|Thread-16|dumpPacket|   key: JUDGEMENT_RECORD is: edu.csus.ecs.pc2.core.model.JudgementRecord Yes by JUDGE3 @ site 1 judgement Yes-6261107029115356387 id JudgementRecord-5597828981670051736
180316 192755.139|INFO|Thread-16|info|handlePacket start Packet[RUN_JUDGEMENT] #10265 SERVER0 @ site 1 -> TEAM357 @ site 1
180316 192755.139|INFO|Thread-16|dumpPacket|Packet RUN_JUDGEMENT (Seq #10265 ) handlePacket
180316 192755.139|INFO|Thread-16|dumpPacket|  From: SERVER0 @ site 1 (WIN-GAG3RVQSL34 @ 10.99.3.97) (Contest Id: Default--3335807939675924251)
180316 192755.139|INFO|Thread-16|dumpPacket|    To: TEAM357 @ site 1
180316 192755.139|INFO|Thread-16|dumpPacket|   key: CLIENT_ID is: edu.csus.ecs.pc2.core.model.ClientId SERVER0 @ site 1
180316 192755.139|INFO|Thread-16|dumpPacket|   key: RUN is: edu.csus.ecs.pc2.core.model.Run Run 1003 JUDGED 2894 min 173673396ms from TEAM357 @ site 1 id Run--1804315746469178979 problem H-4634004633229151891 lang C/C++-8115657387133289744
180316 192755.139|INFO|Thread-16|dumpPacket|   key: JUDGEMENT_RECORD is: edu.csus.ecs.pc2.core.model.JudgementRecord Yes by JUDGE3 @ site 1 judgement Yes-6261107029115356387 id JudgementRecord-5597828981670051736
180316 192756.348|INFO|Thread-16|info| receiveObject(S) end   got Packet[RUN_JUDGEMENT] #10265 SERVER0 @ site 1 -> TEAM357 @ site 1
180316 192756.863|INFO|Thread-15|info| receiveObject(S) end   got Packet[RUN_SUBMISSION_CONFIRM] #10259 SERVER0 @ site 1 -> TEAM357 @ site 1
180318 092744.116|CONFIG|Thread-5|setFileHandlers|Now logging to E:\PC2\Others\pc2Client\bin\logs directory.
180318 092744.163|INFO|Thread-5|info|
180318 092744.163|INFO|Thread-5|info|Version 9.5.3 20180207 (Wednesday, February 7th 2018 04:25 UTC) Java ver 1.8.0_101 build 4653 Windows 10 10.0 (amd64) 
180318 092744.163|INFO|Thread-5|info|Login: team357 (aka team357)
180318 092744.163|INFO|Thread-5|startLog|Working directory is E:\PC2\Others\pc2Client\bin
180318 092744.163|INFO|Thread-5|startLog|Process id is 14176@NguyenManhSon
180318 092744.163|INFO|Thread-5|info|Attempting to load UI class edu.csus.ecs.pc2.ui.team.TeamView
180318 092744.178|INFO|Thread-5|info|Loaded UI class edu.csus.ecs.pc2.ui.team.TeamView
180318 092744.437|INFO|Thread-5|info| handlePacket original LOGIN_SUCCESS after -- all settings loaded 
180318 092744.437|INFO|Thread-5|info|handlePacket end Packet[LOGIN_SUCCESS] #17430 SERVER0 @ site 1 -> TEAM357 @ site 1
180318 092744.437|INFO|Thread-5|info| receiveObject(S) end   got Packet[LOGIN_SUCCESS] #17430 SERVER0 @ site 1 -> TEAM357 @ site 1
180318 092807.928|INFO|AWT-EventQueue-0|testOrSubmitRun|submitRun for Q C/C++ file: E:\__CTDL_GT_D16\KIEMTRA\Luyentap3\A\Q.cpp
180318 092807.944|INFO|AWT-EventQueue-0|sendToLocalServer|Sending packet to server Packet[RUN_SUBMISSION] #2 TEAM357 @ site 1 -> SERVER0 @ site 1
180318 092807.944|INFO|AWT-EventQueue-0|sendToLocalServer|Sent    packet to server Packet[RUN_SUBMISSION] #2 TEAM357 @ site 1 -> SERVER0 @ site 1
180318 092808.256|INFO|Thread-8|info| receiveObject(S) start got Packet[RUN_SUBMISSION_CONFIRM] #17432 SERVER0 @ site 1 -> TEAM357 @ site 1
180318 092808.256|INFO|Thread-8|dumpPacket|Packet RUN_SUBMISSION_CONFIRM (Seq #17432 ) recieveObject
180318 092808.256|INFO|Thread-8|dumpPacket|  From: SERVER0 @ site 1 (WIN-GAG3RVQSL34 @ 10.99.3.97) (Contest Id: Default--3335807939675924251)
180318 092808.256|INFO|Thread-8|dumpPacket|    To: TEAM357 @ site 1
180318 092808.256|INFO|Thread-8|dumpPacket|   key: RUN is: edu.csus.ecs.pc2.core.model.Run Run 1685 QUEUED_FOR_COMPUTER_JUDGEMENT 5174 min 310488988ms from TEAM357 @ site 1 id Run--2069836551144500696 problem Q-5462717170372877018 lang C/C++-8115657387133289744
180318 092808.256|INFO|Thread-8|info|handlePacket start Packet[RUN_SUBMISSION_CONFIRM] #17432 SERVER0 @ site 1 -> TEAM357 @ site 1
180318 092808.256|INFO|Thread-8|dumpPacket|Packet RUN_SUBMISSION_CONFIRM (Seq #17432 ) handlePacket
180318 092808.256|INFO|Thread-8|dumpPacket|  From: SERVER0 @ site 1 (WIN-GAG3RVQSL34 @ 10.99.3.97) (Contest Id: Default--3335807939675924251)
180318 092808.256|INFO|Thread-8|dumpPacket|    To: TEAM357 @ site 1
180318 092808.256|INFO|Thread-8|dumpPacket|   key: RUN is: edu.csus.ecs.pc2.core.model.Run Run 1685 QUEUED_FOR_COMPUTER_JUDGEMENT 5174 min 310488988ms from TEAM357 @ site 1 id Run--2069836551144500696 problem Q-5462717170372877018 lang C/C++-8115657387133289744
180318 092809.467|INFO|Thread-8|info| receiveObject(S) end   got Packet[RUN_SUBMISSION_CONFIRM] #17432 SERVER0 @ site 1 -> TEAM357 @ site 1
180318 092810.293|INFO|Thread-9|info| receiveObject(S) start got Packet[RUN_JUDGEMENT] #17436 SERVER0 @ site 1 -> TEAM357 @ site 1
180318 092810.293|INFO|Thread-9|dumpPacket|Packet RUN_JUDGEMENT (Seq #17436 ) recieveObject
180318 092810.293|INFO|Thread-9|dumpPacket|  From: SERVER0 @ site 1 (WIN-GAG3RVQSL34 @ 10.99.3.97) (Contest Id: Default--3335807939675924251)
180318 092810.293|INFO|Thread-9|dumpPacket|    To: TEAM357 @ site 1
180318 092810.293|INFO|Thread-9|dumpPacket|   key: CLIENT_ID is: edu.csus.ecs.pc2.core.model.ClientId SERVER0 @ site 1
180318 092810.293|INFO|Thread-9|dumpPacket|   key: RUN is: edu.csus.ecs.pc2.core.model.Run Run 1685 JUDGED 5174 min 310488988ms from TEAM357 @ site 1 id Run--2069836551144500696 problem Q-5462717170372877018 lang C/C++-8115657387133289744
180318 092810.293|INFO|Thread-9|dumpPacket|   key: JUDGEMENT_RECORD is: edu.csus.ecs.pc2.core.model.JudgementRecord Yes by JUDGE5 @ site 1 judgement Yes-6261107029115356387 id JudgementRecord-2206726168440115365
180318 092810.293|INFO|Thread-9|info|handlePacket start Packet[RUN_JUDGEMENT] #17436 SERVER0 @ site 1 -> TEAM357 @ site 1
180318 092810.293|INFO|Thread-9|dumpPacket|Packet RUN_JUDGEMENT (Seq #17436 ) handlePacket
180318 092810.309|INFO|Thread-9|dumpPacket|  From: SERVER0 @ site 1 (WIN-GAG3RVQSL34 @ 10.99.3.97) (Contest Id: Default--3335807939675924251)
180318 092810.309|INFO|Thread-9|dumpPacket|    To: TEAM357 @ site 1
180318 092810.309|INFO|Thread-9|dumpPacket|   key: CLIENT_ID is: edu.csus.ecs.pc2.core.model.ClientId SERVER0 @ site 1
180318 092810.309|INFO|Thread-9|dumpPacket|   key: RUN is: edu.csus.ecs.pc2.core.model.Run Run 1685 JUDGED 5174 min 310488988ms from TEAM357 @ site 1 id Run--2069836551144500696 problem Q-5462717170372877018 lang C/C++-8115657387133289744
180318 092810.309|INFO|Thread-9|dumpPacket|   key: JUDGEMENT_RECORD is: edu.csus.ecs.pc2.core.model.JudgementRecord Yes by JUDGE5 @ site 1 judgement Yes-6261107029115356387 id JudgementRecord-2206726168440115365
180318 092811.529|INFO|Thread-9|info| receiveObject(S) end   got Packet[RUN_JUDGEMENT] #17436 SERVER0 @ site 1 -> TEAM357 @ site 1
180318 092819.751|INFO|AWT-EventQueue-0|testOrSubmitRun|submitRun for S C/C++ file: E:\__CTDL_GT_D16\KIEMTRA\Luyentap3\A\S.cpp
180318 092819.752|INFO|AWT-EventQueue-0|sendToLocalServer|Sending packet to server Packet[RUN_SUBMISSION] #3 TEAM357 @ site 1 -> SERVER0 @ site 1
180318 092819.752|INFO|AWT-EventQueue-0|sendToLocalServer|Sent    packet to server Packet[RUN_SUBMISSION] #3 TEAM357 @ site 1 -> SERVER0 @ site 1
180318 092820.023|INFO|Thread-11|info| receiveObject(S) start got Packet[RUN_SUBMISSION_CONFIRM] #17438 SERVER0 @ site 1 -> TEAM357 @ site 1
180318 092820.023|INFO|Thread-11|dumpPacket|Packet RUN_SUBMISSION_CONFIRM (Seq #17438 ) recieveObject
180318 092820.023|INFO|Thread-11|dumpPacket|  From: SERVER0 @ site 1 (WIN-GAG3RVQSL34 @ 10.99.3.97) (Contest Id: Default--3335807939675924251)
180318 092820.023|INFO|Thread-11|dumpPacket|    To: TEAM357 @ site 1
180318 092820.023|INFO|Thread-11|dumpPacket|   key: RUN is: edu.csus.ecs.pc2.core.model.Run Run 1686 QUEUED_FOR_COMPUTER_JUDGEMENT 5175 min 310500776ms from TEAM357 @ site 1 id Run--7416845447570238767 problem S-1745600414138025993 lang C/C++-8115657387133289744
180318 092820.023|INFO|Thread-11|info|handlePacket start Packet[RUN_SUBMISSION_CONFIRM] #17438 SERVER0 @ site 1 -> TEAM357 @ site 1
180318 092820.023|INFO|Thread-11|dumpPacket|Packet RUN_SUBMISSION_CONFIRM (Seq #17438 ) handlePacket
180318 092820.023|INFO|Thread-11|dumpPacket|  From: SERVER0 @ site 1 (WIN-GAG3RVQSL34 @ 10.99.3.97) (Contest Id: Default--3335807939675924251)
180318 092820.023|INFO|Thread-11|dumpPacket|    To: TEAM357 @ site 1
180318 092820.023|INFO|Thread-11|dumpPacket|   key: RUN is: edu.csus.ecs.pc2.core.model.Run Run 1686 QUEUED_FOR_COMPUTER_JUDGEMENT 5175 min 310500776ms from TEAM357 @ site 1 id Run--7416845447570238767 problem S-1745600414138025993 lang C/C++-8115657387133289744
180318 092821.891|INFO|Thread-12|info| receiveObject(S) start got Packet[RUN_JUDGEMENT] #17444 SERVER0 @ site 1 -> TEAM357 @ site 1
180318 092821.891|INFO|Thread-12|dumpPacket|Packet RUN_JUDGEMENT (Seq #17444 ) recieveObject
180318 092821.891|INFO|Thread-12|dumpPacket|  From: SERVER0 @ site 1 (WIN-GAG3RVQSL34 @ 10.99.3.97) (Contest Id: Default--3335807939675924251)
180318 092821.891|INFO|Thread-12|dumpPacket|    To: TEAM357 @ site 1
180318 092821.891|INFO|Thread-12|dumpPacket|   key: CLIENT_ID is: edu.csus.ecs.pc2.core.model.ClientId SERVER0 @ site 1
180318 092821.891|INFO|Thread-12|dumpPacket|   key: RUN is: edu.csus.ecs.pc2.core.model.Run Run 1686 JUDGED 5175 min 310500776ms from TEAM357 @ site 1 id Run--7416845447570238767 problem S-1745600414138025993 lang C/C++-8115657387133289744
180318 092821.891|INFO|Thread-12|dumpPacket|   key: JUDGEMENT_RECORD is: edu.csus.ecs.pc2.core.model.JudgementRecord No by JUDGE1 @ site 1 judgement No - Compilation Error--2126453468487931890 id JudgementRecord--4585204908843054132
180318 092821.891|INFO|Thread-12|info|handlePacket start Packet[RUN_JUDGEMENT] #17444 SERVER0 @ site 1 -> TEAM357 @ site 1
180318 092821.891|INFO|Thread-12|dumpPacket|Packet RUN_JUDGEMENT (Seq #17444 ) handlePacket
180318 092821.891|INFO|Thread-12|dumpPacket|  From: SERVER0 @ site 1 (WIN-GAG3RVQSL34 @ 10.99.3.97) (Contest Id: Default--3335807939675924251)
180318 092821.891|INFO|Thread-12|dumpPacket|    To: TEAM357 @ site 1
180318 092821.891|INFO|Thread-12|dumpPacket|   key: CLIENT_ID is: edu.csus.ecs.pc2.core.model.ClientId SERVER0 @ site 1
180318 092821.891|INFO|Thread-12|dumpPacket|   key: RUN is: edu.csus.ecs.pc2.core.model.Run Run 1686 JUDGED 5175 min 310500776ms from TEAM357 @ site 1 id Run--7416845447570238767 problem S-1745600414138025993 lang C/C++-8115657387133289744
180318 092821.891|INFO|Thread-12|dumpPacket|   key: JUDGEMENT_RECORD is: edu.csus.ecs.pc2.core.model.JudgementRecord No by JUDGE1 @ site 1 judgement No - Compilation Error--2126453468487931890 id JudgementRecord--4585204908843054132
180318 092822.859|INFO|Thread-12|info| receiveObject(S) end   got Packet[RUN_JUDGEMENT] #17444 SERVER0 @ site 1 -> TEAM357 @ site 1
180318 092823.455|INFO|Thread-11|info| receiveObject(S) end   got Packet[RUN_SUBMISSION_CONFIRM] #17438 SERVER0 @ site 1 -> TEAM357 @ site 1
180318 092846.209|INFO|AWT-EventQueue-0|testOrSubmitRun|submitRun for S C/C++ file: E:\__CTDL_GT_D16\KIEMTRA\Luyentap3\A\S.cpp
180318 092846.209|INFO|AWT-EventQueue-0|sendToLocalServer|Sending packet to server Packet[RUN_SUBMISSION] #4 TEAM357 @ site 1 -> SERVER0 @ site 1
180318 092846.209|INFO|AWT-EventQueue-0|sendToLocalServer|Sent    packet to server Packet[RUN_SUBMISSION] #4 TEAM357 @ site 1 -> SERVER0 @ site 1
180318 092846.526|INFO|Thread-14|info| receiveObject(S) start got Packet[RUN_SUBMISSION_CONFIRM] #17447 SERVER0 @ site 1 -> TEAM357 @ site 1
180318 092846.526|INFO|Thread-14|dumpPacket|Packet RUN_SUBMISSION_CONFIRM (Seq #17447 ) recieveObject
180318 092846.526|INFO|Thread-14|dumpPacket|  From: SERVER0 @ site 1 (WIN-GAG3RVQSL34 @ 10.99.3.97) (Contest Id: Default--3335807939675924251)
180318 092846.526|INFO|Thread-14|dumpPacket|    To: TEAM357 @ site 1
180318 092846.526|INFO|Thread-14|dumpPacket|   key: RUN is: edu.csus.ecs.pc2.core.model.Run Run 1687 QUEUED_FOR_COMPUTER_JUDGEMENT 5175 min 310527249ms from TEAM357 @ site 1 id Run--4653733470992376079 problem S-1745600414138025993 lang C/C++-8115657387133289744
180318 092846.526|INFO|Thread-14|info|handlePacket start Packet[RUN_SUBMISSION_CONFIRM] #17447 SERVER0 @ site 1 -> TEAM357 @ site 1
180318 092846.526|INFO|Thread-14|dumpPacket|Packet RUN_SUBMISSION_CONFIRM (Seq #17447 ) handlePacket
180318 092846.526|INFO|Thread-14|dumpPacket|  From: SERVER0 @ site 1 (WIN-GAG3RVQSL34 @ 10.99.3.97) (Contest Id: Default--3335807939675924251)
180318 092846.526|INFO|Thread-14|dumpPacket|    To: TEAM357 @ site 1
180318 092846.526|INFO|Thread-14|dumpPacket|   key: RUN is: edu.csus.ecs.pc2.core.model.Run Run 1687 QUEUED_FOR_COMPUTER_JUDGEMENT 5175 min 310527249ms from TEAM357 @ site 1 id Run--4653733470992376079 problem S-1745600414138025993 lang C/C++-8115657387133289744
180318 092848.887|INFO|Thread-15|info| receiveObject(S) start got Packet[RUN_JUDGEMENT] #17451 SERVER0 @ site 1 -> TEAM357 @ site 1
180318 092848.887|INFO|Thread-15|dumpPacket|Packet RUN_JUDGEMENT (Seq #17451 ) recieveObject
180318 092848.887|INFO|Thread-15|dumpPacket|  From: SERVER0 @ site 1 (WIN-GAG3RVQSL34 @ 10.99.3.97) (Contest Id: Default--3335807939675924251)
180318 092848.887|INFO|Thread-15|dumpPacket|    To: TEAM357 @ site 1
180318 092848.887|INFO|Thread-15|dumpPacket|   key: CLIENT_ID is: edu.csus.ecs.pc2.core.model.ClientId SERVER0 @ site 1
180318 092848.887|INFO|Thread-15|dumpPacket|   key: RUN is: edu.csus.ecs.pc2.core.model.Run Run 1687 JUDGED 5175 min 310527249ms from TEAM357 @ site 1 id Run--4653733470992376079 problem S-1745600414138025993 lang C/C++-8115657387133289744
180318 092848.887|INFO|Thread-15|dumpPacket|   key: JUDGEMENT_RECORD is: edu.csus.ecs.pc2.core.model.JudgementRecord Yes by JUDGE1 @ site 1 judgement Yes-6261107029115356387 id JudgementRecord--8341008267892371425
180318 092848.887|INFO|Thread-15|info|handlePacket start Packet[RUN_JUDGEMENT] #17451 SERVER0 @ site 1 -> TEAM357 @ site 1
180318 092848.887|INFO|Thread-15|dumpPacket|Packet RUN_JUDGEMENT (Seq #17451 ) handlePacket
180318 092848.902|INFO|Thread-15|dumpPacket|  From: SERVER0 @ site 1 (WIN-GAG3RVQSL34 @ 10.99.3.97) (Contest Id: Default--3335807939675924251)
180318 092848.902|INFO|Thread-15|dumpPacket|    To: TEAM357 @ site 1
180318 092848.902|INFO|Thread-15|dumpPacket|   key: CLIENT_ID is: edu.csus.ecs.pc2.core.model.ClientId SERVER0 @ site 1
180318 092848.902|INFO|Thread-15|dumpPacket|   key: RUN is: edu.csus.ecs.pc2.core.model.Run Run 1687 JUDGED 5175 min 310527249ms from TEAM357 @ site 1 id Run--4653733470992376079 problem S-1745600414138025993 lang C/C++-8115657387133289744
180318 092848.902|INFO|Thread-15|dumpPacket|   key: JUDGEMENT_RECORD is: edu.csus.ecs.pc2.core.model.JudgementRecord Yes by JUDGE1 @ site 1 judgement Yes-6261107029115356387 id JudgementRecord--8341008267892371425
180318 092849.783|INFO|Thread-15|info| receiveObject(S) end   got Packet[RUN_JUDGEMENT] #17451 SERVER0 @ site 1 -> TEAM357 @ site 1
180318 092850.300|INFO|Thread-14|info| receiveObject(S) end   got Packet[RUN_SUBMISSION_CONFIRM] #17447 SERVER0 @ site 1 -> TEAM357 @ site 1
180318 092857.495|INFO|AWT-EventQueue-0|testOrSubmitRun|submitRun for T C/C++ file: E:\__CTDL_GT_D16\KIEMTRA\Luyentap3\A\T.cpp
180318 092857.497|INFO|AWT-EventQueue-0|sendToLocalServer|Sending packet to server Packet[RUN_SUBMISSION] #5 TEAM357 @ site 1 -> SERVER0 @ site 1
180318 092857.497|INFO|AWT-EventQueue-0|sendToLocalServer|Sent    packet to server Packet[RUN_SUBMISSION] #5 TEAM357 @ site 1 -> SERVER0 @ site 1
180318 092857.807|INFO|Thread-17|info| receiveObject(S) start got Packet[RUN_SUBMISSION_CONFIRM] #17455 SERVER0 @ site 1 -> TEAM357 @ site 1
180318 092857.807|INFO|Thread-17|dumpPacket|Packet RUN_SUBMISSION_CONFIRM (Seq #17455 ) recieveObject
180318 092857.807|INFO|Thread-17|dumpPacket|  From: SERVER0 @ site 1 (WIN-GAG3RVQSL34 @ 10.99.3.97) (Contest Id: Default--3335807939675924251)
180318 092857.807|INFO|Thread-17|dumpPacket|    To: TEAM357 @ site 1
180318 092857.807|INFO|Thread-17|dumpPacket|   key: RUN is: edu.csus.ecs.pc2.core.model.Run Run 1688 QUEUED_FOR_COMPUTER_JUDGEMENT 5175 min 310538525ms from TEAM357 @ site 1 id Run--3030869906409164212 problem T-1946313426382989508 lang C/C++-8115657387133289744
180318 092857.807|INFO|Thread-17|info|handlePacket start Packet[RUN_SUBMISSION_CONFIRM] #17455 SERVER0 @ site 1 -> TEAM357 @ site 1
180318 092857.807|INFO|Thread-17|dumpPacket|Packet RUN_SUBMISSION_CONFIRM (Seq #17455 ) handlePacket
180318 092857.807|INFO|Thread-17|dumpPacket|  From: SERVER0 @ site 1 (WIN-GAG3RVQSL34 @ 10.99.3.97) (Contest Id: Default--3335807939675924251)
180318 092857.807|INFO|Thread-17|dumpPacket|    To: TEAM357 @ site 1
180318 092857.807|INFO|Thread-17|dumpPacket|   key: RUN is: edu.csus.ecs.pc2.core.model.Run Run 1688 QUEUED_FOR_COMPUTER_JUDGEMENT 5175 min 310538525ms from TEAM357 @ site 1 id Run--3030869906409164212 problem T-1946313426382989508 lang C/C++-8115657387133289744
180318 092901.932|INFO|Thread-18|info| receiveObject(S) start got Packet[RUN_JUDGEMENT] #17461 SERVER0 @ site 1 -> TEAM357 @ site 1
180318 092901.932|INFO|Thread-18|dumpPacket|Packet RUN_JUDGEMENT (Seq #17461 ) recieveObject
180318 092901.932|INFO|Thread-18|dumpPacket|  From: SERVER0 @ site 1 (WIN-GAG3RVQSL34 @ 10.99.3.97) (Contest Id: Default--3335807939675924251)
180318 092901.932|INFO|Thread-18|dumpPacket|    To: TEAM357 @ site 1
180318 092901.932|INFO|Thread-18|dumpPacket|   key: CLIENT_ID is: edu.csus.ecs.pc2.core.model.ClientId SERVER0 @ site 1
180318 092901.932|INFO|Thread-18|dumpPacket|   key: RUN is: edu.csus.ecs.pc2.core.model.Run Run 1688 JUDGED 5175 min 310538525ms from TEAM357 @ site 1 id Run--3030869906409164212 problem T-1946313426382989508 lang C/C++-8115657387133289744
180318 092901.932|INFO|Thread-18|dumpPacket|   key: JUDGEMENT_RECORD is: edu.csus.ecs.pc2.core.model.JudgementRecord Yes by JUDGE3 @ site 1 judgement Yes-6261107029115356387 id JudgementRecord--6221614453942220909
180318 092901.932|INFO|Thread-18|info|handlePacket start Packet[RUN_JUDGEMENT] #17461 SERVER0 @ site 1 -> TEAM357 @ site 1
180318 092901.932|INFO|Thread-18|dumpPacket|Packet RUN_JUDGEMENT (Seq #17461 ) handlePacket
180318 092901.932|INFO|Thread-18|dumpPacket|  From: SERVER0 @ site 1 (WIN-GAG3RVQSL34 @ 10.99.3.97) (Contest Id: Default--3335807939675924251)
180318 092901.932|INFO|Thread-18|dumpPacket|    To: TEAM357 @ site 1
180318 092901.932|INFO|Thread-18|dumpPacket|   key: CLIENT_ID is: edu.csus.ecs.pc2.core.model.ClientId SERVER0 @ site 1
180318 092901.932|INFO|Thread-18|dumpPacket|   key: RUN is: edu.csus.ecs.pc2.core.model.Run Run 1688 JUDGED 5175 min 310538525ms from TEAM357 @ site 1 id Run--3030869906409164212 problem T-1946313426382989508 lang C/C++-8115657387133289744
180318 092901.932|INFO|Thread-18|dumpPacket|   key: JUDGEMENT_RECORD is: edu.csus.ecs.pc2.core.model.JudgementRecord Yes by JUDGE3 @ site 1 judgement Yes-6261107029115356387 id JudgementRecord--6221614453942220909
180318 092903.024|INFO|Thread-18|info| receiveObject(S) end   got Packet[RUN_JUDGEMENT] #17461 SERVER0 @ site 1 -> TEAM357 @ site 1
180318 092903.574|INFO|Thread-17|info| receiveObject(S) end   got Packet[RUN_SUBMISSION_CONFIRM] #17455 SERVER0 @ site 1 -> TEAM357 @ site 1
180319 100814.339|CONFIG|Thread-5|setFileHandlers|Now logging to E:\PC2\Others\pc2Client\bin\logs directory.
180319 100814.359|INFO|Thread-5|info|
180319 100814.359|INFO|Thread-5|info|Version 9.5.3 20180207 (Wednesday, February 7th 2018 04:25 UTC) Java ver 1.8.0_101 build 4653 Windows 10 10.0 (amd64) 
180319 100814.359|INFO|Thread-5|info|Login: team357 (aka team357)
180319 100814.360|INFO|Thread-5|startLog|Working directory is E:\PC2\Others\pc2Client\bin
180319 100814.360|INFO|Thread-5|startLog|Process id is 7440@NguyenManhSon
180319 100814.360|INFO|Thread-5|info|Attempting to load UI class edu.csus.ecs.pc2.ui.team.TeamView
180319 100814.372|INFO|Thread-5|info|Loaded UI class edu.csus.ecs.pc2.ui.team.TeamView
180319 100814.672|INFO|Thread-5|info| handlePacket original LOGIN_SUCCESS after -- all settings loaded 
180319 100814.697|INFO|Thread-5|info|handlePacket end Packet[LOGIN_SUCCESS] #21445 SERVER0 @ site 1 -> TEAM357 @ site 1
180319 100814.697|INFO|Thread-5|info| receiveObject(S) end   got Packet[LOGIN_SUCCESS] #21445 SERVER0 @ site 1 -> TEAM357 @ site 1
180319 100837.856|INFO|AWT-EventQueue-0|testOrSubmitRun|submitRun for P C/C++ file: E:\__CTDL_GT_D16\KIEMTRA\Luyentap3\A\P.cpp
180319 100837.860|INFO|AWT-EventQueue-0|sendToLocalServer|Sending packet to server Packet[RUN_SUBMISSION] #2 TEAM357 @ site 1 -> SERVER0 @ site 1
180319 100837.861|INFO|AWT-EventQueue-0|sendToLocalServer|Sent    packet to server Packet[RUN_SUBMISSION] #2 TEAM357 @ site 1 -> SERVER0 @ site 1
180319 100838.183|INFO|Thread-8|info| receiveObject(S) start got Packet[RUN_SUBMISSION_CONFIRM] #21447 SERVER0 @ site 1 -> TEAM357 @ site 1
180319 100838.183|INFO|Thread-8|dumpPacket|Packet RUN_SUBMISSION_CONFIRM (Seq #21447 ) recieveObject
180319 100838.183|INFO|Thread-8|dumpPacket|  From: SERVER0 @ site 1 (WIN-GAG3RVQSL34 @ 10.99.3.97) (Contest Id: Default--3335807939675924251)
180319 100838.183|INFO|Thread-8|dumpPacket|    To: TEAM357 @ site 1
180319 100838.183|INFO|Thread-8|dumpPacket|   key: RUN is: edu.csus.ecs.pc2.core.model.Run Run 2073 QUEUED_FOR_COMPUTER_JUDGEMENT 6655 min 399320437ms from TEAM357 @ site 1 id Run--8303207677539720195 problem P-6060865263933734186 lang C/C++-8115657387133289744
180319 100838.184|INFO|Thread-8|info|handlePacket start Packet[RUN_SUBMISSION_CONFIRM] #21447 SERVER0 @ site 1 -> TEAM357 @ site 1
180319 100838.184|INFO|Thread-8|dumpPacket|Packet RUN_SUBMISSION_CONFIRM (Seq #21447 ) handlePacket
180319 100838.184|INFO|Thread-8|dumpPacket|  From: SERVER0 @ site 1 (WIN-GAG3RVQSL34 @ 10.99.3.97) (Contest Id: Default--3335807939675924251)
180319 100838.184|INFO|Thread-8|dumpPacket|    To: TEAM357 @ site 1
180319 100838.184|INFO|Thread-8|dumpPacket|   key: RUN is: edu.csus.ecs.pc2.core.model.Run Run 2073 QUEUED_FOR_COMPUTER_JUDGEMENT 6655 min 399320437ms from TEAM357 @ site 1 id Run--8303207677539720195 problem P-6060865263933734186 lang C/C++-8115657387133289744
180319 100840.206|INFO|Thread-9|info| receiveObject(S) start got Packet[RUN_JUDGEMENT] #21451 SERVER0 @ site 1 -> TEAM357 @ site 1
180319 100840.207|INFO|Thread-9|dumpPacket|Packet RUN_JUDGEMENT (Seq #21451 ) recieveObject
180319 100840.208|INFO|Thread-9|dumpPacket|  From: SERVER0 @ site 1 (WIN-GAG3RVQSL34 @ 10.99.3.97) (Contest Id: Default--3335807939675924251)
180319 100840.209|INFO|Thread-9|dumpPacket|    To: TEAM357 @ site 1
180319 100840.210|INFO|Thread-9|dumpPacket|   key: CLIENT_ID is: edu.csus.ecs.pc2.core.model.ClientId SERVER0 @ site 1
180319 100840.211|INFO|Thread-9|dumpPacket|   key: RUN is: edu.csus.ecs.pc2.core.model.Run Run 2073 JUDGED 6655 min 399320437ms from TEAM357 @ site 1 id Run--8303207677539720195 problem P-6060865263933734186 lang C/C++-8115657387133289744
180319 100840.213|INFO|Thread-9|dumpPacket|   key: JUDGEMENT_RECORD is: edu.csus.ecs.pc2.core.model.JudgementRecord No by JUDGE3 @ site 1 judgement No - Wrong Answer--1438982313357334929 id JudgementRecord-7152536183850947377
180319 100840.213|INFO|Thread-9|info|handlePacket start Packet[RUN_JUDGEMENT] #21451 SERVER0 @ site 1 -> TEAM357 @ site 1
180319 100840.213|INFO|Thread-9|dumpPacket|Packet RUN_JUDGEMENT (Seq #21451 ) handlePacket
180319 100840.214|INFO|Thread-9|dumpPacket|  From: SERVER0 @ site 1 (WIN-GAG3RVQSL34 @ 10.99.3.97) (Contest Id: Default--3335807939675924251)
180319 100840.216|INFO|Thread-9|dumpPacket|    To: TEAM357 @ site 1
180319 100840.217|INFO|Thread-9|dumpPacket|   key: CLIENT_ID is: edu.csus.ecs.pc2.core.model.ClientId SERVER0 @ site 1
180319 100840.218|INFO|Thread-9|dumpPacket|   key: RUN is: edu.csus.ecs.pc2.core.model.Run Run 2073 JUDGED 6655 min 399320437ms from TEAM357 @ site 1 id Run--8303207677539720195 problem P-6060865263933734186 lang C/C++-8115657387133289744
180319 100840.219|INFO|Thread-9|dumpPacket|   key: JUDGEMENT_RECORD is: edu.csus.ecs.pc2.core.model.JudgementRecord No by JUDGE3 @ site 1 judgement No - Wrong Answer--1438982313357334929 id JudgementRecord-7152536183850947377
180319 100841.235|INFO|Thread-9|info| receiveObject(S) end   got Packet[RUN_JUDGEMENT] #21451 SERVER0 @ site 1 -> TEAM357 @ site 1
180319 100841.763|INFO|Thread-8|info| receiveObject(S) end   got Packet[RUN_SUBMISSION_CONFIRM] #21447 SERVER0 @ site 1 -> TEAM357 @ site 1
180319 101020.618|INFO|AWT-EventQueue-0|testOrSubmitRun|submitRun for P C/C++ file: E:\__CTDL_GT_D16\KIEMTRA\Luyentap3\A\P.cpp
180319 101020.620|INFO|AWT-EventQueue-0|sendToLocalServer|Sending packet to server Packet[RUN_SUBMISSION] #3 TEAM357 @ site 1 -> SERVER0 @ site 1
180319 101020.621|INFO|AWT-EventQueue-0|sendToLocalServer|Sent    packet to server Packet[RUN_SUBMISSION] #3 TEAM357 @ site 1 -> SERVER0 @ site 1
180319 101021.035|INFO|Thread-11|info| receiveObject(S) start got Packet[RUN_SUBMISSION_CONFIRM] #21456 SERVER0 @ site 1 -> TEAM357 @ site 1
180319 101021.035|INFO|Thread-11|dumpPacket|Packet RUN_SUBMISSION_CONFIRM (Seq #21456 ) recieveObject
180319 101021.036|INFO|Thread-11|dumpPacket|  From: SERVER0 @ site 1 (WIN-GAG3RVQSL34 @ 10.99.3.97) (Contest Id: Default--3335807939675924251)
180319 101021.036|INFO|Thread-11|dumpPacket|    To: TEAM357 @ site 1
180319 101021.036|INFO|Thread-11|dumpPacket|   key: RUN is: edu.csus.ecs.pc2.core.model.Run Run 2074 QUEUED_FOR_COMPUTER_JUDGEMENT 6657 min 399423169ms from TEAM357 @ site 1 id Run-1642542696014648459 problem P-6060865263933734186 lang C/C++-8115657387133289744
180319 101021.037|INFO|Thread-11|info|handlePacket start Packet[RUN_SUBMISSION_CONFIRM] #21456 SERVER0 @ site 1 -> TEAM357 @ site 1
180319 101021.037|INFO|Thread-11|dumpPacket|Packet RUN_SUBMISSION_CONFIRM (Seq #21456 ) handlePacket
180319 101021.038|INFO|Thread-11|dumpPacket|  From: SERVER0 @ site 1 (WIN-GAG3RVQSL34 @ 10.99.3.97) (Contest Id: Default--3335807939675924251)
180319 101021.039|INFO|Thread-11|dumpPacket|    To: TEAM357 @ site 1
180319 101021.040|INFO|Thread-11|dumpPacket|   key: RUN is: edu.csus.ecs.pc2.core.model.Run Run 2074 QUEUED_FOR_COMPUTER_JUDGEMENT 6657 min 399423169ms from TEAM357 @ site 1 id Run-1642542696014648459 problem P-6060865263933734186 lang C/C++-8115657387133289744
180319 101023.234|INFO|Thread-12|info| receiveObject(S) start got Packet[RUN_JUDGEMENT] #21462 SERVER0 @ site 1 -> TEAM357 @ site 1
180319 101023.234|INFO|Thread-12|dumpPacket|Packet RUN_JUDGEMENT (Seq #21462 ) recieveObject
180319 101023.234|INFO|Thread-12|dumpPacket|  From: SERVER0 @ site 1 (WIN-GAG3RVQSL34 @ 10.99.3.97) (Contest Id: Default--3335807939675924251)
180319 101023.235|INFO|Thread-12|dumpPacket|    To: TEAM357 @ site 1
180319 101023.235|INFO|Thread-12|dumpPacket|   key: CLIENT_ID is: edu.csus.ecs.pc2.core.model.ClientId SERVER0 @ site 1
180319 101023.235|INFO|Thread-12|dumpPacket|   key: RUN is: edu.csus.ecs.pc2.core.model.Run Run 2074 JUDGED 6657 min 399423169ms from TEAM357 @ site 1 id Run-1642542696014648459 problem P-6060865263933734186 lang C/C++-8115657387133289744
180319 101023.236|INFO|Thread-12|dumpPacket|   key: JUDGEMENT_RECORD is: edu.csus.ecs.pc2.core.model.JudgementRecord Yes by JUDGE3 @ site 1 judgement Yes-6261107029115356387 id JudgementRecord-3635081029161032695
180319 101023.237|INFO|Thread-12|info|handlePacket start Packet[RUN_JUDGEMENT] #21462 SERVER0 @ site 1 -> TEAM357 @ site 1
180319 101023.237|INFO|Thread-12|dumpPacket|Packet RUN_JUDGEMENT (Seq #21462 ) handlePacket
180319 101023.238|INFO|Thread-12|dumpPacket|  From: SERVER0 @ site 1 (WIN-GAG3RVQSL34 @ 10.99.3.97) (Contest Id: Default--3335807939675924251)
180319 101023.238|INFO|Thread-12|dumpPacket|    To: TEAM357 @ site 1
180319 101023.238|INFO|Thread-12|dumpPacket|   key: CLIENT_ID is: edu.csus.ecs.pc2.core.model.ClientId SERVER0 @ site 1
180319 101023.238|INFO|Thread-12|dumpPacket|   key: RUN is: edu.csus.ecs.pc2.core.model.Run Run 2074 JUDGED 6657 min 399423169ms from TEAM357 @ site 1 id Run-1642542696014648459 problem P-6060865263933734186 lang C/C++-8115657387133289744
180319 101023.238|INFO|Thread-12|dumpPacket|   key: JUDGEMENT_RECORD is: edu.csus.ecs.pc2.core.model.JudgementRecord Yes by JUDGE3 @ site 1 judgement Yes-6261107029115356387 id JudgementRecord-3635081029161032695
180319 101024.275|INFO|Thread-12|info| receiveObject(S) end   got Packet[RUN_JUDGEMENT] #21462 SERVER0 @ site 1 -> TEAM357 @ site 1
180319 101024.802|INFO|Thread-11|info| receiveObject(S) end   got Packet[RUN_SUBMISSION_CONFIRM] #21456 SERVER0 @ site 1 -> TEAM357 @ site 1
180323 082542.305|CONFIG|Thread-5|setFileHandlers|Now logging to E:\PC2\Others\pc2Client\bin\logs directory.
180323 082542.321|INFO|Thread-5|info|
180323 082542.321|INFO|Thread-5|info|Version 9.5.3 20180207 (Wednesday, February 7th 2018 04:25 UTC) Java ver 1.8.0_101 build 4653 Windows 10 10.0 (amd64) 
180323 082542.321|INFO|Thread-5|info|Login: team357 (aka team357)
180323 082542.321|INFO|Thread-5|startLog|Working directory is E:\PC2\Others\pc2Client\bin
180323 082542.321|INFO|Thread-5|startLog|Process id is 7416@NguyenManhSon
180323 082542.321|INFO|Thread-5|info|Attempting to load UI class edu.csus.ecs.pc2.ui.team.TeamView
180323 082542.337|INFO|Thread-5|info|Loaded UI class edu.csus.ecs.pc2.ui.team.TeamView
180323 082542.633|INFO|Thread-5|info| handlePacket original LOGIN_SUCCESS after -- all settings loaded 
180323 082542.633|INFO|Thread-5|info|handlePacket end Packet[LOGIN_SUCCESS] #2706 SERVER0 @ site 1 -> TEAM357 @ site 1
180323 082542.633|INFO|Thread-5|info| receiveObject(S) end   got Packet[LOGIN_SUCCESS] #2706 SERVER0 @ site 1 -> TEAM357 @ site 1
180323 082554.184|INFO|AWT-EventQueue-0|testOrSubmitRun|submitRun for T C/C++ file: C:\Users\Manh Son\Desktop\Untitled1.cpp
180323 082554.184|INFO|AWT-EventQueue-0|sendToLocalServer|Sending packet to server Packet[RUN_SUBMISSION] #2 TEAM357 @ site 1 -> SERVER0 @ site 1
180323 082554.184|INFO|AWT-EventQueue-0|sendToLocalServer|Sent    packet to server Packet[RUN_SUBMISSION] #2 TEAM357 @ site 1 -> SERVER0 @ site 1
180323 082554.325|INFO|Thread-8|info| receiveObject(S) start got Packet[RUN_SUBMISSION_CONFIRM] #2708 SERVER0 @ site 1 -> TEAM357 @ site 1
180323 082554.325|INFO|Thread-8|dumpPacket|Packet RUN_SUBMISSION_CONFIRM (Seq #2708 ) recieveObject
180323 082554.325|INFO|Thread-8|dumpPacket|  From: SERVER0 @ site 1 (WIN-GAG3RVQSL34 @ 10.99.3.97) (Contest Id: Default--829847041863157114)
180323 082554.325|INFO|Thread-8|dumpPacket|    To: TEAM357 @ site 1
180323 082554.325|INFO|Thread-8|dumpPacket|   key: RUN is: edu.csus.ecs.pc2.core.model.Run Run 249 QUEUED_FOR_COMPUTER_JUDGEMENT 825 min 49554483ms from TEAM357 @ site 1 id Run--803152463591474507 problem T--8404235892037013078 lang C/C++-1053038229874797985
180323 082554.325|INFO|Thread-8|info|handlePacket start Packet[RUN_SUBMISSION_CONFIRM] #2708 SERVER0 @ site 1 -> TEAM357 @ site 1
180323 082554.325|INFO|Thread-8|dumpPacket|Packet RUN_SUBMISSION_CONFIRM (Seq #2708 ) handlePacket
180323 082554.325|INFO|Thread-8|dumpPacket|  From: SERVER0 @ site 1 (WIN-GAG3RVQSL34 @ 10.99.3.97) (Contest Id: Default--829847041863157114)
180323 082554.325|INFO|Thread-8|dumpPacket|    To: TEAM357 @ site 1
180323 082554.325|INFO|Thread-8|dumpPacket|   key: RUN is: edu.csus.ecs.pc2.core.model.Run Run 249 QUEUED_FOR_COMPUTER_JUDGEMENT 825 min 49554483ms from TEAM357 @ site 1 id Run--803152463591474507 problem T--8404235892037013078 lang C/C++-1053038229874797985
180323 082555.574|INFO|Thread-8|info| receiveObject(S) end   got Packet[RUN_SUBMISSION_CONFIRM] #2708 SERVER0 @ site 1 -> TEAM357 @ site 1
180323 082555.875|INFO|Thread-9|info| receiveObject(S) start got Packet[RUN_JUDGEMENT] #2712 SERVER0 @ site 1 -> TEAM357 @ site 1
180323 082555.875|INFO|Thread-9|dumpPacket|Packet RUN_JUDGEMENT (Seq #2712 ) recieveObject
180323 082555.879|INFO|Thread-9|dumpPacket|  From: SERVER0 @ site 1 (WIN-GAG3RVQSL34 @ 10.99.3.97) (Contest Id: Default--829847041863157114)
180323 082555.879|INFO|Thread-9|dumpPacket|    To: TEAM357 @ site 1
180323 082555.879|INFO|Thread-9|dumpPacket|   key: CLIENT_ID is: edu.csus.ecs.pc2.core.model.ClientId SERVER0 @ site 1
180323 082555.879|INFO|Thread-9|dumpPacket|   key: RUN is: edu.csus.ecs.pc2.core.model.Run Run 249 JUDGED 825 min 49554483ms from TEAM357 @ site 1 id Run--803152463591474507 problem T--8404235892037013078 lang C/C++-1053038229874797985
180323 082555.879|INFO|Thread-9|dumpPacket|   key: JUDGEMENT_RECORD is: edu.csus.ecs.pc2.core.model.JudgementRecord No by JUDGE1 @ site 1 judgement No - Wrong Answer--1995902805926038732 id JudgementRecord-8504417706555853919
180323 082555.879|INFO|Thread-9|info|handlePacket start Packet[RUN_JUDGEMENT] #2712 SERVER0 @ site 1 -> TEAM357 @ site 1
180323 082555.879|INFO|Thread-9|dumpPacket|Packet RUN_JUDGEMENT (Seq #2712 ) handlePacket
180323 082555.883|INFO|Thread-9|dumpPacket|  From: SERVER0 @ site 1 (WIN-GAG3RVQSL34 @ 10.99.3.97) (Contest Id: Default--829847041863157114)
180323 082555.883|INFO|Thread-9|dumpPacket|    To: TEAM357 @ site 1
180323 082555.883|INFO|Thread-9|dumpPacket|   key: CLIENT_ID is: edu.csus.ecs.pc2.core.model.ClientId SERVER0 @ site 1
180323 082555.883|INFO|Thread-9|dumpPacket|   key: RUN is: edu.csus.ecs.pc2.core.model.Run Run 249 JUDGED 825 min 49554483ms from TEAM357 @ site 1 id Run--803152463591474507 problem T--8404235892037013078 lang C/C++-1053038229874797985
180323 082555.887|INFO|Thread-9|dumpPacket|   key: JUDGEMENT_RECORD is: edu.csus.ecs.pc2.core.model.JudgementRecord No by JUDGE1 @ site 1 judgement No - Wrong Answer--1995902805926038732 id JudgementRecord-8504417706555853919
180323 082557.244|INFO|Thread-9|info| receiveObject(S) end   got Packet[RUN_JUDGEMENT] #2712 SERVER0 @ site 1 -> TEAM357 @ site 1
