180414 214027.800|CONFIG|Thread-5|setFileHandlers|Now logging to E:\PC2\Others\pc2Client\bin\logs directory.
180414 214027.801|INFO|Thread-5|info|
180414 214027.802|INFO|Thread-5|info|Version 9.5.3 20180207 (Wednesday, February 7th 2018 04:25 UTC) Java ver 1.8.0_101 build 4653 Windows 10 10.0 (amd64) 
180414 214027.802|INFO|Thread-5|info|Login: team175 (aka team175)
180414 214027.802|INFO|Thread-5|startLog|Working directory is E:\PC2\Others\pc2Client\bin
180414 214027.803|INFO|Thread-5|startLog|Process id is 3292@NguyenManhSon
180414 214027.803|INFO|Thread-5|info|Attempting to load UI class edu.csus.ecs.pc2.ui.team.TeamView
180414 214027.816|INFO|Thread-5|info|Loaded UI class edu.csus.ecs.pc2.ui.team.TeamView
180414 214028.109|INFO|Thread-5|info| handlePacket original LOGIN_SUCCESS after -- all settings loaded 
180414 214028.111|INFO|Thread-5|info|handlePacket end Packet[LOGIN_SUCCESS] #2618 SERVER0 @ site 1 -> TEAM175 @ site 1
180414 214028.111|INFO|Thread-5|info| receiveObject(S) end   got Packet[LOGIN_SUCCESS] #2618 SERVER0 @ site 1 -> TEAM175 @ site 1
180414 214050.657|INFO|AWT-EventQueue-0|testOrSubmitRun|submitRun for B C/C++ file: C:\Users\Manh Son\Desktop\Untitled1.cpp
180414 214050.660|INFO|AWT-EventQueue-0|sendToLocalServer|Sending packet to server Packet[RUN_SUBMISSION] #2 TEAM175 @ site 1 -> SERVER0 @ site 1
180414 214050.660|INFO|AWT-EventQueue-0|sendToLocalServer|Sent    packet to server Packet[RUN_SUBMISSION] #2 TEAM175 @ site 1 -> SERVER0 @ site 1
180414 214050.818|INFO|Thread-8|info| receiveObject(S) start got Packet[RUN_SUBMISSION_CONFIRM] #2626 SERVER0 @ site 1 -> TEAM175 @ site 1
180414 214050.818|INFO|Thread-8|dumpPacket|Packet RUN_SUBMISSION_CONFIRM (Seq #2626 ) recieveObject
180414 214050.819|INFO|Thread-8|dumpPacket|  From: SERVER0 @ site 1 (WIN-GAG3RVQSL34 @ 10.99.3.97) (Contest Id: Default-8266146484236761335)
180414 214050.819|INFO|Thread-8|dumpPacket|    To: TEAM175 @ site 1
180414 214050.819|INFO|Thread-8|dumpPacket|   key: RUN is: edu.csus.ecs.pc2.core.model.Run Run 189 QUEUED_FOR_COMPUTER_JUDGEMENT 160 min 9650144ms from TEAM175 @ site 1 id Run-7791365946219723872 problem B--6204054532866246171 lang C/C++--8540994795477553087
180414 214050.820|INFO|Thread-8|info|handlePacket start Packet[RUN_SUBMISSION_CONFIRM] #2626 SERVER0 @ site 1 -> TEAM175 @ site 1
180414 214050.820|INFO|Thread-8|dumpPacket|Packet RUN_SUBMISSION_CONFIRM (Seq #2626 ) handlePacket
180414 214050.820|INFO|Thread-8|dumpPacket|  From: SERVER0 @ site 1 (WIN-GAG3RVQSL34 @ 10.99.3.97) (Contest Id: Default-8266146484236761335)
180414 214050.820|INFO|Thread-8|dumpPacket|    To: TEAM175 @ site 1
180414 214050.820|INFO|Thread-8|dumpPacket|   key: RUN is: edu.csus.ecs.pc2.core.model.Run Run 189 QUEUED_FOR_COMPUTER_JUDGEMENT 160 min 9650144ms from TEAM175 @ site 1 id Run-7791365946219723872 problem B--6204054532866246171 lang C/C++--8540994795477553087
180414 214052.471|INFO|Thread-8|info| receiveObject(S) end   got Packet[RUN_SUBMISSION_CONFIRM] #2626 SERVER0 @ site 1 -> TEAM175 @ site 1
180414 214104.153|INFO|Thread-9|info| receiveObject(S) start got Packet[RUN_JUDGEMENT] #2639 SERVER0 @ site 1 -> TEAM175 @ site 1
180414 214104.153|INFO|Thread-9|dumpPacket|Packet RUN_JUDGEMENT (Seq #2639 ) recieveObject
180414 214104.154|INFO|Thread-9|dumpPacket|  From: SERVER0 @ site 1 (WIN-GAG3RVQSL34 @ 10.99.3.97) (Contest Id: Default-8266146484236761335)
180414 214104.154|INFO|Thread-9|dumpPacket|    To: TEAM175 @ site 1
180414 214104.154|INFO|Thread-9|dumpPacket|   key: CLIENT_ID is: edu.csus.ecs.pc2.core.model.ClientId SERVER0 @ site 1
180414 214104.155|INFO|Thread-9|dumpPacket|   key: RUN is: edu.csus.ecs.pc2.core.model.Run Run 189 JUDGED 160 min 9650144ms from TEAM175 @ site 1 id Run-7791365946219723872 problem B--6204054532866246171 lang C/C++--8540994795477553087
180414 214104.155|INFO|Thread-9|dumpPacket|   key: JUDGEMENT_RECORD is: edu.csus.ecs.pc2.core.model.JudgementRecord No by JUDGE2 @ site 1 judgement No - Wrong Answer-4597808369589672021 id JudgementRecord-6041504027009183634
180414 214104.156|INFO|Thread-9|info|handlePacket start Packet[RUN_JUDGEMENT] #2639 SERVER0 @ site 1 -> TEAM175 @ site 1
180414 214104.156|INFO|Thread-9|dumpPacket|Packet RUN_JUDGEMENT (Seq #2639 ) handlePacket
180414 214104.156|INFO|Thread-9|dumpPacket|  From: SERVER0 @ site 1 (WIN-GAG3RVQSL34 @ 10.99.3.97) (Contest Id: Default-8266146484236761335)
180414 214104.157|INFO|Thread-9|dumpPacket|    To: TEAM175 @ site 1
180414 214104.157|INFO|Thread-9|dumpPacket|   key: CLIENT_ID is: edu.csus.ecs.pc2.core.model.ClientId SERVER0 @ site 1
180414 214104.157|INFO|Thread-9|dumpPacket|   key: RUN is: edu.csus.ecs.pc2.core.model.Run Run 189 JUDGED 160 min 9650144ms from TEAM175 @ site 1 id Run-7791365946219723872 problem B--6204054532866246171 lang C/C++--8540994795477553087
180414 214104.157|INFO|Thread-9|dumpPacket|   key: JUDGEMENT_RECORD is: edu.csus.ecs.pc2.core.model.JudgementRecord No by JUDGE2 @ site 1 judgement No - Wrong Answer-4597808369589672021 id JudgementRecord-6041504027009183634
180414 214139.216|INFO|Thread-9|info| receiveObject(S) end   got Packet[RUN_JUDGEMENT] #2639 SERVER0 @ site 1 -> TEAM175 @ site 1
180414 214330.473|INFO|AWT-EventQueue-0|testOrSubmitRun|submitRun for B C/C++ file: C:\Users\Manh Son\Desktop\Untitled1.cpp
180414 214330.475|INFO|AWT-EventQueue-0|sendToLocalServer|Sending packet to server Packet[RUN_SUBMISSION] #3 TEAM175 @ site 1 -> SERVER0 @ site 1
180414 214330.475|INFO|AWT-EventQueue-0|sendToLocalServer|Sent    packet to server Packet[RUN_SUBMISSION] #3 TEAM175 @ site 1 -> SERVER0 @ site 1
180414 214330.611|INFO|Thread-11|info| receiveObject(S) start got Packet[RUN_SUBMISSION_CONFIRM] #2702 SERVER0 @ site 1 -> TEAM175 @ site 1
180414 214330.612|INFO|Thread-11|dumpPacket|Packet RUN_SUBMISSION_CONFIRM (Seq #2702 ) recieveObject
180414 214330.612|INFO|Thread-11|dumpPacket|  From: SERVER0 @ site 1 (WIN-GAG3RVQSL34 @ 10.99.3.97) (Contest Id: Default-8266146484236761335)
180414 214330.612|INFO|Thread-11|dumpPacket|    To: TEAM175 @ site 1
180414 214330.612|INFO|Thread-11|dumpPacket|   key: RUN is: edu.csus.ecs.pc2.core.model.Run Run 197 QUEUED_FOR_COMPUTER_JUDGEMENT 163 min 9809945ms from TEAM175 @ site 1 id Run-6686375862036984339 problem B--6204054532866246171 lang C/C++--8540994795477553087
180414 214330.612|INFO|Thread-11|info|handlePacket start Packet[RUN_SUBMISSION_CONFIRM] #2702 SERVER0 @ site 1 -> TEAM175 @ site 1
180414 214330.612|INFO|Thread-11|dumpPacket|Packet RUN_SUBMISSION_CONFIRM (Seq #2702 ) handlePacket
180414 214330.613|INFO|Thread-11|dumpPacket|  From: SERVER0 @ site 1 (WIN-GAG3RVQSL34 @ 10.99.3.97) (Contest Id: Default-8266146484236761335)
180414 214330.613|INFO|Thread-11|dumpPacket|    To: TEAM175 @ site 1
180414 214330.616|INFO|Thread-11|dumpPacket|   key: RUN is: edu.csus.ecs.pc2.core.model.Run Run 197 QUEUED_FOR_COMPUTER_JUDGEMENT 163 min 9809945ms from TEAM175 @ site 1 id Run-6686375862036984339 problem B--6204054532866246171 lang C/C++--8540994795477553087
180414 214333.256|INFO|Thread-11|info| receiveObject(S) end   got Packet[RUN_SUBMISSION_CONFIRM] #2702 SERVER0 @ site 1 -> TEAM175 @ site 1
180414 214342.891|INFO|Thread-12|info| receiveObject(S) start got Packet[RUN_JUDGEMENT] #2712 SERVER0 @ site 1 -> TEAM175 @ site 1
180414 214342.891|INFO|Thread-12|dumpPacket|Packet RUN_JUDGEMENT (Seq #2712 ) recieveObject
180414 214342.892|INFO|Thread-12|dumpPacket|  From: SERVER0 @ site 1 (WIN-GAG3RVQSL34 @ 10.99.3.97) (Contest Id: Default-8266146484236761335)
180414 214342.892|INFO|Thread-12|dumpPacket|    To: TEAM175 @ site 1
180414 214342.892|INFO|Thread-12|dumpPacket|   key: CLIENT_ID is: edu.csus.ecs.pc2.core.model.ClientId SERVER0 @ site 1
180414 214342.892|INFO|Thread-12|dumpPacket|   key: RUN is: edu.csus.ecs.pc2.core.model.Run Run 197 JUDGED 163 min 9809945ms from TEAM175 @ site 1 id Run-6686375862036984339 problem B--6204054532866246171 lang C/C++--8540994795477553087
180414 214342.893|INFO|Thread-12|dumpPacket|   key: JUDGEMENT_RECORD is: edu.csus.ecs.pc2.core.model.JudgementRecord No by JUDGE5 @ site 1 judgement No - Wrong Answer-4597808369589672021 id JudgementRecord--2684275980662855816
180414 214342.893|INFO|Thread-12|info|handlePacket start Packet[RUN_JUDGEMENT] #2712 SERVER0 @ site 1 -> TEAM175 @ site 1
180414 214342.893|INFO|Thread-12|dumpPacket|Packet RUN_JUDGEMENT (Seq #2712 ) handlePacket
180414 214342.893|INFO|Thread-12|dumpPacket|  From: SERVER0 @ site 1 (WIN-GAG3RVQSL34 @ 10.99.3.97) (Contest Id: Default-8266146484236761335)
180414 214342.896|INFO|Thread-12|dumpPacket|    To: TEAM175 @ site 1
180414 214342.897|INFO|Thread-12|dumpPacket|   key: CLIENT_ID is: edu.csus.ecs.pc2.core.model.ClientId SERVER0 @ site 1
180414 214342.897|INFO|Thread-12|dumpPacket|   key: RUN is: edu.csus.ecs.pc2.core.model.Run Run 197 JUDGED 163 min 9809945ms from TEAM175 @ site 1 id Run-6686375862036984339 problem B--6204054532866246171 lang C/C++--8540994795477553087
180414 214342.897|INFO|Thread-12|dumpPacket|   key: JUDGEMENT_RECORD is: edu.csus.ecs.pc2.core.model.JudgementRecord No by JUDGE5 @ site 1 judgement No - Wrong Answer-4597808369589672021 id JudgementRecord--2684275980662855816
180414 214344.695|INFO|Thread-12|info| receiveObject(S) end   got Packet[RUN_JUDGEMENT] #2712 SERVER0 @ site 1 -> TEAM175 @ site 1
180414 214627.919|INFO|AWT-EventQueue-0|testOrSubmitRun|submitRun for B C/C++ file: C:\Users\Manh Son\Desktop\Untitled1.cpp
180414 214627.920|INFO|AWT-EventQueue-0|sendToLocalServer|Sending packet to server Packet[RUN_SUBMISSION] #4 TEAM175 @ site 1 -> SERVER0 @ site 1
180414 214627.921|INFO|AWT-EventQueue-0|sendToLocalServer|Sent    packet to server Packet[RUN_SUBMISSION] #4 TEAM175 @ site 1 -> SERVER0 @ site 1
180414 214628.261|INFO|Thread-14|info| receiveObject(S) start got Packet[RUN_SUBMISSION_CONFIRM] #2772 SERVER0 @ site 1 -> TEAM175 @ site 1
180414 214628.262|INFO|Thread-14|dumpPacket|Packet RUN_SUBMISSION_CONFIRM (Seq #2772 ) recieveObject
180414 214628.262|INFO|Thread-14|dumpPacket|  From: SERVER0 @ site 1 (WIN-GAG3RVQSL34 @ 10.99.3.97) (Contest Id: Default-8266146484236761335)
180414 214628.262|INFO|Thread-14|dumpPacket|    To: TEAM175 @ site 1
180414 214628.262|INFO|Thread-14|dumpPacket|   key: RUN is: edu.csus.ecs.pc2.core.model.Run Run 203 QUEUED_FOR_COMPUTER_JUDGEMENT 166 min 9987368ms from TEAM175 @ site 1 id Run--3622231255991328436 problem B--6204054532866246171 lang C/C++--8540994795477553087
180414 214628.262|INFO|Thread-14|info|handlePacket start Packet[RUN_SUBMISSION_CONFIRM] #2772 SERVER0 @ site 1 -> TEAM175 @ site 1
180414 214628.263|INFO|Thread-14|dumpPacket|Packet RUN_SUBMISSION_CONFIRM (Seq #2772 ) handlePacket
180414 214628.263|INFO|Thread-14|dumpPacket|  From: SERVER0 @ site 1 (WIN-GAG3RVQSL34 @ 10.99.3.97) (Contest Id: Default-8266146484236761335)
180414 214628.263|INFO|Thread-14|dumpPacket|    To: TEAM175 @ site 1
180414 214628.263|INFO|Thread-14|dumpPacket|   key: RUN is: edu.csus.ecs.pc2.core.model.Run Run 203 QUEUED_FOR_COMPUTER_JUDGEMENT 166 min 9987368ms from TEAM175 @ site 1 id Run--3622231255991328436 problem B--6204054532866246171 lang C/C++--8540994795477553087
180414 214629.597|INFO|Thread-14|info| receiveObject(S) end   got Packet[RUN_SUBMISSION_CONFIRM] #2772 SERVER0 @ site 1 -> TEAM175 @ site 1
180414 214636.545|INFO|Thread-15|info| receiveObject(S) start got Packet[RUN_JUDGEMENT] #2778 SERVER0 @ site 1 -> TEAM175 @ site 1
180414 214636.546|INFO|Thread-15|dumpPacket|Packet RUN_JUDGEMENT (Seq #2778 ) recieveObject
180414 214636.546|INFO|Thread-15|dumpPacket|  From: SERVER0 @ site 1 (WIN-GAG3RVQSL34 @ 10.99.3.97) (Contest Id: Default-8266146484236761335)
180414 214636.546|INFO|Thread-15|dumpPacket|    To: TEAM175 @ site 1
180414 214636.546|INFO|Thread-15|dumpPacket|   key: CLIENT_ID is: edu.csus.ecs.pc2.core.model.ClientId SERVER0 @ site 1
180414 214636.546|INFO|Thread-15|dumpPacket|   key: RUN is: edu.csus.ecs.pc2.core.model.Run Run 203 JUDGED 166 min 9987368ms from TEAM175 @ site 1 id Run--3622231255991328436 problem B--6204054532866246171 lang C/C++--8540994795477553087
180414 214636.548|INFO|Thread-15|dumpPacket|   key: JUDGEMENT_RECORD is: edu.csus.ecs.pc2.core.model.JudgementRecord No by JUDGE6 @ site 1 judgement No - Wrong Answer-4597808369589672021 id JudgementRecord-8918636809844572194
180414 214636.548|INFO|Thread-15|info|handlePacket start Packet[RUN_JUDGEMENT] #2778 SERVER0 @ site 1 -> TEAM175 @ site 1
180414 214636.548|INFO|Thread-15|dumpPacket|Packet RUN_JUDGEMENT (Seq #2778 ) handlePacket
180414 214636.549|INFO|Thread-15|dumpPacket|  From: SERVER0 @ site 1 (WIN-GAG3RVQSL34 @ 10.99.3.97) (Contest Id: Default-8266146484236761335)
180414 214636.549|INFO|Thread-15|dumpPacket|    To: TEAM175 @ site 1
180414 214636.549|INFO|Thread-15|dumpPacket|   key: CLIENT_ID is: edu.csus.ecs.pc2.core.model.ClientId SERVER0 @ site 1
180414 214636.549|INFO|Thread-15|dumpPacket|   key: RUN is: edu.csus.ecs.pc2.core.model.Run Run 203 JUDGED 166 min 9987368ms from TEAM175 @ site 1 id Run--3622231255991328436 problem B--6204054532866246171 lang C/C++--8540994795477553087
180414 214636.550|INFO|Thread-15|dumpPacket|   key: JUDGEMENT_RECORD is: edu.csus.ecs.pc2.core.model.JudgementRecord No by JUDGE6 @ site 1 judgement No - Wrong Answer-4597808369589672021 id JudgementRecord-8918636809844572194
180414 214638.799|INFO|Thread-15|info| receiveObject(S) end   got Packet[RUN_JUDGEMENT] #2778 SERVER0 @ site 1 -> TEAM175 @ site 1
180414 214737.694|INFO|AWT-EventQueue-0|testOrSubmitRun|submitRun for B C/C++ file: C:\Users\Manh Son\Desktop\Untitled1.cpp
180414 214737.695|INFO|AWT-EventQueue-0|sendToLocalServer|Sending packet to server Packet[RUN_SUBMISSION] #5 TEAM175 @ site 1 -> SERVER0 @ site 1
180414 214737.695|INFO|AWT-EventQueue-0|sendToLocalServer|Sent    packet to server Packet[RUN_SUBMISSION] #5 TEAM175 @ site 1 -> SERVER0 @ site 1
180414 214737.790|INFO|Thread-17|info| receiveObject(S) start got Packet[RUN_SUBMISSION_CONFIRM] #2787 SERVER0 @ site 1 -> TEAM175 @ site 1
180414 214737.790|INFO|Thread-17|dumpPacket|Packet RUN_SUBMISSION_CONFIRM (Seq #2787 ) recieveObject
180414 214737.790|INFO|Thread-17|dumpPacket|  From: SERVER0 @ site 1 (WIN-GAG3RVQSL34 @ 10.99.3.97) (Contest Id: Default-8266146484236761335)
180414 214737.790|INFO|Thread-17|dumpPacket|    To: TEAM175 @ site 1
180414 214737.791|INFO|Thread-17|dumpPacket|   key: RUN is: edu.csus.ecs.pc2.core.model.Run Run 204 QUEUED_FOR_COMPUTER_JUDGEMENT 167 min 10057153ms from TEAM175 @ site 1 id Run-9084715011912470980 problem B--6204054532866246171 lang C/C++--8540994795477553087
180414 214737.792|INFO|Thread-17|info|handlePacket start Packet[RUN_SUBMISSION_CONFIRM] #2787 SERVER0 @ site 1 -> TEAM175 @ site 1
180414 214737.792|INFO|Thread-17|dumpPacket|Packet RUN_SUBMISSION_CONFIRM (Seq #2787 ) handlePacket
180414 214737.792|INFO|Thread-17|dumpPacket|  From: SERVER0 @ site 1 (WIN-GAG3RVQSL34 @ 10.99.3.97) (Contest Id: Default-8266146484236761335)
180414 214737.792|INFO|Thread-17|dumpPacket|    To: TEAM175 @ site 1
180414 214737.792|INFO|Thread-17|dumpPacket|   key: RUN is: edu.csus.ecs.pc2.core.model.Run Run 204 QUEUED_FOR_COMPUTER_JUDGEMENT 167 min 10057153ms from TEAM175 @ site 1 id Run-9084715011912470980 problem B--6204054532866246171 lang C/C++--8540994795477553087
180414 214739.310|INFO|Thread-17|info| receiveObject(S) end   got Packet[RUN_SUBMISSION_CONFIRM] #2787 SERVER0 @ site 1 -> TEAM175 @ site 1
180414 214746.149|INFO|Thread-18|info| receiveObject(S) start got Packet[RUN_JUDGEMENT] #2796 SERVER0 @ site 1 -> TEAM175 @ site 1
180414 214746.149|INFO|Thread-18|dumpPacket|Packet RUN_JUDGEMENT (Seq #2796 ) recieveObject
180414 214746.150|INFO|Thread-18|dumpPacket|  From: SERVER0 @ site 1 (WIN-GAG3RVQSL34 @ 10.99.3.97) (Contest Id: Default-8266146484236761335)
180414 214746.150|INFO|Thread-18|dumpPacket|    To: TEAM175 @ site 1
180414 214746.150|INFO|Thread-18|dumpPacket|   key: CLIENT_ID is: edu.csus.ecs.pc2.core.model.ClientId SERVER0 @ site 1
180414 214746.151|INFO|Thread-18|dumpPacket|   key: RUN is: edu.csus.ecs.pc2.core.model.Run Run 204 JUDGED 167 min 10057153ms from TEAM175 @ site 1 id Run-9084715011912470980 problem B--6204054532866246171 lang C/C++--8540994795477553087
180414 214746.151|INFO|Thread-18|dumpPacket|   key: JUDGEMENT_RECORD is: edu.csus.ecs.pc2.core.model.JudgementRecord No by JUDGE6 @ site 1 judgement No - Wrong Answer-4597808369589672021 id JudgementRecord--7716842506847602134
180414 214746.151|INFO|Thread-18|info|handlePacket start Packet[RUN_JUDGEMENT] #2796 SERVER0 @ site 1 -> TEAM175 @ site 1
180414 214746.151|INFO|Thread-18|dumpPacket|Packet RUN_JUDGEMENT (Seq #2796 ) handlePacket
180414 214746.152|INFO|Thread-18|dumpPacket|  From: SERVER0 @ site 1 (WIN-GAG3RVQSL34 @ 10.99.3.97) (Contest Id: Default-8266146484236761335)
180414 214746.153|INFO|Thread-18|dumpPacket|    To: TEAM175 @ site 1
180414 214746.155|INFO|Thread-18|dumpPacket|   key: CLIENT_ID is: edu.csus.ecs.pc2.core.model.ClientId SERVER0 @ site 1
180414 214746.155|INFO|Thread-18|dumpPacket|   key: RUN is: edu.csus.ecs.pc2.core.model.Run Run 204 JUDGED 167 min 10057153ms from TEAM175 @ site 1 id Run-9084715011912470980 problem B--6204054532866246171 lang C/C++--8540994795477553087
180414 214746.156|INFO|Thread-18|dumpPacket|   key: JUDGEMENT_RECORD is: edu.csus.ecs.pc2.core.model.JudgementRecord No by JUDGE6 @ site 1 judgement No - Wrong Answer-4597808369589672021 id JudgementRecord--7716842506847602134
180414 214748.822|INFO|Thread-18|info| receiveObject(S) end   got Packet[RUN_JUDGEMENT] #2796 SERVER0 @ site 1 -> TEAM175 @ site 1
180420 191941.590|CONFIG|Thread-5|setFileHandlers|Now logging to E:\PC2\Others\pc2Client\bin\logs directory.
180420 191941.599|INFO|Thread-5|info|
180420 191941.599|INFO|Thread-5|info|Version 9.5.3 20180207 (Wednesday, February 7th 2018 04:25 UTC) Java ver 1.8.0_101 build 4653 Windows 10 10.0 (amd64) 
180420 191941.599|INFO|Thread-5|info|Login: team175 (aka team175)
180420 191941.599|INFO|Thread-5|startLog|Working directory is E:\PC2\Others\pc2Client\bin
180420 191941.599|INFO|Thread-5|startLog|Process id is 1844@NguyenManhSon
180420 191941.599|INFO|Thread-5|info|Attempting to load UI class edu.csus.ecs.pc2.ui.team.TeamView
180420 191941.614|INFO|Thread-5|info|Loaded UI class edu.csus.ecs.pc2.ui.team.TeamView
180420 191941.889|INFO|Thread-5|info| handlePacket original LOGIN_SUCCESS after -- all settings loaded 
180420 191941.891|INFO|Thread-5|info|handlePacket end Packet[LOGIN_SUCCESS] #47 SERVER0 @ site 1 -> TEAM175 @ site 1
180420 191941.891|INFO|Thread-5|info| receiveObject(S) end   got Packet[LOGIN_SUCCESS] #47 SERVER0 @ site 1 -> TEAM175 @ site 1
180420 191959.242|INFO|AWT-EventQueue-0|testOrSubmitRun|submitRun for A C/C++ file: E:\SET\New folder\DE BAI\2.Vongloai\A_23\A.cpp
180420 191959.245|INFO|AWT-EventQueue-0|sendToLocalServer|Sending packet to server Packet[RUN_SUBMISSION] #2 TEAM175 @ site 1 -> SERVER0 @ site 1
180420 191959.245|INFO|AWT-EventQueue-0|sendToLocalServer|Sent    packet to server Packet[RUN_SUBMISSION] #2 TEAM175 @ site 1 -> SERVER0 @ site 1
180420 191959.370|INFO|Thread-8|info| receiveObject(S) start got Packet[RUN_SUBMISSION_CONFIRM] #49 SERVER0 @ site 1 -> TEAM175 @ site 1
180420 191959.371|INFO|Thread-8|dumpPacket|Packet RUN_SUBMISSION_CONFIRM (Seq #49 ) recieveObject
180420 191959.371|INFO|Thread-8|dumpPacket|  From: SERVER0 @ site 1 (WIN-GAG3RVQSL34 @ 10.99.3.97) (Contest Id: Default-8484179060723241424)
180420 191959.371|INFO|Thread-8|dumpPacket|    To: TEAM175 @ site 1
180420 191959.371|INFO|Thread-8|dumpPacket|   key: RUN is: edu.csus.ecs.pc2.core.model.Run Run 1 QUEUED_FOR_COMPUTER_JUDGEMENT 0 min 39000ms from TEAM175 @ site 1 id Run-6015929026075954774 problem A-2969140827895630050 lang C/C++-3138658067350477343
180420 191959.371|INFO|Thread-8|info|handlePacket start Packet[RUN_SUBMISSION_CONFIRM] #49 SERVER0 @ site 1 -> TEAM175 @ site 1
180420 191959.372|INFO|Thread-8|dumpPacket|Packet RUN_SUBMISSION_CONFIRM (Seq #49 ) handlePacket
180420 191959.372|INFO|Thread-8|dumpPacket|  From: SERVER0 @ site 1 (WIN-GAG3RVQSL34 @ 10.99.3.97) (Contest Id: Default-8484179060723241424)
180420 191959.372|INFO|Thread-8|dumpPacket|    To: TEAM175 @ site 1
180420 191959.372|INFO|Thread-8|dumpPacket|   key: RUN is: edu.csus.ecs.pc2.core.model.Run Run 1 QUEUED_FOR_COMPUTER_JUDGEMENT 0 min 39000ms from TEAM175 @ site 1 id Run-6015929026075954774 problem A-2969140827895630050 lang C/C++-3138658067350477343
180420 192000.362|INFO|Thread-8|info| receiveObject(S) end   got Packet[RUN_SUBMISSION_CONFIRM] #49 SERVER0 @ site 1 -> TEAM175 @ site 1
180420 192000.886|INFO|Thread-9|info| receiveObject(S) start got Packet[RUN_JUDGEMENT] #53 SERVER0 @ site 1 -> TEAM175 @ site 1
180420 192000.887|INFO|Thread-9|dumpPacket|Packet RUN_JUDGEMENT (Seq #53 ) recieveObject
180420 192000.887|INFO|Thread-9|dumpPacket|  From: SERVER0 @ site 1 (WIN-GAG3RVQSL34 @ 10.99.3.97) (Contest Id: Default-8484179060723241424)
180420 192000.887|INFO|Thread-9|dumpPacket|    To: TEAM175 @ site 1
180420 192000.887|INFO|Thread-9|dumpPacket|   key: CLIENT_ID is: edu.csus.ecs.pc2.core.model.ClientId SERVER0 @ site 1
180420 192000.887|INFO|Thread-9|dumpPacket|   key: RUN is: edu.csus.ecs.pc2.core.model.Run Run 1 JUDGED 0 min 39000ms from TEAM175 @ site 1 id Run-6015929026075954774 problem A-2969140827895630050 lang C/C++-3138658067350477343
180420 192000.887|INFO|Thread-9|dumpPacket|   key: JUDGEMENT_RECORD is: edu.csus.ecs.pc2.core.model.JudgementRecord No by JUDGE1 @ site 1 judgement No - Compilation Error--8243867721614787535 id JudgementRecord--6594424186836311060
180420 192000.887|INFO|Thread-9|info|handlePacket start Packet[RUN_JUDGEMENT] #53 SERVER0 @ site 1 -> TEAM175 @ site 1
180420 192000.887|INFO|Thread-9|dumpPacket|Packet RUN_JUDGEMENT (Seq #53 ) handlePacket
180420 192000.887|INFO|Thread-9|dumpPacket|  From: SERVER0 @ site 1 (WIN-GAG3RVQSL34 @ 10.99.3.97) (Contest Id: Default-8484179060723241424)
180420 192000.887|INFO|Thread-9|dumpPacket|    To: TEAM175 @ site 1
180420 192000.887|INFO|Thread-9|dumpPacket|   key: CLIENT_ID is: edu.csus.ecs.pc2.core.model.ClientId SERVER0 @ site 1
180420 192000.887|INFO|Thread-9|dumpPacket|   key: RUN is: edu.csus.ecs.pc2.core.model.Run Run 1 JUDGED 0 min 39000ms from TEAM175 @ site 1 id Run-6015929026075954774 problem A-2969140827895630050 lang C/C++-3138658067350477343
180420 192000.887|INFO|Thread-9|dumpPacket|   key: JUDGEMENT_RECORD is: edu.csus.ecs.pc2.core.model.JudgementRecord No by JUDGE1 @ site 1 judgement No - Compilation Error--8243867721614787535 id JudgementRecord--6594424186836311060
180420 192002.074|INFO|Thread-9|info| receiveObject(S) end   got Packet[RUN_JUDGEMENT] #53 SERVER0 @ site 1 -> TEAM175 @ site 1
180420 192148.971|INFO|AWT-EventQueue-0|testOrSubmitRun|submitRun for A C/C++ file: E:\SET\New folder\DE BAI\2.Vongloai\A_23\A.cpp
180420 192148.972|INFO|AWT-EventQueue-0|sendToLocalServer|Sending packet to server Packet[RUN_SUBMISSION] #3 TEAM175 @ site 1 -> SERVER0 @ site 1
180420 192148.973|INFO|AWT-EventQueue-0|sendToLocalServer|Sent    packet to server Packet[RUN_SUBMISSION] #3 TEAM175 @ site 1 -> SERVER0 @ site 1
180420 192207.978|INFO|Thread-1|info|connectionDropped: shutting down TEAM175 @ site 1
180420 192223.318|CONFIG|Thread-5|setFileHandlers|Now logging to E:\PC2\Others\pc2Client\bin\logs directory.
180420 192223.318|INFO|Thread-5|info|
180420 192223.318|INFO|Thread-5|info|Version 9.5.3 20180207 (Wednesday, February 7th 2018 04:25 UTC) Java ver 1.8.0_101 build 4653 Windows 10 10.0 (amd64) 
180420 192223.318|INFO|Thread-5|info|Login: team175 (aka team175)
180420 192223.318|INFO|Thread-5|startLog|Working directory is E:\PC2\Others\pc2Client\bin
180420 192223.318|INFO|Thread-5|startLog|Process id is 15200@NguyenManhSon
180420 192223.318|INFO|Thread-5|info|Attempting to load UI class edu.csus.ecs.pc2.ui.team.TeamView
180420 192223.333|INFO|Thread-5|info|Loaded UI class edu.csus.ecs.pc2.ui.team.TeamView
180420 192223.565|INFO|Thread-5|info| handlePacket original LOGIN_SUCCESS after -- all settings loaded 
180420 192223.567|INFO|Thread-5|info|handlePacket end Packet[LOGIN_SUCCESS] #63 SERVER0 @ site 1 -> TEAM175 @ site 1
180420 192223.567|INFO|Thread-5|info| receiveObject(S) end   got Packet[LOGIN_SUCCESS] #63 SERVER0 @ site 1 -> TEAM175 @ site 1
180420 192240.303|INFO|AWT-EventQueue-0|testOrSubmitRun|submitRun for A C/C++ file: E:\SET\New folder\DE BAI\2.Vongloai\A_23\A.cpp
180420 192240.303|INFO|AWT-EventQueue-0|sendToLocalServer|Sending packet to server Packet[RUN_SUBMISSION] #2 TEAM175 @ site 1 -> SERVER0 @ site 1
180420 192240.303|INFO|AWT-EventQueue-0|sendToLocalServer|Sent    packet to server Packet[RUN_SUBMISSION] #2 TEAM175 @ site 1 -> SERVER0 @ site 1
180420 192240.385|INFO|Thread-8|info| receiveObject(S) start got Packet[RUN_SUBMISSION_CONFIRM] #65 SERVER0 @ site 1 -> TEAM175 @ site 1
180420 192240.385|INFO|Thread-8|dumpPacket|Packet RUN_SUBMISSION_CONFIRM (Seq #65 ) recieveObject
180420 192240.385|INFO|Thread-8|dumpPacket|  From: SERVER0 @ site 1 (WIN-GAG3RVQSL34 @ 10.99.3.97) (Contest Id: Default-8484179060723241424)
180420 192240.385|INFO|Thread-8|dumpPacket|    To: TEAM175 @ site 1
180420 192240.386|INFO|Thread-8|dumpPacket|   key: RUN is: edu.csus.ecs.pc2.core.model.Run Run 2 QUEUED_FOR_COMPUTER_JUDGEMENT 3 min 200026ms from TEAM175 @ site 1 id Run--6877109293374405636 problem A-2969140827895630050 lang C/C++-3138658067350477343
180420 192240.386|INFO|Thread-8|info|handlePacket start Packet[RUN_SUBMISSION_CONFIRM] #65 SERVER0 @ site 1 -> TEAM175 @ site 1
180420 192240.386|INFO|Thread-8|dumpPacket|Packet RUN_SUBMISSION_CONFIRM (Seq #65 ) handlePacket
180420 192240.386|INFO|Thread-8|dumpPacket|  From: SERVER0 @ site 1 (WIN-GAG3RVQSL34 @ 10.99.3.97) (Contest Id: Default-8484179060723241424)
180420 192240.386|INFO|Thread-8|dumpPacket|    To: TEAM175 @ site 1
180420 192240.386|INFO|Thread-8|dumpPacket|   key: RUN is: edu.csus.ecs.pc2.core.model.Run Run 2 QUEUED_FOR_COMPUTER_JUDGEMENT 3 min 200026ms from TEAM175 @ site 1 id Run--6877109293374405636 problem A-2969140827895630050 lang C/C++-3138658067350477343
180420 192243.606|INFO|Thread-9|info| receiveObject(S) start got Packet[RUN_JUDGEMENT] #69 SERVER0 @ site 1 -> TEAM175 @ site 1
180420 192243.606|INFO|Thread-9|dumpPacket|Packet RUN_JUDGEMENT (Seq #69 ) recieveObject
180420 192243.606|INFO|Thread-9|dumpPacket|  From: SERVER0 @ site 1 (WIN-GAG3RVQSL34 @ 10.99.3.97) (Contest Id: Default-8484179060723241424)
180420 192243.606|INFO|Thread-9|dumpPacket|    To: TEAM175 @ site 1
180420 192243.606|INFO|Thread-9|dumpPacket|   key: CLIENT_ID is: edu.csus.ecs.pc2.core.model.ClientId SERVER0 @ site 1
180420 192243.606|INFO|Thread-9|dumpPacket|   key: RUN is: edu.csus.ecs.pc2.core.model.Run Run 2 JUDGED 3 min 200026ms from TEAM175 @ site 1 id Run--6877109293374405636 problem A-2969140827895630050 lang C/C++-3138658067350477343
180420 192243.606|INFO|Thread-9|dumpPacket|   key: JUDGEMENT_RECORD is: edu.csus.ecs.pc2.core.model.JudgementRecord Yes by JUDGE1 @ site 1 judgement Yes-1190170992540154508 id JudgementRecord--3430815432106971177
180420 192243.606|INFO|Thread-9|info|handlePacket start Packet[RUN_JUDGEMENT] #69 SERVER0 @ site 1 -> TEAM175 @ site 1
180420 192243.606|INFO|Thread-9|dumpPacket|Packet RUN_JUDGEMENT (Seq #69 ) handlePacket
180420 192243.606|INFO|Thread-9|dumpPacket|  From: SERVER0 @ site 1 (WIN-GAG3RVQSL34 @ 10.99.3.97) (Contest Id: Default-8484179060723241424)
180420 192243.621|INFO|Thread-9|dumpPacket|    To: TEAM175 @ site 1
180420 192243.621|INFO|Thread-9|dumpPacket|   key: CLIENT_ID is: edu.csus.ecs.pc2.core.model.ClientId SERVER0 @ site 1
180420 192243.621|INFO|Thread-9|dumpPacket|   key: RUN is: edu.csus.ecs.pc2.core.model.Run Run 2 JUDGED 3 min 200026ms from TEAM175 @ site 1 id Run--6877109293374405636 problem A-2969140827895630050 lang C/C++-3138658067350477343
180420 192243.621|INFO|Thread-9|dumpPacket|   key: JUDGEMENT_RECORD is: edu.csus.ecs.pc2.core.model.JudgementRecord Yes by JUDGE1 @ site 1 judgement Yes-1190170992540154508 id JudgementRecord--3430815432106971177
180420 192244.779|INFO|Thread-9|info| receiveObject(S) end   got Packet[RUN_JUDGEMENT] #69 SERVER0 @ site 1 -> TEAM175 @ site 1
180420 192245.251|INFO|Thread-8|info| receiveObject(S) end   got Packet[RUN_SUBMISSION_CONFIRM] #65 SERVER0 @ site 1 -> TEAM175 @ site 1
180420 192253.004|INFO|AWT-EventQueue-0|testOrSubmitRun|submitRun for B C/C++ file: E:\SET\New folder\DE BAI\2.Vongloai\B_15\B.cpp
180420 192253.004|INFO|AWT-EventQueue-0|sendToLocalServer|Sending packet to server Packet[RUN_SUBMISSION] #3 TEAM175 @ site 1 -> SERVER0 @ site 1
180420 192253.004|INFO|AWT-EventQueue-0|sendToLocalServer|Sent    packet to server Packet[RUN_SUBMISSION] #3 TEAM175 @ site 1 -> SERVER0 @ site 1
180420 192253.084|INFO|Thread-11|info| receiveObject(S) start got Packet[RUN_SUBMISSION_CONFIRM] #71 SERVER0 @ site 1 -> TEAM175 @ site 1
180420 192253.085|INFO|Thread-11|dumpPacket|Packet RUN_SUBMISSION_CONFIRM (Seq #71 ) recieveObject
180420 192253.085|INFO|Thread-11|dumpPacket|  From: SERVER0 @ site 1 (WIN-GAG3RVQSL34 @ 10.99.3.97) (Contest Id: Default-8484179060723241424)
180420 192253.085|INFO|Thread-11|dumpPacket|    To: TEAM175 @ site 1
180420 192253.085|INFO|Thread-11|dumpPacket|   key: RUN is: edu.csus.ecs.pc2.core.model.Run Run 3 QUEUED_FOR_COMPUTER_JUDGEMENT 3 min 212723ms from TEAM175 @ site 1 id Run-8235411980652251684 problem B-6763660918321945127 lang C/C++-3138658067350477343
180420 192253.085|INFO|Thread-11|info|handlePacket start Packet[RUN_SUBMISSION_CONFIRM] #71 SERVER0 @ site 1 -> TEAM175 @ site 1
180420 192253.086|INFO|Thread-11|dumpPacket|Packet RUN_SUBMISSION_CONFIRM (Seq #71 ) handlePacket
180420 192253.086|INFO|Thread-11|dumpPacket|  From: SERVER0 @ site 1 (WIN-GAG3RVQSL34 @ 10.99.3.97) (Contest Id: Default-8484179060723241424)
180420 192253.087|INFO|Thread-11|dumpPacket|    To: TEAM175 @ site 1
180420 192253.087|INFO|Thread-11|dumpPacket|   key: RUN is: edu.csus.ecs.pc2.core.model.Run Run 3 QUEUED_FOR_COMPUTER_JUDGEMENT 3 min 212723ms from TEAM175 @ site 1 id Run-8235411980652251684 problem B-6763660918321945127 lang C/C++-3138658067350477343
180420 192255.181|INFO|Thread-12|info| receiveObject(S) start got Packet[RUN_JUDGEMENT] #75 SERVER0 @ site 1 -> TEAM175 @ site 1
180420 192255.181|INFO|Thread-12|dumpPacket|Packet RUN_JUDGEMENT (Seq #75 ) recieveObject
180420 192255.181|INFO|Thread-12|dumpPacket|  From: SERVER0 @ site 1 (WIN-GAG3RVQSL34 @ 10.99.3.97) (Contest Id: Default-8484179060723241424)
180420 192255.182|INFO|Thread-12|dumpPacket|    To: TEAM175 @ site 1
180420 192255.182|INFO|Thread-12|dumpPacket|   key: CLIENT_ID is: edu.csus.ecs.pc2.core.model.ClientId SERVER0 @ site 1
180420 192255.182|INFO|Thread-12|dumpPacket|   key: RUN is: edu.csus.ecs.pc2.core.model.Run Run 3 JUDGED 3 min 212723ms from TEAM175 @ site 1 id Run-8235411980652251684 problem B-6763660918321945127 lang C/C++-3138658067350477343
180420 192255.182|INFO|Thread-12|dumpPacket|   key: JUDGEMENT_RECORD is: edu.csus.ecs.pc2.core.model.JudgementRecord No by JUDGE1 @ site 1 judgement No - Compilation Error--8243867721614787535 id JudgementRecord-6294510478977602955
180420 192255.183|INFO|Thread-12|info|handlePacket start Packet[RUN_JUDGEMENT] #75 SERVER0 @ site 1 -> TEAM175 @ site 1
180420 192255.183|INFO|Thread-12|dumpPacket|Packet RUN_JUDGEMENT (Seq #75 ) handlePacket
180420 192255.183|INFO|Thread-12|dumpPacket|  From: SERVER0 @ site 1 (WIN-GAG3RVQSL34 @ 10.99.3.97) (Contest Id: Default-8484179060723241424)
180420 192255.183|INFO|Thread-12|dumpPacket|    To: TEAM175 @ site 1
180420 192255.183|INFO|Thread-12|dumpPacket|   key: CLIENT_ID is: edu.csus.ecs.pc2.core.model.ClientId SERVER0 @ site 1
180420 192255.184|INFO|Thread-12|dumpPacket|   key: RUN is: edu.csus.ecs.pc2.core.model.Run Run 3 JUDGED 3 min 212723ms from TEAM175 @ site 1 id Run-8235411980652251684 problem B-6763660918321945127 lang C/C++-3138658067350477343
180420 192255.184|INFO|Thread-12|dumpPacket|   key: JUDGEMENT_RECORD is: edu.csus.ecs.pc2.core.model.JudgementRecord No by JUDGE1 @ site 1 judgement No - Compilation Error--8243867721614787535 id JudgementRecord-6294510478977602955
180420 192256.427|INFO|Thread-12|info| receiveObject(S) end   got Packet[RUN_JUDGEMENT] #75 SERVER0 @ site 1 -> TEAM175 @ site 1
180420 192256.907|INFO|Thread-11|info| receiveObject(S) end   got Packet[RUN_SUBMISSION_CONFIRM] #71 SERVER0 @ site 1 -> TEAM175 @ site 1
180420 193751.103|CONFIG|Thread-5|setFileHandlers|Now logging to E:\PC2\Others\pc2Client\bin\logs directory.
180420 193751.103|INFO|Thread-5|info|
180420 193751.103|INFO|Thread-5|info|Version 9.5.3 20180207 (Wednesday, February 7th 2018 04:25 UTC) Java ver 1.8.0_101 build 4653 Windows 10 10.0 (amd64) 
180420 193751.103|INFO|Thread-5|info|Login: team175 (aka team175)
180420 193751.103|INFO|Thread-5|startLog|Working directory is E:\PC2\Others\pc2Client\bin
180420 193751.103|INFO|Thread-5|startLog|Process id is 16340@NguyenManhSon
180420 193751.103|INFO|Thread-5|info|Attempting to load UI class edu.csus.ecs.pc2.ui.team.TeamView
180420 193751.118|INFO|Thread-5|info|Loaded UI class edu.csus.ecs.pc2.ui.team.TeamView
180420 193751.366|INFO|Thread-5|info| handlePacket original LOGIN_SUCCESS after -- all settings loaded 
180420 193751.368|INFO|Thread-5|info|handlePacket end Packet[LOGIN_SUCCESS] #9 SERVER0 @ site 1 -> TEAM175 @ site 1
180420 193751.368|INFO|Thread-5|info| receiveObject(S) end   got Packet[LOGIN_SUCCESS] #9 SERVER0 @ site 1 -> TEAM175 @ site 1
180420 193810.304|INFO|AWT-EventQueue-0|testOrSubmitRun|submitRun for B C/C++ file: E:\SET\New folder\DE BAI\2.Vongloai\B_15\B.cpp
180420 193810.304|INFO|AWT-EventQueue-0|sendToLocalServer|Sending packet to server Packet[RUN_SUBMISSION] #2 TEAM175 @ site 1 -> SERVER0 @ site 1
180420 193810.304|INFO|AWT-EventQueue-0|sendToLocalServer|Sent    packet to server Packet[RUN_SUBMISSION] #2 TEAM175 @ site 1 -> SERVER0 @ site 1
180420 193810.387|INFO|Thread-8|info| receiveObject(S) start got Packet[RUN_SUBMISSION_CONFIRM] #11 SERVER0 @ site 1 -> TEAM175 @ site 1
180420 193810.387|INFO|Thread-8|dumpPacket|Packet RUN_SUBMISSION_CONFIRM (Seq #11 ) recieveObject
180420 193810.387|INFO|Thread-8|dumpPacket|  From: SERVER0 @ site 1 (WIN-GAG3RVQSL34 @ 10.99.3.97) (Contest Id: Default-8484179060723241424)
180420 193810.387|INFO|Thread-8|dumpPacket|    To: TEAM175 @ site 1
180420 193810.387|INFO|Thread-8|dumpPacket|   key: RUN is: edu.csus.ecs.pc2.core.model.Run Run 4 QUEUED_FOR_COMPUTER_JUDGEMENT 4 min 292973ms from TEAM175 @ site 1 id Run--7708525274638104771 problem B-6763660918321945127 lang C/C++-3138658067350477343
180420 193810.387|INFO|Thread-8|info|handlePacket start Packet[RUN_SUBMISSION_CONFIRM] #11 SERVER0 @ site 1 -> TEAM175 @ site 1
180420 193810.387|INFO|Thread-8|dumpPacket|Packet RUN_SUBMISSION_CONFIRM (Seq #11 ) handlePacket
180420 193810.387|INFO|Thread-8|dumpPacket|  From: SERVER0 @ site 1 (WIN-GAG3RVQSL34 @ 10.99.3.97) (Contest Id: Default-8484179060723241424)
180420 193810.387|INFO|Thread-8|dumpPacket|    To: TEAM175 @ site 1
180420 193810.387|INFO|Thread-8|dumpPacket|   key: RUN is: edu.csus.ecs.pc2.core.model.Run Run 4 QUEUED_FOR_COMPUTER_JUDGEMENT 4 min 292973ms from TEAM175 @ site 1 id Run--7708525274638104771 problem B-6763660918321945127 lang C/C++-3138658067350477343
180420 193813.964|INFO|Thread-9|info| receiveObject(S) start got Packet[RUN_JUDGEMENT] #15 SERVER0 @ site 1 -> TEAM175 @ site 1
180420 193813.965|INFO|Thread-9|dumpPacket|Packet RUN_JUDGEMENT (Seq #15 ) recieveObject
180420 193813.966|INFO|Thread-9|dumpPacket|  From: SERVER0 @ site 1 (WIN-GAG3RVQSL34 @ 10.99.3.97) (Contest Id: Default-8484179060723241424)
180420 193813.966|INFO|Thread-9|dumpPacket|    To: TEAM175 @ site 1
180420 193813.967|INFO|Thread-9|dumpPacket|   key: CLIENT_ID is: edu.csus.ecs.pc2.core.model.ClientId SERVER0 @ site 1
180420 193813.967|INFO|Thread-9|dumpPacket|   key: RUN is: edu.csus.ecs.pc2.core.model.Run Run 4 JUDGED 4 min 292973ms from TEAM175 @ site 1 id Run--7708525274638104771 problem B-6763660918321945127 lang C/C++-3138658067350477343
180420 193813.967|INFO|Thread-9|dumpPacket|   key: JUDGEMENT_RECORD is: edu.csus.ecs.pc2.core.model.JudgementRecord No by JUDGE1 @ site 1 judgement No - Wrong Answer--6567485223393711518 id JudgementRecord--6609140834483575723
180420 193813.967|INFO|Thread-9|info|handlePacket start Packet[RUN_JUDGEMENT] #15 SERVER0 @ site 1 -> TEAM175 @ site 1
180420 193813.968|INFO|Thread-9|dumpPacket|Packet RUN_JUDGEMENT (Seq #15 ) handlePacket
180420 193813.968|INFO|Thread-9|dumpPacket|  From: SERVER0 @ site 1 (WIN-GAG3RVQSL34 @ 10.99.3.97) (Contest Id: Default-8484179060723241424)
180420 193813.969|INFO|Thread-9|dumpPacket|    To: TEAM175 @ site 1
180420 193813.969|INFO|Thread-9|dumpPacket|   key: CLIENT_ID is: edu.csus.ecs.pc2.core.model.ClientId SERVER0 @ site 1
180420 193813.969|INFO|Thread-9|dumpPacket|   key: RUN is: edu.csus.ecs.pc2.core.model.Run Run 4 JUDGED 4 min 292973ms from TEAM175 @ site 1 id Run--7708525274638104771 problem B-6763660918321945127 lang C/C++-3138658067350477343
180420 193813.969|INFO|Thread-9|dumpPacket|   key: JUDGEMENT_RECORD is: edu.csus.ecs.pc2.core.model.JudgementRecord No by JUDGE1 @ site 1 judgement No - Wrong Answer--6567485223393711518 id JudgementRecord--6609140834483575723
180420 193815.274|INFO|Thread-9|info| receiveObject(S) end   got Packet[RUN_JUDGEMENT] #15 SERVER0 @ site 1 -> TEAM175 @ site 1
180420 193815.914|INFO|Thread-8|info| receiveObject(S) end   got Packet[RUN_SUBMISSION_CONFIRM] #11 SERVER0 @ site 1 -> TEAM175 @ site 1
180420 193915.117|INFO|AWT-EventQueue-0|testOrSubmitRun|submitRun for B C/C++ file: E:\SET\New folder\DE BAI\2.Vongloai\B_15\B.cpp
180420 193915.117|INFO|AWT-EventQueue-0|sendToLocalServer|Sending packet to server Packet[RUN_SUBMISSION] #3 TEAM175 @ site 1 -> SERVER0 @ site 1
180420 193915.117|INFO|AWT-EventQueue-0|sendToLocalServer|Sent    packet to server Packet[RUN_SUBMISSION] #3 TEAM175 @ site 1 -> SERVER0 @ site 1
180420 193915.217|INFO|Thread-11|info| receiveObject(S) start got Packet[RUN_SUBMISSION_CONFIRM] #22 SERVER0 @ site 1 -> TEAM175 @ site 1
180420 193915.217|INFO|Thread-11|dumpPacket|Packet RUN_SUBMISSION_CONFIRM (Seq #22 ) recieveObject
180420 193915.217|INFO|Thread-11|dumpPacket|  From: SERVER0 @ site 1 (WIN-GAG3RVQSL34 @ 10.99.3.97) (Contest Id: Default-8484179060723241424)
180420 193915.217|INFO|Thread-11|dumpPacket|    To: TEAM175 @ site 1
180420 193915.217|INFO|Thread-11|dumpPacket|   key: RUN is: edu.csus.ecs.pc2.core.model.Run Run 5 QUEUED_FOR_COMPUTER_JUDGEMENT 5 min 357799ms from TEAM175 @ site 1 id Run-8928103429017044664 problem B-6763660918321945127 lang C/C++-3138658067350477343
180420 193915.218|INFO|Thread-11|info|handlePacket start Packet[RUN_SUBMISSION_CONFIRM] #22 SERVER0 @ site 1 -> TEAM175 @ site 1
180420 193915.218|INFO|Thread-11|dumpPacket|Packet RUN_SUBMISSION_CONFIRM (Seq #22 ) handlePacket
180420 193915.218|INFO|Thread-11|dumpPacket|  From: SERVER0 @ site 1 (WIN-GAG3RVQSL34 @ 10.99.3.97) (Contest Id: Default-8484179060723241424)
180420 193915.218|INFO|Thread-11|dumpPacket|    To: TEAM175 @ site 1
180420 193915.218|INFO|Thread-11|dumpPacket|   key: RUN is: edu.csus.ecs.pc2.core.model.Run Run 5 QUEUED_FOR_COMPUTER_JUDGEMENT 5 min 357799ms from TEAM175 @ site 1 id Run-8928103429017044664 problem B-6763660918321945127 lang C/C++-3138658067350477343
180420 193918.601|INFO|Thread-12|info| receiveObject(S) start got Packet[RUN_JUDGEMENT] #26 SERVER0 @ site 1 -> TEAM175 @ site 1
180420 193918.601|INFO|Thread-12|dumpPacket|Packet RUN_JUDGEMENT (Seq #26 ) recieveObject
180420 193918.601|INFO|Thread-12|dumpPacket|  From: SERVER0 @ site 1 (WIN-GAG3RVQSL34 @ 10.99.3.97) (Contest Id: Default-8484179060723241424)
180420 193918.601|INFO|Thread-12|dumpPacket|    To: TEAM175 @ site 1
180420 193918.601|INFO|Thread-12|dumpPacket|   key: CLIENT_ID is: edu.csus.ecs.pc2.core.model.ClientId SERVER0 @ site 1
180420 193918.601|INFO|Thread-12|dumpPacket|   key: RUN is: edu.csus.ecs.pc2.core.model.Run Run 5 JUDGED 5 min 357799ms from TEAM175 @ site 1 id Run-8928103429017044664 problem B-6763660918321945127 lang C/C++-3138658067350477343
180420 193918.601|INFO|Thread-12|dumpPacket|   key: JUDGEMENT_RECORD is: edu.csus.ecs.pc2.core.model.JudgementRecord Yes by JUDGE1 @ site 1 judgement Yes-1190170992540154508 id JudgementRecord--4498436776158594738
180420 193918.601|INFO|Thread-12|info|handlePacket start Packet[RUN_JUDGEMENT] #26 SERVER0 @ site 1 -> TEAM175 @ site 1
180420 193918.601|INFO|Thread-12|dumpPacket|Packet RUN_JUDGEMENT (Seq #26 ) handlePacket
180420 193918.601|INFO|Thread-12|dumpPacket|  From: SERVER0 @ site 1 (WIN-GAG3RVQSL34 @ 10.99.3.97) (Contest Id: Default-8484179060723241424)
180420 193918.601|INFO|Thread-12|dumpPacket|    To: TEAM175 @ site 1
180420 193918.601|INFO|Thread-12|dumpPacket|   key: CLIENT_ID is: edu.csus.ecs.pc2.core.model.ClientId SERVER0 @ site 1
180420 193918.601|INFO|Thread-12|dumpPacket|   key: RUN is: edu.csus.ecs.pc2.core.model.Run Run 5 JUDGED 5 min 357799ms from TEAM175 @ site 1 id Run-8928103429017044664 problem B-6763660918321945127 lang C/C++-3138658067350477343
180420 193918.601|INFO|Thread-12|dumpPacket|   key: JUDGEMENT_RECORD is: edu.csus.ecs.pc2.core.model.JudgementRecord Yes by JUDGE1 @ site 1 judgement Yes-1190170992540154508 id JudgementRecord--4498436776158594738
180420 193919.727|INFO|Thread-12|info| receiveObject(S) end   got Packet[RUN_JUDGEMENT] #26 SERVER0 @ site 1 -> TEAM175 @ site 1
180420 193920.201|INFO|Thread-11|info| receiveObject(S) end   got Packet[RUN_SUBMISSION_CONFIRM] #22 SERVER0 @ site 1 -> TEAM175 @ site 1
180420 193929.466|INFO|AWT-EventQueue-0|testOrSubmitRun|submitRun for C C/C++ file: E:\SET\New folder\DE BAI\2.Vongloai\C_24\C.cpp
180420 193929.468|INFO|AWT-EventQueue-0|sendToLocalServer|Sending packet to server Packet[RUN_SUBMISSION] #4 TEAM175 @ site 1 -> SERVER0 @ site 1
180420 193929.468|INFO|AWT-EventQueue-0|sendToLocalServer|Sent    packet to server Packet[RUN_SUBMISSION] #4 TEAM175 @ site 1 -> SERVER0 @ site 1
180420 193929.555|INFO|Thread-14|info| receiveObject(S) start got Packet[RUN_SUBMISSION_CONFIRM] #28 SERVER0 @ site 1 -> TEAM175 @ site 1
180420 193929.555|INFO|Thread-14|dumpPacket|Packet RUN_SUBMISSION_CONFIRM (Seq #28 ) recieveObject
180420 193929.556|INFO|Thread-14|dumpPacket|  From: SERVER0 @ site 1 (WIN-GAG3RVQSL34 @ 10.99.3.97) (Contest Id: Default-8484179060723241424)
180420 193929.556|INFO|Thread-14|dumpPacket|    To: TEAM175 @ site 1
180420 193929.557|INFO|Thread-14|dumpPacket|   key: RUN is: edu.csus.ecs.pc2.core.model.Run Run 6 QUEUED_FOR_COMPUTER_JUDGEMENT 6 min 372128ms from TEAM175 @ site 1 id Run-4371609080948913171 problem C--3575046563418958619 lang C/C++-3138658067350477343
180420 193929.558|INFO|Thread-14|info|handlePacket start Packet[RUN_SUBMISSION_CONFIRM] #28 SERVER0 @ site 1 -> TEAM175 @ site 1
180420 193929.559|INFO|Thread-14|dumpPacket|Packet RUN_SUBMISSION_CONFIRM (Seq #28 ) handlePacket
180420 193929.559|INFO|Thread-14|dumpPacket|  From: SERVER0 @ site 1 (WIN-GAG3RVQSL34 @ 10.99.3.97) (Contest Id: Default-8484179060723241424)
180420 193929.560|INFO|Thread-14|dumpPacket|    To: TEAM175 @ site 1
180420 193929.560|INFO|Thread-14|dumpPacket|   key: RUN is: edu.csus.ecs.pc2.core.model.Run Run 6 QUEUED_FOR_COMPUTER_JUDGEMENT 6 min 372128ms from TEAM175 @ site 1 id Run-4371609080948913171 problem C--3575046563418958619 lang C/C++-3138658067350477343
180420 193931.073|INFO|Thread-14|info| receiveObject(S) end   got Packet[RUN_SUBMISSION_CONFIRM] #28 SERVER0 @ site 1 -> TEAM175 @ site 1
180420 193934.209|INFO|Thread-15|info| receiveObject(S) start got Packet[RUN_JUDGEMENT] #32 SERVER0 @ site 1 -> TEAM175 @ site 1
180420 193934.209|INFO|Thread-15|dumpPacket|Packet RUN_JUDGEMENT (Seq #32 ) recieveObject
180420 193934.209|INFO|Thread-15|dumpPacket|  From: SERVER0 @ site 1 (WIN-GAG3RVQSL34 @ 10.99.3.97) (Contest Id: Default-8484179060723241424)
180420 193934.209|INFO|Thread-15|dumpPacket|    To: TEAM175 @ site 1
180420 193934.209|INFO|Thread-15|dumpPacket|   key: CLIENT_ID is: edu.csus.ecs.pc2.core.model.ClientId SERVER0 @ site 1
180420 193934.209|INFO|Thread-15|dumpPacket|   key: RUN is: edu.csus.ecs.pc2.core.model.Run Run 6 JUDGED 6 min 372128ms from TEAM175 @ site 1 id Run-4371609080948913171 problem C--3575046563418958619 lang C/C++-3138658067350477343
180420 193934.209|INFO|Thread-15|dumpPacket|   key: JUDGEMENT_RECORD is: edu.csus.ecs.pc2.core.model.JudgementRecord Yes by JUDGE1 @ site 1 judgement Yes-1190170992540154508 id JudgementRecord--5067520762314638180
180420 193934.209|INFO|Thread-15|info|handlePacket start Packet[RUN_JUDGEMENT] #32 SERVER0 @ site 1 -> TEAM175 @ site 1
180420 193934.209|INFO|Thread-15|dumpPacket|Packet RUN_JUDGEMENT (Seq #32 ) handlePacket
180420 193934.209|INFO|Thread-15|dumpPacket|  From: SERVER0 @ site 1 (WIN-GAG3RVQSL34 @ 10.99.3.97) (Contest Id: Default-8484179060723241424)
180420 193934.209|INFO|Thread-15|dumpPacket|    To: TEAM175 @ site 1
180420 193934.209|INFO|Thread-15|dumpPacket|   key: CLIENT_ID is: edu.csus.ecs.pc2.core.model.ClientId SERVER0 @ site 1
180420 193934.209|INFO|Thread-15|dumpPacket|   key: RUN is: edu.csus.ecs.pc2.core.model.Run Run 6 JUDGED 6 min 372128ms from TEAM175 @ site 1 id Run-4371609080948913171 problem C--3575046563418958619 lang C/C++-3138658067350477343
180420 193934.209|INFO|Thread-15|dumpPacket|   key: JUDGEMENT_RECORD is: edu.csus.ecs.pc2.core.model.JudgementRecord Yes by JUDGE1 @ site 1 judgement Yes-1190170992540154508 id JudgementRecord--5067520762314638180
180420 193935.283|INFO|Thread-15|info| receiveObject(S) end   got Packet[RUN_JUDGEMENT] #32 SERVER0 @ site 1 -> TEAM175 @ site 1
180420 193944.734|INFO|AWT-EventQueue-0|testOrSubmitRun|submitRun for D C/C++ file: E:\SET\New folder\DE BAI\2.Vongloai\D_26\D.cpp
180420 193944.734|INFO|AWT-EventQueue-0|sendToLocalServer|Sending packet to server Packet[RUN_SUBMISSION] #5 TEAM175 @ site 1 -> SERVER0 @ site 1
180420 193944.734|INFO|AWT-EventQueue-0|sendToLocalServer|Sent    packet to server Packet[RUN_SUBMISSION] #5 TEAM175 @ site 1 -> SERVER0 @ site 1
180420 193944.834|INFO|Thread-17|info| receiveObject(S) start got Packet[RUN_SUBMISSION_CONFIRM] #34 SERVER0 @ site 1 -> TEAM175 @ site 1
180420 193944.834|INFO|Thread-17|dumpPacket|Packet RUN_SUBMISSION_CONFIRM (Seq #34 ) recieveObject
180420 193944.834|INFO|Thread-17|dumpPacket|  From: SERVER0 @ site 1 (WIN-GAG3RVQSL34 @ 10.99.3.97) (Contest Id: Default-8484179060723241424)
180420 193944.834|INFO|Thread-17|dumpPacket|    To: TEAM175 @ site 1
180420 193944.834|INFO|Thread-17|dumpPacket|   key: RUN is: edu.csus.ecs.pc2.core.model.Run Run 7 QUEUED_FOR_COMPUTER_JUDGEMENT 6 min 387399ms from TEAM175 @ site 1 id Run--1544797552506583854 problem D-4596015797972523257 lang C/C++-3138658067350477343
180420 193944.834|INFO|Thread-17|info|handlePacket start Packet[RUN_SUBMISSION_CONFIRM] #34 SERVER0 @ site 1 -> TEAM175 @ site 1
180420 193944.834|INFO|Thread-17|dumpPacket|Packet RUN_SUBMISSION_CONFIRM (Seq #34 ) handlePacket
180420 193944.834|INFO|Thread-17|dumpPacket|  From: SERVER0 @ site 1 (WIN-GAG3RVQSL34 @ 10.99.3.97) (Contest Id: Default-8484179060723241424)
180420 193944.834|INFO|Thread-17|dumpPacket|    To: TEAM175 @ site 1
180420 193944.834|INFO|Thread-17|dumpPacket|   key: RUN is: edu.csus.ecs.pc2.core.model.Run Run 7 QUEUED_FOR_COMPUTER_JUDGEMENT 6 min 387399ms from TEAM175 @ site 1 id Run--1544797552506583854 problem D-4596015797972523257 lang C/C++-3138658067350477343
180420 193946.404|INFO|Thread-17|info| receiveObject(S) end   got Packet[RUN_SUBMISSION_CONFIRM] #34 SERVER0 @ site 1 -> TEAM175 @ site 1
180420 193949.901|INFO|Thread-18|info| receiveObject(S) start got Packet[RUN_JUDGEMENT] #38 SERVER0 @ site 1 -> TEAM175 @ site 1
180420 193949.901|INFO|Thread-18|dumpPacket|Packet RUN_JUDGEMENT (Seq #38 ) recieveObject
180420 193949.901|INFO|Thread-18|dumpPacket|  From: SERVER0 @ site 1 (WIN-GAG3RVQSL34 @ 10.99.3.97) (Contest Id: Default-8484179060723241424)
180420 193949.902|INFO|Thread-18|dumpPacket|    To: TEAM175 @ site 1
180420 193949.903|INFO|Thread-18|dumpPacket|   key: CLIENT_ID is: edu.csus.ecs.pc2.core.model.ClientId SERVER0 @ site 1
180420 193949.903|INFO|Thread-18|dumpPacket|   key: RUN is: edu.csus.ecs.pc2.core.model.Run Run 7 JUDGED 6 min 387399ms from TEAM175 @ site 1 id Run--1544797552506583854 problem D-4596015797972523257 lang C/C++-3138658067350477343
180420 193949.905|INFO|Thread-18|dumpPacket|   key: JUDGEMENT_RECORD is: edu.csus.ecs.pc2.core.model.JudgementRecord Yes by JUDGE1 @ site 1 judgement Yes-1190170992540154508 id JudgementRecord--6779714341887513282
180420 193949.905|INFO|Thread-18|info|handlePacket start Packet[RUN_JUDGEMENT] #38 SERVER0 @ site 1 -> TEAM175 @ site 1
180420 193949.905|INFO|Thread-18|dumpPacket|Packet RUN_JUDGEMENT (Seq #38 ) handlePacket
180420 193949.905|INFO|Thread-18|dumpPacket|  From: SERVER0 @ site 1 (WIN-GAG3RVQSL34 @ 10.99.3.97) (Contest Id: Default-8484179060723241424)
180420 193949.905|INFO|Thread-18|dumpPacket|    To: TEAM175 @ site 1
180420 193949.906|INFO|Thread-18|dumpPacket|   key: CLIENT_ID is: edu.csus.ecs.pc2.core.model.ClientId SERVER0 @ site 1
180420 193949.906|INFO|Thread-18|dumpPacket|   key: RUN is: edu.csus.ecs.pc2.core.model.Run Run 7 JUDGED 6 min 387399ms from TEAM175 @ site 1 id Run--1544797552506583854 problem D-4596015797972523257 lang C/C++-3138658067350477343
180420 193949.906|INFO|Thread-18|dumpPacket|   key: JUDGEMENT_RECORD is: edu.csus.ecs.pc2.core.model.JudgementRecord Yes by JUDGE1 @ site 1 judgement Yes-1190170992540154508 id JudgementRecord--6779714341887513282
180420 193951.319|INFO|Thread-18|info| receiveObject(S) end   got Packet[RUN_JUDGEMENT] #38 SERVER0 @ site 1 -> TEAM175 @ site 1
180420 193958.769|INFO|AWT-EventQueue-0|testOrSubmitRun|submitRun for D C/C++ file: E:\SET\New folder\DE BAI\2.Vongloai\E_36\E.cpp
180420 193958.770|INFO|AWT-EventQueue-0|sendToLocalServer|Sending packet to server Packet[RUN_SUBMISSION] #6 TEAM175 @ site 1 -> SERVER0 @ site 1
180420 193958.770|INFO|AWT-EventQueue-0|sendToLocalServer|Sent    packet to server Packet[RUN_SUBMISSION] #6 TEAM175 @ site 1 -> SERVER0 @ site 1
180420 193958.842|INFO|Thread-20|info| receiveObject(S) start got Packet[RUN_SUBMISSION_CONFIRM] #40 SERVER0 @ site 1 -> TEAM175 @ site 1
180420 193958.842|INFO|Thread-20|dumpPacket|Packet RUN_SUBMISSION_CONFIRM (Seq #40 ) recieveObject
180420 193958.842|INFO|Thread-20|dumpPacket|  From: SERVER0 @ site 1 (WIN-GAG3RVQSL34 @ 10.99.3.97) (Contest Id: Default-8484179060723241424)
180420 193958.842|INFO|Thread-20|dumpPacket|    To: TEAM175 @ site 1
180420 193958.842|INFO|Thread-20|dumpPacket|   key: RUN is: edu.csus.ecs.pc2.core.model.Run Run 8 QUEUED_FOR_COMPUTER_JUDGEMENT 6 min 401423ms from TEAM175 @ site 1 id Run-1891825473303670714 problem D-4596015797972523257 lang C/C++-3138658067350477343
180420 193958.842|INFO|Thread-20|info|handlePacket start Packet[RUN_SUBMISSION_CONFIRM] #40 SERVER0 @ site 1 -> TEAM175 @ site 1
180420 193958.842|INFO|Thread-20|dumpPacket|Packet RUN_SUBMISSION_CONFIRM (Seq #40 ) handlePacket
180420 193958.842|INFO|Thread-20|dumpPacket|  From: SERVER0 @ site 1 (WIN-GAG3RVQSL34 @ 10.99.3.97) (Contest Id: Default-8484179060723241424)
180420 193958.842|INFO|Thread-20|dumpPacket|    To: TEAM175 @ site 1
180420 193958.842|INFO|Thread-20|dumpPacket|   key: RUN is: edu.csus.ecs.pc2.core.model.Run Run 8 QUEUED_FOR_COMPUTER_JUDGEMENT 6 min 401423ms from TEAM175 @ site 1 id Run-1891825473303670714 problem D-4596015797972523257 lang C/C++-3138658067350477343
180420 194001.034|INFO|Thread-20|info| receiveObject(S) end   got Packet[RUN_SUBMISSION_CONFIRM] #40 SERVER0 @ site 1 -> TEAM175 @ site 1
180420 194005.386|INFO|AWT-EventQueue-0|testOrSubmitRun|submitRun for E C/C++ file: E:\SET\New folder\DE BAI\2.Vongloai\E_36\E.cpp
180420 194005.388|INFO|AWT-EventQueue-0|sendToLocalServer|Sending packet to server Packet[RUN_SUBMISSION] #7 TEAM175 @ site 1 -> SERVER0 @ site 1
180420 194005.388|INFO|AWT-EventQueue-0|sendToLocalServer|Sent    packet to server Packet[RUN_SUBMISSION] #7 TEAM175 @ site 1 -> SERVER0 @ site 1
180420 194005.534|INFO|Thread-22|info| receiveObject(S) start got Packet[RUN_SUBMISSION_CONFIRM] #44 SERVER0 @ site 1 -> TEAM175 @ site 1
180420 194005.534|INFO|Thread-22|dumpPacket|Packet RUN_SUBMISSION_CONFIRM (Seq #44 ) recieveObject
180420 194005.534|INFO|Thread-22|dumpPacket|  From: SERVER0 @ site 1 (WIN-GAG3RVQSL34 @ 10.99.3.97) (Contest Id: Default-8484179060723241424)
180420 194005.534|INFO|Thread-22|dumpPacket|    To: TEAM175 @ site 1
180420 194005.534|INFO|Thread-22|dumpPacket|   key: RUN is: edu.csus.ecs.pc2.core.model.Run Run 9 QUEUED_FOR_COMPUTER_JUDGEMENT 6 min 408042ms from TEAM175 @ site 1 id Run-7708569677831804312 problem E-614062919454816127 lang C/C++-3138658067350477343
180420 194005.534|INFO|Thread-22|info|handlePacket start Packet[RUN_SUBMISSION_CONFIRM] #44 SERVER0 @ site 1 -> TEAM175 @ site 1
180420 194005.534|INFO|Thread-22|dumpPacket|Packet RUN_SUBMISSION_CONFIRM (Seq #44 ) handlePacket
180420 194005.534|INFO|Thread-22|dumpPacket|  From: SERVER0 @ site 1 (WIN-GAG3RVQSL34 @ 10.99.3.97) (Contest Id: Default-8484179060723241424)
180420 194005.534|INFO|Thread-22|dumpPacket|    To: TEAM175 @ site 1
180420 194005.534|INFO|Thread-22|dumpPacket|   key: RUN is: edu.csus.ecs.pc2.core.model.Run Run 9 QUEUED_FOR_COMPUTER_JUDGEMENT 6 min 408042ms from TEAM175 @ site 1 id Run-7708569677831804312 problem E-614062919454816127 lang C/C++-3138658067350477343
180420 194006.087|INFO|Thread-23|info| receiveObject(S) start got Packet[RUN_JUDGEMENT] #46 SERVER0 @ site 1 -> TEAM175 @ site 1
180420 194006.087|INFO|Thread-23|dumpPacket|Packet RUN_JUDGEMENT (Seq #46 ) recieveObject
180420 194006.087|INFO|Thread-23|dumpPacket|  From: SERVER0 @ site 1 (WIN-GAG3RVQSL34 @ 10.99.3.97) (Contest Id: Default-8484179060723241424)
180420 194006.087|INFO|Thread-23|dumpPacket|    To: TEAM175 @ site 1
180420 194006.087|INFO|Thread-23|dumpPacket|   key: CLIENT_ID is: edu.csus.ecs.pc2.core.model.ClientId SERVER0 @ site 1
180420 194006.087|INFO|Thread-23|dumpPacket|   key: RUN is: edu.csus.ecs.pc2.core.model.Run Run 8 JUDGED 6 min 401423ms from TEAM175 @ site 1 id Run-1891825473303670714 problem D-4596015797972523257 lang C/C++-3138658067350477343
180420 194006.087|INFO|Thread-23|dumpPacket|   key: JUDGEMENT_RECORD is: edu.csus.ecs.pc2.core.model.JudgementRecord No by JUDGE1 @ site 1 judgement No - Wrong Answer--6567485223393711518 id JudgementRecord-6192021255624590805
180420 194006.087|INFO|Thread-23|info|handlePacket start Packet[RUN_JUDGEMENT] #46 SERVER0 @ site 1 -> TEAM175 @ site 1
180420 194006.087|INFO|Thread-23|dumpPacket|Packet RUN_JUDGEMENT (Seq #46 ) handlePacket
180420 194006.087|INFO|Thread-23|dumpPacket|  From: SERVER0 @ site 1 (WIN-GAG3RVQSL34 @ 10.99.3.97) (Contest Id: Default-8484179060723241424)
180420 194006.087|INFO|Thread-23|dumpPacket|    To: TEAM175 @ site 1
180420 194006.087|INFO|Thread-23|dumpPacket|   key: CLIENT_ID is: edu.csus.ecs.pc2.core.model.ClientId SERVER0 @ site 1
180420 194006.087|INFO|Thread-23|dumpPacket|   key: RUN is: edu.csus.ecs.pc2.core.model.Run Run 8 JUDGED 6 min 401423ms from TEAM175 @ site 1 id Run-1891825473303670714 problem D-4596015797972523257 lang C/C++-3138658067350477343
180420 194006.087|INFO|Thread-23|dumpPacket|   key: JUDGEMENT_RECORD is: edu.csus.ecs.pc2.core.model.JudgementRecord No by JUDGE1 @ site 1 judgement No - Wrong Answer--6567485223393711518 id JudgementRecord-6192021255624590805
180420 194006.977|INFO|Thread-23|info| receiveObject(S) end   got Packet[RUN_JUDGEMENT] #46 SERVER0 @ site 1 -> TEAM175 @ site 1
180420 194007.779|INFO|Thread-22|info| receiveObject(S) end   got Packet[RUN_SUBMISSION_CONFIRM] #44 SERVER0 @ site 1 -> TEAM175 @ site 1
180420 194012.225|INFO|Thread-24|info| receiveObject(S) start got Packet[RUN_JUDGEMENT] #50 SERVER0 @ site 1 -> TEAM175 @ site 1
180420 194012.225|INFO|Thread-24|dumpPacket|Packet RUN_JUDGEMENT (Seq #50 ) recieveObject
180420 194012.225|INFO|Thread-24|dumpPacket|  From: SERVER0 @ site 1 (WIN-GAG3RVQSL34 @ 10.99.3.97) (Contest Id: Default-8484179060723241424)
180420 194012.225|INFO|Thread-24|dumpPacket|    To: TEAM175 @ site 1
180420 194012.225|INFO|Thread-24|dumpPacket|   key: CLIENT_ID is: edu.csus.ecs.pc2.core.model.ClientId SERVER0 @ site 1
180420 194012.225|INFO|Thread-24|dumpPacket|   key: RUN is: edu.csus.ecs.pc2.core.model.Run Run 9 JUDGED 6 min 408042ms from TEAM175 @ site 1 id Run-7708569677831804312 problem E-614062919454816127 lang C/C++-3138658067350477343
180420 194012.225|INFO|Thread-24|dumpPacket|   key: JUDGEMENT_RECORD is: edu.csus.ecs.pc2.core.model.JudgementRecord No by JUDGE1 @ site 1 judgement No - Run-time Error-8767827028584573821 id JudgementRecord--1140472111614668132
180420 194012.225|INFO|Thread-24|info|handlePacket start Packet[RUN_JUDGEMENT] #50 SERVER0 @ site 1 -> TEAM175 @ site 1
180420 194012.225|INFO|Thread-24|dumpPacket|Packet RUN_JUDGEMENT (Seq #50 ) handlePacket
180420 194012.225|INFO|Thread-24|dumpPacket|  From: SERVER0 @ site 1 (WIN-GAG3RVQSL34 @ 10.99.3.97) (Contest Id: Default-8484179060723241424)
180420 194012.225|INFO|Thread-24|dumpPacket|    To: TEAM175 @ site 1
180420 194012.225|INFO|Thread-24|dumpPacket|   key: CLIENT_ID is: edu.csus.ecs.pc2.core.model.ClientId SERVER0 @ site 1
180420 194012.225|INFO|Thread-24|dumpPacket|   key: RUN is: edu.csus.ecs.pc2.core.model.Run Run 9 JUDGED 6 min 408042ms from TEAM175 @ site 1 id Run-7708569677831804312 problem E-614062919454816127 lang C/C++-3138658067350477343
180420 194012.225|INFO|Thread-24|dumpPacket|   key: JUDGEMENT_RECORD is: edu.csus.ecs.pc2.core.model.JudgementRecord No by JUDGE1 @ site 1 judgement No - Run-time Error-8767827028584573821 id JudgementRecord--1140472111614668132
180420 194014.929|INFO|Thread-24|info| receiveObject(S) end   got Packet[RUN_JUDGEMENT] #50 SERVER0 @ site 1 -> TEAM175 @ site 1
180420 194101.497|INFO|AWT-EventQueue-0|testOrSubmitRun|submitRun for F C/C++ file: E:\SET\New folder\DE BAI\2.Vongloai\F_11\F.cpp
180420 194101.497|INFO|AWT-EventQueue-0|sendToLocalServer|Sending packet to server Packet[RUN_SUBMISSION] #8 TEAM175 @ site 1 -> SERVER0 @ site 1
180420 194101.497|INFO|AWT-EventQueue-0|sendToLocalServer|Sent    packet to server Packet[RUN_SUBMISSION] #8 TEAM175 @ site 1 -> SERVER0 @ site 1
180420 194101.582|INFO|Thread-26|info| receiveObject(S) start got Packet[RUN_SUBMISSION_CONFIRM] #54 SERVER0 @ site 1 -> TEAM175 @ site 1
180420 194101.582|INFO|Thread-26|dumpPacket|Packet RUN_SUBMISSION_CONFIRM (Seq #54 ) recieveObject
180420 194101.582|INFO|Thread-26|dumpPacket|  From: SERVER0 @ site 1 (WIN-GAG3RVQSL34 @ 10.99.3.97) (Contest Id: Default-8484179060723241424)
180420 194101.583|INFO|Thread-26|dumpPacket|    To: TEAM175 @ site 1
180420 194101.583|INFO|Thread-26|dumpPacket|   key: RUN is: edu.csus.ecs.pc2.core.model.Run Run 10 QUEUED_FOR_COMPUTER_JUDGEMENT 7 min 464168ms from TEAM175 @ site 1 id Run-3401471997037928571 problem F-5480687956458275541 lang C/C++-3138658067350477343
180420 194101.583|INFO|Thread-26|info|handlePacket start Packet[RUN_SUBMISSION_CONFIRM] #54 SERVER0 @ site 1 -> TEAM175 @ site 1
180420 194101.583|INFO|Thread-26|dumpPacket|Packet RUN_SUBMISSION_CONFIRM (Seq #54 ) handlePacket
180420 194101.583|INFO|Thread-26|dumpPacket|  From: SERVER0 @ site 1 (WIN-GAG3RVQSL34 @ 10.99.3.97) (Contest Id: Default-8484179060723241424)
180420 194101.583|INFO|Thread-26|dumpPacket|    To: TEAM175 @ site 1
180420 194101.583|INFO|Thread-26|dumpPacket|   key: RUN is: edu.csus.ecs.pc2.core.model.Run Run 10 QUEUED_FOR_COMPUTER_JUDGEMENT 7 min 464168ms from TEAM175 @ site 1 id Run-3401471997037928571 problem F-5480687956458275541 lang C/C++-3138658067350477343
180420 194102.625|INFO|Thread-26|info| receiveObject(S) end   got Packet[RUN_SUBMISSION_CONFIRM] #54 SERVER0 @ site 1 -> TEAM175 @ site 1
180420 194106.535|INFO|Thread-27|info| receiveObject(S) start got Packet[RUN_JUDGEMENT] #58 SERVER0 @ site 1 -> TEAM175 @ site 1
180420 194106.535|INFO|Thread-27|dumpPacket|Packet RUN_JUDGEMENT (Seq #58 ) recieveObject
180420 194106.535|INFO|Thread-27|dumpPacket|  From: SERVER0 @ site 1 (WIN-GAG3RVQSL34 @ 10.99.3.97) (Contest Id: Default-8484179060723241424)
180420 194106.535|INFO|Thread-27|dumpPacket|    To: TEAM175 @ site 1
180420 194106.535|INFO|Thread-27|dumpPacket|   key: CLIENT_ID is: edu.csus.ecs.pc2.core.model.ClientId SERVER0 @ site 1
180420 194106.535|INFO|Thread-27|dumpPacket|   key: RUN is: edu.csus.ecs.pc2.core.model.Run Run 10 JUDGED 7 min 464168ms from TEAM175 @ site 1 id Run-3401471997037928571 problem F-5480687956458275541 lang C/C++-3138658067350477343
180420 194106.535|INFO|Thread-27|dumpPacket|   key: JUDGEMENT_RECORD is: edu.csus.ecs.pc2.core.model.JudgementRecord No by JUDGE1 @ site 1 judgement No - Wrong Answer--6567485223393711518 id JudgementRecord-1903245444440367823
180420 194106.535|INFO|Thread-27|info|handlePacket start Packet[RUN_JUDGEMENT] #58 SERVER0 @ site 1 -> TEAM175 @ site 1
180420 194106.535|INFO|Thread-27|dumpPacket|Packet RUN_JUDGEMENT (Seq #58 ) handlePacket
180420 194106.535|INFO|Thread-27|dumpPacket|  From: SERVER0 @ site 1 (WIN-GAG3RVQSL34 @ 10.99.3.97) (Contest Id: Default-8484179060723241424)
180420 194106.535|INFO|Thread-27|dumpPacket|    To: TEAM175 @ site 1
180420 194106.535|INFO|Thread-27|dumpPacket|   key: CLIENT_ID is: edu.csus.ecs.pc2.core.model.ClientId SERVER0 @ site 1
180420 194106.535|INFO|Thread-27|dumpPacket|   key: RUN is: edu.csus.ecs.pc2.core.model.Run Run 10 JUDGED 7 min 464168ms from TEAM175 @ site 1 id Run-3401471997037928571 problem F-5480687956458275541 lang C/C++-3138658067350477343
180420 194106.535|INFO|Thread-27|dumpPacket|   key: JUDGEMENT_RECORD is: edu.csus.ecs.pc2.core.model.JudgementRecord No by JUDGE1 @ site 1 judgement No - Wrong Answer--6567485223393711518 id JudgementRecord-1903245444440367823
180420 194107.769|INFO|Thread-27|info| receiveObject(S) end   got Packet[RUN_JUDGEMENT] #58 SERVER0 @ site 1 -> TEAM175 @ site 1
180420 194556.585|INFO|Thread-28|info| receiveObject(S) start got Packet[UPDATE_SETTING] #69 SERVER0 @ site 1 -> SERVER0 @ site 0
180420 194556.585|INFO|Thread-28|dumpPacket|Packet UPDATE_SETTING (Seq #69 ) recieveObject
180420 194556.585|INFO|Thread-28|dumpPacket|  From: SERVER0 @ site 1 (WIN-GAG3RVQSL34 @ 10.99.3.97) (Contest Id: Default-8484179060723241424)
180420 194556.585|INFO|Thread-28|dumpPacket|    To: SERVER0 @ site 0
180420 194556.585|INFO|Thread-28|dumpPacket|   key: PROBLEM is: edu.csus.ecs.pc2.core.model.Problem F
180420 194556.585|INFO|Thread-28|info|handlePacket start Packet[UPDATE_SETTING] #69 SERVER0 @ site 1 -> SERVER0 @ site 0
180420 194556.585|INFO|Thread-28|dumpPacket|Packet UPDATE_SETTING (Seq #69 ) handlePacket
180420 194556.585|INFO|Thread-28|dumpPacket|  From: SERVER0 @ site 1 (WIN-GAG3RVQSL34 @ 10.99.3.97) (Contest Id: Default-8484179060723241424)
180420 194556.585|INFO|Thread-28|dumpPacket|    To: SERVER0 @ site 0
180420 194556.585|INFO|Thread-28|dumpPacket|   key: PROBLEM is: edu.csus.ecs.pc2.core.model.Problem F
180420 194556.585|INFO|Thread-28|info|handlePacket end Packet[UPDATE_SETTING] #69 SERVER0 @ site 1 -> SERVER0 @ site 0
180420 194556.585|INFO|Thread-28|info| receiveObject(S) end   got Packet[UPDATE_SETTING] #69 SERVER0 @ site 1 -> SERVER0 @ site 0
180420 194603.355|INFO|AWT-EventQueue-0|testOrSubmitRun|submitRun for F C/C++ file: E:\SET\New folder\DE BAI\2.Vongloai\F_11\F.cpp
180420 194603.357|INFO|AWT-EventQueue-0|sendToLocalServer|Sending packet to server Packet[RUN_SUBMISSION] #9 TEAM175 @ site 1 -> SERVER0 @ site 1
180420 194603.357|INFO|AWT-EventQueue-0|sendToLocalServer|Sent    packet to server Packet[RUN_SUBMISSION] #9 TEAM175 @ site 1 -> SERVER0 @ site 1
180420 194603.438|INFO|Thread-30|info| receiveObject(S) start got Packet[RUN_SUBMISSION_CONFIRM] #70 SERVER0 @ site 1 -> TEAM175 @ site 1
180420 194603.438|INFO|Thread-30|dumpPacket|Packet RUN_SUBMISSION_CONFIRM (Seq #70 ) recieveObject
180420 194603.438|INFO|Thread-30|dumpPacket|  From: SERVER0 @ site 1 (WIN-GAG3RVQSL34 @ 10.99.3.97) (Contest Id: Default-8484179060723241424)
180420 194603.438|INFO|Thread-30|dumpPacket|    To: TEAM175 @ site 1
180420 194603.438|INFO|Thread-30|dumpPacket|   key: RUN is: edu.csus.ecs.pc2.core.model.Run Run 11 QUEUED_FOR_COMPUTER_JUDGEMENT 12 min 766022ms from TEAM175 @ site 1 id Run--749790056358182993 problem F-5480687956458275541 lang C/C++-3138658067350477343
180420 194603.438|INFO|Thread-30|info|handlePacket start Packet[RUN_SUBMISSION_CONFIRM] #70 SERVER0 @ site 1 -> TEAM175 @ site 1
180420 194603.438|INFO|Thread-30|dumpPacket|Packet RUN_SUBMISSION_CONFIRM (Seq #70 ) handlePacket
180420 194603.438|INFO|Thread-30|dumpPacket|  From: SERVER0 @ site 1 (WIN-GAG3RVQSL34 @ 10.99.3.97) (Contest Id: Default-8484179060723241424)
180420 194603.438|INFO|Thread-30|dumpPacket|    To: TEAM175 @ site 1
180420 194603.438|INFO|Thread-30|dumpPacket|   key: RUN is: edu.csus.ecs.pc2.core.model.Run Run 11 QUEUED_FOR_COMPUTER_JUDGEMENT 12 min 766022ms from TEAM175 @ site 1 id Run--749790056358182993 problem F-5480687956458275541 lang C/C++-3138658067350477343
180420 194604.761|INFO|Thread-30|info| receiveObject(S) end   got Packet[RUN_SUBMISSION_CONFIRM] #70 SERVER0 @ site 1 -> TEAM175 @ site 1
180420 194608.722|INFO|Thread-31|info| receiveObject(S) start got Packet[RUN_JUDGEMENT] #75 SERVER0 @ site 1 -> TEAM175 @ site 1
180420 194608.722|INFO|Thread-31|dumpPacket|Packet RUN_JUDGEMENT (Seq #75 ) recieveObject
180420 194608.722|INFO|Thread-31|dumpPacket|  From: SERVER0 @ site 1 (WIN-GAG3RVQSL34 @ 10.99.3.97) (Contest Id: Default-8484179060723241424)
180420 194608.722|INFO|Thread-31|dumpPacket|    To: TEAM175 @ site 1
180420 194608.722|INFO|Thread-31|dumpPacket|   key: CLIENT_ID is: edu.csus.ecs.pc2.core.model.ClientId SERVER0 @ site 1
180420 194608.722|INFO|Thread-31|dumpPacket|   key: RUN is: edu.csus.ecs.pc2.core.model.Run Run 11 JUDGED 12 min 766022ms from TEAM175 @ site 1 id Run--749790056358182993 problem F-5480687956458275541 lang C/C++-3138658067350477343
180420 194608.722|INFO|Thread-31|dumpPacket|   key: JUDGEMENT_RECORD is: edu.csus.ecs.pc2.core.model.JudgementRecord No by JUDGE1 @ site 1 judgement No - Wrong Answer--6567485223393711518 id JudgementRecord--4479305427657560713
180420 194608.722|INFO|Thread-31|info|handlePacket start Packet[RUN_JUDGEMENT] #75 SERVER0 @ site 1 -> TEAM175 @ site 1
180420 194608.722|INFO|Thread-31|dumpPacket|Packet RUN_JUDGEMENT (Seq #75 ) handlePacket
180420 194608.722|INFO|Thread-31|dumpPacket|  From: SERVER0 @ site 1 (WIN-GAG3RVQSL34 @ 10.99.3.97) (Contest Id: Default-8484179060723241424)
180420 194608.722|INFO|Thread-31|dumpPacket|    To: TEAM175 @ site 1
180420 194608.722|INFO|Thread-31|dumpPacket|   key: CLIENT_ID is: edu.csus.ecs.pc2.core.model.ClientId SERVER0 @ site 1
180420 194608.722|INFO|Thread-31|dumpPacket|   key: RUN is: edu.csus.ecs.pc2.core.model.Run Run 11 JUDGED 12 min 766022ms from TEAM175 @ site 1 id Run--749790056358182993 problem F-5480687956458275541 lang C/C++-3138658067350477343
180420 194608.722|INFO|Thread-31|dumpPacket|   key: JUDGEMENT_RECORD is: edu.csus.ecs.pc2.core.model.JudgementRecord No by JUDGE1 @ site 1 judgement No - Wrong Answer--6567485223393711518 id JudgementRecord--4479305427657560713
180420 194657.749|INFO|Thread-31|info| receiveObject(S) end   got Packet[RUN_JUDGEMENT] #75 SERVER0 @ site 1 -> TEAM175 @ site 1
180420 195051.775|INFO|Thread-32|info| receiveObject(S) start got Packet[UPDATE_SETTING] #100 SERVER0 @ site 1 -> SERVER0 @ site 0
180420 195051.775|INFO|Thread-32|dumpPacket|Packet UPDATE_SETTING (Seq #100 ) recieveObject
180420 195051.775|INFO|Thread-32|dumpPacket|  From: SERVER0 @ site 1 (WIN-GAG3RVQSL34 @ 10.99.3.97) (Contest Id: Default-8484179060723241424)
180420 195051.775|INFO|Thread-32|dumpPacket|    To: SERVER0 @ site 0
180420 195051.775|INFO|Thread-32|dumpPacket|   key: PROBLEM is: edu.csus.ecs.pc2.core.model.Problem F
180420 195051.775|INFO|Thread-32|info|handlePacket start Packet[UPDATE_SETTING] #100 SERVER0 @ site 1 -> SERVER0 @ site 0
180420 195051.775|INFO|Thread-32|dumpPacket|Packet UPDATE_SETTING (Seq #100 ) handlePacket
180420 195051.775|INFO|Thread-32|dumpPacket|  From: SERVER0 @ site 1 (WIN-GAG3RVQSL34 @ 10.99.3.97) (Contest Id: Default-8484179060723241424)
180420 195051.775|INFO|Thread-32|dumpPacket|    To: SERVER0 @ site 0
180420 195051.775|INFO|Thread-32|dumpPacket|   key: PROBLEM is: edu.csus.ecs.pc2.core.model.Problem F
180420 195051.775|INFO|Thread-32|info|handlePacket end Packet[UPDATE_SETTING] #100 SERVER0 @ site 1 -> SERVER0 @ site 0
180420 195051.775|INFO|Thread-32|info| receiveObject(S) end   got Packet[UPDATE_SETTING] #100 SERVER0 @ site 1 -> SERVER0 @ site 0
180420 195054.467|INFO|AWT-EventQueue-0|testOrSubmitRun|submitRun for F C/C++ file: E:\SET\New folder\DE BAI\2.Vongloai\F_11\F.cpp
180420 195054.468|INFO|AWT-EventQueue-0|sendToLocalServer|Sending packet to server Packet[RUN_SUBMISSION] #10 TEAM175 @ site 1 -> SERVER0 @ site 1
180420 195054.468|INFO|AWT-EventQueue-0|sendToLocalServer|Sent    packet to server Packet[RUN_SUBMISSION] #10 TEAM175 @ site 1 -> SERVER0 @ site 1
180420 195054.535|INFO|Thread-34|info| receiveObject(S) start got Packet[RUN_SUBMISSION_CONFIRM] #103 SERVER0 @ site 1 -> TEAM175 @ site 1
180420 195054.535|INFO|Thread-34|dumpPacket|Packet RUN_SUBMISSION_CONFIRM (Seq #103 ) recieveObject
180420 195054.535|INFO|Thread-34|dumpPacket|  From: SERVER0 @ site 1 (WIN-GAG3RVQSL34 @ 10.99.3.97) (Contest Id: Default-8484179060723241424)
180420 195054.535|INFO|Thread-34|dumpPacket|    To: TEAM175 @ site 1
180420 195054.535|INFO|Thread-34|dumpPacket|   key: RUN is: edu.csus.ecs.pc2.core.model.Run Run 12 QUEUED_FOR_COMPUTER_JUDGEMENT 17 min 1057130ms from TEAM175 @ site 1 id Run-2073414669636549834 problem F-5480687956458275541 lang C/C++-3138658067350477343
180420 195054.535|INFO|Thread-34|info|handlePacket start Packet[RUN_SUBMISSION_CONFIRM] #103 SERVER0 @ site 1 -> TEAM175 @ site 1
180420 195054.535|INFO|Thread-34|dumpPacket|Packet RUN_SUBMISSION_CONFIRM (Seq #103 ) handlePacket
180420 195054.535|INFO|Thread-34|dumpPacket|  From: SERVER0 @ site 1 (WIN-GAG3RVQSL34 @ 10.99.3.97) (Contest Id: Default-8484179060723241424)
180420 195054.535|INFO|Thread-34|dumpPacket|    To: TEAM175 @ site 1
180420 195054.535|INFO|Thread-34|dumpPacket|   key: RUN is: edu.csus.ecs.pc2.core.model.Run Run 12 QUEUED_FOR_COMPUTER_JUDGEMENT 17 min 1057130ms from TEAM175 @ site 1 id Run-2073414669636549834 problem F-5480687956458275541 lang C/C++-3138658067350477343
180420 195055.616|INFO|Thread-34|info| receiveObject(S) end   got Packet[RUN_SUBMISSION_CONFIRM] #103 SERVER0 @ site 1 -> TEAM175 @ site 1
180420 195059.523|INFO|Thread-35|info| receiveObject(S) start got Packet[RUN_JUDGEMENT] #107 SERVER0 @ site 1 -> TEAM175 @ site 1
180420 195059.523|INFO|Thread-35|dumpPacket|Packet RUN_JUDGEMENT (Seq #107 ) recieveObject
180420 195059.523|INFO|Thread-35|dumpPacket|  From: SERVER0 @ site 1 (WIN-GAG3RVQSL34 @ 10.99.3.97) (Contest Id: Default-8484179060723241424)
180420 195059.523|INFO|Thread-35|dumpPacket|    To: TEAM175 @ site 1
180420 195059.523|INFO|Thread-35|dumpPacket|   key: CLIENT_ID is: edu.csus.ecs.pc2.core.model.ClientId SERVER0 @ site 1
180420 195059.523|INFO|Thread-35|dumpPacket|   key: RUN is: edu.csus.ecs.pc2.core.model.Run Run 12 JUDGED 17 min 1057130ms from TEAM175 @ site 1 id Run-2073414669636549834 problem F-5480687956458275541 lang C/C++-3138658067350477343
180420 195059.523|INFO|Thread-35|dumpPacket|   key: JUDGEMENT_RECORD is: edu.csus.ecs.pc2.core.model.JudgementRecord No by JUDGE1 @ site 1 judgement No - Wrong Answer--6567485223393711518 id JudgementRecord-4877966877611413578
180420 195059.523|INFO|Thread-35|info|handlePacket start Packet[RUN_JUDGEMENT] #107 SERVER0 @ site 1 -> TEAM175 @ site 1
180420 195059.523|INFO|Thread-35|dumpPacket|Packet RUN_JUDGEMENT (Seq #107 ) handlePacket
180420 195059.523|INFO|Thread-35|dumpPacket|  From: SERVER0 @ site 1 (WIN-GAG3RVQSL34 @ 10.99.3.97) (Contest Id: Default-8484179060723241424)
180420 195059.523|INFO|Thread-35|dumpPacket|    To: TEAM175 @ site 1
180420 195059.523|INFO|Thread-35|dumpPacket|   key: CLIENT_ID is: edu.csus.ecs.pc2.core.model.ClientId SERVER0 @ site 1
180420 195059.523|INFO|Thread-35|dumpPacket|   key: RUN is: edu.csus.ecs.pc2.core.model.Run Run 12 JUDGED 17 min 1057130ms from TEAM175 @ site 1 id Run-2073414669636549834 problem F-5480687956458275541 lang C/C++-3138658067350477343
180420 195059.523|INFO|Thread-35|dumpPacket|   key: JUDGEMENT_RECORD is: edu.csus.ecs.pc2.core.model.JudgementRecord No by JUDGE1 @ site 1 judgement No - Wrong Answer--6567485223393711518 id JudgementRecord-4877966877611413578
180420 195100.866|INFO|Thread-35|info| receiveObject(S) end   got Packet[RUN_JUDGEMENT] #107 SERVER0 @ site 1 -> TEAM175 @ site 1
180420 195156.422|INFO|Thread-36|info| receiveObject(S) start got Packet[UPDATE_SETTING] #113 SERVER0 @ site 1 -> SERVER0 @ site 0
180420 195156.422|INFO|Thread-36|dumpPacket|Packet UPDATE_SETTING (Seq #113 ) recieveObject
180420 195156.422|INFO|Thread-36|dumpPacket|  From: SERVER0 @ site 1 (WIN-GAG3RVQSL34 @ 10.99.3.97) (Contest Id: Default-8484179060723241424)
180420 195156.422|INFO|Thread-36|dumpPacket|    To: SERVER0 @ site 0
180420 195156.422|INFO|Thread-36|dumpPacket|   key: PROBLEM is: edu.csus.ecs.pc2.core.model.Problem F
180420 195156.422|INFO|Thread-36|info|handlePacket start Packet[UPDATE_SETTING] #113 SERVER0 @ site 1 -> SERVER0 @ site 0
180420 195156.422|INFO|Thread-36|dumpPacket|Packet UPDATE_SETTING (Seq #113 ) handlePacket
180420 195156.422|INFO|Thread-36|dumpPacket|  From: SERVER0 @ site 1 (WIN-GAG3RVQSL34 @ 10.99.3.97) (Contest Id: Default-8484179060723241424)
180420 195156.422|INFO|Thread-36|dumpPacket|    To: SERVER0 @ site 0
180420 195156.423|INFO|Thread-36|dumpPacket|   key: PROBLEM is: edu.csus.ecs.pc2.core.model.Problem F
180420 195156.423|INFO|Thread-36|info|handlePacket end Packet[UPDATE_SETTING] #113 SERVER0 @ site 1 -> SERVER0 @ site 0
180420 195156.423|INFO|Thread-36|info| receiveObject(S) end   got Packet[UPDATE_SETTING] #113 SERVER0 @ site 1 -> SERVER0 @ site 0
180420 195214.094|INFO|Thread-37|info| receiveObject(S) start got Packet[RUN_JUDGEMENT] #116 SERVER0 @ site 1 -> TEAM175 @ site 1
180420 195214.094|INFO|Thread-37|dumpPacket|Packet RUN_JUDGEMENT (Seq #116 ) recieveObject
180420 195214.094|INFO|Thread-37|dumpPacket|  From: SERVER0 @ site 1 (WIN-GAG3RVQSL34 @ 10.99.3.97) (Contest Id: Default-8484179060723241424)
180420 195214.094|INFO|Thread-37|dumpPacket|    To: TEAM175 @ site 1
180420 195214.094|INFO|Thread-37|dumpPacket|   key: CLIENT_ID is: edu.csus.ecs.pc2.core.model.ClientId SERVER0 @ site 1
180420 195214.094|INFO|Thread-37|dumpPacket|   key: RUN is: edu.csus.ecs.pc2.core.model.Run Run 12 JUDGED 17 min 1057130ms from TEAM175 @ site 1 id Run-2073414669636549834 problem F-5480687956458275541 lang C/C++-3138658067350477343
180420 195214.094|INFO|Thread-37|dumpPacket|   key: JUDGEMENT_RECORD is: edu.csus.ecs.pc2.core.model.JudgementRecord Yes by JUDGE2 @ site 1 judgement Yes-1190170992540154508 id JudgementRecord-5858384887414949082
180420 195214.094|INFO|Thread-37|info|handlePacket start Packet[RUN_JUDGEMENT] #116 SERVER0 @ site 1 -> TEAM175 @ site 1
180420 195214.094|INFO|Thread-37|dumpPacket|Packet RUN_JUDGEMENT (Seq #116 ) handlePacket
180420 195214.094|INFO|Thread-37|dumpPacket|  From: SERVER0 @ site 1 (WIN-GAG3RVQSL34 @ 10.99.3.97) (Contest Id: Default-8484179060723241424)
180420 195214.094|INFO|Thread-37|dumpPacket|    To: TEAM175 @ site 1
180420 195214.094|INFO|Thread-37|dumpPacket|   key: CLIENT_ID is: edu.csus.ecs.pc2.core.model.ClientId SERVER0 @ site 1
180420 195214.094|INFO|Thread-37|dumpPacket|   key: RUN is: edu.csus.ecs.pc2.core.model.Run Run 12 JUDGED 17 min 1057130ms from TEAM175 @ site 1 id Run-2073414669636549834 problem F-5480687956458275541 lang C/C++-3138658067350477343
180420 195214.094|INFO|Thread-37|dumpPacket|   key: JUDGEMENT_RECORD is: edu.csus.ecs.pc2.core.model.JudgementRecord Yes by JUDGE2 @ site 1 judgement Yes-1190170992540154508 id JudgementRecord-5858384887414949082
180420 195219.051|INFO|Thread-37|info| receiveObject(S) end   got Packet[RUN_JUDGEMENT] #116 SERVER0 @ site 1 -> TEAM175 @ site 1
180420 195228.466|INFO|AWT-EventQueue-0|testOrSubmitRun|submitRun for G C/C++ file: E:\SET\New folder\DE BAI\2.Vongloai\G_33\G.cpp
180420 195228.467|INFO|AWT-EventQueue-0|sendToLocalServer|Sending packet to server Packet[RUN_SUBMISSION] #11 TEAM175 @ site 1 -> SERVER0 @ site 1
180420 195228.467|INFO|AWT-EventQueue-0|sendToLocalServer|Sent    packet to server Packet[RUN_SUBMISSION] #11 TEAM175 @ site 1 -> SERVER0 @ site 1
180420 195228.544|INFO|Thread-39|info| receiveObject(S) start got Packet[RUN_SUBMISSION_CONFIRM] #119 SERVER0 @ site 1 -> TEAM175 @ site 1
180420 195228.544|INFO|Thread-39|dumpPacket|Packet RUN_SUBMISSION_CONFIRM (Seq #119 ) recieveObject
180420 195228.544|INFO|Thread-39|dumpPacket|  From: SERVER0 @ site 1 (WIN-GAG3RVQSL34 @ 10.99.3.97) (Contest Id: Default-8484179060723241424)
180420 195228.544|INFO|Thread-39|dumpPacket|    To: TEAM175 @ site 1
180420 195228.544|INFO|Thread-39|dumpPacket|   key: RUN is: edu.csus.ecs.pc2.core.model.Run Run 13 QUEUED_FOR_COMPUTER_JUDGEMENT 19 min 1151139ms from TEAM175 @ site 1 id Run-7289604439565074167 problem G-7530850925552098968 lang C/C++-3138658067350477343
180420 195228.544|INFO|Thread-39|info|handlePacket start Packet[RUN_SUBMISSION_CONFIRM] #119 SERVER0 @ site 1 -> TEAM175 @ site 1
180420 195228.544|INFO|Thread-39|dumpPacket|Packet RUN_SUBMISSION_CONFIRM (Seq #119 ) handlePacket
180420 195228.544|INFO|Thread-39|dumpPacket|  From: SERVER0 @ site 1 (WIN-GAG3RVQSL34 @ 10.99.3.97) (Contest Id: Default-8484179060723241424)
180420 195228.544|INFO|Thread-39|dumpPacket|    To: TEAM175 @ site 1
180420 195228.544|INFO|Thread-39|dumpPacket|   key: RUN is: edu.csus.ecs.pc2.core.model.Run Run 13 QUEUED_FOR_COMPUTER_JUDGEMENT 19 min 1151139ms from TEAM175 @ site 1 id Run-7289604439565074167 problem G-7530850925552098968 lang C/C++-3138658067350477343
180420 195230.007|INFO|Thread-39|info| receiveObject(S) end   got Packet[RUN_SUBMISSION_CONFIRM] #119 SERVER0 @ site 1 -> TEAM175 @ site 1
180420 195241.255|INFO|Thread-40|info| receiveObject(S) start got Packet[RUN_JUDGEMENT] #125 SERVER0 @ site 1 -> TEAM175 @ site 1
180420 195241.255|INFO|Thread-40|dumpPacket|Packet RUN_JUDGEMENT (Seq #125 ) recieveObject
180420 195241.255|INFO|Thread-40|dumpPacket|  From: SERVER0 @ site 1 (WIN-GAG3RVQSL34 @ 10.99.3.97) (Contest Id: Default-8484179060723241424)
180420 195241.255|INFO|Thread-40|dumpPacket|    To: TEAM175 @ site 1
180420 195241.255|INFO|Thread-40|dumpPacket|   key: CLIENT_ID is: edu.csus.ecs.pc2.core.model.ClientId SERVER0 @ site 1
180420 195241.255|INFO|Thread-40|dumpPacket|   key: RUN is: edu.csus.ecs.pc2.core.model.Run Run 13 JUDGED 19 min 1151139ms from TEAM175 @ site 1 id Run-7289604439565074167 problem G-7530850925552098968 lang C/C++-3138658067350477343
180420 195241.256|INFO|Thread-40|dumpPacket|   key: JUDGEMENT_RECORD is: edu.csus.ecs.pc2.core.model.JudgementRecord Yes by JUDGE1 @ site 1 judgement Yes-1190170992540154508 id JudgementRecord--5993261917233347518
180420 195241.256|INFO|Thread-40|info|handlePacket start Packet[RUN_JUDGEMENT] #125 SERVER0 @ site 1 -> TEAM175 @ site 1
180420 195241.256|INFO|Thread-40|dumpPacket|Packet RUN_JUDGEMENT (Seq #125 ) handlePacket
180420 195241.256|INFO|Thread-40|dumpPacket|  From: SERVER0 @ site 1 (WIN-GAG3RVQSL34 @ 10.99.3.97) (Contest Id: Default-8484179060723241424)
180420 195241.256|INFO|Thread-40|dumpPacket|    To: TEAM175 @ site 1
180420 195241.256|INFO|Thread-40|dumpPacket|   key: CLIENT_ID is: edu.csus.ecs.pc2.core.model.ClientId SERVER0 @ site 1
180420 195241.256|INFO|Thread-40|dumpPacket|   key: RUN is: edu.csus.ecs.pc2.core.model.Run Run 13 JUDGED 19 min 1151139ms from TEAM175 @ site 1 id Run-7289604439565074167 problem G-7530850925552098968 lang C/C++-3138658067350477343
180420 195241.257|INFO|Thread-40|dumpPacket|   key: JUDGEMENT_RECORD is: edu.csus.ecs.pc2.core.model.JudgementRecord Yes by JUDGE1 @ site 1 judgement Yes-1190170992540154508 id JudgementRecord--5993261917233347518
180420 195248.847|INFO|Thread-40|info| receiveObject(S) end   got Packet[RUN_JUDGEMENT] #125 SERVER0 @ site 1 -> TEAM175 @ site 1
