6 9 0 4 7 5 8 6 0 4 7 0 5 8 1 2 8 4 7 8 
5 5 4 8 3 7 7 2 1 5 5 5 5 0 2 9 1 5 3 5 
0 4 3 0 8 9 0 9 3 4 8 8 3 5 9 9 8 0 4 0 
6 0 2 7 4 6 4 0 5 4 7 0 5 9 4 2 2 7 2 4 
3 1 9 7 7 1 1 6 2 1 9 3 5 7 7 1 7 5 3 4 
1 6 8 0 2 7 9 5 6 6 0 0 8 4 2 6 8 6 6 3 
4 5 2 5 7 0 4 2 4 4 2 1 8 7 0 0 2 3 9 6 
6 4 3 7 5 1 4 0 4 0 2 5 5 2 4 3 6 2 2 7 
4 8 7 2 2 4 2 1 2 8 6 3 4 7 5 9 6 0 0 7 
0 0 1 6 8 1 7 7 6 6 5 9 0 3 6 0 0 1 3 3 
5 4 1 6 8 5 7 8 8 6 5 4 8 6 2 1 9 5 8 2 
5 8 7 4 4 5 8 1 3 5 3 7 5 2 3 4 9 1 1 3 
0 9 5 9 0 9 1 1 1 0 6 5 4 0 7 0 5 2 1 9 
7 5 2 9 4 3 1 6 7 0 5 9 4 4 8 0 3 5 8 2 
5 0 1 3 2 8 6 0 9 1 6 6 9 4 2 3 8 7 7 4 
0 4 2 3 1 1 1 4 8 8 9 0 1 0 5 5 0 1 5 9 
8 6 2 8 8 6 1 4 8 2 9 5 0 0 2 6 4 9 7 4 
2 6 8 9 1 6 5 2 6 6 3 2 5 5 8 8 6 3 7 9 
8 9 5 9 6 9 6 6 3 5 3 3 8 4 2 7 1 7 6 7 
4 3 5 1 2 0 7 9 1 3 3 1 9 4 0 3 2 8 7 7 
