3 9 1 0 8 9 6 6 2 6 6 4 8 6 4 5 7 8 8 2 
4 8 0 5 1 3 4 7 5 1 7 8 9 8 5 5 3 1 0 6 
6 5 6 4 2 7 5 0 0 8 5 2 8 6 8 1 5 2 7 7 
4 5 7 1 9 3 5 6 4 2 0 9 9 0 5 2 3 3 5 0 
7 0 2 9 5 1 0 5 3 2 8 8 3 4 8 5 2 7 2 4 
9 6 9 6 5 6 2 7 6 7 7 5 5 5 9 8 5 4 8 0 
3 4 4 5 1 4 2 9 5 2 7 0 7 5 0 2 7 9 9 2 
6 6 9 1 6 2 4 1 3 8 6 7 4 9 8 1 7 7 2 9 
3 4 7 3 8 1 3 2 3 2 1 2 9 6 9 3 4 4 2 1 
0 4 4 4 2 8 7 7 0 9 1 3 8 6 0 8 9 7 2 8 
1 1 9 8 6 0 8 6 9 3 4 8 5 1 6 7 5 7 9 2 
4 2 2 8 6 0 3 4 3 2 3 8 0 3 5 8 0 2 8 0 
7 3 5 7 0 5 1 8 0 7 2 6 9 4 0 0 3 6 2 1 
0 5 7 5 3 7 3 4 9 6 7 1 2 2 1 0 6 4 0 5 
1 6 8 4 7 0 4 0 8 3 8 1 1 0 3 1 4 9 2 9 
6 8 9 4 9 6 3 5 9 7 9 9 7 0 1 9 1 4 4 3 
8 4 8 3 8 4 1 5 3 7 9 4 9 9 2 3 0 9 2 3 
7 5 2 2 7 1 8 1 1 5 0 8 8 3 1 5 7 7 9 9 
2 6 1 6 5 1 1 5 3 5 3 1 0 2 9 5 6 6 2 0 
0 3 2 7 7 1 9 6 2 0 7 3 6 6 2 4 2 2 3 5 
