2972959717894452000 8571080448000000000 
1 2 
1328822258400 4444263936000 
2 6 
3 12 
4 24 
51636564579600 382365204480000 
220098963684600 295064985600000 
2657644516800 6983843328000 
5 48 
6 30 
217567350 53084160000 
7 192 
8 384 
903421366848000 2597336429688000 
37516602483360 104472072998092800 
9 768 
10 72 
11 3072 
5212486914282648000 1411609332672000000 
12 60 
13 12288 
1045391470729105500 1576871396100000000 
14 24576 
15 144 
4656977325 515978035200 
17 196608 
600273308194560000 1889392861091736000 
16 98304 
1806842733696000 6847523314632000 
19 786432 
75033204966720 355205048193515520 
18 393216 
87277735674904320 1011501875519815680 
3617718598494000 1441710990720000 
21 288 
8259883225513920000 2973528918360000000 
203413033329620400 677221171200000000 
20 120 
333086456102400 13489775050752000 
23 12582912 
10702851567408000 4603013775360000 
22 6291456 
25 50331648 
3118046517505920 335607402332160000 
24 210 
27 201326592 
26 100663296 
29 805306368 
2855026766592000 29658234004439040 
28 576 
870269400 74317824000 
9313954650 722369249280 
31 3221225472 
30 180 
869736320662809600 1092671779110912000 
34 25769803776 
35 432 
3613685467392000 25107585486984000 
32 6442450944 
33 12884901888 
38 412316860416 
649646437440000 1394755794432000 
39 824633720832 
36 1152 
8494326640800 33861058560000 
3202754385600 366238236672000 
37 206158430208 
854869033130112000 941310339121152000 
42 480 
43 13194139533312 
413831094739920 460261580341248000 
40 1649267441664 
210210 3240000 
41 3298534883328 
406826066659240800 1015831756800000000 
46 105553116266496 
48594546000 8323596288000 
47 211106232532992 
3468226094424000 1588824357120000 
693137053889280 888852787200000 
44 26388279066624 
3488400 180633600 
45 2304 
51 3377699720527872 
50 1688849860263936 
49 844424930131968 
48 422212465065984 
55 4608 
54 27021597764222976 
53 13510798882111488 
12906067539865500 66162436200000000 
52 6755399441055744 
4181565882916422000 3469117071420000000 
59 864691128455135232 
58 432345564227567616 
57 216172782113783808 
909742383229680000 102704744862720000 
56 864 
1771619850 59719680000 
103068905940000 80095055040000 
236213811785952000 81347807084544000 
62 6917529027641081856 
462252517650 180347394745958400 
1740538800 66886041600 
18627909300 1083553873920 
61 3458764513820540928 
60 360 
858468961350 97409858273280000 
1739472641325619200 2965823400443904000 
70 1296 
4260710890800 278628139008000 
1071902928096 16072626615091200 
792803819808000 991418351616000 
10589593878864000 4519322615808000 
2691390240 8138627481600 
66 9216 
78 18432 
72 1920 
963256641066720000 1460341921451212800 
84 1728 
643242600 7779240000 
420420 5832000 
97189092000 13079937024000 
6936452188848000 3495413585664000 
6257487292056000 10802030400000000 
570764460434968800 981976272076800000 
1927583658000 74912366592000 
6976800 283852800 
91 36864 
90 900 
487234828080000 380387943936000 
110 7680 
3412894260435660 343985356800000000 
22124687211198000 216130624920000000 
95800676400 4815794995200 
25812135079731000 29705583600000000 
8363131765832844000 5361362746740000000 
105 720 
101674742400 181375126732800 
14264970785520 9986032502046720 
3543239700 78033715200 
23256762418890000 9628569830880000 
126 2592 
84902831302798080 441447874560000000 
3481077600 111476736000 
37255818600 1337720832000 
148502003562080 26748301344768000 
120 840 
1893102354000 10103940000000 
31556720475 2612138803200 
136 294912 
183918600081216000 4532564417052672000 
43790142876480 8561413324800000 
79919739900 836075520000 
140 1080 
631456337191680000 803442735583488000 
1585607639616000 1171676233728000 
58285466309070000 23788231346880000 
132 15360 
27935107200 52929676800 
125318793600 116964914626560 
153 589824 
37119601398880 26418075402240000 
4895979169961880000 2141821866824640000 
156 30720 
2120489280 4069313740800 
85775710418798400 18830510899200000 
1365157704174264000 3440500260470784000 
171 1179648 
344943986974587000 328020056179200000 
168 1440 
1286485200 9604980000 
2039422485481920000 755009334503424000 
8787222003880320 369168142565376000 
27876164123808000 43261891706880000 
593452020601440000 374368864117248000 
145422675 313456656384 
840840 4536000 
317370445920 32912948920320 
42093627986329920 3915419693875200000 
690471142143552000 1351303286827253760 
165 6912 
317657340 1001929970810880 
11120321520000 91776138854400 
212396997227500800 864522499680000000 
190 2359296 
19981166592240 8024490403430400 
330442912800 23543886643200 
6689282229630000 5532915548160000 
56725827624385920 1973245650453000000 
176079170947680000 25342729251840000 
182 61440 
13953600 738017280 
2309482122315568200 1045290877747200000 
2978222662800 1046394961920000 
180 1260 
249336801329616000 131407996059648000 
974469656160000 657033721344000 
57995665225610112 1318457652019200000 
1783808594568000 1577256468480000 
23566659832235520 9777380659200000 
2568100765230 25361352386150400 
220 13824 
1628611498800 33710564966400 
6825788520871320 192631799808000000 
12875774670 90275517038592 
20540331459648000 37493639479296000 
191601352800 10594748989440 
22297607432100 73156608000000 
136210408534200 2028908190892032000 
19428841662048000 64363100110848000 
51624270159462000 41587817040000000 
1420776758681280000 2134862125978982400 
1407929402880000 93501300498606000 
590534529464880000 1260202882498560000 
210 1680 
14406289328340 5843255589769052160 
91103831255052000 89596360949760000 
485195937722496000 60022253491200000 
28529941571040 11888133931008000 
231 9437184 
129199870800 1562616476467200 
226068307264800 85310363601469440 
72938313000 2133492362536550400 
415570065829518600 8463329722368000000 
252 2880 
253 18874368 
5736673800 120932352000 
5046360719400 236196000000000 
240 245760 
63113440950 3656994324480 
272 491520 
15584018578128000 40564808083800000 
668152825179840 86299046313984000 
276 37748736 
1312759571760 18139852800000 
280 2160 
6928446366946704600 2613227194368000000 
286 27648 
1262912674383360000 2264247709371648000 
5282375128430400000 2754660807714816000 
2203961430 11284439629824 
2564607099390336000 956087806722048000 
48432384000 1405485081000 
48736199101590000 8002967132160000 
81848167632000 731398864896000 
3051195499944306000 3687093043200000000 
306 983040 
3946800 7266631680 
438367129200 100007454493900800 
98490500327583000 273055576227840000 
2857306822690320 48157949952000000 
70200 1132462080 
1531832889095308800 397206089280000000 
4240978560 7557296947200 
46718796524400 188116992000000 
10853155795482000 4207442279040000 
483975732240 1152597600000 
300 75497472 
245157 143327232 
1408831480056 38999023360671744 
74127157152048000 32926493343744000 
413053641000 34398535680000 
11027180402784000 5377559362560000 
342 1966080 
303141058458638400 702596063232000000 
3508090762176000 933679498752000 
49572677700 1704672519782400 
336 3360 
2572970400 9989179200 
224729472240 1826434842624000 
55752328247616000 95176161755136000 
351 301989888 
150925003669440000 46630621823385600 
5916832225920 462891646514626560 
1415721106800 24379962163200 
1515495209260032000 5539551334683125760 
1681680 10584000 
325 150994944 
17607686956860 3246253105427251200 
50631495733318500 57610828800000000 
183435768945 11271712171622400 
476721000 49873847435919360 
330 10368 
35953410713220 195689447424000000 
84187255972659840 2636915304038400000 
2310456846297600 1086375628800000 
635314680 3030528924057600 
102722781700 108208436847575040 
22240643040000 191895563059200 
266006544804000 1030045040640000 
380 3932160 
39962333184480 11234286564802560 
22957480 102597629011034112 
5191778592000 6783965048340480 
233018297781469200 2373223773634560000 
378 603979776 
2242502233171200 1793381990400000 
1175035000790851200 258707027779200000 
1663528929334272000 223016017416192000 
36430173299520000 50084741958451200 
34091857800 2564940725275852800 
364 55296 
27907200 4182097920 
4618964244631136400 1173285679104000000 
5956445325600 1464952946688000 
360 4620 
34596555840 80472268800 
323717854838400 1714216089600000 
688096057133721600 135050070355200000 
5329574128420542000 1149819965521920000 
1548728104783860000 788895427320000000 
4251848612147136000 3171783358808064000 
239759219700 1950842880000 
1948939312320000 2092133691648000 
3098193874776000 6323332055040000 
288304632 6220800000 
455052568058088 49533891379200000 
115991330451220224 2448564210892800000 
9341268300 580475289600 
368685071098344000 164034672721920000 
406 1207959552 
34233885766080 1048773132288000 
10852800 193536000 
58663725120 87178291200 
1093245975060624000 366065131880448000 
9199952546400 1851566586058506240 
4316455104945984000 2276885831220000000 
3567617189136000 2478545879040000 
1032731291592000 1416311930880000 
9072965480525446500 4839309619200000000 
20422788194952000 20163790080000000 
70278 50665495807918080 
112560571802952000 200240755900416000 
26644784598432000 39937506840000000 
780100082409648000 594111672000000000 
66638301561314340 8255648563200000000 
3257222997600 52973744947200 
4855767822576000 11615528223129600 
56275622643240000 226538851298760000 
23975921970000 110157594624000 
88498748844792000 1080653124600000000 
435 2415919104 
2835363761065836000 288106816757760000 
2926997232999840000 3895172545904640000 
103248540318924000 65352283920000000 
2815858805760000 514257152742333000 
95762356129440000 177053297541120000 
2841553517362560000 7180899878292940800 
1138990507200 3491921664000 
313169477100480 1350100635667660800 
420 2520 
56189515200 1828707739317043200 
970391875444992000 136850737959936000 
6905065527360000 236590781060874240 
105300 1887436800 
465 4831838208 
462 15552 
258399741600 2902002027724800 
76577641686000 186659085312000 
455 110592 
2608580310336000 8532623683584000 
62451725656320000 7477254476444712960 
2444321880 7620480000 
38282736492000 34854551424000 
3372057615839012100 2822930611200000000 
9438140712000 31603654656000 
786067727445000 398337730560000 
9679223654100 619173642240000 
504 4320 
1602320455623888000 232308351475200000 
506 31457280 
1169668778438160000 289920822641049600 
539706271104 838252800000 
11473347600 112870195200 
637073595281323200 1652780842352640000 
496 9663676416 
68832360212616000 84873096000000000 
648612625080420000 381696065372160000 
896251356000 1271350080000 
115154348400 18575209267200 
495 11520 
2543365802577600 882680198400000 
926269344000 8432910486000 
2319959400 10030613004288 
103970558083392000 16005934264320000 
750688163596800 99901419804426240 
208797757868700 73970611126272000 
31168037156256000 47187633893400000 
1336305650359680 135612787064832000 
1374365956080 1188813393100800 
49612934958444000 225740390400000000 
552 62914560 
2296964189520000 917006650560000 
49614426493632000 14572069319808000 
91642320 8511803295730237440 
1159525191825000 5922584347680000 
561 38654705664 
7458477888752748000 5530639564800000000 
560 5400 
25530548151588480 173604060000000000 
5875175003954256000 1057002999212160000 
2717926002071280000 1427642426327040000 
120700735965810 177529466703052800 
96864768000 5822723907000 
3382801806384000 1907373833164800 
4779046690979299200 2800398258885427200 
20098179901800 46026158034124800 
2083743268254648000 795400780382208000 
528 19327352832 
26361666011640960 685597979049984000 
343006888770 2337302235907620864 
4690025233010076960 2032510040064000000 
175248151791672960 658258978406400000 
1592977479206256000 5151113227260000000 
13340783196 6086724572676096 
6102390999888612000 5161930260480000000 
328518082832940000 42015577443840000 
19211338364400 48748779200839680 
1811950668047520 10835538739200000 
2139523848000 5943300152780390400 
779200928906400000 2636296476133320000 
3514334594752800 208536444359147520 
5321992941893628000 715265187436800000 
131011287907500 161310320640000 
1182665098198584000 163393912281600000 
2268291008852668800 402763705344000000 
16860919046400 114776447385600 
5471766697116720 2641807540224000000 
7893600 31488737280 
630 6300 
876734258400 185728129774387200 
24084903433500 66663959040000 
54132331867614000 46457372344320000 
130520182736829600 342843217920000000 
3916783335969504000 894387153179520000 
15736284610200 587731230720000 
1159604076758400 8623589225587015680 
3613652746343640 541653102231552000 
175560 302776320 
4007319062947200 8556690946003200 
990195791270400 1293304320000000 
19771249508730720 966868944814080000 
10404678283272000 9088075322726400 
595 77309411328 
21706311590964000 5502039903360000 
84672315 185752092672 
490314 214990848 
600 125829120 
201504843523526400 193133445120000000 
448819735050086400 2501791553881620000 
115437174652800000 3193184426055624000 
189529663172850 358467379200000 
826107282000 44947419955200 
1041528987041400 1096847532018892800 
3007203989009220000 790501226296320000 
443521650 206391214080 
495592993530835200 132402029760000000 
3196789596000 36719198208000 
680 442368 
143416845 19349176320 
2581828228980000 7711031623680000 
7016181524352000 3238237626624000 
3534998974835328000 475376247650304000 
289978326128050560 3296144130048000000 
2194553994633000 2317601341440000 
138307634812226880 3390319676620800000 
111504656495232000 112480918437888000 
702 503316480 
703 618475290624 
244527755472000 1589212348416000 
85288348427782500 56514780241920000 
172982779200 415134720000 
234027035001302400 3134566563840000000 
10274868186660 1579821548175360 
1963888319352960 2666558361600000 
3363360 16632000 
111796299014400 62768369664000 
650 251658240 
8203443534000 38578680000000 
32175479700 1625330810880 
580770878688000 1929449919196800 
151544964963974400 178786389196800000 
979110 989560464998400 
17288454351528360 1438317438566400000 
36100888223400 59256852480000 
626444778960 2645395200000 
44143289190 652298158080000 
3828882084300 68024448000000 
5624138375856000 10329880264704000 
666 309237645312 
6603607395 15585577323724800 
775225413963000 323649406080000 
660 23040 
953442000 83123079059865600 
2317817502000 3117115464744960000 
222039871653600 540101520000000 
4620913692595200 1694745980928000 
2914326249307200 10012037795020800 
1270629360 4762259737804800 
44481286080000 794995904102400 
7459452000 354248294400 
532013089608000 1251504724377600 
38798760 466560000 
3407201830524492000 2287329937200000000 
941723502720 1369826131968000 
741 1236950581248 
416959932270420 216661240892620800 
237028852362021720 6347497291776000000 
11131441841520 14983768800000 
14902327440 1547934105600 
346954031424000 289631191449600 
174226025773800 2407897497600000 
273825237174489000 691171927326720000 
16564086 5218385264640 
756 7200 
466036595562938400 3775583276236800000 
715 41472 
108687555678489480 2527714477080576000 
29977781049216000 115337576683929600 
163114560 1162661068800 
33798478633920000 649040853978316800 
3327057858668544000 466306218233856000 
462091369259520 465589555200000 
4646027353968000 11124486438912000 
296642903356800 108825076039680000 
1350614943437760 2156405328000000 
4622078237376600000 2281784252267520000 
7146019520640 116080081108992000 
54029074465416960 505750937759907840 
720 13440 
647435709676800 2111914222387200 
69193111680 134120448000 
207804132559296000 1137939609959792640 
528288591600 200014908987801600 
820 4947802324992 
8503697224294272000 6631910659325952000 
3097456209567720000 1031632481880000000 
67580862754204800 64692159840000000 
1447087439397600000 1142828029062720000 
816 884736 
920873825071200 903636518400000 
16816800 203742000 
6196387749552000 6137351700480000 
1560780 9172942848 
376209256222800 1019744590233600 
3706773840000 10727081164800 
93861960192000 1141253885772000 
150179695009344000 44134009920000000 
5889651768 104976000000 
18682536600 812665405440 
737370142196688000 257768771420160000 
812 2013265920 
23471165718000 66952927641600 
1686027420 19049038951219200 
50055782486389680 485432135516160000 
2186491950121248000 889015320281088000 
50393418389600 4623163195392000 
977965238250 18207866880000 
8632910209891968000 7078145084010000000 
2065462583184000 1673823191040000 
145249632 733835427840 
251063485825152 73230905015009280 
5519103791593392000 739162936512000000 
1084073049259200 48942746173440000 
792 31104 
1549629900 1329969264957849600 
733583266416000 3932899246080000 
2484587021597160480 3539609321472000000 
31089583506345 114126085737676800 
140556 118219490218475520 
225121143605904000 300361133850624000 
5767482232512000 3007320517980979200 
780 2473901162496 
37581505500 222651104624640000 
8039271960720 48217879845273600 
713797869918672000 311155362098380800 
22223497509813600 188779163811840000 
129737084400 1846888243200 
3646660347281952000 1157669951518080000 
436042100894400 1024192512000000 
6514445995200 137731736862720 
7148553482444774400 2587950443232000000 
391091500800 572107536000 
32479399120568400 20858412072960000 
115299157881600 34174096795238400 
32944557600864 2288465781719040 
112551245286480000 267727733353080000 
1585456834541580000 2220777107619840000 
47951843940000 130186248192000 
12180870702000 11064936960000 
91322313669595008 433599912345600000 
870 4026531840 
10491383935632600 6099546499200000 
3398220 63417876480 
64692791696332800 18307441152000000 
445257673660800 263986763040000 
1897506 253327479039590400 
3833313561000 2181980825321472000 
231527029806072000 238923629199360000 
171007200 377864847360 
7592645740680 8218956791808000 
21250934424720000 10324815621120000 
5670727522131672000 480178027929600000 
25886455713518400 8880126204837888000 
37322764440192000 27781728758784000 
2023898516640000 1314067442688000 
193288402711404000 912346944071270400 
858 46080 
1223066700932076000 1378694685995827200 
441768600 214035333120 
181828615989384000 409583364341760000 
861 9895604649984 
206497080637848000 77234517360000000 
361913666400 14447384985600 
73766520828000 165542952960000 
191524712258880000 389517254590464000 
5631717611520000 1916776660221423000 
857728126886400 2605042578562744320 
626338954200960 2250167726112768000 
14841922455360 11987015040000 
573271247577600 1951199605555200 
840 5040 
247118256 6131220480 
49958971122060000 66989122200000000 
245700 5284823040 
466927411860 15216811431690240 
702479335919961600 758799846604800000 
112379030400 4754640122224312320 
5627490372504000 6906764825985024000 
812854224000 22889889792000 
584629184170231200 150644087193600000 
946 39582418599936 
19224940775040 11100157756047360 
201434571564145920 2367894780543600000 
33030724708800 198404640000000 
6071014170752731200 3335959042416000000 
49177680552000 139056080486400 
4613186741800 365203474360565760 
8719664137927142400 1711041615360000000 
370117414031904000 153993745382400000 
5460630816697056 300918390128640000 
210600 2642411520 
17838085945680000 17389163151360000 
930 8053063680 
44482699800 23781703680000 
924 46656 
222381471456144000 47452887465984000 
516799483200 9866806894264320 
29002073100 419904000000 
245520 120795955200 
5840976960 203166351360 
11861676288000 3285983070289920 
925240155840000 15275186454528000 
74289977389948320 235973954764800000 
5217160620672000 11158046355456000 
2043156128013000 6627766756913971200 
40476753462600 1393140695040000 
903 19791209299968 
46312074900 44580502241280 
24141957840 16667909082316800 
93791506208400 120544699613184000 
236052866649600 1083999780864000 
296726010300720 784147392000000 
2223046425600 32607253879200 
3293038924100640 1100753141760000000 
7418150257518000 5964001021440000 
3942216993995280 6351593875200000 
1904871215126880 24271606775808000 
76565472984000 41191742592000 
18876281424000 49662885888000 
5047706415591840000 8985939039000000000 
453839737665600 1410877440000000 
3204640911247776000 485735643993600000 
56219403240000 49401031680000 
1001 82944 
27380811150 144277915796766720 
10270165729824 535088332800000 
45208800 43599790080 
1274147190562646400 2313893179293696000 
14192692800 1444738498560 
992 16106127360 
298718440553988000 614375046512640000 
450978066 14427791579676672 
505625240363443200 514899895910400000 
990 26880 
35420 70778880 
1497195078627600 24488801280000000 
28680150088590000 74263959000000000 
79001274844800 9400114741248000 
20049120 248371200 
26701306632 163074539520000 
5086731605155200 1373058086400000 
7571343780000 37196070912000 
2445544040940 7315660800000 
969 1769472 
44014995984960 988843239014400 
148728580 2821754880 
290044850526288000 685686435840000000 
4351347000 185794560000 
26715460419648000 31458422595600000 
74356652994624000 79294583970201600 
273859555200 621495189504000 
19711011640320000 3599800069196331000 
86136157107000 74688324480000 
953063449097760000 108746200442880000 
5184665163091814400 547402951839744000 
94550880314479680 286058222714880000 
1092 92160 
3331419331141440 659078145135083520 
48722860368 3214525323018240 
3542000 1769472000 
48454560 3096576000 
6100484544 6278369771520 
1272022016729143680 1222681820976000000 
194893931232000 100690926336000 
5097330 105696460800 
62336074312512000 83485813811400000 
47784448412064000 18821457768960000 
506854585036800 627972543920161440 
57769682230260000 578711349677260800 
293636070 94704028876800 
1128 633318697598976 
375866867376000 133382785536000 
33039532902055680 79394923440000000 
1133836704000 423997815521280 
2920802529861216000 1576895952715776000 
51002242619328000 28496491114291200 
1122 64424509440 
1120 7560 
651819168000 1440863424000 
727793906583744000 90621833702400000 
445435216786560 81367672238899200 
80103919896000 14649529466880000 
3711748923577094400 617371750195200000 
5549524806736310400 4031836242739200000 
5435852004142560000 1687213776568320000 
1140 3538944 
454172464746000 720135360000000 
11184624182160 157803970402713600 
650238220632000 1327353495552000 
146748615156 10144540954460160 
1035 158329674399744 
2489031721099123200 6598880548356096000 
36136854673920000 2140421662765386000 
2980465488000 19865154355200 
168541746787814400 128724973977600000 
8532235651089150 451377585192960000 
693609647335113600 3472081200000000000 
609094186105204800 419030599680000000 
2782560 362387865600 
119487376221595200 438839318937600000 
5160296121778717920 5191427004825600000 
40196359803600 72326819767910400 
1108186842212049600 5213411108978688000 
4167486536509296000 1084637427793920000 
217538398451404800 760108098840330240 
2057260912337030400 4807755828088012800 
164068870680 4723920000000 
16522145640 7705271992320 
180215634011212800 66201014880000000 
588724259925151350 8815968460800000000 
154355993535744000 106254672123600000 
306957941690400 246446323200000 
3215749865328000 1055947052160000 
1056 32212254720 
20720700 11560550400 
1325624615563248000 611086291200000000 
60403728840 389550372651270144 
1623335268555000 81805696302330000 
699669595567800 16124313600000000 
1081 316659348799488 
97566574433328 5350883328000000 
6676335231766200000 2782537809891840000 
15960392688240000 55645322084352000 
516300642000 1034643456000 
4267863600 19399564800 
10018297657368000 54192375991353600 
83237426266176000 67447863708825600 
901350450 85996339200 
19192391400 11145125560320 
3583833630904800 2269749081600000 
1225 2533274790395904 
5190977391600 80621568000000 
665514380784953700 2708884684800000000 
2365330196397168000 256761862156800000 
21875849424000 47151720000000 
908107200 4994589600 
40098866001093900 4570198050078720000 
25795471572121680 6604518850560000000 
432456948000 670602240000 
1260 10800 
8109703530504576000 1375509975840000000 
1753468516800 631475641232916480 
633549184632 297203348275200 
5553982803600 130606940160000 
6570361656658800 2851736025600000 
8561520 3562417673994240 
317444400 5464166400 
2574330271951838400 3119086278000000000 
7833566671939008000 2125093442472000000 
46495680 7247757312000 
82157866560 114152177664000 
1275 5066549580791808 
17599117536 144074700000 
7921566330163200 5604318720000000 
494010316800 28880710578720 
100898946720 493137407508480 
324337467738984480 7414629132769689600 
101515697684200800 181021219061760000 
17520964417756800 21171979584000000 
792789258105187200 2057059307520000000 
30278164316400 132269760000000 
2522811437314039872 4247531185766400000 
41064607584000 112927670856000 
39907296 874800000 
899510451840000 1204561822464000 
346568526944640000 52819583072256000 
22921198872000 629856000000000 
1176 1266637395197952 
902012545986552000 2902922094772224000 
270603763795965600 1303352777244672000 
6353146800 6493990551552000 
15056886443098500 1137471514686259200 
2756263910400 7255005069312000 
1190 128849018880 
8886372485760 163258675200000 
1149994068300 504972705288683520 
3483301360 13209037701120 
43412623181928000 9503523469440000 
3110799097855088640 538238769868800000 
2996990246250 31863767040000 
52331045326680120 2229025112064000000 
75764315088 93513463942348800 
403009687047052800 358676398080000000 
42354312 333976656936960 
38224415716879392 835884417024000000 
83519103147480 41094783959040000 
4384372679406720 7521989255862681600 
379059326345700 402361344000000 
1788279292800 14046068736000 
1652214564000 48157949952000 
936990054000 1005903360000 
7576292349853920 2636312580540334080 
360540180 57330892800 
3315145770256320000 1721663004821760000 
6014407978018440000 934228721986560000 
876506400 7610145177600 
5029535511000 472803390259200 
3343048982547674400 5514778743983308800 
1365 165888 
997377189000192000 7854109241882904000 
6393579192000 43395416064000 
1562275 1719926784 
1301450344646131680 9029615616000000000 
1348376833440 10447207299809280 
2444321880000 62494802370000 
14032363048704000 13415555881728000 
8758028575296 5707608883200000 
22480365600 28573558426828800 
36036 388800 
579956652256101120 4614601782067200000 
4389107989266000 4304116776960000 
931395465 309586821120 
1322809488000 15055552512000 
858385958369940000 143053037487360000 
280902911313024000 108128978141184000 
1406 1030792151040 
521248691428264800 571643448768000000 
1659391212145590 44079842304000000 
255218243280 1322697600000 
3645467692798932000 352130553815040000 
2482104916680480 91538631268761600 
55767489745968000 1298081707956633600 
5364879520 3246995275776000 
30013665409728000 73551575097000000 
4212540445012099200 1607738932800000000 
76205083500 4577977958400 
34634022093216000 128726200221696000 
10188656478000 288947699712000 
30452176755000 60242434560000 
170576696855565000 33659538232320000 
125890276881600 2448880128000000 
16672848192000 1853178928801200 
345965558400 581188608000 
1051257865065408000 126046732331520000 
71927765910000 204578390016000 
1910097995900094000 681374794383360000 
7805325954666240 49991519305728000 
5333065920 12454041600 
27390093258528000 6846982990848000 
1163381400 391820820480 
1378 20266198323167232 
2083124395885104000 714550636800000000 
108162054000 1404606873600 
62126738372160 1800134180890214400 
19845770597452800 52562379870000000 
3927776638705920 4190305996800000 
6726720 40824000 
321085547022240000 165197049937920000 
445431759367795200 243899950694400000 
1328957852508000 2232970740000000 
122792014022148900 263363788800000000 
1652309884071000 3199870033920000 
35990 7782220156096217088 
781403725595493000 454249862922240000 
1923455324542752000 682919861944320000 
713897184000 4589899776000 
1179205990316640 51597803520000000 
16406887068000 60623640000000 
1161541757376000 4304157512054400 
2153331180 78275778969600 
25140840660 240734712102912 
706829760 1046394961920 
1958220 1385384650997760 
72201776446800 93117911040000 
11615460785878950 44108290800000000 
1287 62208 
39997994400 461722060800 
2730350288433768000 1782335016000000000 
3388073211268855200 3185648389324800000 
4635045364950 10654203248640000 
30723755924862000 46266189742080000 
88286578380 547930452787200 
105635990363904000 682139382102097920 
1984729277607199200 5149048008867840000 
408186688955760 34398535680000000 
7775127360 5549064192000 
352633476166171200 162232093900800000 
38567100 330225942528 
1330 7077888 
1332 515396075520 
1550450827926000 500185445760000 
873154260178200 325470688955596800 
1320 17280 
14991840864 65318400000 
886163135 1352605460594688 
32370046800 2194449287180451840 
1906884000 182870773931704320 
16101860100516960 1203673560514560000 
668304 12441600 
9241827385190400 4115811667968000 
158545683454158000 317253872517120000 
1326 10133099161583616 
446775310800 9749755840167936 
35557596015701760 306070526361600000 
454634894891923200 1201158477179781120 
163601438000 1102248000000 
6044040109800 1184866161131520 
5828652498614400 18593784476467200 
515057400 114661785600 
2541258720 12381875318292480 
13692977760 48922361856000 
1492260 221184000 
4976259690402000 124410946918809600 
141626561491800 2468471169024000 
6814403661048984000 2703208107600000000 
77597520 326592000 
525067363160340000 756142128000000000 
1618589274192000 3771275397120000 
5221616400 156067430400 
157531148611200 290527882444800 
3942216993995280000 399147985716480000 
35910 29491200 
3712555350 1044855521280 
2382658622744400 1303650754560000 
90942317537591520 200741732352000000 
35904 225485783040 
5583833073000 8727923301285888000 
15399227844000 55190215080000 
865778809896000 2753267517000000 
29664290335680 15981304872960000 
1485 81064793292668928 
67074339522516480 113138261913600000 
823727520000 2712213504000 
1141637500523520000 5914769526521856000 
1482 2061584302080 
102157806400650 4508684868648960000 
833919864540840 303325737249669120 
29804654880 2167107747840 
625141773819763200 830018380791600000 
1040895175320000 11216045998080000 
348452051547600 41897654275276800 
6486854220000 16621994188800 
109435333942334400 7249119890374656000 
547650474348978000 1086127314370560000 
35960 21743271936 
20671979328 200907832688640 
515520683830152000 111853234741248000 
50867316051552000 10270474486272000 
132326164833408000 47537624765030400 
7268184000 301111050240 
1512 10080 
864110860515302400 98860182220800000 
1299253539145161600 6407704188813312000 
106260 165150720 
27990458496000 1830755185459200 
1431 40532396646334464 
132177165120 19110297600000 
