114836762086200 5924330805657600 
194389398126000 914248581120000 
1833241410000 39769419690000 
20326980754080000 416965258980270000 
5960930976000 51649401323520 
133989577722000 135545477760000 
15824781508536000 533189772509184000 
141073705080 55037657088000 
1638189245009116800 3686250279075840000 
282172800 2370816000 
324041572693238400 57621363351552000 
424546445507184000 77806624896000000 
108901623600 10448555212800 
30626189193600 26404963200000 
1124076850246350 11027072700000000 
14950 339738624 
1387219294670227200 5456127600000000000 
901956132000 1600119271902412800 
221211042659006400 231330948710400000 
6483405600 1584880040741437440 
536878650 28855583159353344 
2341597786399872 25505877196800000 
20951330400 32691859200 
80271386755560000 69082402701312000 
4280561376 380420285792256 
4478530320 14676708556800 
847018302817213800 1365277881139200000 
92336063013844650 8353747683193651200 
6099606074225664000 903801754791936000 
31920785376480000 96114647236608000 
1362880732209796800 980284258800000000 
1101743895455002800 2591894727475200000 
21872108727869400 2559310908044083200 
8658619828404480 1797485850368409600 
254829438112529280 991668505411584000 
118501912267200 4761097076736000 
79077841920 1430277488640 
7220177644680 108839116800000 
203863839379200 307257753600000 
17227231421400 20369543040000 
33044291280 11890851840000 
39368968630992000 34863345893376000 
1416265614918000 4223828444774400 
105020765740800 177770557440000 
76224749328000 246948700078080 
11945146838625 26336378880000 
26815597760565900 2063912140800000000 
25700298624 97977600000 
3830494245177600 9564703948800000 
17100720 503819796480 
184064139168 1902101428961280 
1759911753600 2315673360000 
39382787152800 78219045273600 
14880 24159191040 
285409375130880000 506604286476288000 
204551146800 5984861692310323200 
155427910157520 324060912000000 
10216206000 4951788741900 
248461290 47352014438400 
33081541208352000 53958290967060480 
6104077926186240000 1073264583815424000 
172372241032992000 434033512257945600 
9380047650246000 54611115245568000 
71658905947200 344329342156800 
4765317245488800 2172751257600000 
17643225600 51459408000 
944177076612000 3017020317696000 
1731557619792000 4255049799000000 
269100267980544000 618188815030026240 
158843908182960 423263232000000 
59328580671360 21095322432307200 
736281000 849346560000 
2287352277834624000 246491387670528000 
588965176800 700539840000 
983921377554561600 351985703731200000 
77519922480 20829925665669120 
29405814407424000 8897416399872000 
123774473908800 274337280000000 
22563055139625 39504568320000 
783356667193900800 184790734128000000 
92906697633750 350501437440000 
328074738591600 4353564672000000 
78186304875435120 364074101637120000 
9952519380804000 195502916586700800 
1318083300582048 119859786547200000 
2961840 634967965040640 
15542791015752000 7723451736000000 
8348581381140000 11258803876320000 
619491241913544000 187569542160000000 
61949124191354400 33100507440000000 
9404913672 19813556551680 
33878301256800 238616518140000 
791960289120000 251016074904394800 
39540177600 48831764889600 
47314688498597520 6213531334606848000 
6046560 111974400 
21682112804352000 374005201994424000 
532613252071929600 7063165992960000000 
612946838403900 5635856085811200000 
28712052369000 24896108160000 
433692539280000 375447840768000 
6054048000 52378326000 
119599383103200 5891348228367974400 
1734770157120000 2878433445888000 
1031041367660304000 172864090054656000 
41345355411360 117622108800000 
25564265344800 858174668144640 
36679163320800 606790169395200 
101734632103104000 17739910476288000 
52456919678163000 15858820897920000 
328883508954000 117690693120000 
1728221721030604800 201674771730432000 
310186854035058000 493807104000000000 
3520674857700 37768318156800 
45780584446396800 13576462099200000 
135513205027200 241987866120000 
59609309760 4777574400000 
106858629141264000 72309161852928000 
1250283547639526400 1735492978018800000 
24711825600 89413632000 
340243651327900320 203251004006400000 
7090581680 384741108791377920 
4808643120 2350924922880 
4818959145000 291325870080000 
103260128400 413857382400 
1398851191417680 1120324867200000 
8571920468070960 67421129932800000 
42471573018754880 339802494861312000 
1442591493407064000 901454217766502400 
558282775050 8453784128716800 
671560012200 1015599566684160 
792356269264560000 547628220544204800 
124324200 13377208320 
140277737096640 2267481600000000 
3521402824932115200 967960685260800000 
207976652741088 1386631941712773120 
202389851664000 78460462080000 
39653149536 9988315545600 
33522128640 66162096000 
6360110083645718400 3019275517104000000 
30304769331564000 163833345736704000 
515344529700000 1076833517760000 
5770365973628256000 3906301610321510400 
1452971520 12570798240 
708158599948800 3707279250554880 
822811444387732800 182511105638400000 
2233131100200 53575422050304000 
3030476933156400 83588441702400000 
9816086280000 8826801984000 
19056187332000 39109522636800 
46092926880 134719200000 
74944452623040000 422904447841075200 
635013559600 876488338465357824 
264354330240 61039706112000 
441233078286000 10077696000000000 
89087043357312 48820603343339520 
1210951205912448000 373044974587084800 
329652081158400 6500484542103552000 
5287657503558830400 3407443879039200000 
81010393173309600 16947459809280000 
1027473750471168000 858595576430592000 
6500373021620478000 3671080524840960000 
4213543669695360000 597554879201280000 
528950214249256800 254936147558400000 
165032631878400 529079040000000 
5618951520 299243084615516160 
4375865239200 30474952704000 
1706802389635464000 2357047123200000000 
98847302400 387459072000 
117636261915900 1826017371802828800 
13334098505888160 134842259865600000 
241181239899600000 192944991919680000 
187413595724678400 235327584780288000 
13752719323200 251942400000000 
5177300581894240800 1466607098880000000 
442985950836000 1155217140000000 
183122337785587200 31678411564800000 
7669695 1781208836997120 
86577880989600 170201991960000 
3245372870670 5258930030792146944 
312948876240000 1101575946240000 
24135207033600 4212857461800960 
63356823129600 3706357857602400 
1723722410329920000 4863401150172364800 
7860274162794900 38014456002969600 
2630851749145620 479439146188800000 
34106002257600 749877323964088320 
107550162720 130767436800 
8941396464000 33108590592000 
76837574895681600 2034191805972480000 
240638388410420 8115632763568128000 
194876589600 20897110425600 
330148445526900000 240187816028160000 
25827165 205195258022068224 
1929449919196800 900333802368000 
75497944501980 3095868211200000 
5250960 69984000 
67303966569840 876688724459520000 
67985386560 26311485051371520 
132490795645010 519986978142289920 
50886591275520 67426959600000 
8778215978532000 5794003353600000 
5975009040 40824000000 
152601948154656000 23341987468800000 
5363119552113180 687970713600000000 
40334204896057800 696570347520000000 
36578724 166988328468480 
5646788685448092000 4205055873908736000 
9589876974216000 17919272189952000 
12748164000 124157214720 
1086008 133590662774784 
1311422991954075000 959458664324160000 
1681876674878400 1355796784742400 
3270315756708000 3154512936960000 
2002900569529860000 519229543472640000 
1902548201449896000 1312277381775360000 
1720240142834304000 297110154781440000 
203067496256625 144850083840000 
4076889003106920 32631826887475200 
9364199760 60183678025728 
7818730371423972000 1976253065740800000 
19081898060940 3159643096350720 
7908499803492288 439485884006400000 
33345696384000 6233420033240400 
691931116800 1411458048000 
45360 900900 
143855531820000 316166602752000 
4272048 146767085568 
3820195991800188000 1070731819745280000 
2728711422714420 48372940800000000 
1398851191417680000 199573992858240000 
2660486400 12002256000 
314747160 324699527577600 
431765016883200 1490617320192000 
1637536289813424000 309744468633600000 
19522249554654000 38398440407040000 
69854659875 2149908480000 
4166248791770208000 647298812160000000 
8196280092000 45148078080000 
98856247543653600 1450303417221120000 
561805822626048000 252300948996096000 
689488964131968000 1326382131865190400 
4788117806472000 11330495447040000 
5311735 3869835264 
10101723133138560 2139864107581440000 
722273204019407040 8543605585084416000 
61565935678447200 1421839393357824000 
111534979491936000 1756228193117798400 
975112645838760 137594142720000000 
152410167000 8501959065600 
20216497405104000 7984860871680000 
132446714400 480926385989222400 
19061268981955200 6778983923712000 
18302532000480 2229025112064000 
4582116 2188749418902061056 
16865820972000 14082647040000 
2323083514752000 12129898443062400 
7930629907200 137339338752000 
4306662360 108716359680000 
122522400 399168000 
41912795925 1203948748800 
2321561793435885000 1816999451688960000 
775975200 2286144000 
1472412942000 2987532979200 
5831345520 3329438515200 
7628944752 58706834227200 
606494922153120 1254635827200000 
45540 395824185999360 
13933676156400 90296156160000 
5943198191195865600 4949160411267072000 
1374252079200000 5199567557184000 
1018383898440480 767793272413224960 
144403552893600 130365075456000 
8649138960000 9880206336000 
129963197604240000 18673589975040000 
4197677432621400 284367878671564800 
227908800 2128896000 
5556648715345728000 1518492398911488000 
49962968415360000 192229294473216000 
1563933674160 1232843518771200 
7855553277411840 6221969510400000 
20654625831840 117050572800000 
613062000270720 52738306080768000 
4631346720 28814940000 
371783264973120000 607925143771545600 
5289502142492568000 941525544960000000 
873408586050 2633637888000 
76396320 2127950823932559360 
642171094044480000 345412013506560000 
245584028044297800 413857382400000000 
3705077376 24324300000 
4466690698104835200 1210532843520000000 
64740093600 3657415478634086400 
604800 38798760 
169911 16307453952 
317091366908316000 374936394792960000 
19914562703599200 313456656384000000 
3786806457000 31998700339200 
11657304997228800 63218867219988480 
415573828750080000 677904808148568000 
5082517440 70163960136990720 
1649102495040000 739162936512000 
12816627183360 6529504562380800 
6776146422537710400 4778472583987200000 
30270240 151351200 
1872686075420160000 3392046092058624000 
8117109000 5699868278390784000 
2174340801657024 17657914982400000 
90290221493472000 111218377516646400 
61447511849724000 36824110202880000 
1576886797598112000 198073436520960000 
782923692751200 3750279543521280000 
224967600 10032906240 
176573156760 913217421312000 
232016584800 740710656000 
50694309105640200 7835405474856960000 
15550254720 8719958016000 
253109001600 1815799265280 
142202294720640 6937598597529600 
59950765346472000 25744839120000000 
699761462400 27467867750400 
3197744477052325200 1567936316620800000 
257259989226240000 164340559551168000 
42142136400 448864626923274240 
551271405484800 660124080000000 
1624539970053000 627683696640000 
683970837139590 528361508044800000 
1848629831368320000 4421273772883968000 
114733476000 538014597120 
116880139335960000 2972558781762570000 
2062184071147200 5309413982208000 
75102680156504 507227047723008000 
171781509900 560105280000 
15179238874800 30686758502400 
1029530696964 25999348907114496 
1391975640 5015306502144 
167960 40310784 
129917596482273600 52146030182400000 
300489124522882680 7583143431241728000 
46620 1803886264320 
6527972226615840000 3977669181245760000 
15956592594742800 41664974400000000 
54662298753031200 63997400678400000 
15260194815465600 3334569638400000 
2855191479674688000 571976768563200000 
1037836800 9311702400 
3411533937111300000 1011831930869760000 
356948592 8465264640 
827368305560160 41608468758528000 
3085546002000 156728328192000 
2544329563776000 1979900722800000 
118966311653112000 65368773550080000 
1173274502400 1389404016000 
176493231314400 564350976000000 
60741165925440 20547391979520000 
2856373062290748000 6842602080534528000 
1369834705043925120 5074853374092902400 
2409402996000 2353813862400 
42876664871040000 17000747539776000 
7542478944000 86952677011200 
55065888170092800 118216098000000000 
3672479651516676000 5930255136463257600 
122895294801552 639106080130990080 
2541868560 3669177139200 
1165709326181400 998107608960000 
429600569858460000 143727495690240000 
455147303902790400 599975631360000000 
926108119224288000 525631984238592000 
227128665178800 2047916821708800 
646927916963328000 230380839456768000 
5759680110714129600 3864278347776000000 
51681694264200 56582064000000 
669947888610000 2733500468160000 
5490759600144000 27305557622784000 
230230 764411904 
616209943789440000 1345605061312512000 
400731906294720000 800573297242118400 
1957573800 121762322841600 
61557375342563100 3797158037815296000 
3701174140319040000 880844223587328000 
185596566403248000 84360688828416000 
73366321228200000 63994677626880000 
6341827338166320000 4124300342722560000 
42072307200 2603740708208640 
1472581440 45717693482926080 
1272293568000 224829584179200 
98604335730700800 46260537523200000 
529261140695253120 2677504964611276800 
16368 48318382080 
411090962375808000 2575556613630000000 
325269404460000 565147802419200 
19985187366144000 82383983345664000 
33356093823360 2197429420032000 
16380 645120 
3170913669083160 36707059630080000 
139532613620400 7013509795676160000 
4883760 139345920 
2799045849600 173439964938240 
22300931299046400 2425384469696348160 
174231911788184250 849084597900000000 
255570221362856400 3265173504000000000 
903421366848 8985022200000 
492189984 23482733690880 
4764860100 3896394330931200 
166786103592108000 33894919618560000 
52115567961600 780479842222080 
194424943615943040 82805964595200000 
3150122317056000 7071074010000000 
4931936729596800 18102121906176000 
230300 5699868278390784 
2523018876156979200 315116830828800000 
168568545600 7924400203707187200 
20247055308480 16273534447779840 
188848296 125241246351360 
334639305000 1991485440000 
60757794879982200 74071065600000000 
7119429680563200 3280713292342886400 
83451500853177600 289633950498816000 
5073461870533056000 3965673406464000000 
4065411275057632500 1918917328648320000 
15048370248912000 10243797929164800 
104756652000 199783584000 
5916914950736275200 4199829419520000000 
427447366714368000 2244031211966544000 
2380278344400 54854914867200 
995509341918000 1026624969216000 
83628492371424 3210529996800000 
5468201539198398000 1176906931200000000 
905975334023760000 611846754140160000 
2765492472600 1100753141760000 
43452264947691600 5424511482593280000 
44172388260 90531302400 
1419198117838300800 370039154284800000 
6986821503203942400 1295295050649600000 
250179155388162000 70976541081600000 
118823494952448000 47636709120000000 
194090796900 1128701952000 
184410179749635840 5034111034982400000 
6186552213441600 8343364829184000 
179145348854472000 725730523693056000 
360189200 118747255799808000 
254298158400 369853055631360 
605682 159252480 
199835884488240000 93784771080000000 
122216094000 181621440000 
39167833359695040 28033269264000000 
301991778007920000 289236647411712000 
99210711600 585252864000 
16215 474989023199232 
76767600 57982058496000 
13042901551680000 55462053943296000 
104502571173000 421382062080000 
19336323368419200 293865615360000000 
10056638592000 49473074851200 
139380820619040 2118949797888000 
2859190347293280000 264097915361280000 
168168 1632960 
4517123638952925000 2878375992972480000 
1333409850588816 61917364224000000 
807206400 3675672000 
433210658680800 338949196185600 
13287130046190 13698261319680000 
34596555840000 62574640128000 
519852790416960000 56020769925120000 
130237869545784000 48142849154400000 
2315339903036160000 561024668812608000 
2218843106526103200 1885637698560000000 
391527986850 10497600000000 
11119073572807200 8295959347200000 
25254771696000 7429125190975488000 
215030017854288000 59422030956288000 
257297040 1428840000 
241181239899600 224064973440000 
1305594445323168000 588412600776000000 
4084557638990400 5173217280000000 
55657209207600000 51946728593760000 
657720 77510737920 
318891121108560 130590091247616000 
99561092450391000 3782285936100000000 
92431491568416000 151759969320960000 
254425307479200 6449725440000000 
117386113965120 147532492800000 
43143568314000 3818466444312576000 
13357328642658000 98738846760960000 
5442489186076800 102839696857497600 
5889651768000 5280992640000 
48767866547400 270888468480000 
365015428923600 113747151468625920 
24556635335232000 5913303492096000 
991422039928320000 2671186237784064000 
3248970177600 468095273533440 
9924314400 75473798400 
34061188038777900 95234227200000000 
168245 106168320 
68008882435494000 622054734594048000 
5654065697280 4763670912000 
5497008316800000 29464216157376000 
693830190943169280 349337663136000000 
77220 887040 
6752488725360 136951302885212160 
206137811880 251475840000 
67463283888000 36614882304000 
352716 14929920 
47092546896595200 14645952921600000 
162570844800 5885971660800 
60686307187038720 257132413440000000 
7624507592782080 3259126886400000 
6744109680 280655840547962880 
191090415859200 573882236928000 
513508286491200 4682022912000000 
77751273600 5350883328000 
595644532560 154105439846400 
1313704286294400 56505327943680000 
30199177800792 2063912140800000 
18775670039126000 8284708446142464000 
164490480 33018334182113280 
144547956446493600 46340710416000000 
231045684629760000 33612461955072000 
167651183700 2809213747200 
708777521337600 4043259990000000 
28728706838832000 49098813603840000 
38164943456640000 52095147818313600 
224403121196654400 78219045273600000 
84694165920 1015831756800 
441860782381200 170620727202938880 
2360528666496000 2438999506944000 
63756000 23616552960 
97675200 1845043200 
235489703970060540 3526387384320000000 
169391506284000 938233656360000 
49158009479779200 39055874457600000 
37469228341545000 54460236600000000 
1639868962590936000 492779985223680000 
23558607072 116397388800 
711901089900 721389578983833600 
514807675200 8126654054400 
252439200 275188285440 
7584378605451648000 2984359796696678400 
3862423550905920 3375251589169152000 
1225224 18662400 
1373550338160 125241246351360000 
561672059334946560 1111528928160000000 
1308126302683200 1609445376000000 
4095525432650652000 2800812168000000000 
479606122771776000 145887421680000000 
87782159785320000 33141699182592000 
650741651821800 9873884676096000 
29578416923775720 1289945088000000000 
3719111760 854980241758617600 
14248245557145600 15584018578128000 
33390720 8061116743680 
88484417063602560 147210603724800000 
295665174604800 1467326424564000 
23201658480 377913600000 
98491800548100960 4660148500955136000 
1335773020982400 967951464480000 
4336292197036800 61214105272320000 
3097444686336000 20216497405104000 
5517558002436480 219742942003200000 
41588223233356800 11432810188800000 
7802858647584000 9373409869824000 
657800 1146617856 
1822675727322450 1462463376025190400 
3241475864250624000 986043357307008000 
631437354016560 11609505792000000 
2366765980294510080 2828456547840000000 
17813250 47563407360 
6022754577239400 379157171562086400 
45946585011600 158723712000000 
55620544379400 60942042582220800 
15794270692200 7213895789838336000 
10794125422080 7410154752000 
518466516309181440 102895291699200000 
754979445019800 6067901693952000 
3907136086373520000 1562854434549408000 
1181886003930996000 1001203779502080000 
352192394400 142867792134144000 
26978328 41747082117120 
32818989294000 83806119936000 
30981938747760000 34778326302720000 
28050390149581800 51197920542720000 
1454495230403315100 4147031563960320000 
29599515805860000 30023477003520000 
1027539513000 4966288588800 
462258137741400 564149194189701120 
2606210162514504 111451255603200000 
1264264092000 6400477087609651200 
1126615954464000 3191422884249600 
253088191356 3804202857922560 
1487133059892480000 5876609723124940800 
386242355090592 1095860905574400000 
50091488286840000 162577127974060800 
6198519600 1424967069597696000 
1130992861824000 1634219338752000 
698726868840000 282457663488000 
147016983526459200 1310666765893632000 
13217716512 4280706662400 
22093039119060 73123168801259520 
21090682613 2282521714753536 
61841343564000 35961045120000 
4037880 743178240 
296541907200 1317360844800 
28830463200 83026944000 
83485813811400000 96472495959840000 
633946309920 400029817975603200 
377123947200 2998368172800 
428338310400 996323328000 
397096355040 171228266496000 
2464735996800 2539251774259200 
14136595200 1783627776000 
187769325744000 472103976960000 
5583363372631044000 2017554739200000000 
175522518542170800 226842638400000000 
3710480613840000 1847907341280000 
498841200 2449440000 
1602317316600 8977292538465484800 
209554474668000 4166024818631639040 
4329252761652000 51490480088678400 
44651641462599600 105345515520000000 
2497948556103000 4243654800000000 
443499411824469000 84148845580800000 
601894336682839200 9061399862968320000 
137546862453000 1483264858521600 
1240323373961100 32248627200000000 
346340220932160 10402117189632000 
78088998218616000 84476568895488000 
51895935 69657034752 
7283751308841407400 8639649091584000000 
7619484860507520 141263319859200000 
1533939 1068725302198272 
17417133617 12173449145352192 
885801794197320000 1239373082787840000 
2085829097352000 7715736000000000 
766710664088569200 1935281396514816000 
55576160640 254724069600 
2494800 25225200 
8047319280 4286033764024320 
30324746107656000 7202670418944000 
18495711234000 42489357926400 
60007698646896000 96997824000000000 
542657789774100000 411056721915840000 
8780991698999520 71416456151040000 
126353108781900 256048128000000 
12991759648227360 14898865766400000 
5006386 4377498837804122112 
1665432280512 178362777600000 
658008 8349416423424 
108690846264000 76046294016000 
15840 120960 
279236803126554000 1081300081862246400 
110049481842300000 53254312151040000 
129469978638000 139485265920000 
2775880605239280000 629174445419520000 
14987960 64939905515520 
575422127280000 2002388484096000 
472061304 1100753141760 
15245235565560000 1791735431214128400 
5550996791340 590490000000000 
735471000 13436928000 
4860468606193200 426551818007347200 
1349265677760000 1079412542208000 
12221609400 27941760000 
689020572517200 14810827014144000 
46200 378000 
1231938227520 3745942200000 
633568231296000 14825431430409600 
109523244600 240463192994611200 
8382280897710720 732309050150092800 
575527347326131200 893560457790000000 
943232899535388000 604007467602739200 
525060655451640 202217158166446080 
2347116571800 17167417344000 
70864143535785600 66952927641600000 
133382785536000 127785110681428200 
1136464726320 2933551998487756800 
15747732000 238436352000 
13948704 2609192632320 
77520 13271040 
1046620906533602400 6116444907503616000 
46929569232 118881339310080 
6701683275037296000 7028450532104601600 
5527200 81275899525201920 
138786023376000 1071246842265600 
5898961137573504000 995924798668800000 
1160068104 375723739054080 
888262354736757000 627174526648320000 
531005187886588800 443501986701312000 
22571792812800 89829054433198080 
278673523128000 496628858880000 
7332965640 28576800000 
974457207360 78934455154114560 
3260725387920 10581580800000 
1543559935357440000 1355809616297136000 
772299081585551520 2778822320400000000 
71700108480 93405312000 
867287738678961600 157558415414400000 
17869335976800 3808877661388800 
58227239070 677221171200 
120470149800 459841536000 
10524272286528000 2334198746880000 
3379620607042680 2761569482047488000 
48910880818800 41845579776000 
8093353321773720000 3266836192620000000 
5153445297000 8899450560000 
9877110004361600 113267498287104000 
2282507771544000 1704000291840000 
134776649367360000 46008007879680000 
38693207358182520 5136847994880000000 
1124481574348070400 3040432395361320960 
2090712309285600 8427641241600000 
61873054190473680 5991619501228032000 
345945600 1470268800 
6307037530794000 3186701844480000 
6926804418643200 105321436545024000 
608014959552000 7637593227264000 
178293654000 623423092948992000 
3403798032492000 6172588800000000 
3106380349136544480 1583935666790400000 
3902662977333120000 8569379600990208000 
99100477476000 286773903360000 
46650764160 22671890841600 
15812550 227994731135631360 
277880803200 1613252440800 
24198786612000 29331862560000 
67603900 10883911680 
9085871548065312000 4689238554000000000 
137472182354707200 48886903296000000 
151792388748000 95896120320000 
32558400 425779200 
581981400 1995840000 
795102988680000 458503325280000 
7147975868233200 3621252096000000 
469544455860480000 443278750666752000 
98946149702400000 200860683895872000 
10477851122138400 1265719345938432000 
1724425560 1502894956216320 
287711063640 2090188800000 
540646902033638400 198603044640000000 
2576936167650 3611020681543680 
68142094020000 2009414408601600 
15347897084520000 15998669406720000 
529479693943200 744943288320000 
30565969434000 635684939366400 
20837432682546480 37924385587200000 
24864840 11466178560 
10426224494400 4068383611944960 
1760791709476800000 664918126000128000 
75614951333376000 107916581934120960 
729835714608 1585084524134400 
513307594800 2823864120000 
8576568000 87405318000 
94106392380000 5687027015670000 
118959448608000 882895749120000 
304980303711283200 54922323456000000 
185175900 1451520000 
31768781636592000 7908814577664000 
22841031978945180 123423558451200000 
3597045920788320000 1490135807160000000 
19000467486000 168552824832000 
2194479856800 523197480960000 
86411086051530240 22813888204800000 
419236121304000 156920924160000 
9626903526240 145118822400000 
6876352785240338400 1506440871936000000 
23621381178595200 22348298649600000 
85072747760000 61787613888000 
119750400 38818159380 
3251416896000 99189522432000 
155045082792600 124480540800000 
46376 86973087744 
3113690025600 31397100134400 
300652044000 727326941773824000 
66157642586906640 1671768834048000000 
662585823900 1050809760000 
2498148420768000 8927057018880000 
500709005119065600 2560364122409533440 
15504 4423680 
387180585792000 742096122768000 
33762443626800 821707817311272960 
117355828590000 409156780032000 
968330880 68519492321280 
24738587209440 5617143282401280 
203546365102080 282842960400000 
172848475800 294226732800 
914940911133849600 120829111603200000 
64314175685760 2499591079880294400 
1266697832400 43342154956800 
73946042309439300 1934917632000000000 
5971575495600 60197437440000 
1873365342132784500 1209827404800000000 
115070764336528 39627113103360000 
610407792618624000 97569507619584000 
3337052165759312 247669456896000000 
99118598706167040 158789846880000000 
161336819584231200 2902376448000000000 
10014364039680000 28033438777344000 
59890874472000 137168640000000 
9153586499832918000 5794003353600000000 
4669920 20318974881300480 
163818924500911680 983000074420224000 
15600 880803840 
275955189579669600 112133077056000000 
79398827392204320 2311581597696000000 
174605603172000 25389989167104000 
4708617513600 7457942274048000 
651552540628626000 1287262002216960000 
22029527520 9172942848000 
451712363895292500 442827075841920000 
2946796240227840000 3961803834084096000 
5762818117176120 1027369598976000000 
2547278673043104000 295665174604800000 
16082402379120 847579919155200 
72983571460800 9246326390784000 
3370942083600 17412012166348800 
72282089880000 89503045632000 
177930799200 52319748096000 
42237882086400 167694448521600 
3705369759000 19046845440000 
2027772364225608 3522410053632000000 
52401827751966000 67197270712320000 
253725270799000 1690756825743360000 
11713349732792400 54306365718528000 
744080337000 3576545280000 
3252329020046106000 612727171056000000 
8233430727600 789730223053602816 
6527972226615840 15094837296000000 
66029689105380000 22888485997977600 
490314000 11287019520 
30957699535776 3158920892214411264 
23131003896000 294298583040000 
192752239680 336259123200 
35980418073600 63397990656000 
85900584 9618527719784448 
3038883622734960000 1233170165747520000 
34656852694464000 6590678814720000 
11417105700 322486272000 
46512 10321920 
908587154806531200 827512686000000000 
29857558142412000 207351578198016000 
175634573400 8599633920000 
11102881870080000 168027050999808000 
5138373509849923200 9221573329920000000 
642244647191074200 2432925184190054400 
6432032674454400 116095057920000000 
2136104530560 1506808745164800 
3179207253222000 823834851840000 
115315200 432432000 
2373360 181193932800 
46313467200 169816046400 
281726673516288000 214648894107648000 
4780561500 67184640000 
19507146618960000 9038645231616000 
231302687616000 822409555968000 
50473500 3715891200 
1964672224354382400 1076029194240000000 
3466865611530921600 2654706991104000000 
1397453737680 4702924800000 
21753363789471600 440798423040000000 
22487761296 76204800000 
2403979904200 2629465015396073472 
1080567600 166246158119731200 
16222178913804864 8218956791808000000 
76609884903552000 106231978524672000 
28555253061385050 7312316880125952000 
741271571520480000 208534457843712000 
2067197932800 4353003041587200 
1461704484240 5290790400000 
19359029289600 17599117536000 
9530312520960 1469138526535680 
4253045641598754000 461347517030400000 
141181040 927712935936000 
4724319600 61312204800 
1386472373526240000 5497757821933977600 
450450 5644800 
832606818725682000 864162432000000000 
99044533658070000 1541472028198502400 
8413113445578141300 4666477132800000000 
39422169939952800 12861911462400000 
85628292750 1612431360000 
151368900739056000 48658040163532800 
231533990303616000 48784753809792000 
2737640505600 4862914056000 
8011602278119440000 1068618416785920000 
580179600 47775744000 
2220075 3439853568 
317814000 59373627899904000 
2205403200 6054048000 
11688013933596000 169351174972980000 
69621552000 1771241472000 
394660210744800 239740300800000 
61779564000 160944537600 
3057957590688000 1255367393280000 
6296573162880000 27731026971648000 
6987268688400 9656672256000 
297159909559793280 618027024384000000 
3716947451481264000 720855495360000000 
661187767811571000 362125209600000000 
53281800 36333158400 
3463115239584 26955066600000 
3281898929400 21332466892800 
15758480052413280 109222230491136000 
18552403069200000 14841922455360000 
90200631399278400 2468152724579942400 
149606578350028800 419655357425304000 
11388968611020 11506539508531200 
182893620 389639433093120 
1586850642747770400 1129172244480000000 
1486479858947226000 3428432179200000000 
4108911268000 378729528966512640 
7158829730052000 177729924169728000 
1898402906400 1202315964973056000 
451710683424000 1180607468040000 
295260 2319282339840 
1269914143417920 47087773286400000 
300136654097280000 1690509402029448000 
166543228051200 1471492915200000 
55117062000 910393344000 
251020634273660160 1984046400000000000 
1066517210404800 257205044301004800 
267154604196480 254724069600000 
18170293214304000 71121225622487040 
48976871689746000 61943163125760000 
206915547369960 328758271672320000 
12635310878190000 4182546170880000 
3741655821007104 376702186291200000 
6453033769932750 18903553200000000 
454871191614840000 61622846917632000 
2515659960 6011579824865280 
252046080 1401079680 
519467285937600000 1857095547226920000 
530122320 8564936540160 
285382230217484400 1702092204933120000 
963791829000 53508833280000 
4628314374680997000 1249187123036160000 
4768566325428906000 903429972910080000 
53732569857120 85594564303257600 
375048116543100 7558272000000000 
11628381209445000 6127271710560000 
42451415651399040 280921374720000000 
568310703472512000 582235125266995200 
946551177000 6429780000000 
91959300040608000 2932835799269376000 
2679791554440000 1361615935680000 
8236139400216000 40048151180083200 
20462041908000 522427760640000 
13967553600 21794572800 
258850095435360 17199267840000000 
17550 679477248 
10745460391622880 7279817693992058880 
359055788040069120 6010797889196100000 
32224114 150289495621632 
302360510337600 26444493477642240 
185166612967564800 63371911680000000 
146303599642200 752467968000000 
169624767610618320 3495111375716352000 
21046813993164960 3108044171693260800 
345235571071776000 355606128112435200 
1546033589100000 1664197254720000 
165221456400 14982473318400 
88039585473840000 14672106408960000 
5550996791340000 19702683000000000 
32089678420800 944784000000000 
55816229805336000 29802716143200000 
26251019308800 367569090000000 
71676672618096000 24467895099648000 
28997832612805056 1957709846937600000 
1014692374106611200 1649720137089024000 
10270165729824000 31725387251712000 
2776831200 1284211998720 
2217497059122345000 286106074974720000 
242597968861248000 36013352094720000 
1586217488708160000 388944202622976000 
64599935400 669692775628800 
617726309600400 1693052928000000 
2248776129600 2470051584000 
334076412589920 61642175938560000 
286097760 1486016741376 
405080 18554258718720 
1279935820800 205373941893120 
692616776382531000 7109196966789120000 
24368099550795000 5178390497280000 
167952439980864000 337825821706813440 
137005268400 1103619686400 
20542569943896000 4890702136320000 
219183564600 42860337640243200 
1973400 3303014400 
3422050632000 19229169960000 
149326401287700 333319795200000 
3572238707541504000 5848343892190800000 
858110090650612800 4631370534000000000 
206526820500 19263179980800 
15048403445088 152168114316902400 
112364736120 1095860905574400 
283236782400 21189497978880 
209324181306720480 5572562780160000000 
692623047916800 1016349037704000 
5461512 8754997675608244224 
238360500 35624176739942400 
7830295200 446461850419200 
703964701440 1654052400000 
