10565771832 20038599416217600 
15088723650 6957847019520000 
35694859200 146313216000 
59955562098432000 378966323390054400 
79323575760 10520264693514240 
326229120 3022918778880 
16761064320 27243216000 
78582928000500 2254342434324480000 
545653905225549120 441631811174400000 
51369120 13853846509977600 
649815988021200 362125209600000 
461287411200 1356106752000 
12067603516800 3009183901286400 
31678411564800 1554279101575200 
275887396493280 657516543344640000 
175301280 3261490790400 
399308628470972220 6965703475200000000 
138386223360 249080832000 
255284852436900 1175731200000000 
1374721823547072000 177948327997440000 
1853386920 87426662400 
136251739423800 404157600000000 
323674946595000 511445975040000 
38320568 300578991243264 
4541491738503720 113374080000000000 
386694308000 775982592000 
1640 8246337208320 
1056577183200 194819716546560000 
12278317667616000 3423491495424000 
495711019964160000 1013208572952576000 
23417943120 3095868211200 
4540536000 42454011600 
19256560743420000 101173312880640000 
33633600 222264000 
510610963031769600 213880201920000000 
365874654124980000 1112906441687040000 
10822235123700000 250229188689480000 
35220787001400 97497558401679360 
1157669951518080000 255011213096640000 
5559536786403600 5925685248000000 
107515008927144000 27010014071040000 
752418512445600 1205152697548800 
130559444532316800 69225011856000000 
7413547680000 25029856051200 
1153218528 18662400000 
27828604603800000 29361194422560000 
89713008 407686348800 
5266751656320 816188070297600 
1653 648518346341351424 
9190997334571852800 2184633491040000000 
58693056982560 209105971200000 
4756370503624740000 7790345091809280000 
1180264333248000 1004293914624000 
300359390018688000 107182595520000000 
8052806088600 29831769096192000 
8375045058946566000 2534876467200000000 
497231859250183200 1693052928000000000 
155840185781280 1193082590700000 
356878345824000 2719318907289600 
11779303536 48988800000 
1820210272232352 148601674137600000 
280836029667473280 317579693760000000 
81285422400 3745618329600 
3372054840 49527501273169920 
5489645466803097600 506854585036800000 
95545207929600 309013512192000 
42535086102966600 4127824281600000000 
100111564972779360 762821927239680000 
57803768240400 107551187251200 
49307624589468960 1530550080000000000 
115522842314880000 21749240088576000 
550738188000 28894769971200 
493855500218080 41278242816000000 
1620737932125312000 374016445875072000 
315718677008280 6965703475200000 
252987314580000 223757614080000 
248372124000 6449725440000 
100011553419360 44937146259210240 
3278512036800 27088846848000 
1953568043186760000 601097859442080000 
1596 324259173170675712 
83309742054000 767968808140800 
147832587302400 556572092076000 
37035180 622080000 
49245900274050480 3328677500682240000 
2168146098518400 32961441300480000 
4248041503092710400 2439260926857216000 
3099259800 2925932382907269120 
370803629196 3261490790400000 
3174785358544800 42378995957760000 
565496430912000 879964259328000 
5665448880 1071508441006080 
1540 14155776 
1058148 24883200 
148270953600 564583219200 
316973154960 171441350560972800 
1481566500654240 34673723965440000 
188561973600 1434002169600 
1765731567600 7813082382336000 
489597916996188000 251979043155840000 
214169155200 536481792000 
11875500 56623104000 
1560 4123168604160 
513769756500 3160365465600 
231129068870700 216980459303731200 
4002866486210592000 395440728883200000 
147737700822151440 8629904631398400000 
502216348948650 5546527766851092480 
1427595739837344000 483980342630400000 
5173011383760 25678369290977280 
44446995019627200 362575854305280000 
305540235000 28473963210000 
1771 28311552 
1770 2594073385365405696 
20712737580575040 427180279254220800 
27062414451072000 24148000587110400 
586637251200 899026128000 
382891410720 2693187761539645440 
7765842296520 1200089453926809600 
5586853480 142657607172096 
259474168800 2415161548800 
341985418569795 285315214344192000 
36720 5160960 
924314915684160000 2114522239205376000 
908523000 20437401600 
1031092035573600 4514807808000000 
782183001600 1620971352000 
64958798241136800 34764020121600000 
66435650230950 74579422740480000 
230598315763200 112286318041497600 
30778687671281550 2712255741296640000 
2938612301384760 75582720000000000 
3170913669083160000 2624554763550720000 
36683160614100000 34458672568320000 
21036153600 411116953927680 
2997384547412455200 1693758366720000000 
24361741404000 13076743680000 
3833553320442846000 2508698106593280000 
205545481187904000 2179317134610000000 
311128965137390400 1615110623723520000 
185847372574063200 617516071200000000 
4776147511955820000 1038459086945280000 
200300100 51597803520 
3795012 354658470655426560 
3144109665117960000 1293547461212160000 
463054059612144000 442451165184000000 
342014400 2141234135040 
1522351624794000 3313883378456985600 
323463958481664000 50418692932608000 
1029732108780735360 2227918770000000000 
25840847132100 50409475200000 
3784770539550 94478400000000 
33868926000 4855431168000 
5771858732640000 29247567509160000 
3559714840281600 1406019982432665600 
2610403654736592000 2399902525440000000 
213723683357184000 649815988021200000 
18267282665758896 5777633090469888000 
1711 1297036692682702848 
214414200 3889620000 
3493410751601971200 619488937267200000 
1115084235444379200 970382397600000000 
386576805422808000 1694358610418073600 
1716 93312 
2446133401864152000 1802908435533004800 
83393051796054000 28680316600320000 
8821019011587552 334353766809600000 
65400834923424000 26970783840000000 
1722 16492674416640 
412994161275696000 166351268160000000 
723827332800 31784246968320 
2878785 6957847019520 
8022411582780394800 1606097729617920000 
3173704459200 97955205120000 
147533041656000 231760134144000 
383049424517760000 672802530656256000 
5028319296000 13492656777600 
1190982410883064800 6796049897226240000 
457805844463968000 63356823129600000 
16685260828796560 1031956070400000000 
2104718616 8207810320882728960 
277572046752 76441190400000 
12151171515483000 2437438960041984000 
1169267444064720 210953224323072000 
1146542495155200 7414558501109760 
19173347830 845378412871680 
9747239820318000 2353813862400000 
1966481949600 234047636766720 
1680 12600 
494236512 12441600000 
5412075275919312000 8471793052090368000 
99917942244120000 60684263640000000 
19583916679847520 23720458608000000 
476260169700 438244169232678912 
2362591737792000 9984376710000000 
436676343950246400 112634352230400000 
491400 3397386240 
52251285586500 1343692800000000 
9279828320162400 14748372172800000 
250354502559532800 753048271296921600 
40555447284512160 9113179290756710400 
1445479564464936000 262597359024000000 
68401682949600 601974374400000 
12369293604720 4012245201715200 
230756456810880 3008795702345072640 
70864693579680 60272349806592000 
4476780 268738560 
374672760 2003859941621760 
41923612130400 37661021798400 
253955520 958003200 
13332664800 29059430400 
15884390818296000 6083703521280000 
2704156 2176782336 
9500233743000 120394874880000 
4639686154471368000 559266173706240000 
645300976320 741015475200 
63803745720 5260132346757120 
6327204783900 21134460321792000 
1001115649727793600 3305561684705280000 
209618060652000 94152554496000 
42536373880000 52281827136000 
774337892328 611529523200000 
1625708448000 42509795328000 
1169258368340462400 365849926041600000 
1892 65970697666560 
38449881550080 359316217732792320 
3997037473228800 976890966961029120 
751671928327320 205473919795200000 
8413788240 262440000000 
36256399741900800 58831896195072000 
98355361104000 245806202880000 
247855509982080 797058662400000 
64722328786697400 870712934400000000 
33014844552690000 42951232983859200 
81909462250455840 702142910300160000 
35271600 290304000 
6088154244639667200 6920254601035776000 
8014397185594800 21069103104000000 
1473398120113920000 914262423250176000 
2557550729653920 4821787984527360000 
407546259120 82556485632000 
35676171891360000 30035827261440000 
88965399600 33294385152000 
421200 9688842240 
32982049900800 25172731584000 
444762942912288000 87875717529600000 
8527318605472867200 1016847588556800000 
56949525360 1133740800000 
370635785760240000 76828484468736000 
1033598966400 2343924714700800 
9060276018314921400 3919840791552000000 
151426875600 1716741734400 
9679514644800 10188962784000 
491040 169114337280 
17328426347232000 4236864952320000 
619580461500 68797071360000 
1715884494940 51998697814228992 
5551440935040000 64076431491072000 
209440 289910292480 
1068052265280 958878292377600 
1830 5188146770730811392 
3003346949183380800 7475654886948864000 
1850480311680000 23607106338816000 
148579954779896640 347083976894054400 
1820 331776 
1858473725740632000 437662265040000000 
9276201534600000 8388912692160000 
45100315699639200 2088436920798412800 
6043037146924377600 5111165818558800000 
182713060530000 207774927360000 
74803289175014400 161405906702040000 
5694484305510 10849022965186560 
577185873264 12252303000000 
993438682486810560 4209590720966400000 
1806 32985348833280 
42814146375 1074954240000 
115766995151808000 22174888095360000 
151894487199955500 90531302400000000 
2489320337949900 112844396298240000 
107147568528000 1535164504473600 
28120950 4299816960 
3809742430253760 38141096361984000 
16202078634661920 6518253772800000 
442900897098660000 801947288862720000 
1977619355712 4892236185600000 
80393746633200 151228425600000 
2040 737280 
30003849323448000 61725888000000000 
1072283022366716160 419205195763200000 
159036696000 122050345697280 
2081623796752500 9451776600000000 
7068297600 1070176665600 
61523748 14089640214528 
221838126928317900 3482851737600000000 
1855240306920000 1069841092320000 
17540453810880000 11873537964288000 
825163159392000 1234517760000000 
10690445202877440 587655410614272000 
10038840 8117488189440 
1215240 43293270343680 
54765047434897800 276468770930688000 
3495954000 89060441849856000 
121958218041660000 458255593635840000 
2024 56623104 
6409281822495552000 813079230163200000 
353379106080 392302310400 
2011327718400 5782567190400 
2002 124416 
294583247902944000 75285831075840000 
174416840357760000 887392863092736000 
4191140448855360 466014850095513600 
1162800 46448640 
18025855271424000 137375292228894720 
4758652466124480000 800767475988480000 
7873866000 102187008000 
1359614990321280000 480460485593088000 
523310453266801200 6530347008000000000 
234030024722894400 254619288000000000 
265502593943294400 1785641760000000000 
324667053711000 9624199564980000 
2548294381125292800 5619454863998976000 
55024740921150000 40723885762560000 
25186064595728400 473946464452608000 
10962783631800 20575296000000 
1176753600 12541132800 
1011250480726886400 8517268118191472640 
24455440409400 29889699840000 
4046676660886860000 2235203710740000000 
45191427448527360 3796253952568197120 
1117962990144000 439378587648000 
1980 28800 
1045356154642800 13484225986560000 
4705319619000 113895852840000 
466507641600 19619905536000 
11285896406400 19528055311564800 
139336761564000 316036546560000 
161230813969024800 1440204818855362560 
11439082500300 1114512556032000 
78362994703593600 58403553804288000 
40098240 461260800 
53402613264 136982613196800 
4069800 165888000 
118060746804000 98578529280000 
237078127423800 22568879259648000 
4891088081880 11496038400000 
1084095823903092000 6635250502336512000 
5213112247200 1849265278156800 
700080873935520 74895243765350400 
880395854738400000 302235511818240000 
121041360 2959500902400 
88029991969920 1836423158169600 
27686621927250 225042300000000 
37807475666688000 23460126507417600 
6366548178900 10833062044631040 
4957110199641600 6774998630400000 
1187353796428800000 7180769449277424000 
4288284000 39729690000 
297457160 5038848000 
1021873881600 22955289477120 
8409383374392000 4461382582272000 
8702694000 260112384000 
234772227930240000 35479820952576000 
9116650868204880000 3272643901406880000 
3573987934116600 3226206412800000 
49473074851200000 54780186517056000 
60003443276496720 337105649664000000 
148713305989248000 165797766483148800 
1083805632000 53409742848000 
121019180460698520 5273830608076800000 
541111756185000 62557297172370000 
1906126898195520000 168062309775360000 
172272314214000 88268019840000 
3981050330400 50565847449600 
6977028725667000 5259302848800000 
33321974400 3210529996800 
189101760628959360 400481511800832000 
850377528000 7527776256000 
939589910409150 172598092627968000 
2184 215040 
2702561400 27179089920000 
177470501542654320 4837294080000000000 
3364900 955514880 
96909120 66913566720 
3373164194400 5434113484800 
3106336918608 514324051682918400 
16535118600 234101145600 
64440085478769000 52264543887360000 
389787862464000 155613249792000 
34749468833526720 320385209440665600 
10194660 232532213760 
102960 604800 
140943600 243827698575605760 
124672148625024000 194800232226600000 
180705224700 643778150400 
3871689461640 412782428160000 
193584473082000 2022633897984000 
2274355958074200000 1087909519656960000 
7765950872841361200 2444345164800000000 
9292054707936 762821927239680 
77920092890640000 154146270718440000 
3028410 371589120 
783629947035936000 253082066485248000 
63752803274160000 91271370090700800 
115539364460520000 425523051233280000 
2218839061158720 3552050481935155200 
587272140 148820616806400 
189750600 1950621588604846080 
2256 1055531162664960 
751733734752000 302072779008000 
2482986568439520 1380784741023744000 
1009272143880 18895680000000 
5841605059722432000 3548015893610496000 
234159778639987200 312446995660800000 
113338316931840000 110819687666688000 
841260420 95551488000 
107905951612800 685686435840000 
59310266400 47563407360000 
9134109748764000 8679218372149248000 
5788349757590400 1945165622400000 
2300 113246208 
231905038365000 1366750234080000 
389167575048252000 173498211532800000 
1456795813200 243468982907043840 
26767798121064 64998372267786240 
58313455200 7847962214400 
173986995676830336 4834344724070400000 
4503072666153600 80938650304512000 
5512714054848000 2914413863961600 
3668316061410000 1394182056960000 
93958991040915 88060251340800000 
317603122200 4469659729920 
2804596080 87480000000 
809559406656000 266765571072000 
908344929492000 1680315840000000 
22369248364320 347168734885969920 
786842888832000 5901776584704000 
1234217166581599200 271159356948480000 
671580 61847529062400 
2070 263882790666240 
6757030577895510 1444408272617472000 
254432956377600 158392057824000 
67761464225377104 390079394611200000 
17262663818400 27897053184000 
229829654710656000 288343941709824000 
1218188372210409600 622196951040000000 
26676557107200 14604012649306080 
1605660228900 9523422720000 
1007760 44789760 
132670764220995000 131208022471680000 
539556888118248000 296985108420000000 
777139550787600 2646497448000000 
132517164780000 110040798067200 
265487277369600 14691385265356800 
305319547653120000 1731109792088476800 
51770019087072000 220723937280000000 
1441523160 7315660800 
17057669685556500 9973196513280000 
5565120 507343011840 
1630755601242768000 819503834333184000 
292699723299984000 294592881623040000 
11309760 3382286745600 
11645447814000 15519651840000 
632010198758400 1302521289281372160 
2551132584000 28605549772800 
2728269526127745600 820173363609600000 
529719470280 1643791358361600 
4553771662440000 5368904122982400 
4114521824674060800 8304305521242931200 
205507902600 1254113280000 
17699749768958400 144087083280000000 
892371480 7054387200 
360431268022425600 160773893280000000 
2300131992265707600 3041156480237568000 
36177185984940000 12254543421120000 
11435424000 320486166000 
674632838880 958961203200 
1177448519850302700 2764687709306880000 
503586428910364800 119210864572800000 
613915883380800 326918592000000 
6431499730656000 2100778872192000 
126789261984 102864810336583680 
184371707520 471517200000 
11873537964288000 28694383413696000 
41441400 18166579200 
2651249231126496000 1134874540800000000 
6904245860191680 194172854206464000 
3299260174736526000 2666558361600000000 
260858031033600 146459529216000 
17570024599188600 76028912005939200 
3246670537110000 119562171518790000 
1219281336000 50357757542400 
1421219767578811200 391095226368000000 
453600 15315300 
33264 272160 
2162 527765581332480 
195133148866656 3745618329600000 
376049520 2438553600 
185338692000 590129971200 
94512125368861200 32591268864000000 
250806170815200 463520268288000 
1032601284000 1724405760000 
350064 11197440 
12505534161120 40181566537728000 
78925552474368600 4570653193666560000 
2012616400080 87747802561511424 
53336394023552640 604293090508800000 
3484625272128000 99734720531846400 
14456417976000 10461394944000 
32489701776 59440669655040 
379632825 21499084800 
57718587326400 173062529640000 
5177228197680 857206752804864000 
9664420135570200 165881262558412800 
1802700900 120394874880 
938619601920000 97291893762063000 
64893904336800 1930893003325440 
7167667261809600 4277604038400000 
2450 4222124650659840 
847788600859200 475289337600000 
46774543495680000 73040248689408000 
2448 1474560 
362390133609504 8026324992000000 
60228091123200 92395367064000 
37454912040 782757789696000 
6580248480 3715041853440 
14714429730 422689206435840 
9316358251200 15362887680000 
700781947866000 579400335360000 
13891621788364320 40633270272000000 
4730660392794336000 443497761907200000 
3667247892748440 958878292377600000 
1118405061168912 1155526618093977600 
1883917631760484320 7281482032742400000 
1816214400 7718911200 
43751698848000 87567480000000 
126273858480 155855773237248000 
2587997762149800 8453784128716800000 
8992614801970800 24259559940000000 
22601448147735600 483729408000000000 
466283730472560 509238576000000 
13970931975 859963392000 
9894614970240 7192209024000 
1041455926929600 70858800000000000 
57575700 34789235097600 
712412277857280000 1273639336521552000 
11376314201452200 161810711838720000 
487635 5836665117072162816 
4051844830313280 4744091721600000 
6459993540 223230925209600 
2952672647324400 5688657838080000 
2520 15120 
300674088 4924686192529637376 
32523169206528000 561007802991636000 
675307471718880000 305974552403520000 
30634182292428000 22632825600000000 
8153778006213840000 2651335934607360000 
220508562193920000 140256167203152000 
5546493884851920000 5202468095169945600 
8010391989600 2929905893376000 
1148467422960 13150330866892800 
802241158278039480 464573723443200000 
11107965607200 91424858112000 
289092219707491200 5421947553337835520 
9035261235000 21906339840000 
1873461417077250 6301184400000000 
9414880718443200 251705551749120000 
17123040 5937362789990400 
2154807748745652000 8708766284316672000 
5148660543903676800 4901421294000000000 
634888800 2235340800 
34988073120 44762451148800 
656155500 26011238400 
164315733120 725500506931200 
3079845568800 9739449720000 
282555281379571200 82993733222400000 
321574986532800000 270122988687552000 
20098436658300000 21634564311360000 
2550 8444249301319680 
265211661620505600 80955940665600000 
59262660026169600 330556168470528000 
35198235072 170270100000 
3063060 38880000 
377112609900 401224520171520 
217789079508000 6021375110150400 
3360192823483816320 5356234211328000000 
81307923016320 413926613100000 
34925745778000 1352605460594688000 
2310 25920 
2509503796800 13312502280000 
35041928835513600 14258680128000000 
203031395368401600 177770557440000000 
3657844008000 1403578975518720 
14122321077664800 237322377363456000 
31441096651179600 47998050508800000 
82129215168000 236121493608000 
255218243280000 150055633728000 
398291254071984000 450541700775936000 
70128083601576000 3583470862428256800 
11256057180295200 65013232435200000 
2061378118800 1634592960000 
401356933777800 590129971200000 
693137053889280000 91233825306624000 
4443998711221555200 666913927680000000 
8017833902158080 696145640266137600 
89326385148000 154028952000000 
11892057297120000 11065831096320000 
49674424800 2579890176000 
2081661606648000 24575001860505600 
2688754068000 3087564480000 
85765680 476280000 
4778444841206400 3666517747200000 
2352 2111062325329920 
2051912511418770 621353133460684800 
5573470462560 54177693696000 
8327161402560 329614413004800 
383950604299011750 3159643096350720000 
7783351500965040000 1095517278535680000 
2724895043102232000 1633266996480000000 
14519271967200 26491303238400 
249794855610300 900169200000000 
2827999179868262400 1079165819341209600 
2380 663552 
1939938000 8890560000 
1771943803344000 2145403260000000 
2226288368304000 1319933815200000 
3519717692400 371504185344000 
1023193138968000 852000145920000 
358500542400 326918592000 
81036896606265600 21396821846400000 
4685990245970880 3899902336067174400 
41783280 746496000 
24031175968800 7617755322777600 
3515402800 90699264000 
27457584 836075520 
1961256 967458816 
7205159675179065600 1238977874534400000 
66902793897139200 312191936888832000 
663508388400 25798901760000 
1868004360231609600 1328345682048000000 
1683023408974908000 305054276567040000 
4500519903871200 494308608851312640 
122864193375683760 2507653251072000000 
262284598390815000 103082335836480000 
3576558585600 22072393728000 
1873980108000 1868106240000 
1667861035921080000 192071211171840000 
129722525016084000 78862823424000000 
303247461076560000 45616912653312000 
376595228737728 51368479948800000 
357655858560 11147673600000 
721080360 80263249920 
90858715480653120 318274110000000000 
3322205086200 1082084368475750400 
8472895200 19025362944000 
6630291540512640000 4476323812536576000 
1753012800 16742319390720 
10059071022000 618281356492800 
237314322685440 65295045623808000 
1327266255954038400 797855721062400000 
2239316860680900 41470315639603200 
204354000090240 33560740233216000 
327642034612052160 444611571264000000 
6686097965095348800 7211633742132019200 
987373733265279360 883263622348800000 
1773376965360000 19387736653824000 
2730 430080 
142506 7549747200 
31537735951962240 38109563251200000 
3124550 2579890176 
1074427200 11070259200 
5297194702800 20314014194073600 
1528078396720075200 486696281702400000 
168302340897490800 247797935426764800 
1340353777958395200 2381847703200000000 
4888643760000 81723972330000 
56102466881260800 508053524918940000 
521242032502900800 1462797729792000000 
9633961373400 22221319680000 
24117815882160 112508386305638400 
44960731200 74291251909754880 
15437822400 49945896000 
28814090585880600 2013644413992960000 
4525351318800 1003061300428800 
5587021440 11675664000 
72072 544320 
2120274636480000 1108744404768000 
5178066751 8115632763568128 
1716771916739880000 209077516327680000 
1461704484240000 950969859840000 
2324784 1565515579392 
309541572458118000 333734593167360000 
33649 63700992 
1042497382856529600 1333834713792000000 
2700346439110320000 644112110315520000 
635156121600 38507614104960 
2595963299447232000 7132310622360000000 
37520190600984000 127425935572992000 
8770226905440 18517766400000 
7290935385597864000 608225502044160000 
4964209833360960 238000441298780160 
8425080890024198400 1456422327360000000 
4108303295754134400 3429860692608000000 
1166336388756000 2815885629849600 
22003487356490640 3515887072051200000 
60904353510000 71195604480000 
251780553763200 2057059307520000 
341153393711130000 44016319226880000 
24985644983560800 1048533412714905600 
968020917505387200 2437996216320000000 
2102515730130816000 210077887219200000 
27536909400 7644119040000 
3726880532395740720 4955453050060800000 
4919606887772808000 915162829701120000 
65053880892000 99731965132800 
15610651909332480 1212692234848174080 
531300 707788800 
2772 38880 
10666131840 42343741440 
255415755844450278 9027551703859200000 
91111748888160 27122557412966400 
54780186517056000 11826606984192000 
6926230479168000 11549420883000000 
2326762800 783641640960 
9835536110400 59595463065600 
2756 33776997205278720 
2217600 27027000 
6681476390516928000 2854605022927257600 
992258699168880 19349176320000000 
5451138000 206644838400 
116154175737600 251667380764800 
216324108000 2207239372800 
20001147758832240 121358033879040000 
124253476744320 3343106335938969600 
6952362391630656 3835513169510400000 
4670010900579024000 782512341811200000 
561632400 130606940160 
20225652501600 230225494199500800 
117133497327924000 134394541424640000 
164910249504000 77806624896000 
2477964967654176000 485474109120000000 
2934502354110096000 640613980790784000 
5689875058171200 73725005581516800 
33394325524560000 22262883683040000 
957942348935 33815136514867200 
33187824242911800 120955087282176000 
2657915705016000 3371347980000000 
1215155897599644000 144994933923840000 
3304619768142000 5028367196160000 
1562807451190986000 713821213163520000 
211652357236320 9708642710323200 
3846910649085504000 1502423696277504000 
2600 226492416 
1427794368000 5424427008000 
220716445950 1522029035520000 
54117367920 533373090634137600 
409814004600 12899450880000 
494049301200 3809369088000 
392643451200 528099264000 
24081416026668000 19823645992550400 
83059865781750 353637900000000 
5448643200 122644922400 
62466003600 156473856000 
15403045641984000 3954407288832000 
2508061708152000 2152058388480000 
205425699438960000 34234914954240000 
4401753531165144000 1006679112671232000 
1413659520 1743991603200 
4568648125690 207994791256915968 
13376329110144000 7030057402368000 
3916440 5079743720325120 
11869040412028800 10650001824000000 
418621723540020000 312570886909881600 
79995988800 603790387200 
2645370 134369280 
537750813600 544864320000 
45057474 6566248256706183168 
4604369125356000 1869974346240000 
32214733785234000 296216540282880000 
929259078801530400 559977255936000000 
9270090729900 16742319390720000 
66786643213290 5642219814912000 
45601121966400 343348346880000 
57755880 952451947560960 
6042733290316800 6536877355008000 
3969458555214398400 7208667212414976000 
49775467095900 238085568000000 
208011936691855296 476763704524800000 
705266952332342400 368776725449932800 
42550913585980800 58330964160000000 
371626790535000 650931240960000 
8895258858245760000 1135354270482432000 
1985481775200 932242784256000 
3100901655852000 1100407980672000 
9266538153600 44696597299200 
7825339610960256000 2981318910603264000 
1746308520356400 846223791284551680 
833642409600 39614309935200 
29983681728 163296000000 
111865139100 2099520000000 
69598712401218000 50987229511680000 
21903663600 253957939200 
506839347705600 7437513790586880 
144018476752550400 38023147008000000 
1336608 17418240 
1944249436159430400 230673758515200000 
2613478676822763750 2477940765300000000 
2652 16888498602639360 
80260525800 1339385551257600 
312745219501740480 800963023601664000 
12088080219600 2369732322263040 
327202876000 864162432000 
1030114800 160526499840 
4284559593436122000 7257305236930560000 
27385955520 177570054144000 
3243240 42688800 
857180548224000 486325494402908160 
1173861139651200000 1378018724898816000 
437162079594240000 6383022114038169600 
283253122983600 4897760256000000 
1476337800 6687075336192 
2248036560 4675673197117440 
155195040 653184000 
806626220400 817296480000 
63007278654196800 1235771522128281600 
690424586019168 77669141682585600 
3003 186624 
3237178548384000 5279785555968000 
18318622138502400 55180984320000000 
811246800 25395793920 
5761615860 36741600000 
28588560 204120000 
10443232800 245248819200 
315062297222400 444426393600000 
23166312555684480 228846578171904000 
272489504310223200 209515299840000000 
7884433987990560000 858318224924160000 
1024125197495400000 1102677522186240000 
71820 41287680 
79394515200 717001084800 
365061060 58047528960 
5086470747124166400 1026624969216000000 
37525605551280 1498247331840000 
8031343320000 12786149376000 
30886315480020000 12167407042560000 
102660 6485183463413514240 
30798455688000 80662622040000 
64530337699327500 103969542600000000 
4584235190160225600 903864523161600000 
2125093442472000 1246649564160000 
381504870386640000 51352372431360000 
2970 57600 
6453758025 75246796800 
16224936 1813985280 
206490104620800 13222246738821120 
14082699430800 108399978086400 
61391588338080 156829478400000 
72907029092898000 6093597400104960000 
11996602855776000 53340919216865280 
3326400 36756720 
937684470714591600 509872295116800000 
3167841156480000 891379064753377200 
3169870830126 116997070082015232 
1055947052160 4839757322400 
8804809860 10019299708108800 
12832689870000 437463616590000 
2081790350640000 17625215139840000 
1144514611159920000 133049328572160000 
52381680951600 14218393933578240 
3265124779316400 60466176000000000 
696904103095200 5618427494400000 
12973708440000 21736453939200 
1669716276228000 3752934625440000 
7102470375 2849934139195392000 
1095300948697956000 1075156331397120000 
70475037633000 49792216320000 
31039008000 84756672000 
15983947980 597196800000 
3060 1327104 
457230501000 72738983116800 
2425979688612480000 228084563266560000 
4714351285644000 82940631279206400 
77100895872000 166537935083520 
261946278053460 133147100027289600 
497433336101520 570630428688384000 
7965825081439680 188073993830400000 
3330864561024000 12497879826432000 
248298656843952 704482010726400000 
92348903517670800 1564023332693606400 
15764451435532800 499507099022131200 
227688583122000 4270005618278400 
167797708650 5248800000000 
13385572200 91968307200 
14788415980800 39056110623129600 
1232688367310400 4812858747518976000 
474509988209537280 6937598597529600000 
264652329666816000 82110442775961600 
5631738562850400 5092385760000000 
724204415794860 767102633902080000 
3024 36960 
376783526352096864 7522959753216000000 
1009512504000 12398690304000 
135626400 188932423680 
4716406364670000 2692763058585600 
212520 212336640 
44525767366080000 31168037156256000 
847289520 4403012567040 
2860 69120 
55980916992000 8421473853112320 
2862 67553994410557440 
313986271960080720 3120635156889600000 
365364389950560 1315033086689280000 
1082646637352280000 267682954936320000 
21131543664 28054039182704640 
6023507490 149299200000 
1265431134567600 4213820620800000 
1912224600 25082265600 
102080160 2063645886382080 
119911124196864000 2198004675662315520 
71389718400 229920768000 
6621297515838720 3221831062388736000 
976112477732700 13823438546534400 
243595493404263000 113562465730560000 
652458240 17129873080320 
289417487879520 431281065600000 
472733756 15850845241344 
23535820 880602513408 
18902183596259040 393200029768089600 
2439164360833200 30589216358400000 
135378330837750 191202110668800 
2765138033237580000 2606328688803840000 
3803677859520 4209837608219443200 
2361214936080000 2461333754880000 
169886292075019520 1019407484583936000 
33245906300006400 61627709831688000 
1755643195706400 2832623861760000 
12178812998352 284047146724884480 
14795810188790400 47065516956057600 
117042879713760000 35150287011840000 
6162099437894400 19129407897600000 
446778885002486400 1621950122793369600 
6314373540165600 21454366703616000 
395911220968383120 1587237120000000000 
24152790150775440 1337415067238400000 
6243215407578349200 6047754364108800000 
102738240 30478462321950720 
455558744440800 180817049419776000 
253789244210502000 268789082849280000 
542052820108800 1113144184152000 
1299631976042400 672518246400000 
2135169590400 770844288614400 
1304604480994214400 975599802777600000 
2925 452984832 
47853420615000 55450422720000 
551774792986560 591764889010176000 
1688268679297200000 3093742696524480000 
74101547520 314269956000 
9718909200 2140353331200 
350602560 4566087106560 
510569704873800 2351462400000000 
3365856 73383542784 
26600654480400 227546313523200 
2749443647094144000 391486321594368000 
3706773840 103322419200 
3209426790570000 35250430279680000 
214593515136000 487799901388800 
1606268664000 1508855040000 
32949100800 208631808000 
685753637445676800 1414045831790592000 
8932638514800000 25997837785920000 
647349893190000 790416506880000 
2907 2949120 
20022312994555872 346737239654400000 
1441440 6652800 
113006820326400 123335086178304000 
1963217256000 2521943424000 
149153518800 3149280000000 
773388616000 1728324864000 
230013199226570760 987388467609600000 
17894480978702592 2696228775552614400 
2113154366400 272747603165184000 
236796126446880000 154355993535744000 
46835886240 4334215495680 
757095550596000 3656994324480000 
28990101918960 52236036499046400 
228410319789451800 380144560029696000 
9081072000 73329656400 
1682757648000 6735960000000 
38513121486840000 145808597975040000 
1443457914724425600 1143286897536000000 
33796206070426800 5906690281046016000 
9256638006000 219419659468800 
153732210508800 67371790824898560 
1087170400828512000 562404592189440000 
3276 905969664 
44496435503520 88801262048378880 
353930276700 5959546306560 
67267200 1324323000 
591568338475514400 8707129344000000000 
110016099200700 3506754897838080000 
577614211574400 484213137408000 
