731749308249960000 1603894577725440000 
100322468326080 351151718400000 
284747626800 1396768665600 
2356665983223552000 302512157595648000 
1504837024891200 2926799408332800 
14827095360000 82240955596800 
776667945440368800 2031663513600000000 
179426016 570760888320 
9168119731871100 3132335755100160000 
635841450644400 316859558400000 
57341338094476800 15888243571200000 
892896404400 4721039769600 
10533503312640 2775039439011840 
3306 1080863910568919040 
5745741367766400 18884159078400000 
78665554528704000 648391874760000000 
162411609360000 246133375488000 
3957845988096000 6926230479168000 
59053452946488000 31287618109440000 
600718780037376000 154469034720000000 
27003464391103200 9125555281920000 
311680371562560 827853226200000 
9973771890001920 17709112020600000 
190487121512688 12383472844800000 
713756691648000 3213740526796800 
7858388341603800 1410372985474252800 
3123300180 13063680000 
1725667302902400 38698352640000000 
722321771947776000 852674227627622400 
5552102556 6839841934068940800 
879802713263073600 3174474240000000000 
37210819870224000 16047616384800000 
262551914352000 419030599680000 
62852101650 722204136308736 
5314810765183920000 5286305598013440000 
157864084297920000 83114765750016000 
7446314750041440 140428582060032000 
200223129945558720 1067950698135552000 
32982049900800000 76188535270848000 
115607536480800 122217258240000 
422232610800 30958682112000 
698691036692880 14693280768000000 
4162981145659015680 908277924153600000 
131714875484992800 2314845398709043200 
3163905911157591600 2592487296000000000 
179663409435312000 299987815680000000 
1960229224800 36569943244800 
1101476376000 63568493936640 
19564352327520000 6516701807616000 
313374600 2903040000 
1106055213295032000 478713432637440000 
23465490048000 75285113904000 
11266159544640000 26431527990067200 
1780356061804320000 489559283845632000 
505974629160000 345807221760000 
3150 32400 
27877002177024000 2044561770902851200 
341317488657600 1984046400000000 
230988417660000 4456609867710000 
6557024073600 65548320768000 
167760759175336800 4943086088513126400 
908298347700744000 1309470624000000000 
46954445586048000 15768809312256000 
4864594688103150000 6064726372024320000 
55595367864036000 18251110563840000 
211915132 21134460321792 
579793500 1899956092796928000 
1370754 534362651099136 
23447876552100 54793045278720000 
46290177201840 219369506403778560 
3192 540431955284459520 
309003024330 1956894474240000 
166619484108000 1206808127078400 
977728752 5443200000 
6233607431251200 9437526778680000 
4459521486420000 6007165452288000 
825444193221648 30958682112000000 
25357852396800 2600193816841420800 
4238943004296000 1200445069824000 
42561047168640000 224267510218752000 
7832297982551328 8774780256151142400 
67327446062800 5615859363936731136 
74070360 522547200 
360556963767000 2209255585637990400 
5075297955 563585608581120 
269764879032000 6122200320000000 
32357676235500 2727476031651840000 
308864160 5870683422720 
8496083006185420800 2882762913558528000 
6349570717089600 56633749143552000 
6753074717188800 4004752752000000 
2625303277258200 267483013447680000 
3263075976771072000 5827495424442531840 
6029530997490000 5726796435360000 
13920995088000 7846046208000 
1468793750988564000 389422157604480000 
3080 270215977642229760 
11330897760 1785847401676800 
2116296 34836480 
5369526676800 17146080000000 
152203856115991680 364223926370304000 
148926295000828800 737250055815168000 
2963133001308480 48543213551616000 
53392910313600 313528320000000 
2228699321698449600 2121068747685888000 
4215229761600 68865868431360 
979195833992376000 329511056434560000 
3531463135200 5327101624320000 
33308645610240000 259678169726976000 
57206520 27707693019955200 
61809765217200 7367215814384025600 
55252429504272000 15487223431680000 
360020659658980320 741632429260800000 
8130547869444000 28841261137920000 
120637888800 10319560704000 
3885885151948800 113982537750681600 
799773523718400 9413103391211520 
28726775159862780 4794391461888000000 
27171888919622370 1805510340771840000 
34220 3891110078048108544 
8005732972421184000 660244788403200000 
19688264481600 60011280000000 
807300 2831155200 
204026647306482000 1368520416106905600 
35324525035800 51849745920000 
5646383542800 170843779260000 
37104806138400 30566888352000 
86738507856000 53353114214400 
10461394944000 1229779565176982820 
643149973065600 277880803200000 
7503416352432000 30285942687000000 
784875781609920 3345695539200000 
4168212048000 455564564254800 
262814466266352000 51901595665920000 
10346022767520 38517553936465920 
283532753943885600 1966000148840448000 
88893990039254400 415314160386048000 
15572932174800 67722117120000 
337094208360 2557008779673600 
50426637518400 1259712000000000 
3540 4323455642275676160 
41425475161150080 791074591211520000 
54124828902144000 149717603640084480 
131128140 990677827584 
1009008 5987520 
212402075154635520 359985378816000000 
1418145690609648000 5663471282469000000 
15531684593040 2228737557292646400 
593775 6794772480 
49973852728800 3683607907192012800 
518948337600 1278614937600 
992288529872640000 872027474350032000 
73440 18923520 
76821544800 165974054400 
78779035129200 1232561725966909440 
1817046000 47687270400 
8427087339390720 13549997260800000 
925240155840 78479622144000 
311911674250176000 40014835660800000 
1190528539200 3985293312000 
1305404100 104044953600 
232301367698400 2167107747840000 
7405302999489595200 847372990464000000 
461196631526400 651260644640686080 
324813384786290400 2912592813096960000 
159316501628793600 579267900997632000 
30810497189472 1248539443200000 
862599648241980 404434316332892160 
1199015306929440000 510605975880000000 
24051721745568 154070215745863680 
167405449649550 1848842588950364160 
5901403463793337500 6236481318107040000 
93966716844000 39230231040000 
6163366902000 450868486864896000 
6898879739491740000 1318044225738240000 
30421755 34828517376 
1150511240420942400 1666598976000000000 
1444035528936000 564915326976000 
4602830573461120 203419180597248000 
3445329888 54793045278720 
5994769094824910400 1140694410240000000 
448565040 951268147200 
3403549657463155200 6225137855937000000 
48723482808000 28768836096000 
1096278363180000 1230666877440000 
7667106640885692000 5017396213186560000 
8147739600 17962560000 
4410872161113600 2444345164800000 
335724285940243200 64190465539200000 
177100560 307792887033102336 
622257930274780800 2538030980136960000 
371694745148126400 280081216800000000 
2162049120 13698261319680 
2646102746327040000 8655548960442384000 
13592880 135895449600 
678487883673600 554372202384000 
15200373988800 113773156761600 
67220721094800 3286831269245091840 
7510773029760 61312204800000 
1642590414164700 1814741107200000 
900409962291840000 795533836249152000 
5718380694586560 7527814963200000 
7590024 1300414392403230720 
82675593000 1021870080000 
3654565116631228800 977738065920000000 
86442271757641800 3164298364846080000 
1496020807977696000 284717324795904000 
961247038752000 129501840487219200 
2160277151288256000 217492400885760000 
11118697941120 941755465728000 
6288219330235920000 2032717439047680000 
29744815456620 115552661809397760 
215145209707908480 8390185058304000000 
3044703249588000 5207531023289548800 
348840 25804800 
2986528025754000 1711041615360000 
81084366934746120 4012245201715200000 
3072382370038800 3195530400654950400 
15147225828000 130737547100160 
32763784900182336 589800044652134400 
1588286700 2783138807808000 
584629768800 83588441702400 
5220807309473184000 3771275397120000000 
559735676454240 9674588160000000 
140323630487040000 323463958481664000 
8602670636108640 2662942000545792000 
43997793840000 463810076730000 
386971244197200 3948651115268014080 
554509643111424000 82163795890176000 
3422 2161727821137838080 
43162380645120 575976606105600 
3420 5898240 
1564547400 72559411200 
106013731824000 73360532044800 
428828400 1746360000 
2419878661200 2996753760000 
105814800 638668800 
799343537952960 2940552720000000 
38498069610000 676080134730000 
3484638235763685000 1719387469800000000 
21510032544 59875200000 
3432 279936 
773153610845616000 5760819275421450240 
4060627907368032000 2353275847802880000 
12026081760 103903848824832000 
2536730935266528 26219328307200000 
44963880 238112986890240 
2406723474834118440 1806675591168000000 
6502382206320000 4866962817024000 
1081944702000 30170203176960 
4892266803728304000 3114114570466099200 
1767074400 713451110400 
5497008316800 20511114624000 
93699005400 207567360000 
705021000474510720 349481423491200000 
2237835600 802962800640 
3653643899505600 6575165433446400000 
140156389573200 237027409920000 
8455769784221760000 9073460753989632000 
1415154818357280000 748737728234496000 
130801669846848000 41682120480000000 
6113860102350 23897825280000 
825988322551392000 261409135680000000 
11297856862131840 282526639718400000 
4942365120 21946982400 
6498159880212000 1883051089920000 
5757570 11596411699200 
1189092625906185000 3207789155450880000 
295066083312000 386266890240000 
766098849035520000 2466942612406272000 
30440771223198336 428249029017600000 
248812984520100 17772992416972800 
81233562300508800 868020300000000000 
915611688927936000 128380931078400000 
67298000 6193152000 
33370521657593120 577895399424000000 
242355613248000 653687735500800 
5606255582928000 2259661307904000 
245790047398896000 92060275507200000 
85417264582650 69039237051187200 
6555276000 1089994752000 
32382376266240 28158588057600 
3500692191360 54419558400000 
2338534888129440 391770273742848000 
5199416318527200 6933159708563865600 
154448910 7947878400 
19494479640636000 5716405094400000 
438120379479182400 511979205427200000 
3360 27720 
988473024 9754214400 
8494314603750976 371504185344000000 
292316861016180 95887829237760000 
14844575908435 5916296284641165312 
49985845232400 2172254628741120 
42518876400 306561024000 
415158670080000 7393461908152320 
45320499677376000 22879070742528000 
873352687900492800 328923692697600000 
4641917845743360 124002900000000000 
982800 5662310400 
3027024 14968800 
18559656640324800 21692748555878400 
764385960 93930934763520 
72382733280 8668430991360 
12943070494200 981891371394662400 
31568464620 111325552312320000 
79310874435408000 43998212966400000 
55484288207964000 92924225785036800 
4828029438632400 1479412222525440000 
19068840 11874725579980800 
5846743244160 3832706322483118080 
2890959128929872000 432513297216000000 
3614104494000 3621252096000 
8217027977558400 2223046425600000 
712027089322848 5264868153690685440 
23104568462976000 5931610933248000 
162901200 1855425871872000 
549151680 8515584000 
2601863216036884800 427658556124800000 
8953560 298598400 
35112863914128000 17382010060800000 
455683461599866500 403275801600000000 
492112107887400 2437996216320000 
83847224260800 60354201600000 
507911040 2490808320 
104915720 231928233984000 
21452478208452720 1238347284480000000 
667446532552800 2187142194895257600 
51679948320 334846387814400 
26665329600 70572902400 
3730269843780480000 2386601508747456000 
1593015563659766400 823646546731008000 
59064793444800 94303440000000 
2734481178000 12859560000000 
34650 226800 
1290601952640 2011327718400 
2002231299455587200 4627786358587392000 
9101051361161760 152564385447936000 
1548675784656 247669456896000 
3127452195017404800 3218155005542400000 
114171057000 1986515435520 
2338516736680924800 552361653043200000 
3780 25200 
3862683272448000 1261817498991329280 
76899763100160 3473390104750325760 
3996512729883273600 2036954304000000000 
27192299806425600 37712753971200000 
2871685580400 4809263859892224000 
3697259662736640 65907186676531200 
778337683200 7811222124625920 
658891152017280 11442328908595200 
214383324355200 114421507200000 
27292271496890400 16090621747200000 
308554291645399800 258096513024000000 
196710722208000 878039822499840 
211876 2849934139195392 
3519836601781500 5040947520000000 
45221482481175000 153987193039680000 
28334579232960000 14454741869568000 
314160 483183820800 
66371819342400 8814831159214080 
258926678303832000 130737547100160000 
72271536617280 4195092529152000 
40965098267184 426070720087326720 
57225730557996000 10003708915200000 
2405763191207376000 476647307136000000 
70543200 677376000 
16028794371189600 29496744345600000 
5237832600 12972960000 
296087451578919000 209058175549440000 
1035445639536 233783659855872000 
5115101459307840 6750503178338304000 
240371309178000 1578039704027136000 
21842523266788224 421285746180096000 
770152282099200 691329945600000 
71352343782720000 66078819975168000 
952785928706451840 7933348043292672000 
65964099801600 38903312448000 
2007835830000 4917749760000 
67275066995136000 19332657856512000 
1146058797540056400 458885065605120000 
51622526155200 3236214236774400 
7950761280 260436079411200 
5997600 162551799050403840 
13519391453568000 356158165037875200 
498684078995422320 8341457774365900800 
5476504743489780 141055495372800000 
889525885824576000 123575227776000000 
214081549063691400 1105875083722752000 
15751819663549200 524266706357452800 
108636528000 788889024000 
5420528201088000 30324746107656000 
8143669800 653034700800 
210584646684190350 5509980288000000000 
6880960571337216000 1129018588169472000 
302853751200 3188234649600 
982080 620085903360 
254265345734400 633120109048627200 
1756198339799904 27467867750400000 
950919464880 1466775999243878400 
16307556012427680 93657581066649600 
32382376266240000 341947613252044800 
15664849200 1653158707200 
955229502391164000 305429143219200000 
16431573312 100453916344320 
3660 8646911284551352320 
29642958072000 62219695104000 
8089517410474500 5156634372341760000 
28048800 165112971264 
5359514640480 69648048665395200 
3202293188968473600 435717099417600000 
8526500564400 81256056776294400 
3654 1811939328 
130310508125725200 585119091916800000 
170687909446600 1278212160261980160 
2087462520 3005789912432640 
3785779811693880000 5718324843000000000 
2118223800 13589544960000 
534827438852026320 331838373888000000 
1012961207578320000 284577730557120000 
562413837585600 2275463135232000 
1324298675700 4687849429401600 
6184134356400 5721075360000 
3980122926629850000 3221885885137920000 
16523700665472000 13278997315584000 
135509131157400 16314248724480000 
3397407502589100 16855282483200000 
26264480146160256 3566440179302400000 
3946602107448000 1000370891520000 
78686790 139156940390400 
4052128500 178120883699712000 
60894064991760 473411911208140800 
409384072453356000 227971928914329600 
96440944253940 1511654400000000 
161907013850400 1950396973056000 
365426121060000 271705674240000 
79306299072000 786579849216000 
1592686245150 9481096396800 
13081263026832000 5858381168640000 
15391483919611800 1015599566684160000 
10066392600264000 42475311857664000 
129866821484400 477233036280000 
263586951335862 1169970700820152320 
5304233232410112000 2911175626334976000 
9120224393280 156067430400000 
5293385370 290237644800 
1485799547798966400 834336482918400000 
193993800 1763596800 
294053760 778377600 
91010513611617600 661112336941056000 
712412277857280 659966907600000 
92945816243280000 307440404516044800 
19099080 911978924542525440 
303788974399911000 78074195189760000 
597380836372412400 1200170682379468800 
111968293320576000 105570569283379200 
214295137056000 6359967232819200 
3204156795840 1255673954304000 
394221699399528000 63023366165760000 
32404157269323840 12105328435200000 
103776 3694359069327360 
46328881363380 129996744535572480 
149918408640000 219011240448000 
8012376972600 405781638178406400 
75122281130720670 5416531022315520000 
160787493266400 142586801280000 
65703616566588000 12357522777600000 
206842076390040 24965081255116800 
38038449961512000 3753655998464655360 
29498742000 6612634828800 
1181069058929760 4063327027200000 
7939882739220432 990677827584000000 
4080 1720320 
114390825003000 5572562780160000 
1771560 19842748907520 
8661173098818240000 1075598782562304000 
7985449929600 39191040000000 
2144566044733432320 1048012989408000000 
1416728961648000 444609285120000 
46399141600812000 32446418780160000 
318073392000 935719317012480 
2036934900 10160640000 
661525686581760000 581061264127344000 
2113942446055440000 3489792597688320000 
1093998104184585600 1135814626346400000 
793062990720 44590694400000 
35080907621760000 31302963724032000 
1650326318784000 1939956480000000 
14871330598924800 47370790423756800 
2430480 158741991260160 
109530094869795600 434450925748224000 
277355388315762900 857108044800000000 
46102544937408960 1708721117016883200 
45020498114592000 34612505928000000 
243916436083320000 708213190164480000 
706758212160 754427520000 
103077446706 1444408272617472 
2322279359400 77396705280000 
201801600 648648000 
4060 3623878656 
1376078965807658112 2860582227148800000 
108302664670200 148142131200000 
4022655436800 33538889704320 
4004 138240 
46262007792 25480396800000 
3190187286 2028908190892032 
589166495805888000 88974163998720000 
982265413409280000 2239280427960576000 
57102579947362950 172792981831680000 
2325600 77414400 
468060049445788800 472864392000000000 
41122620 3463461627494400 
16962476761061832 1783220089651200000 
830317340160 3218124349440 
162685412955450 7052774768640000 
21945539946330000 12746807377920000 
40116600 78364164096 
649334107422000 2704320538920000 
184790734128000 927620153460000 
117793035360000 75518194752000 
9311702400 15567552000 
350419288355136000 61787613888000000 
3990 11796480 
52158146040000 807822360576000 
43486816033140480 123605404876800000 
21925567263600 25147584000000 
34320 432000 
1803912264 26718132554956800 
3621022078974300 1084902296518656000 
56654488800 13155742525685760 
4082923815934803840 1315694770790400000 
1009470 412876800 
37231573750207200 463414320798105600 
1220096908800 29943018144399360 
1411635142990800 4260707200873267200 
40406892532554240 2995809750614016000 
1017065166648102000 1580182732800000000 
2353507200 27590492160 
3728208060720 112717121716224000 
6626529000 1307993702400 
21660532934040000 4801780279296000 
15241016700 1248539443200 
15297796800 87787929600 
3960 40320 
681258697119000 1800338400000000 
120215957783922000 101974459023360000 
135072686163542400 227546313523200000 
432925276165200 45137758519296000 
1303929700830900 56422198149120000 
30117537450 209018880000 
6820680636000 146279772979200 
1731701104660800 41794220851200000 
34186320 348364800 
332459063000064000 3590384724638712000 
6039835560158400 21237655928832000 
7146110811840000 4707300806208000 
80196480 1568286720 
25521498288 1878618695270400 
145495350 2099520000 
8139600 116121600 
2570735756061673200 5183789454950400000 
106805226528 228304355328000 
2619462780534600 542451148259328000 
2494365759600 4062398266736640 
562884083269200 20143103016960000 
236121493608000 154909117440000 
6216210 3822059520 
1181483614584000 1234743500390400 
2825170508160 3013617490329600 
76245075927820800 14122883174400000 
211718707200 3726543300480 
899261480197080000 343877493960000000 
78919711977645 171189128606515200 
3876 2654208 
944485974432000 402763705344000 
29338957147500 157367992320000 
1400161747871040 112342865648025600 
242082720 2935341711360 
59133254909929200 38815295904000000 
176059983939840 6243838737776640 
55373243854500 315059220000000 
163075560124276800 172164671078400000 
9524356075634400 63568493936640000 
16592954835600 2157476157849600 
395424990174614400 3770788884774912000 
221470376400 1904684544000 
238196482176612960 3051287708958720000 
563921995 338151365148672 
594914320 10077696000 
1214813889184896000 1705348455255244800 
804671573105400 2625195680464896000 
807576 318504960 
49571101996416000 36042992713728000 
48188059920 671846400000 
794801813305500 443603381760000 
2312767303143897600 509747814576000000 
34440 24739011624960 
141351642432 342921600000 
16818766748784000 5272543051776000 
270141900 71248353479884800 
19152471225888000 16269561416908800 
17297280 59875200 
1744364160 635678883840 
17405388000 408748032000 
1854254001600 1870269278846976000 
8910720 522762240 
78792400262066400 325066162176000000 
13530188189798280 423166486118400000 
253240301894580000 402735735642240000 
356195430470880 5804752896000000 
524160 30750720 
42960056985846000 21789591183360000 
120006886552993440 471947909529600000 
7480328917501440 15729211297800000 
121551690648187800 119461814599680000 
3357242859402432000 510022426193280000 
132530580 581330534400 
100951250400 1226244096000 
373026984378048000 280776648087936000 
86308892767944000 73213026376089600 
344544628428000 194189643648000 
13954057451334000 6877549879200000 
800472431850 19499511680335872 
355810354329830400 170400029184000000 
1512194005901779200 211843247616000000 
68532607347324120 6824829088117555200 
1879179820818300 271225574129664000 
101270 11132555231232 
4368 497664 
427285454833036800 73916293651200000 
2741188875414 138663194171277312 
416748653650929600 216927485558784000 
1366676233322400 470124328491417600 
1710072000 1133594542080 
1642584303360000 69045860089206000 
1592049170651940000 239644404679680000 
78457339320360 19813556551680000 
457804947600 5386375523079290880 
140016373200 15672832819200 
6746328388800 7991343360000 
240773923982592000 185363962527744000 
6212673837216 1337242534375587840 
750086650645200 160489808068608000 
434126231819280000 109290519898560000 
58751750039542560 191345032771200000 
1031805241527060000 778714050723840000 
1096680 21646635171840 
293465284912800 168129561600000 
1705033819769280 4295774749851648000 
23574878400150 1262431763221708800 
438895971360 119859786547200 
17668955304000 9807557760000 
665280 4324320 
2635869513358620 1949951168033587200 
69498937667053440 595001103246950400 
20389320 1007639592960 
49781736364367700 135765914296320000 
205920 1330560 
193536720 743008370688 
6359558190960480 3639908846996029440 
7682154480 33625912320 
281887200 1056586693827624960 
9931946273758080 3616340988395520000 
361410449400 1072963584000 
19789229940480000 22359678829488000 
94783859040 475525357240320 
2632378448700 8079563284618936320 
6326086832060688 5849853504100761600 
7743378923280 770527199232000 
805820400 21856665600 
55221075 101921587200 
387168946164000 3178424696832000 
131553403581600 65383718400000 
1309542023790 2031199133368320 
2884455710136000 8100603814005964800 
19489393123200 17603308800000 
29506608331200 110361968640000 
63584145064440000 13204895768064000 
5501874498120 269684519731200 
155840185781280000 217063115909640000 
170116401216762000 2665948862545920000 
6056820 619315200 
22151360 452984832000 
213642727416518400 42793643692800000 
127505606548320000 123484794828595200 
972093721238640 511862181608816640 
2240128548989210880 7855810176614400000 
821292151680000 30951592453782000 
796024585325970000 183257485931520000 
120386961991296000 64877386884710400 
140251950747909000 104529087774720000 
3740164458750720 13914302301900000 
1174544280 386933603696640 
1678621429701216000 243923769048960000 
379501200 8452693550620999680 
43154446383972000 44798180474880000 
259596329944723200 1296783749520000000 
4965973136879040 2169804593037312000 
2575122181632000 630908749495664640 
14108640 186624000 
86822636177277000 123886326251520000 
1044186904425384720 4232632320000000000 
65776701790800 45265651200000 
31792072532220000 6002225349120000 
226676633863680000 292160994757632000 
10357598291040000 23027467567104000 
558383307300 2671813255495680000 
4495 7247757312 
34521229300958400 508547951493120000 
2140570313481600 1770389913600000 
18490100706 36069478949191680 
24890868182183850 86396490915840000 
11576699515180800 3775909737600000 
1287561090816000 101759475725107200 
51350828649120000 519356339453952000 
66300 25332747903959040 
961072385644800 1724405760000000 
6969443091011478000 1724729948282880000 
106821363708259200 21118941043200000 
4936868666326396800 677898392371200000 
97620405409800 40623982667366400 
410646075840000 7142675181642000 
60193480995648000 37560592406937600 
83902896 10687253021982720 
2517805537632000 6719727071232000 
347973991353660672 5713316492083200000 
1218404977539750 828542479564800 
156106519093324800 1794140081750016000 
937067978623392000 2026954930240880640 
9006145332307200 219690622255104000 
18012290664614400 512611451928576000 
5403687199384320 131814373353062400 
10807374398768640 606346117424087040 
10238682781306980 515978035200000000 
7336632122820000 1647669703680000 
3350018023578626400 1451792885760000000 
14673264245640000 3624873348096000 
888844320 2874009600 
125475189840 1750329000000 
6700036047157252800 3387516733440000000 
1619118813312000 724077978624000 
44738496728640 368209264272998400 
2468434333163198400 338949196185600000 
16144128000 427756329000 
1343160 86586540687360 
1393888618202295600 783968158310400000 
29346528491280000 5602076992512000 
13538927050084800 248005800000000000 
6423296287122000 108065312460000000 
12885893514093600 236973232226304000 
2164447024740000 13325814782280000 
195133148866656000 187468197396480000 
689089256856000 300111267456000 
494730748512 778377600000 
799343537952960000 519187588920000000 
13983816 6412351813189632 
219988969200 272432160000 
10336338852840000 3851427932352000 
271217377772827200 609499054080000000 
25482979922400 94058496000000 
3024388011803558400 296580546662400000 
138138000 16349921280 
85920113971692000 27376665845760000 
135522928450754208 650132324352000000 
819105086530130400 1273096440000000000 
240013773105986880 694167953788108800 
14960657835002880 27828604603800000 
93078934375518 36110206815436800 
487832872166640 10487731322880000 
35319410172446400 28916368588800000 
34525327636800 67749986304000 
459659309421312000 947415808475136000 
7448959705318560 3037726430252236800 
3237399360 8770495017123840 
6714485718804864000 1122049337625216000 
4941683640129600 20024075590041600 
93501300498606000 46931427164160000 
437901428764800 26369153040384000 
2258553417120000 35713375908210000 
53353114214400 209324181306720480 
1233724713439680000 745329727650816000 
3285168606720000 448798090579839000 
6615057994459200 87071293440000000 
1068213637082592000 147832587302400000 
265034329560000 175064906016000 
621382127417251200 3085190905724928000 
280032746400 21941965946880 
561007802991636000 164259995074560000 
13492656777600 10897286400000 
481547847965184000 1236377630060052480 
123444408645043200 50438868480000000 
11895944860800 302146545254400 
1663116607152000 398163429158695200 
2883046320 11496038400 
34115339371113000 13041872363520000 
868252463638560000 226500642688320000 
4200 54000 
835184548814616000 450727108883251200 
117503500079085120 61673192380800000 
2063610483054120000 1713170911592448000 
4802348430980100 517794277883904000 
84473224617600 1300264648704000 
517730058189424080 719970757632000000 
586930569825600 261534873600000 
54645259949280000 397895450003251200 
3758359641636600 452042623549440000 
2289827767312800 15049359360000000 
5669175486374400 3308840388919296000 
3261511202485536000 1205152697548800000 
426325028220 5114017559347200 
22619520 7441030840320 
9667357700 151165440000 
23290895628000 21727512576000 
83114765750016 350415865800000 
90061453323072 3923981107200000 
35658730800 224432313461637120 
1059438940560 3616340988395520 
15966779400 802632499200 
180180 907200 
646021178302500 609954649920000 
135896300103564000 129785675120640000 
1389203941821696000 422590010274432000 
1784742960 7838208000 
20544806121840 160726266150912000 
101296120757832000 29955550584960000 
7505374661644860000 704261107630080000 
266786622648000 254211897139200 
4600263984531415200 3839844040704000000 
72354371969880000 19257139661760000 
23955121258041600 85710804480000000 
1349265677760 1482030950400 
2978563951018656000 2673502524000000000 
1007172857820729600 174231263606400000 
6884875277280 83607552000000 
99563472728735400 190072280014848000 
1227831766761600 457686028800000 
4401499598496000 11477644738560000 
4145556542400 130026464870400 
324963519907950 2773263883425546240 
12862999461312000 4857356439936000 
98946149702400 61133776704000 
47149756800300 2777349879087759360 
23747075928576000 57141401453136000 
471497568003000 4418511171275980800 
38068386631575300 152057824011878400 
35337910608000 21576627072000 
156514818620160000 212002880753664000 
82882800 47233105920 
1732842634723200 844958822400000 
70413497154000 245494068019200 
13808491720383360 305128770895872000 
6598520349473052000 4190305996800000000 
3805096402899792 61178432716800000 
949171773347277480 1851776640000000000 
75957810500 3936600000000 
35140049198377200 141196550868172800 
192651328213344000 230580303387033600 
6493341074220000 57745197389880000 
53148520184760 30136174903296000 
1101024156960 28343520000000 
12429117949248000 1458976483208724480 
907200 58198140 
114367613891731200 21184324761600000 
2842439535157622400 547533316915200000 
15466380533604000 13905608048640000 
263106807163200 152562009600000 
5100480 7872184320 
175034609568000 373318170624000 
39270 450971566080 
2346557734521000 5401015200000000 
8031343320 25866086400 
752099040 3832012800 
3529864626288000 2433481408512000 
307237559248620000 309843270696960000 
748032891750144000 2274355958074200000 
370677384000 697426329600 
36756720 119750400 
311680371562560000 484217720106120000 
2460949920 70448201072640 
600076986468960 18895680000000000 
15364308960 30177100800 
6775660251360000 94153445576190000 
194078375088998400 40276370534400000 
501612341630400 772533780480000 
3544204701332295000 858816147087360000 
77864660874000 158018273280000 
4290 115200 
440240493 4007719883243520 
2065202568000 2414168064000 
35991929178943920 1133740800000000000 
12652173664121376 8189794905741066240 
499728028800 3155556096000 
5264756897400 4328337473903001600 
15486757846560 577895399424000 
100947 95551488 
20064493665216000 11047233060864000 
774337892328000 51273353134080000 
150346746950400 188606880000000 
46628373047256000 10503894360960000 
1335773020982400000 3335722071842160000 
5957127902037312000 1614881076576768000 
1008282775500 3765152160000 
519670385929094400 234335246745600000 
273438880 42268920643584 
365456511663122880 452553047654400000 
2014345715641459200 364301732995200000 
54813918159000 49289264640000 
759265650 30098718720 
6033983155200 192538070524800 
10354456395360 490945685697331200 
19328840271140400 260670555448934400 
761019280579958400 669529276416000000 
2455663533523200 1144215072000000 
8802999196992000 16068702633984000 
3605401800 267544166400 
1877239203840000 327254551745121000 
19409079690 483729408000 
1292042356605000 720855495360000 
7508984750467200 13094706240000000 
404674920 378816115507200 
12840503826150 170467251978240000 
2778407883643392000 1593820081854000000 
1695577201718400 741451366656000 
5322259800 573308928000 
22440312119665440 28443289190400000 
202592241515664000 51741405555840000 
4896 3440640 
19799007228000 316914479481600 
24259796886124800 7322976460800000 
63826370378971200 97218273600000000 
144708743939760000 33262332143040000 
3465685269446400 1629563443200000 
5146542625127904000 440163192268800000 
25944505003216800 50185433088000000 
795964043463732000 1655429529600000000 
1534530437792352 5114017559347200000 
1876471317010442880 5057509377599078400 
127363933652155200 44853230822400000 
1129719360 4185579847680 
1335732864265800 18139852800000000 
424270 1459166279268040704 
587722460276952000 180772904632320000 
29556282756000 243799621632000 
13204498795488000 35351145794764800 
1898343546694554960 2909934720000000000 
2643543302400 58859716608000 
179400 1321205760 
29428859460 391378894848000 
18632716502400 54877488906240 
6324682864500 19670999040000 
458933904000 896690995200 
100800 1081080 
385302656426688000 257707397903155200 
53514257837040000 38730408837120000 
1479481255755360 275188285440000000 
12986682148440000 24338884850280000 
15962918400 35026992000 
50463607194000 551124000000000 
106297040369520 84381289729228800 
69837768000 123502579200 
3632428800 20951330400 
160292762517888000 897612484786617600 
252547716960 363663470886912000 
197892299404800 105594705216000 
1805044411170000 760462940160000 
417225900 2972033482752 
94299513600600 2945674114183987200 
28231388640 725594112000 
47494151857152000 247612739630256000 
1942049679570000 4521182419353600 
5175995524299600 7101178668122112000 
4960 14495514624 
199306950692850 117196235735040000 
45171068342400 65996690760000 
76136773263150600 190468454400000000 
138523355276506200 1184866161131520000 
44172388260000 32364940608000 
70675821216000 33345696384000 
932567460945120 712934006400000 
442019436034176000 106861841678592000 
4693115469042000 3394923840000000 
27941863950 1433272320000 
2538963567360 82282372300800 
934374606412607360 2831687457177600000 
16062686640 51732172800 
247751193690000 1211733540864000 
2333606220 16926659444736 
12212781906124800 46786751137526400 
235372017961080 30821087969280000 
88440449273748000 451480780800000000 
4548711916148400 2440992153600000 
115151400 48704929136640 
1525941224137249920 914629518028800000 
5005 373248 
614475118497240000 239356716318720000 
5752004349 760840571584512 
362390133609504000 278112160972800000 
1496065783500288000 7960245853259700000 
24806375193600 156224442492518400 
65044382955552000 809386503045120000 
