240593196006563400 8957588178154291200 
623360743125120000 1129841346914280000 
8447607844275600 17643316320000000 
39884521950 577111663187066880 
842354058546000 864162432000000 
1887628142400 13544423424000 
720761580000 1564738560000 
9922586991688800 45148078080000000 
18943120620496800 35757277839360000 
2505573094424400 402728882798592000 
171619825667621760 2247370997760000000 
5040 30240 
6602630296747716000 2617365692945203200 
65046338413056000 2057028610969332000 
1350614943437760000 447193576589760000 
61268364584856000 42032390400000000 
600429972931588800 143401583001600000 
441017124387840000 369766258990128000 
1430163000 193953851139686400 
16020783979200 3995326218240000 
2296934845920 28930727907164160 
1604482316556078960 521460301824000000 
22215931214400 182849716224000 
733663212282000 235381386240000 
25341967385280 2080423437926400 
3746922834154500 7780033800000000 
2265894259200 91821157908480 
1243583340253800 8217078173112729600 
511738760544 30814043149172736 
3065310001353600 451205507579904000 
4130405136000 4483454976000 
52203731580 755827200000 
34246080 8312307905986560 
2187930431667380400 688327598407680000 
1559011157787283200 351502870118400000 
10529513794800 6059672463464202240 
30973515693120 1797896798208000 
4261482225 1709960483517235200 
1269777600 4151347200 
32687600 3224862720 
91494091113384960 41402982297600000 
63143735401656000 107271833518080000 
5446076851987200 5761082880000000 
40128987330432000 17072996548608000 
4222326108000 72236924928000 
1548675784656000 7079218642944000 
428114062696320000 231275869913088000 
50035831077632400 45166889779200000 
3200897700 14696640000 
2712173777728272000 2212255825920000000 
31167100166202000 29865453649920000 
69976146240 52901078630400 
1312311000 40874803200 
30728617920 56043187200 
65780 509607936 
1154371746528000 4326563241000000 
1070845776 13996800000 
328631466240 2466701723566080 
6159691137600 12736203480000 
5226780773214000 19282443160780800 
643149973065600000 602582051687616000 
388156750177996800 62245299916800000 
1003224683260800 1434705592320000 
12709342800 26635508121600 
7088409402664590000 807828917575680000 
118525320052339200 599898231668736000 
1195841704157100 670362468404428800 
86642131736160 253957939200000 
70396470144 413513100000 
6126120 32659200 
347540816480 739706111262720 
5104364865600 7565830272000 
2272989850440 6419592322744320 
684752331463200 492892646400000 
1533325424400 601157982486528000 
168952156885512000 51489678240000000 
64796466042000 511979205427200 
369802014120 90173697372979200 
361771859849400 3087580356000000 
4620 43200 
338807321126885520 858174668144640000 
406062790736803200 279353733120000000 
28244642155329600 395537295605760000 
679274312811494400 224266154112000000 
908514660715200 8367203014410240 
5435852004142560 24721080975360000 
73149328560 61152952320000 
1505702278080000 52483135030326000 
20420400 79833600 
11249646216449760 5272625161080668160 
3160157752271520000 563408886104064000 
73122700406923440 6657355001364480000 
172009870725957264 606790169395200000 
1314361138437547200 1206808127078400000 
164258430336000 865778809896000 
55593489705600 5127335313408000 
7722445500 71530905600 
796582508143968000 836720301441024000 
147965689872000 463409906319360 
13742520792000 22004136000000 
4420194360341760000 2410328206750464000 
3680211187625132160 3620424381235200000 
22512114360590400 97519848652800000 
4328894049480000 15748690197240000 
390266297733312000 412430034272256000 
3453450 2123366400 
195356804318676000 89408148429600000 
802713867555600 697426329600000 
745603374112608 539245755110522880 
1386274107778560000 299768283150336000 
18494762735988000 30170203176960000 
8887997422443110400 1810194946560000000 
3331056726287136000 1077956217676800000 
16035667804316160 822717574859980800 
455126 2918332558536081408 
218762171282200 7304069487211315200 
257175851343840 9447840000000000 
85251690988464 1565515579392000000 
2237543366625824400 2370274099200000000 
6919311168 43545600000 
23023000 5308416000 
23784114594240000 24344828411904000 
187002600997212000 87158364733440000 
819300157996320000 199184959733760000 
210485445730560000 304754141083392000 
875802857529600 48971284217856000 
5377508136000 6792641856000 
823727520 6897623040 
171531360 628689600 
421254044501209920 793949234400000000 
9556889682412800 6110862912000000 
363337971796800 377213760000000 
8005462517606400 3907563867844116480 
1445430732345600 206802524307456000 
4675205573438400 26739659206260000 
992681435200 9143538696585216000 
1802008169510028480 5056584744960000000 
5651707681620 18280792200314880 
2098169183188718640 1016255020032000000 
1882654757052451200 6944162400000000000 
4103825022837540 665735500136448000 
1999433809296000 3871842741043200 
1638210173060260800 2223057856320000000 
35715856176000 200238848409600 
43370632305000 2039281090560000 
136882025280 550103400000 
8935691853055968000 1134420590983680000 
5202679506315291000 3801445600296960000 
10167474240 11098128384000 
29921315670005760 73366321228200000 
132057652176450 9017369737297920000 
767901208598023500 4423500334891008000 
186157868751036 50554289541611520 
446631925740000 745500127680000 
15338678264 1141260857376768 
39552387114240 15068087451648000 
14163171998976000 42633711381381120 
71172319680 39953262182400 
235007000158170240 95313115497600000 
324469521684000 3071875232563200 
9604696861960200 813676722388992000 
2362772949532380 361102068154368000 
13166879140800 1904438830694400 
5655998359736524800 6259161752179015680 
1970556429441600 88148311592140800 
1035460116378848160 1007959060684800000 
6550564395375 13168189440000 
21307411125 3989907794873548800 
3986139013857000 1640747300290560000 
278803877850388800 731398864896000000 
1301077617840000 1727060067532800 
4452576736608000 3079845568800000 
7039435384800 557256278016000 
63354918463200 2340476367667200 
317904421695260400 186659085312000000 
14702688 95800320 
717001084800 762810048000 
188498810304000 559977255936000 
726638678160595200 466647713280000000 
50796565736716800 257099242143744000 
530683056883980000 155064026557440000 
2118760 8549802417586176 
31709136690831600 103004504064000000 
154143381974400 171104161536000 
6570337213440000 1070210831382693000 
54024597737510400 113184324653400000 
2476552882440 973875931628175360 
17380905979076640 7313045109866496000 
2136427274165184000 340014950795520000 
1242764254834502400 5141984842874880000 
8352597052800 7544275200000 
1122015605983272000 203369517711360000 
53608007930400 60518833953177600 
26985313555200 20922789888000 
9371980491941760 5459863270494044160 
1172521435096440 1467670855680000000 
39732 98956046499840 
3124367780788800 212576400000000000 
23791889721600 357082280755200 
3326233214304000 502032149808789600 
5766092640 19160064000 
56200914 1335906627747840 
1736504927277120000 400731906294720000 
607130370 9119789245425254400 
417729312000 22884439818240 
137680171200 438939648000 
1602927625178880000 5203726432073769600 
48062351937600 18500262926745600 
3922512 358318080 
961392273374332800 450352155052800000 
1103068603890 34665798542819328 
4479792038631000 2688779681280000 
2118877881120 2465687037542400 
15800788761357600 11588006707200000 
1768966344600 1314732507698036736 
567305281886878080 1041251930682163200 
20263826997691200 4372485753117081600 
31933558800 1765791498240 
242867821996800 211718707200000 
512665087334400 1077948653198376960 
509659598448000 405580234752000 
206012394720 150459195064320 
245728386751367520 2106428730900480000 
1804518804368280 356644017930240000 
28989675 410390516044136448 
4845 5308416 
6523022404971072000 2926799408332800000 
63448699548326400 40855483468800000 
26574297750 325140480000 
31804119547200 25009272288000 
66045 695784701952 
1234218400800 52242776064000 
3747960216000 2615348736000 
46581791256000 40351094784000 
1900704693888000 9136635413722116300 
132019319040840 5844591496396800000 
3206853897520 1783220089651200 
13707540 1484340697497600 
1442160720 196199055360 
181717430961306240 555764464080000000 
64664600 1259712000 
1640688706800 11022480000000 
616523707800 4304116776960 
12489742780515000 23340101400000000 
8830566066549427200 1906262309952000000 
1584935415063000 682482908811755520 
396364208635395000 2714283131535360000 
15430551080630400 19399564800000000 
49612750387200 718632435465584640 
1898161435170 5870683422720000 
130088765911104000 348979259768832000 
581188608000 267146572853160 
238902598230496200 1321454146682880000 
273764050560000 17494378343442000 
13207375364040 86792183721492480 
3425304785019062400 4054875306983424000 
46603659556293840 1078738078924800000 
3506025600 27903865651200 
165526740073094400 4273560736078233600 
20118142044000 1067940524851200 
37544923752336000 31524292800000000 
12063788880 5572562780160 
137135240731288800 82959593472000000 
186054099351120000 60980942262240000 
884038872068352000 249344297250048000 
1280359080 5878656000 
25776034191507600 26665583616000000 
55883727900 1872809164800 
960269310 26244000000 
5460 276480 
5456 28991029248 
74959204320 100590336000 
285012 10569646080 
63075471903924480 95273908128000000 
32125373280 60354201600 
2148854400 37638881280 
24425563812249600 346221958417695360 
3095415724581180000 1446183237058560000 
470744035922160 38834570841292800 
992774426143500 4702924800000000 
17345168788147200 199966077222912000 
9097423832296800 6900497049600000 
10594389405600 49334034471321600 
191588469787 20289081908920320 
1027486818666000 5485491486720000 
336604681794981600 117328567910400000 
1147334760 48372940800 
2701229886875520000 1162703299133376000 
9777287520000 212482328058000 
112204933762521600 615012161743980000 
225251021188753560 7739670528000000000 
122536729169712000 49792216320000000 
2602966607287200 16456474460160000 
18700260099721200 21332466892800000 
386826487145280 35429400000000000 
1982009549520000 6058667704320000 
470245683600 292990589337600 
15631917701400 66969277562880000 
19267922746800 34919216640000 
48235631764320 208944145996185600 
845700451596000 440163192268800 
480343978345271040 239217231052800000 
6590416502910240 263691530403840000 
3967126606869426000 1267438233600000000 
2415841826580 7671026339020800 
625447888470405000 156148390379520000 
189189000 1135134000 
44431862428800 228562145280000 
200480265933948000 163326699648000000 
57628181171761200 7192902225918689280 
14404039650 51438240000 
32776380 25480396800 
1684708117092000 2234829864960000 
144144 1088640 
621240229044864000 772533780480000000 
1441523160000 3442424832000 
73916568637411500 24398185996800000 
37886241240993600 50060188975104000 
4196553574253040 3881529590400000 
975425068800 25505877196800 
120267508532371200 2938277053071360000 
3433543833479760000 437162079594240000 
130092676826112000 7667106640885692000 
61947031386240 2825266397184000 
1002311646336000 832689675417600 
82076500456750800 5177942778839040000 
202927725 615585774066204672 
8522964450 2393944676924129280 
11087444047680000 617108583290799600 
88341792 7827577896960 
3986466775200 9777380659200 
1792310643323928000 2973575225121177600 
34718739931418400 18106260480000000 
1154074348800 27427457433600 
126287470803312000 150180566925312000 
10892153703974400 13442526720000000 
80257974660864000 46340990631936000 
22124604902400 52043104713600 
48694800 1522029035520 
16661948410800 127994801356800 
35432397000 455196672000 
856228125392640000 483576818909184000 
9966615258600 1803473947459584000 
75040381201968000 191138903359488000 
40040 483840 
244662670200 4874877920083968 
1267098369264000 16383334573670400 
1561342762980000 34041844098662400 
74296586473200 1704282880349306880 
621621000 37158912000 
2454021570 52488000000 
4375860863334760800 813478070845440000 
115084425456000 368861036544000 
36342450144000 5087973786255360 
1850883434400 159102768513024000 
44006974712981280 6529504562380800000 
386640512872614000 129061424701440000 
121808707020000 111878807040000 
101773182551040000 233933755687632000 
503561107526400 2879883030528000 
22070232009745920 2109029973648998400 
682306787422260000 76028187755520000 
640831359168 1305900912476160 
25418685600 41855798476800 
78487578160992000 31300493672448000 
55073818800 12383472844800 
686353797976 17332899271409664 
7453761064791481440 4672284304343040000 
2391683408314200 703177414410240000 
4529876670118800 15169754234880000 
6213343563522950400 2324223059558400000 
173284263472320 507915878400000 
5544 77760 
1062600 637009920 
21819433918726080 160192604720332800 
64792728000 19421724672000 
690306744252565440 3571283520000000000 
60579275328000 153243090000000 
100071662155264800 43374552883200000 
889625721600 8343285350400 
6401795400 20575296000 
62334200332404000 59730907299840000 
6004096888204800 188856850710528000 
6360823909440000 3643017329952000 
48939345 17394617548800 
6272136927856800 65263653774950400 
45753634080 89524902297600 
2707085271578688000 1774007946805248000 
19671072220800 98322481152000 
10453561546428000 18540810731520000 
12620256 4696546738176 
1984517398337760 29023764480000000 
232308351475200 445257673660800 
10902276000 501851750400 
432648216000 5738822369280 
131231100 25798901760 
40002295517664480 190705481809920000 
13566444744352500 36902256320160000 
2873827046805 56358560858112000 
12067966310400 1424781721883520 
13904724783261312 6027234980659200000 
20708912790720 771486077524377600 
40451305003200 624897769970073600 
21244757998464000 712316330075750400 
1522038561159916800 937340986982400000 
2940537600 10291881600 
201911899709520 2045607023738880000 
143560261845000 166351268160000 
17605998393984000 39023992111104000 
7210803600 200658124800 
17716173394920 27396522639360000 
377580 42278584320 
329820499008000 523033422912000 
4955929935308352000 750278168640000000 
289912106887603200 449923673751552000 
11379750116342400 115853580199526400 
66788651049120000 57883497575904000 
12368268712800000 9444859744320000 
1752096441775680000 299052051217920000 
1184040 4586471424 
14847840559552 15850845241344000 
2821474101600 4655294919475200 
8447576417280000 4216908652487130600 
761866560 7841433600 
4506463817856000 7208598542745600 
1915884697870 47341191120814080 
5315831410032000 5210265060000000 
2179485 1739461754880 
342615479684177700 836318032065331200 
6296516148932100 338533188894720000 
117793035360 150885504000 
14872858 1209323520 
2016565551000 4449725280000 
4795184394000 12875563008000 
423304714472640 15256438544793600 
7086414353578560 53531128627200000 
4028691431282918400 1509250036694400000 
630630 9720000 
441432891900 2130840649728000 
3040074797760 66886041600000 
65627548272000 165031020000000 
196913935764000 195547613184000 
405184483031328000 81307923016320000 
3234639584816640000 319318388573184000 
63246828645000 120484869120000 
819628009200 19349176320000 
105371900387994240 922700613471436800 
785286902400 1260971712000 
1376647204252320 16533720000000000 
1350726861635424000 929689223823360000 
36958146825600 120993933060000 
2093761264736641500 1613103206400000000 
31891734201600 45394981632000 
39598014456000 428766648710400 
311706198838944000 1004064361729228800 
44975522592000 22230464256000 
84146400 183458856960 
52617034982912400 2742391916199936000 
114152892086993760 392790508830720000 
14729162395147200 7263197061120000 
10897286400 179250271200 
123927754991040000 132157639950336000 
1600091820706579200 2809727431999488000 
127652740757942400 91662943680000000 
66763352317662000 30542914321920000 
289417487879520000 73177130714688000 
875160 13996800 
6957151150950000 10817282155680000 
25254771696 56108078365409280 
5817980921613260400 9123469440712704000 
590647934448000 612972360000000 
15017969500934400 10184771520000000 
2827319040 4534378168320 
40320 9699690 
964712635286400 7498773239640883200 
26752658220288000 112133755109376000 
1170428797137600 1802578821120000 
25681007652300 59176488901017600 
106805226528000 20509341253632000 
837243447080040000 697273516952812800 
10533859174238400 10846374277939200 
56893412987848800 171421608960000000 
124276425483450240 2517055517491200000 
92183082420 132090377011200 
5290740 58060800 
1075501627200 1111523212800 
22813670880 250047000000 
26408997590976000 54633588955545600 
9208738250712000 2445351068160000 
1858518157603060800 6249746160000000000 
64429467570468000 414703156396032000 
1404514556565120000 324386934423552000 
594797243040 84757991915520 
16735679449896 935976560656121856 
18540181459800 23439247147008000 
111357939841948800 84978715852800000 
12649365729000 23247544320000 
917867808000 3048749383680 
212439842237700 3455859636633600 
15617799643723200 50685941337292800 
91202243932800 535623421132800 
115511760 4127291772764160 
2639408139789220800 1244393902080000000 
828786442564080000 570446063066880000 
25973364296880000 35572216319640000 
906192 48922361856 
11652298077420000 162260213494579200 
115321852800 312947712000 
8900338616535600 9213519268958699520 
3687323296800 924632639078400 
6931370538892800 2534876467200000 
165164428771914000 2448880128000000000 
237011831420364000 172336835749478400 
2535785239680 257162025841459200 
5313 47185920 
1410533904664684800 502146957312000000 
3069060875584704 8036313307545600000 
2932221600 24763750636584960 
743253581070000 1432048730112000 
2671465728531600 7584877117440000 
12843421880889600 7671689625600000 
6297026360110200 37623398400000000 
4914630519180782400 1097918369856000000 
4803439783452710400 675806113382400000 
1175444920553904000 397700390191104000 
3492617040712800 805457765597184000 
1667284819200 53595831088800 
35970459207883200 88951719780000000 
441492627155580000 325791086100480000 
139197424802436000 60257634877440000 
436995631800 6982338641028710400 
398613901385700 191775658475520000 
43807327200 507915878400 
4683195572799744000 4036815183937536000 
152273546526301200 191992202035200000 
84716751030912000 36806406303744000 
277046710553012400 1658812625584128000 
291732827782556160 3420292460785200000 
18643560 18786186952704 
283459176000 9535183257600 
141053390466468480 240890078822400000 
88344776520000 50018544576000 
4076350421 4057816381784064 
10094700 1592524800 
1258543440 96976925569843200 
80123769726000 946823822416281600 
6867751690800 500037272469504000 
7264857600 48886437600 
5476504743489780000 3763047159889920000 
123502579200 488864376000 
505095433920 571471168536576000 
32308782859535 8874444426961747968 
35341488000 4161798144000 
114792308331120 342378257213030400 
3610088822340000 1673018468352000 
1337068597130065800 774289539072000000 
247365374256000 122267553408000 
188599027201200 4628916465146265600 
1343590116408540 52895810764800000 
54771911040 279038656512000 
6486480 50450400 
101569669315229115 4314952315699200000 
94988303714304000 552366880713648000 
3884099359140000 6607881997516800 
333816761588310000 91628742965760000 
21227322275359200 17251242624000000 
29899845775800 2524863526443417600 
3941112858883200 174036410066534400 
3697103995200 9310589838950400 
57718064698544250 4062398266736640000 
8363331709213773600 1935921370521600000 
11445146111599200 3236494060800000 
42614822250 8777797148721807360 
14224687645428000 87767863787520000 
7759752000 19559232000 
4933252634310000 3532173765120000 
2602155235680000 6332553580953600 
5379616 293534171136 
7117005772800 1642991535144960 
1905944040 2337836598558720 
5969040 331776000 
1275564484434240 175794353602560000 
4785342061500 10081895040000 
566506245967200 1407942814924800 
150570227808 2450460600000 
24522480010828800 3021709611368448000 
53648378784000 169957431705600 
2100269452641360000 1188223344000000000 
17620076360 427972821516288 
430930602582480000 2459523236128358400 
362110796863200 106993205379072000 
126014557308393600 3213005957533532160 
369725966273664000 576687883419648000 
6006 230400 
1380849172038336 122051508358348800 
1620156202064400 304679870005248000 
5542757093557363680 2439012048076800000 
8168160 47900160 
6474357096768000 9805316032512000 
456011219664000 1606870263398400 
5985 10616832 
1622493600 45349632000 
5984 57982058496 
7343968754942820000 3310088339638080000 
26333758281600 4625065731686400 
57177120 285768000 
22338944250124320 308942880532070400 
20886465600 637646929920 
630124594444800 698384332800000 
16705194105600 14010796800000 
38507614104960000 18403203151872000 
9085230 1445068800 
2244031211966544000 406739035422720000 
107216015860800 79140013631078400 
1966582800 392398110720 
143640 151388160 
158789030400 1499184086400 
2525430783284640 599161950122803200 
33111678600 288555831593533440 
9366819 801543976648704 
8628713662800 701350979567616000 
150017330129040 96293884841164800 
75051211102560 2354388664320000 
9875159355600 1165303480320000 
3473009854554240000 1041902956366272000 
129060675398655000 163380709800000000 
126709836926400 1820370508185600 
34918884 583200000 
1434002169600 2881726848000 
5940 80640 
1061366113767960000 287976049320960000 
22572555373368000 26513359346073600 
63418273381663200 144206305689600000 
178365 712483534798848 
246473599680 251134790860800 
2501707036752 764411904000000 
118030185 112717121716224 
32449872 3627970560 
34761811958153280 5753269754265600000 
123512325300 2720977920000 
412980209241600 12585277587456000 
262740857258880 25684239974400000 
53379239760 19976631091200 
1222415964249480 684913065984000000 
580753419246000 4449794575564800 
622738005120000 12322436513587200 
584400696679800000 8298207573676020000 
932431500 52022476800 
52913089309080 9906778275840000 
6652800 91891800 
881276250593138400 1002189376188000000 
31601577522715200 21520583884800000 
4444699501962720 96315899904000000 
1189205729712000 836911595520000 
6335682312960000 2811272434991420400 
1134610563773756160 2528754688799539200 
17609619720 14027019591352320 
40527653995382400 4886895841719091200 
151584480450 2166612408926208 
16628040 235146240 
81226998502650 103464345600000 
693373122306184320 934456860868608000 
211947150214800 135796953600000 
11693635873920000 7555887795456000 
27757204675200 490497638400000 
3339432552456000 3311412904800000 
3924378908049600 3540779827200000 
101745 26542080 
4537567650 33853318889472 
520593321457440 11754624614400000 
2476332579664944000 1168071076085760000 
879929423100 222902511206400 
1922784546748665600 503334761529600000 
121399651100 146081389744226304 
1417282870715712000 750724048237363200 
3254608533273926400 2234829864960000000 
8959584077262000 3177648714240000 
914461002000 112414792089600 
143840 36238786560 
2654033553600 36118462464000 
4851959377224960000 501786039186432000 
23145826620945600 26885053440000000 
3365245378231256520 5555329920000000000 
2044321098314695200 3396338391600000000 
9428702571288000 130335277724467200 
7251121263157200 97955205120000000 
154201791744000 9857949210869760 
72176442490152000 55306395648000000 
7495920432000 5230697472000 
735145360185600 1047576499200000 
93163582512000 80702189568000 
58539944659996800 113304954470400000 
209513304 1360800000 
3239636400 1528823808000 
26976487903200 274274574336000 
195071466189600 595954630656000 
523892556106920 292923620060037120 
43066623600 710280216576000 
5755273473261312000 3811308891390000000 
6178392652684412160 6113409104880000000 
20067846688890000 15017913630720000 
31528902871065600 1898126976284098560 
476531724548880 592568524800000 
135961499032128000 77788840524595200 
6357493831040352000 4381025764353638400 
39621644370 133343272658534400 
219630384005760 5201058594816000 
26771144400 148142131200 
29576831961600 179658108866396160 
6072 94371840 
2703234510168192000 566386460640000000 
529304659333632000 269791454835302400 
11263477125700800 9457287840000000 
1429178893059677760 7628219272396800000 
7804019259472936500 8466856109752320000 
250170703675200 20948827137638400 
141365952 285380444160 
27569305764000 15233993500262400 
63608239094400 41682120480000 
2019025008000 30111105024000 
4315665954600 10729635840000 
271252800 1070617067520 
27172711566000 34566497280000 
4778058735450 18811699200000 
10871704008285120 45910578954240000 
5254817145177600 146913852653568000 
9307893437551800 250765325107200000 
5693785574400 5858416593469440 
3011404556160000 297404431838514000 
425040 353894400 
89051534732160000 77920092890640000 
451040240851200 238183545600000 
1694579040 6849130659840 
728893991105280 117531082122854400 
6320315504543040000 939014810173440000 
40920 43486543872 
1082313190413000 50153065021440000 
2628722276875094400 2413616254156800000 
344019741451914528 953527409049600000 
730728779901120 1841046321364992000 
3569485920000 25244448768000 
5189483376000 5928123801600 
7581186526914000 2118432476160000 
740530299948959520 406502008012800000 
9647249595984000 3301223942016000 
2165293274704560000 316352583106560000 
24986401440 64012032000 
578191825785974400 156845481408000000 
129592932084000 804538751385600 
43836712920 11689182992793600 
31678529416033500 31120135200000000 
33046197681420000 39198407915520000 
303703472296224000 300484739255500800 
723543719698800 554504227200000 
10038015187200 34612505928000 
318891573000 1859803545600 
87779194272 101921587200000 
3575880 2539871860162560 
812125581473606400 905106095308800000 
677614642253771040 1201444535402496000 
2530862269135200 6621718118400000 
3824449200 37623398400 
269853135552000 109844646912000 
1877182769280 832169375170560 
1443084253884000 23404763676672000 
15168418935269600 226534996574208000 
9756950761958400 100071662155264800 
2772548215557120000 451900877395968000 
19133467266513600 4357356044628787200 
36989525471976000 42238284447744000 
6662113452574272000 1429941921408000000 
20629078984800 377913600000000 
456273417600 2662500456000 
32071335608632320 1998028396088524800 
325594673864460000 116418162500640000 
6600098400 2089711042560 
47071640 978447237120 
73502854064640000 67079036488464000 
37842225184764000 21542104468684800 
698377680 1676505600 
5530276066475160000 3408275977666560000 
4878328721666400 20600900812800000 
270756661675500 202790117376000 
111186979411200 18800229482496000 
684677715321600 51700631076864000 
15444891000 65840947200 
579158634600 8939319459840 
4722429872160000 6399467762688000 
225308040469512 710117866812211200 
52124203250290080 327666691473408000 
376992 521838526464 
8532137683238400 3256303223203430400 
70431668379072000 18101949465600000 
27485041584000 42600007296000 
29591620377580800 160022757650595840 
8840388720683520000 6792743128114944000 
234085759427520000 63270516621312000 
2578632294465126900 1448500838400000000 
2382578130240 359579359641600 
32157498653280000 11554283797056000 
316251 91197892454252544 
374005201994424000 109506663383040000 
149876913366180000 90106936920000000 
893557770004972800 3012193085187686400 
34901442000 2742745743360 
260757900 43535646720 
420970891461120000 2393633292764313600 
1751605715059200 431672801624064000 
274069590795000 662666780160000 
6873609117735360000 907536472786944000 
205476480 132073336728453120 
507578488421004000 760289120059392000 
2599263952084800 1327792435200000 
8078512363079558400 1234743500390400000 
2537892442105020000 1881523579944960000 
4270339180800 854555885568000 
1954657621885878000 3964766966828236800 
2609208961988428800 4152152760621465600 
19113779364825600 8555208076800000 
925833064837824000 176536039680000000 
8095594066560 12466495641600 
3784528314235468800 495183591302400000 
7064905007160000 4600800787968000 
2773548826448400 5362899747235430400 
8476658441387136000 2279719289143296000 
12209400 232243200 
321951874717200 5112848641047920640 
798019634412000 3776831815680000 
372255538200 1603087953297408000 
1103549585973120 1446536395358208000 
3376537358594400000 7513375120130880000 
631765543909500 725896442880000 
2919342858432000 827210097229824000 
240240 1512000 
396994136961021600 4530699931484160000 
24310338129637560 60949905408000000 
10863066236922900 2820745970948505600 
19025482014498960 90643963576320000 
47568229188480000 42050158166016000 
871159558940921250 2096719109100000000 
2751237046057500 3324398837760000 
80785204416000 251418359808000 
76938289920 11754624614400 
19437818400 3567255552000 
3598041807360 3051240192000 
701205120 48366700462080 
2493442972500480 3629817991800000 
1535802417196047000 6951214811971584000 
103789667520 295064985600 
986043357307008000 375635564688384000 
32559467386446000 19823526122400000 
49008960 179625600 
536483787840 22295347200000 
1021139409747600 1646023680000000 
2330182977814692000 8306283207720960000 
53201308960800 357572778393600 
7676081408160 51356738581954560 
1360622296519200 44074155796070400 
520431047136000 740168600371200 
5498887294188288000 605024315191296000 
142344639360 62783697715200 
201825200985408000 46950740508672000 
385131214868400 10071551508480000 
263346479355960000 89227651645440000 
603503679829050 414235422307123200 
451763061750 1788272640000 
9276201534600 8990261280000 
2615348736000 9127507905816300 
2890861464691200 46146017820672000 
588577189200 4971961516032000 
1832266800 775815404558745600 
3604016339020056960 7946061742080000000 
11303415363240 36561584400629760 
1223183036275200 896690995200000 
7207615800 31933440000 
602484460196256 3509912102460456960 
5814 6881280 
47639296435322592 1386948958617600000 
71431712352000 657927644774400 
534522260143872 102736959897600000 
677566025136000 1855240306920000 
13996036665072000 14079428149248000 
2816539886160000 18421974053683200 
2882880 16329600 
4235091514086069000 3003611338506240000 
3584621286647856000 3514225266052300800 
4464482022000 20457839001600 
69437479862836800 33625912320000000 
314457495 3606947894919168 
2308148697600 60340406353920 
35730554059200 44008272000000 
981608628 10581580800 
5426577897741000 7624433124000000 
5947115922370022400 1125417252960000000 
4226308732800 428603376402432000 
160515949321728000 1526392135876608000 
482718652416000 837296725226881920 
1514191101192000 5119792054272000 
8953800049827360 1864059400382054400 
1712456250785280000 1773115002667008000 
19933230517200 3005789912432640000 
18162144000 240940299600 
118920572971200 477956505600000 
2189507143824000 225602753789952000 
2886915829448851200 838410391526400000 
2004623292672000 4829600117422080 
18513276012000 482723250831360 
3698071844210172000 7499695392000000000 
1121251116585600 965667225600000 
126669783240 13931406950400 
24660948312000 35867639808000 
831764464667136000 93367949875200000 
2174340801657024000 1237290102816768000 
344048028566860800 87385339641600000 
7828470999360 1053214365450240 
1754045381088000 600222534912000 
4043299481020800 2816529408000000 
75462501834720000 22301601741619200 
2958416112960 210405293870284800 
22174888095360000 2300131992265707600 
757747604630016000 748588018200422400 
134534400 814968000 
6545 115964116992 
1155228423148800 651825377280000 
220032198401400 4909456856973312000 
3147471600 405874409472000 
646626422970 23110532361879552 
305157790080 410947839590400 
72684900288000 52575729124638720 
233360291311840 53496602689536000 
2607907302000 16387080192000 
2976865589617920000 1823330173640976000 
200644936652160 551809843200000 
1463498616499920000 2478746165575680000 
47881178064720000 114563898408960000 
867359002770 902755170385920 
569495253600 2222131968000 
32113204578000 93329542656000 
4747434452560800 469206999808081920 
1114694092512000 1291235033088000 
2125924306073568000 1441719708549120000 
29331862560 43589145600 
3009674049782400 4418893224345600 
2923168610161800 820373650145280000 
29654190720000 476997542461440 
57819182578597440 63515938752000000 
18336239463742200 2109532243230720000 
1463498616499920 16480720650240000 
1271682901288800 529608119040000 
88403887206835200 24638764550400000 
463134672000 4033131102000 
51985279041696000 10356780994560000 
16476041257275600 587312954081280000 
124907421038400 5237206784409600 
2018016000 29135106000 
207786914375040 329983453800000 
4908043140 24690355200 
1365157704174264 180551034077184000 
73547100 3583180800 
166228026331807440 3791571715620864000 
65160480 1904903895121920 
434868160331404800 707022915895296000 
324823218720000 1066577960448000 
6435 103680 
193318884085367040 4060849568219136000 
3643017329952000 2477955749068800 
1734113047212000 1344389840640000 
1564371823014000 2160406080000000 
24297273000 5945425920000 
88210190115875520 655333382946816000 
5188901000643360000 1843046715654144000 
1315101387600 433365636140236800 
118106905892976000 58105576488960000 
116396280 457228800 
18758301241680 56254193152819200 
945430460406432000 5118324314103000000 
25228150123176000 8285424795648000 
43638867837452160 297500551623475200 
1808859299247000 1219909299840000 
4129941612756960000 2123949227400000000 
3646550719445634000 1032491397611520000 
5351425783704000 3319749328896000 
1227430199595600 1676122398720000 
713174616000 2285884674146304000 
1427513383296000 7804798422220800 
243617414040000 172903610880000 
21194715021480000 5437310022144000 
78059810400 5159780352000 
50837371200 97663529779200 
7132485392760 7132880358604800 
1444643543895552000 4945510520240209920 
199536480 1224720000 
6294830361379560000 731771307146880000 
306771184137600 3718756895293440 
116573049972288000 568969804979896320 
3629265614164270080 897064616448000000 
396401909904000 450644705280000 
207900 1587600 
8269071082272000 2567618621568000 
110147637600 10701766656000 
