74421639740448000 27718610119200000 
163363200 1176215040 
481628320533360000 1469152430781235200 
710376180905160 433322481785241600 
37023 49478023249920 
525103828704000 586642839552000 
1019711242740960000 343186061137920000 
395006374224 152882380800000 
71477343907200 21583640081203200 
8182867997304000 39680928000000000 
12544273855713600 77129772643123200 
232908956280 3023308800000 
6358088433905208000 1987545940402176000 
14724129420 41150592000 
91507268160 25684239974400 
1489111331400 665887703040000 
21895071438240 5547795834470400 
82178225360 54104218423787520 
315728168595840000 219120746068224000 
6375600 15744368640 
3052038963093120 2587686393600000 
14892629500082880 376147987660800000 
22968865920 195689447424000 
11324691675297000 48947740331212800 
1539654748210378800 746636341248000000 
400446259891117440 1983337010823168000 
42887855209399200 9415255449600000 
844465221600 34828517376000 
1380613488505130880 2777664960000000000 
113034153632400 42655181800734720 
1104421500 871995801600 
844961965848000 50879737862553600 
121158550656000 372161790000000 
17208090053154000 39405366000000000 
200143324310529600 51260835225600000 
263429750969985600 3383235582728601600 
124668400664808000 65703998029824000 
178008710880 489223618560000 
12008193776409600 6512606446406860800 
62891499 2404631929946112 
12721647818880000 9107543324880000 
359326818870624000 471409424640000000 
3920458449600 80453875138560 
2202952752000 213638971392000 
401773079158920 1027134771639091200 
9714420831024000 40958336434176000 
710388379340640000 895264762507315200 
2310789600 13374150672384 
3400149507955200 2011327718400000 
56317385628504000 22067004960000000 
282339434272404600 975198486528000000 
547528101120000 148702215919257000 
477805196460992400 2184444609822720000 
626749200 4064256000 
6850609570038124800 7530482712969216000 
2212110426590064000 626009873448960000 
320018364141315840 3468799298764800000 
1864008435281520 641959232274432000 
33790431377102400 88216581600000000 
723543719698800000 645946277296320000 
7012051200 72550050693120 
1853386920000 3952082534400 
46930980096000 157414329072000 
736281 24461180928 
75089847504672000 37344162240000000 
22532319089280000 55265922161049600 
341643774795 41085390865563648 
314427090978000 181062604800000 
5996736345600 11526907392000 
6413707795040 2496508125511680 
395784598809600000 3218965615193328000 
419214622015728000 419982941952000000 
1011949258320000 691614443520000 
70607460 1320903770112 
6300 45360 
211916461034678400 99731965132800000 
2774580875539200 2932515813427200 
36883260414000 105345515520000 
4738241579321250 10602668482560000 
23436762950937000 8559456430325760000 
810843669347461200 7864000595361792000 
1233047415600 3862668902400 
24979485561030000 27583756200000000 
461976835320000 6029530997490000 
7291949808000 30005640000000 
872972100 4115059200 
3139503126439680000 3546230005334016000 
51482970 1343692800 
195545750400 264648384000 
14045145565651200 8369115955200000 
40738698000 97796160000 
3796322870340 9862748150169600 
111190735728072000 30418517606400000 
488703600 2597596220620800 
126150943807848960 69867532627200000 
18943690115750400 11565134380800000 
12070978920 3506754897838080 
46895753104200 76710263390208000 
1111523212800 12368268712800 
6190831449162360000 2725499177533440000 
105895938788640 338610585600000 
941488071844320 61025754179174400 
4013026290 281792804290560 
333238968216000 799967508480000 
526680 123863040 
346104 286654464 
3035507085376365600 2158561733328000000 
141768188053291800 112917224448000000 
21188778811200 25783171861708800 
1955457504 10886400000 
8919042972840000 13297595351040000 
5059746291600 8230118400000 
25973364296880 854218896300000 
47271523020321600 1255701777561000000 
50715704793600 6314756412329164800 
372108198702240000 127505606548320000 
1768077744136704000 657362238204672000 
1590205977360 2829103200000 
181712250720000 2631710579097600 
51552068383015200 19554761318400000 
171179649426240 36615452507504640 
148140720 870912000 
210677183484768000 70300574023680000 
2598351929645472000 460970906812416000 
65407158960 27052109211893760 
10150595910 1739461754880000 
10925460 15288238080 
11686752 1304596316160 
7096346400 1031956070400 
8548947334287360 20961806065200000 
73305540 3809807790243840 
9019561320 62342309294899200 
96471263528640 710410096387031040 
169510230489600 172669120649625600 
1691400903192000 760281877555200 
10049089950900 43396091860746240 
5250606554516400 401224520171520000 
56219403240 147532492800 
13180833005820480 419509252915200000 
49723185925018320 1209323520000000000 
114594480 3546584706554265600 
375344081798400 29382770530713600 
1148482094760000 550203990336000 
115256362343522400 3020466620989440000 
27841990176000 19054683648000 
249782045617704600 370355328000000000 
2937587501977128000 569155461114240000 
6188 995328 
2053230379200 3473510040000 
4777260396480 179159040000000 
673209363589963200 195547613184000000 
27627600 4459069440 
4232592 52254720 
10739053353600 26943840000000 
224409867525043200 1049138393563260000 
261411688895385600 95273418240000000 
297852590001657600 1158535801995264000 
5926266002616960 76282192723968000 
245073458339424000 58845346560000000 
5081649955200 29052788244480 
1134145504426334400 205790583398400000 
111272253862770000 111990685847040000 
1466593128000 2161295136000 
37400520199442400 33522447974400000 
8430459523200 61802702438400 
31263835402800 93756988588032000 
27066165933807000 30971581562880000 
1958391667984752000 611949104807040000 
1948763947234104000 376610217984000000 
7062926270400 8371159695360000 
66617291220480000 448535020437504000 
27923680312655400 442350033489100800 
13205937821076000 9911822996275200 
272568376080000 6140658017894400 
16087739850 1160950579200 
75772482481987200 92968922382336000 
12344440864504320 11639738880000000 
114413040 60956924643901440 
123619530434400 3300245998298726400 
140676848445 27390260577042432 
295841611296000 6017591404690145280 
7771770303897600 934656809555589120 
3657589991055000 5161930260480000 
39128704655040 40236134400000 
183406397131881000 156793631662080000 
6867087666959520000 906002570753280000 
122263877736000 1011316948992000 
7763135003559936000 1088047842545664000 
46981200 66498463247892480 
2641442958 9351346394234880 
46018170 6926923254988800 
4990650262092000 153055008000000000 
16899239316960000 788635936869580800 
3369416234184000 3128761810944000 
3573009760320 62504659058688000 
22947424500 8255648563200 
1614600 3963617280 
38084453510400 301702031769600 
4838914922946904800 7407106560000000000 
35263382880 18807399383040 
2883046320000 4068320256000 
74209612276800 52797352608000 
7451163720 2786281390080 
173477015712000 106706228428800 
71670881031750 127468073779200 
861361571070000 485474109120000 
104291454867600 4251528000000000 
724583704523263200 5766933769931980800 
1286299946131200 648388540800000 
3755134007825200 3550589334061056000 
15006832704864000 56245322133000000 
17317011046608000 81916672868352000 
71821767097080000 212761525616640000 
2861139795257343600 645307123507200000 
8336424096000 777139550787600 
525628932532704000 81559650332160000 
2666532960 6706022400 
186160246938666000 291654820800000000 
1657572885128160000 771779967678720000 
17347701571200 23712495206400 
674188416720 4018156653772800 
9092697897838464000 6005792385898905600 
1222160940000 33651047430000 
7686610525440 1387519719505920 
4050519658665480000 882680198400000000 
1773997647297876000 190070469388800000 
327202876 7558272000 
429192979184970000 194552130982809600 
992364638803599600 3276666914734080000 
52817995181952000 148291170022195200 
176316738083085600 115880067072000000 
3887563680 2378170368000 
134208607340269440 6291200476289433600 
436577130089100 207117711153561600 
82850950322300160 1258527758745600000 
45992531596611600 60379349184000000 
16185023400 997476948718387200 
1546210512 13359066277478400 
3717036315206121600 1959920395776000000 
12354526192008000 7300444225536000 
2018016 48600000 
431482191911316000 477847258398720000 
469311546904200 925888320000000 
31063369186080 5200387633682841600 
13877744044320 2106428730900480 
37080362919600 43530030415872000 
16652990374020 165337200000000 
222715879683897600 100429391462400000 
1066727880471052800 2828091663581184000 
424879684475400 5430636571852800 
353194101724464000 78251234181120000 
1556755200 1203362940780 
1187550 11324620800 
182404487865600 892705701888000 
16652990374020000 20793908520000000 
1984577059745280000 1542817839234672000 
20173560 543581798400 
98441322408000 259334460000000 
182509367040000 133049351085651000 
11484820947600 11316412800000 
3634092000 88562073600 
278974080 22323092520960 
44898583672800 9478929289052160 
809294637096000 2399902525440000 
7941927100800 3418223542272000 
7806465707040000 61214684615884800 
2610808200 163499212800 
432889404948000 2288271225240000 
33537169761258240 71997075763200000 
83525970528000 43153254144000 
411863760000 2294949888000 
7936963396362000 358913471938560000 
14841922455360000 8500373769888000 
230643705600 1147474944000 
7374646593600 2034191805972480 
5364837878400 30901351219200 
161063595 4453022092492800 
9956347272873540 61711779225600000 
827865568739008800 246692769523200000 
2821067809329369600 703005740236800000 
7140 231928233984 
649626769572580800 4576931563438080000 
158753389900 292162779488452608 
358182013054096 2079947912569159680 
5864443200 140327920273981440 
52251400851 18260173718028288 
811984978014210000 3732139305861120000 
6833943043200 30868587509760 
334810899299100 2739026057704243200 
682068063600 58511909191680 
187933433688000 82383485184000 
16519766451027840 90935460000000000 
566918352000 43861842984960 
472674210775200 1917318240392970240 
12326733804000 751447478108160000 
325909584000 932323392000 
508373712 1223059046400 
41921462201572800 63357426671616000 
227086232373000 771573600000000 
9855505820160000 654509103490242000 
306366577819061760 476369540640000000 
43068078553500 126023688000000 
2435954934042630000 624593561518080000 
6930 64800 
1261890630 159252480000 
371048061384000 203779255680000 
3050242272 2853804441600 
897130080 2092789923840 
34237616573160000 31997338813440000 
97446965616000 44460928512000 
2192556726360000 1766086882560000 
2858856000 73958346000 
2558195581641860160 1219506024038400000 
8821744322227200 4539498163200000 
882985254311160000 426034497208320000 
797227802771400 301361749032960000 
1392099508800 2155507200000 
325119110316000 884902330368000 
1244515860549561600 2999491158343680000 
3819816 547187354725515264 
84270873393907200 47424990412800000 
8030339436319200 568735757343129600 
440791845207714000 227124931461120000 
304547093052602400 266655836160000000 
11603592000 606928896000 
5300686591200 5394156768000 
11390417438400 3703133172117012480 
3154312566573168 5479304527872000000 
27185760 190253629440 
23206929840 320979616137216 
30400747977600 178786389196800 
554093421106024800 2606705554489344000 
273761571692700 75831434312417280 
43020065088000 89951045184000 
1093260079344 123256172596690944 
44895954565280 8916100448256000 
8322082063623900 1375941427200000000 
4502422872118080 36407410163712000 
3285180828329400 2036954304000000 
87026940 19110297600 
1800819924583680000 3342771985008456000 
11436761389173120 11291722444800000 
8873525077132716000 8849023303680000000 
165351186000 1430618112000 
7309130233262457600 1815799265280000000 
7395325179802560000 1852271922428928000 
140687259312600 168762579458457600 
8904885761772000 17698046607360000 
37413090 293932800 
14529715200 160626866400 
8459641473683400 136048896000000000 
574997034150 360694789491916800 
22314239266528 1403964840984182784 
19112207858439696 557256278016000000 
90974238322968000 19222813209600000 
697680 56770560 
5973056051508000 3764291553792000 
247005158400 1606268664000 
162168733869492240 4718400357217075200 
15139082158200 110224800000000 
3702655202400 73139886489600 
768997631001600 210902997364899840 
451006272993276000 2737040832213811200 
65527569800364672 926828641596211200 
125398848960 51368479948800 
41417825581440 1285810129207296000 
126189063000 1672151040000 
16877165244439500 24690355200000000 
16507422276345000 38430050564505600 
1169259537600 117023818383360 
42489515996928000 3154543747478323200 
5881075200 21189168000 
3044077122319833600 3533054489395200000 
4007198592797400 21941965946880000 
113212385468582400 120758698368000000 
220702320097459200 5272574934122496000 
573166440 1671768834048 
125177251279766400 405487530698342400 
14421607200 441447874560 
722739782232468000 169915938192000000 
115378228405440 1157229116286566400 
35432346789840 38355131695104000 
280647260974080000 1709738066260224000 
4633794489513309120 4366720789200000000 
1134516552487718400 3604027179753000000 
2319843077235684000 872455230981734400 
87995587680000 1205906199498000 
1109019286222848000 141919283810304000 
8364116335511664000 4183601507205120000 
464616702950400 1173861139651200 
595980 296868139499520 
22550157849819600 1645435149719961600 
37401644587507200 72354371969880000 
21804552000 1907036651520 
6840 13762560 
3129094800 101583175680 
302841000 9289728000 
865296432000 91537759272960 
237818525181237000 740259035873280000 
3921175333430784000 905097473280000000 
212027463648000 126713646259200 
4867480800 63489484800 
857656800 3243240000 
75713437800 1471492915200 
4839757322400 4631346720000 
211629600 1016064000 
24135932620800 19472016865741440 
6825875721084420000 4158781704000000000 
1501673474591690400 4153141603860480000 
12987758284956000 154471440266035200 
6969276471527370000 2969851084200000000 
24136599449390400 1275458400000000000 
9012927635712000 23685395211878400 
41837316604200 13541327555788800 
132751296971647200 201591812136960000 
685230959368355400 988375856077209600 
3822441571687939200 5399084085018624000 
8121255814736064000 3294586186924032000 
971442083102400 4550926270464000 
4033131102000 6992425440000 
4021061333875185600 4763695406400000000 
89927760 115964116992000 
65628651384660 4869379658140876800 
27900908274925 3327916660110655488 
44706982320 4643802316800 
163382305559616000 73933896960000000 
44812567800 186701760000 
11599785400203000 20647721041920000 
3534148800 1274019840000 
1634937025861339200 488869032960000000 
49549328631574200 881596846080000000 
1410042000949021440 603649731484800000 
1116947212506216000 1930893003325440000 
440197927369200000 144547418695680000 
40246667645184000 77273601878753280 
2478555099820800 2789705318400000 
310373321054940 433960918607462400 
517879914552000 474249904128000 
346965058440000 2975685672960000 
510936940800 8828957491200 
4558325434102440000 1849755248621280000 
24736537425600000 20778691437504000 
133577302098240000 129124725361632000 
22759500232684800 301219308518768640 
6900 188743680 
1842962900635256400 4915000372101120000 
12227720204700 16094453760000 
22595713724263680 999014198044262400 
9884730240 34488115200 
1254427385571360 21754551258316800 
15468263547618420 4279728215162880000 
11515140 16234976378880 
340354965746315520 5130438691177800000 
5642948203200 7194546693734400 
815181346980 5225472000000 
2378185251812370000 4957492331151360000 
40602902340000 94666682880000 
590132166624000 717352796160000 
1532197698071040000 5158152735031296000 
24351327000 7979815589747097600 
4187522529473283000 2419654809600000000 
79196028912000 956479447123200 
623412397677888000 3413818829879377920 
533531142144000 7378677391061896920 
62990928000 29241228656640 
89951045184000 51871083264000 
47772603964800 220723937280000 
4545858905280 8419675216438886400 
57761421157440000 9886018222080000 
247855509982080000 276329610805248000 
21794572800 374796021600 
9628280371710000 65465084805120000 
209071230928560 2966529717043200 
39118609530 2388787200000 
3200183641413158400 5099134969184256000 
497625969040200 39100583317340160 
255305481515884800 170231181120000000 
182937327062490000 851046102466560000 
102386827813069800 593305943408640000 
578834975759040000 121961884524480000 
16769444852160000 3734717995008000 
13914302301900000 15809873919840000 
421813652260 4226892064358400 
1458664138912780800 445257673660800000 
95211133776000 479980505088000 
66741043315186240 679604989722624000 
2832724440 487049291366400 
94280986800 981159379200 
882865783800 3348463878144000 
256884878250 2106910310400 
115564534435350 138078474102374400 
30199177800792000 66746918633472000 
555144093504000 2884126113792000 
11212511165856000 5487748890624000 
393827871528000 363159853056000 
8184808578383236800 2393567163187200000 
810368966062656000 170007475397760000 
6469279169633280000 2246213184703488000 
382244698836000 251073478656000 
126493657290000 142391208960000 
50005776709680 32097961613721600 
1639256018400 18059231232000 
18531552545352 43332248178524160 
2753294408504640 28934010000000000 
1873363800 5566277615616000 
73916293651200 222628836830400 
37800 277200 
2701453723270848000 1301564913352704000 
2124020751546355200 1108754966753280000 
213610453056000 75200917929984000 
545524533153600 11337408000000000 
1674486894160080000 1771235025822662400 
64864800 403603200 
7001384382720 90699264000000 
92923686287031600 97038239760000000 
2183381719751232000 220081596134400000 
180391226400 168324235096227840 
217483744596037920 5873129540812800000 
308897820 6502809600 
38988959281272000 8630650828800000 
4671873032063036800 6229712405790720000 
113786825975697600 428554022400000000 
514866054390367680 1984873086000000000 
9217126777458600000 7686010112901120000 
6203737080701160 151165440000000000 
251108174474325 3697685177900728320 
6720 120120 
1976946048 15328051200 
40249792390500 5454952063303680000 
19360418350107744 464380231680000000 
616492091199600 6143750465126400 
4651352483778000 2831932303200000 
584633722032360 150680874516480000 
30035939001868800 18914575680000000 
1181295868896000 1488647160000000 
101490108319600 1014454095446016000 
99971690464800 1959104102400000 
90640999354752000 55563457517568000 
11129226834180840 2166612408926208000 
1746705375800985600 423860851814400000 
202468981530816000 136583972388864000 
3006520440 44530220924928000 
41696525898027000 32262064128000000 
1965600 7927234560 
6054048 38918880 
2340857594275200 3218890752000000 
267440481000 872792330128588800 
47837601302400 63552974284800 
2568978588764296800 3071875232563200000 
16315022842103700 244888012800000000 
308413385280000 12925157769216000 
81055307990764800 8646046489195315200 
9656058877264800 2071177111535616000 
57393700 265993852991569920 
38137680 16624615811973120 
4648889700 4876553971512115200 
7228208988000 6035420160000 
273606731798400 1404606873600000 
2588614098840 545495206330368000 
4399779384000 5866372512000 
469309800960000 17689435229466000 
97438197361705200 57940033536000000 
423894300429600 211843247616000 
23387271747840000 27704921916672000 
5203726432073769600 757339610227200000 
78028586475840000 65433611206656000 
181195066804752 3814109636198400 
17907120 418037760 
12551759587422 701982420492091392 
272734862400 7694822175827558400 
534105772200 6412351813189632000 
167694448521600 112086374400000 
1680096411741908160 4037776559308800000 
7858688897417529600 2510734786560000000 
4947307485120 3269185920000 
63203155045430400 42489357926400000 
1762552501186276800 649036929340800000 
1334893065105600 7186324354655846400 
42904956416905440 963158999040000000 
103359896640 781308238233600 
53330659200 164670105600 
2378411459424000 1841205510144000 
144546109853745600 2085364443591475200 
5946028648560000 7160243650560000 
163860031599264000 58583811686400000 
3186031127319532800 1319946388992000000 
118129586889600 175134960000000 
6900797185935840 674057193888153600 
211295005137216000 92521075046400000 
3891675750482520000 697147359068160000 
75083673729584520 3095868211200000000 
17919168154524000 6990827171328000 
1828922004000 305125864243200 
2567541432456000 10712468422656000 
69300 498960 
2581203905280 4767562800000 
211495665161088000 80076747598848000 
7480104039888480000 1971119940894720000 
46291653241891200 40327580160000000 
1030689059400 1383117120000 
74325358107000 119558799360000 
12015587984400 6445792965427200 
100100 1728000 
10438982570016 313103115878400000 
55514409350400 4700057370624000 
841511704487454000 258122849402880000 
61432096687841880 1263857238540288000 
225323190892800 758799846604800 
1850700852 4103905160441364480 
7848757816099200 4184557977600000 
7560 50400 
131142299195407500 147609025280640000 
45668422800 501645312000 
13988511914176800 4501669011840000 
288304632000 402361344000 
3845569093497331200 890515347321600000 
1759858846200 312063515688960 
7825740931008000 1867358997504000 
3330598074804000 4668020280000000 
7993025459766547200 3782915136000000000 
6155737534256310 932029700191027200 
1585080 9921374453760 
18533869200 284136652800 
323823762662400 321812434944000 
166852608287965600 1132674982871040000 
7394519325473280 303173058712043520 
1935844730820 550376570880000 
109359250 13271040000 
1556675366400 59886036288798720 
1317782304034560 29750055162347520 
60509590230349260 7830839387750400000 
54584542993780800 24932991283200000 
469794955204575 123284351877120000 
985550582016000 10108248702552000 
141120525 278628139008 
10013421600 7430083706880 
1553168459304 327297123798220800 
1686582097200 3218890752000 
19220308800 104315904000 
18857405142576000 338871722083614720 
13233463425 870712934400 
64861473600 195327059558400 
1860480 492011520 
942584244879200 6239843737707479040 
1845774795150 18370800000000 
158801561100 2031663513600 
393421444416000 540773646336000 
617108583290799600 229442532802560000 
308403583488000 121581373600727040 
117079889319993600 133905855283200000 
56669158465920000 30223551181824000 
628320 676457349120 
53952975806400 1224440064000000 
3330427274902728000 3024568512000000000 
390142932379200 1638708019200000 
81729648000 42117702927300 
269778444059124000 171938746980000000 
132743638684800 7910745912115200 
14935922027699400 221175016744550400 
517853356607664000 183032565940224000 
22526954251401600 25461928800000000 
144543073234560 10701766656000000 
1364134763063872800 693992846131200000 
264859735140 1278504389836800 
2439246765034579500 6457894856028000000 
9106521256129096800 4008757504752000000 
55138611528000 21327590900367360 
10163490377040000 174856398927210000 
4811526382414752000 667306229990400000 
1037158320 3761479876608 
93541395525177600 5332428725944320000 
141086400 1064448000 
127216478188800 91700665056000 
8631331909200 16738231910400 
15313094596800 18860688000000 
11027016 194400000 
13338278553600 1780977152354400 
10475665200 18162144000 
40135693377780000 33039409987584000 
3049803037112832000 599536566300672000 
2070891279072 417470821171200000 
127414719056264640 533975349067776000 
102753951300 752467968000 
9915446970 4508684868648960 
7707169098720 39680928000000 
52510382870400 111741493248000 
1540304564198400 912555528192000 
159868707590592000 72943710840000000 
1915247122588800 4648446119116800 
142704687565440000 133896556265472000 
1058609318667264000 1564790438044753920 
2260440 5096079360 
5406469020336384000 875324530080000000 
131928199603200 348688948608000 
3052038963093120000 408017940954624000 
35829452973600 185408107315200 
4015671660000 5811886080000 
8821612800 22054032000 
2543235373562083200 4860913680000000000 
176434886444544000 58650316268544000 
134550133990272000 29877743960064000 
2292117595080112800 542318713896960000 
103245052310400 5085479514931200 
38759961240 3288935631421440 
14702907203712000 7528583107584000 
10953009486979560 282110990745600000 
19331888408536704 839018505830400000 
7771395507876000 5751000984960000 
309745620956772000 121368527280000000 
31503639327098400 786400059536179200 
30974562095677200 28008121680000000 
395980144560000 199081714579347600 
10841056402176000 106136611376796000 
7882225717766400 205679393714995200 
59799691551600 5554699758175518720 
7394207990400 14389093387468800 
164441754477000 99584432640000 
218509200 99090432000 
22890292223198400 5001854457600000 
38910617655 9130086859014144 
43183019880 8310407949893763072 
527973526080 3311412904800 
96599501737200 7200536723560857600 
6416344935000 370161521730000 
1632562389658200 30233088000000000 
12114150048000 526342115819520 
85229644500 7124835347988480000 
1646701056000 180504441117000 
834858138114000 2852230315334400 
51630064200 263363788800 
15519504000 71717184000 
107156604726600 2519424000000000 
360771063471000 16717688340480000 
396178134632280000 3183163600026009600 
11541847896480 623984373770747904 
64378054540800 1647679666913280 
62162100 9555148800 
692623047916800000 4828448422789992000 
144708743939760 352866326400000 
70138868548320 906992640000000 
93634303771008000 39836991946752000 
101194925832000 47076277248000 
9451091798129520 601836780257280000 
1901838929760 1733462544560947200 
15152384665782000 117023818383360000 
726485760 3308104800 
6089406499176 202890819089203200 
58521439856880000 21090172207104000 
23046463440 85730400000 
22262883683040000 13357730209824000 
156993135980040360 2821109907456000000 
220616539143000 5038848000000000 
605475602956224000 178412813932953600 
541323318676140000 170343698595840000 
3250186510810239000 4129544208384000000 
513736875235584000 207247208103936000 
44677888500248640 803251489383383040 
264475107124628400 232794777600000000 
7315 21233664 
853401194817732000 1499939078400000000 
13300327240200 348285173760000 
342376165731600000 415965404574720000 
16474550400 76640256000 
107296757568000 200858782924800 
2588650290947120400 1555492377600000000 
6876359661600 100776960000000 
986138704320 150289495621632000 
223389442501243200 877678637875200000 
3157186770082800 13652778811392000 
36576848168 1711891286065152 
12076395075387720 1011085790832230400 
156474438120000 701002874880000 
1067584795200 233060696064000 
47074403592216 22015062835200000 
861861205164960000 2748878910966988800 
793162843200 39467227577057280 
6404586377936947200 684698299084800000 
739451932547328000 1894831616950272000 
17053001128800 197336137885286400 
38418787447840800 1294485694709760000 
28051233440630400 467409242925424800 
341375818893200 1521681143169024000 
300034660258080 134811438777630720 
7571559623387760000 6758020269000000000 
7280 552960 
4095809863891200 10912255200000000 
6374082000 56435097600 
4236447600 32554509926400 
86950044542791584 3009183901286400000 
493686866632639680 193685254963200000 
120944204135040 22932357120000000 
6946019709108480000 2324245056509376000 
1124827675171200 3575727783936000 
166871334960 10271347716390912 
49956409123540920 264539520000000000 
2648597351400 8706006083174400 
1863440266197870360 2973271830036480000 
45555874444080 17259809262796800 
735471 429981696 
157373580 62620623175680 
215882508441600 359804180736000 
818768144906712000 211930425907200000 
121788129983520 1041506204657909760 
730852242120000 469309800960000 
154770786229059000 902961561600000000 
317578060800 6210905500800 
577712924280800 4159895825138319360 
7553796433655472000 1092905198985600000 
5050861566569280 1318156290270167040 
30782967839223600 710919696678912000 
177100 382205952 
196321725600 484989120000 
12040708013334000 13563547258060800 
8317644646671360000 780556060956672000 
18240448786560 245248819200000 
2724321600 53542288800 
10586770740 406332702720 
7701522820992000 3346036936704000 
1254030854076000 1158800670720000 
387987600 1632960000 
2971599095597932800 1549482039705600000 
588107520 2646483840 
6966838078200 214990848000000 
509191949220240 548423766009446400 
6688164555072000 5948510109696000 
209310861770010000 231030655542086400 
64981598802120000 11204153985024000 
7805589648110654400 2405254502851200000 
150019246617240000 216040608000000000 
113954400 1354752000 
2778324357672864000 876053307064320000 
2561252496522720 660451885056000000 
1424824555714560 1539922784400000 
185891632486560000 343609863870873600 
1467251177055048000 542057983746048000 
2844937529085600 62691331276800000 
2644751071246284000 662833983651840000 
38198160 1519964874237542400 
607577948799822000 92269503406080000 
105826178618160 13759414272000000 
2233345349052417600 651825377280000000 
1852538688 13097700000 
34799356200609000 65840947200000000 
253419673852800 2860582227148800 
9957281351799600 157982154817536000 
207786914375040000 303888362273496000 
428590274112000 39431796843479040 
26609865714432000 5622544869982840800 
925610400 825564856320 
6408313591680 2853804441600000 
788443398799056000 105038943609600000 
45145110746736000 40975191716659200 
112483800 7166361600 
4633269076800 28443289190400 
275635702742400 1470276360000000 
6220460740032000 6159749815296000 
57366738000 206928691200 
38410772400 84064780800 
462620077920 47087773286400 
76964493540480 9153863126876160 
321574986532800 179805225600000 
7630097407732800 2059587129600000 
131407233133176000 25209346466304000 
141766376971942800 1404285820600320000 
178474296 4232632320 
1705766968555650000 692306057963520000 
413684152780080 54923178761256960 
38227558729651200 21388020192000000 
59483155826556000 35198570373120000 
117327886726050 661348800000000 
19260755739225 70448201072640000 
3771239472000 32982049900800 
24700515840 289128359520 
748010403988848000 219013326766080000 
1270934280 3397386240000 
821292151680 2383781400000 
334973944305000 1822333645440000 
42792357207600 1337720832000000 
79547668200 7181834030772387840 
92798283201624000 71382121316352000 
722017764468000 403510947840000 
736290720 20780769764966400 
636146784000 145477966233600 
264630570347626560 1441733442482995200 
4073869800 11430720000 
9992593683072000 30351993864192000 
16678046911680 1318457652019200 
227435595807420 836423884800000 
1323051373163520000 1637536289813424000 
8190 460800 
7600186994400 93640458240000 
11176745580 1592524800000 
4075645876868966400 762504923980800000 
5385674908719705600 2655799463116800000 
352510500237255360 267250500316800000 
46849502700 111767040000 
10449904080 24461180928000 
57225618450 2308446652748267520 
6753074717188800000 8397301604852160000 
70161815243520000 114777533654784000 
4301335318054320 3515083440720445440 
277254821555712000 37347179950080000 
21581190322560 489776025600000 
29742661197849600 274750584457789440 
2734100769599199000 995844326400000000 
452987667011880000 571056970530816000 
21726132473845800 3451961852559360000 
22086194130 183708000000 
21580031200 1662461581197312000 
1742319117881842500 1314825712200000000 
16191188133120 16302340454400 
219060189739591200 460781284884480000 
92205089874817920 3173339217317068800 
21252000 5449973760 
49031400 4837294080 
22660249838688000 16342193387520000 
282731904000 28339863552000 
69690410309520 1348422598656000 
3268760 1934917632 
121177806624000 351985703731200 
8901323807467291200 8003008282752000000 
1444527338137884000 1769804660736000000 
403603200 1513512000 
216605329340400 230443315200000 
744511076400 5486123217951129600 
1972086714614016000 1663528929334272000 
1769688341272051200 663949865779200000 
65118934772892000 30636358552800000 
8008 746496 
1178332991611776000 195743160797184000 
12627385848000 4000298179756032000 
2042278819495200 2586608640000000 
856911918687224400 3702706753536000000 
317920725322200 226328256000000 
106402617921600 735746457600000 
41557006582951860 2708265511157760000 
127212653739600 11284439629824000 
56503410163200 50785035485184000 
981608628000 1357969536000 
2721244593038400 87018205033267200 
5383327950 217432719360000 
182507714461800 81247965334732800 
513791607420 14624633760251904 
4962157200 57715257600 
114205159894725900 271531828592640000 
841378824000 4286520000000 
4651200 170311680 
76866105254400 14646041483673600 
6524029523485320 1069932053790720000 
38610 403200 
1442592936000 48977602560000 
295784169237757200 5804752896000000000 
2657405382591960000 3616945935482880000 
153876579840 16456474460160 
656852143147200 33903196766208000 
2081490572829507840 768542858899200000 
82245240 7619615580487680 
25518731280 855945643032576 
11179629901440 17244057600000 
181440675 137594142720 
1978922994048000 1888971948864000 
33924953522123664 2972033482752000000 
24579004739889600 16738231910400000 
4986885945000960 7589619437400000 
3929194170801900 759431607563059200 
18734614170772500 34656514200000000 
3792189302725824000 1427302511463628800 
2047762716325326000 3705096427200000000 
43891079892660000 15064408719360000 
23145088600920 109684753201889280 
27242081706840 2272377173799075840 
70752359418998400 270888468480000000 
22677038275320 5503765708800000 
1548722343168000 7173595853424000 
11732745024000 20532303792000 
1183382990147255040 1799926894080000000 
5633079772320000 18084729677414400 
890178030902160000 188292032248320000 
8906625 33973862400 
18623404800 44008272000 
700838576710272000 179431230730752000 
83880379587668400 3145600238144716800 
377489722509900 4334215495680000 
16654322805120000 70821319016448000 
176096197200 90915867721728000 
7980 27525120 
613368531270855360 1645647446016000000 
86973632066280960 229552894771200000 
15490969373880000 26595190702080000 
1942942575974400 8585955764305920 
664441017240 649250621085450240 
8104361169812544000 4425320705399193600 
9156116889279360000 1020044852386560000 
18552403069200 13894040160000 
43369253928000 34522603315200 
3607824528 24046319299461120 
5230697472000 78496567990020180 
113308977600 83319702662676480 
8165847631869607680 2033346463948800000 
30920671782000 33963209280000 
