2018940 442368000 
74463147500414400 526607182725120000 
14415231600 44706816000 
2850120 10192158720 
24303117951992880 22583444889600000 
1457787982210560 399605679217704960 
104777237334000 1893647644832563200 
2034130333296204000 2483144294400000000 
7435665299462400 14417197085491200 
2164626380826000 32766669147340800 
7456416121440 187861869527040000 
23051272468704480 1541054398464000000 
5257444553750188800 5271337899078451200 
13037895 11609505792 
3105452750400 6207860736000 
688039482903829056 1820370508185600000 
16703820629496 29353417113600000 
31474716 83494164234240 
1247400 21344400 
15162373053828000 3530720793600000 
549700831680000 3466378371456000 
1103284402265073600 6483918747600000000 
4330586549409120000 695975682834432000 
3992724964800 19595520000000 
271328894887050000 367787593293120000 
7920 86400 
64734989319000 118025994240000 
208998081600 310747594752000 
7493980 46385646796800 
58896517680000 34326452160000 
241340379845093100 4815794995200000000 
21743408016570240 64274810535936000 
18615786875103600 294900022326067200 
287763673663065600 578186178570000000 
231917400 1231171548132409344 
262530327725820 144440827261747200 
35432071767892800 32539122833817600 
38760 11943936 
1783775830736671200 5142648268800000000 
270145372327084800 357572778393600000 
15058768725 268738560000 
4836650919772815 2201506283520000000 
865850552330400 42128574618009600 
166229531500032000 828550321070472000 
1309731390267300 345196185255936000 
56549643091200 285702681600000 
655275698003646720 2633035913625600000 
590741807292000 508423794278400 
125235075213284400 3720087000000000000 
433643869339480800 101949562915200000 
60235074900 292626432000 
10830266467020000 3107034298368000 
13641361272000 321815500554240 
7648898400 82771476480 
19346603679091260 5503765708800000000 
172972800 605404800 
68372640 766402560 
138940401600 1103804301600 
49972802880 128024064000 
1156383651571948800 185362841664000000 
160392960 9932482560 
68736091177353600 29332141977600000 
16279200 255467520 
290990700 1270080000 
5238925561069200 904085247098880000 
4431613550 346266997912240128 
178097715235440 3482851737600000 
7673948542260000 8614668142080000 
15282984717000 404526779596800 
472242987216000 183074411520000 
37854777529800 1044855521280000 
13036431858450 472392000000000 
607406944592448000 519019095077683200 
152490151855641600 28810681675776000 
24094029960 447897600000 
948312509695200 37614798766080000 
7770 463856467968 
64964643744000 85200014592000 
1798522960394160000 593970216840000000 
59875200 6692786100 
1563726097508702400 2047916821708800000 
15358024171960470 902755170385920000 
331292911950 565820640000 
1998256364941636800 3240609120000000000 
1157669951518080 1293843196800000 
39655437217704000 44450766014054400 
1888971948864000 622452999168000 
58677914295000 185980354560000 
484165440 12091675115520 
64142671217264640 7592507905136394240 
11552284231488000 2824576634880000 
18469947944448000 1064394808685208000 
218425232667882240 1765791498240000000 
5007182019840000 16229885607936000 
33185909671200 2866544640000000 
129463339151916000 70397140746240000 
7800 377487360 
20482549133592 304336228633804800 
2618916300 6985440000 
92524015584000 765176315904000 
28284824772787968 5392457551105228800 
1855967520 7522959753216 
1685471041800 9375698858803200 
476392964353225920 4271802792542208000 
1127843990 695784701952000 
1848629831368320 24281595091353600 
294679624022784000 68002990159104000 
13646135748445200 5928123801600000 
2598960 34199209670344704 
1776060 2548039680 
1759918300890750 3600676800000000 
96376119840 181062604800 
164923914729600 15045919506432000 
104248406500580160 509703742291968000 
7832424600 1398826598400 
497817363643677000 470380894986240000 
5708552850 214990848000 
14928779071206000 148108270141440000 
16537583462400 93734665495511040 
1589603626611000 697091028480000 
1186680 108716359680 
68880 57724360458240 
23156733600 124864740000 
140863336758144000 51811802025984000 
14821479036000 41903059968000 
115601607889185600 1488034800000000000 
33637533497568000 8787571752960000 
540283800 99747694871838720 
8111089456902432 3905648267467161600 
573029398770028200 516193026048000000 
8701345515788640 146932807680000000 
38304942451776000 39511792012492800 
249342039497711160 5308200401869209600 
5157264588930253800 2690072985600000000 
4765156260480 565053279436800 
34594560 155675520 
4481381406320 1972098761547055104 
1986389254751616 1643791358361600000 
75684450369528000 28170444305203200 
83902896000 1188660030556078080 
222373958822400 22218453024768000 
34810776000 953745408000 
30889782000 103464345600 
157584800524132800 487599243264000000 
85343954723300 913008685901414400 
176513040 3762339840 
1640949464700 10158317568000 
506480603789160000 194711078802240000 
450616080939024 1562259306986864640 
51889178880 5207481416417280 
1973301053724000 647298812160000 
204692036226678000 128853698951577600 
324495412430904000 3241959373800000000 
2054455634000 270521092118937600 
508865912755200 395980144560000 
634957071708960 19263179980800000 
150068327048640000 497208647655720000 
83271614025600 936404582400000 
3153092085 140896402145280 
130145034464613168 3869835264000000000 
243103381296375600 213324668928000000 
126023040 538876800 
259733642968800000 999974525429880000 
265061160 1511459389440 
137938950060912000 3237546012180480000 
2436376744420819200 2015918121369600000 
18776932574400 85837086720000 
3211320457800 13332791808000 
1205906199498000 1386260568000000 
17649323131440 241864704000000 
315036393270984 101108579083223040 
21204892800 2497078886400 
8775 754974720 
5372730195811440 5199869781422899200 
8406019621042243200 2631389541580800000 
235666598322355200 55926617370624000 
172617785535888000 98555997044736000 
2349060 17099604835172352 
2869685 68398419340689408 
20078358300 225740390400 
27908114902668000 11879404336800000 
74726314084800 2574524004433920 
244554404094000 126743823360000 
5592025305844560 898742925184204800 
151116387574370400 2710973776668917760 
639967910400 19874897602560 
585399446599968000 455279907962880000 
841810261094880 427972821516288000 
83976219990432000 88901532028108800 
5102265168000 131585528954880 
18910176062895936 130026464870400000 
833497307301859200 325391228338176000 
5456539052255491200 1288843857100800000 
5621940324000 4358914560000 
195249593582120 779980467213434880 
2733352466644800 1598422716870819840 
51755978894518800 1572800119072358400 
9107543324880000 9498830371430400 
8649138960 26824089600 
776780034911496000 402671645068492800 
1891017606289593600 1592824194662400000 
273311493765156000 140794281492480000 
2713200 82944000 
3184098341303880000 413931244446720000 
1079113776236496000 745067903580000000 
10840958239030920 758314343124172800 
156914678640720 25889713894195200 
1554279101575200 1188223344000000 
611862796042046640 3968092800000000000 
195025020602412000 378071064000000000 
530974554739200 49950709902213120 
2765575612800 4525487366400 
46043691253560000 22996180247040000 
2193360 79370995630080 
36212936760 5844591496396800 
626593968000 38140733030400 
224062839000 684573120000 
82937661506700 12694994583552000 
4599253159661160000 1871844320586240000 
86313319092000 83691159552000 
368743415040 875674800000 
3315312000 2542715535360 
93518491397760 1360488960000000 
679481500517820000 482061079019520000 
3176031222000 12697896960000 
90829834770074400 595213920000000000 
151390821582000 308629440000000 
877791942720 188351093145600 
625276708056 13045963161600000 
5302498462252992000 1235978243890790400 
50034140735040 2097546264576000 
102412519749540000 69399284613120000 
26047573909156800 13245651619200000 
43890 58982400 
2438562672000 59513713459200 
411015805200 1755758592000 
242852148 5471873547255152640 
105659002912320 376099462793134080 
239168340831420 154699031170252800 
631134409500 16325867520000 
5271739026717240 2729931635247022080 
42578078400 2866544640000 
193806353490750 1575296100000000 
728581562326800 8191667286835200 
22870848000 2083160079000 
138997875334106880 2023003751039631360 
232077138579000 411505920000000 
5150315750219640000 1848245244336691200 
2354897039700605400 4344509257482240000 
300540195 940369969152 
5279754902672250 5658206400000000 
69262304791680 121572851400000 
13507268616354240 80096302360166400 
411840 6998400 
4204200 55566000 
372829276450350720 3955372956057600000 
744448449684139200 414797967360000000 
19863892547516160 5062877383753728000 
1170150123614472000 933604056000000000 
232069298400 200612260085760 
397742716800 2449440000000 
722820898800 1828915200000 
183395816604000 1765791498240000 
3299834538000 8830434412800 
8657788098960 42357961800000 
236377200786199200 455092627046400000 
849555 27179089920 
15926862451500 34764020121600 
42751800 50960793600 
6471613928379600 2193913532959948800 
1611640800 25830604800 
110442150 142690222080 
1826446273391900160 3035199386419200000 
1074872093126832000 2117948263022592000 
181014052752000 7021429103001600 
160945136352000 2746132778188800 
120134048205600 470292480000000 
174798252720 2992430846155161600 
1687241512756800 5006018897510400 
10512578650654080 12703187750400000 
59013216662400 154506756096000 
2485472040480 94682382241628160 
24077392398259200 85267422762762240 
771033463200 95551488000000 
390266297733312 5885971660800000 
1561779964372320 29386561536000000 
1725766860631413600 933295426560000000 
127168290128880000 21007788721920000 
675248872536 164341563462254592 
8855 42467328 
46445587188000 252829237248000 
1290180107125728000 472135045961779200 
11003748996240 423789959577600 
7653386906605440 1005543702606643200 
189024250737722400 45627776409600000 
238265862274440000 58555646392320000 
12113640 1327104000 
340232802433524000 3732328407564288000 
111667267452620880 529079040000000000 
2317454130543552 2739652263936000000 
255011213096640000 275466080771481600 
11707988931999360 72844785274060800 
57081875026176000 59213488029696000 
1235025792000 19676791134000 
2403601200 143327232000 
270581869637640 513567385819545600 
33070237200 367873228800 
83742120 4255901647865118720 
108410564021760 361410449400000 
3990098172060000 16366271201280000 
129075160500 470292480000 
43758 6718464 
18347745544128000 9390148101734400 
1237249641192364800 322653561753600000 
297426611978496000 686876461144473600 
2349088560 2192623754280960 
440149959849600 2809213747200000 
3812253796391040000 369737081505792000 
667144414368432000 103803191331840000 
7962100660800 79460617420800 
67650940948991400 592433080565760000 
66643948800 7063165992960 
378203521257918720 743751379058688000 
131808330058204800 2030424784109568000 
1700755056000 847995631042560 
447069823200 6019743744000 
249344297250048000 513564248597400000 
1181401567110765000 234222585569280000 
1643978909865600 14481697524940800 
5150244363264000 7781207910446530560 
520029841729638240 667469186334720000 
4548711916148400000 1590021605652480000 
2088373808850769440 8465264640000000000 
538332795 43486543872000 
43680 1382400 
23130268761600 30487493836800 
108792721976400 6516763886223360 
1361360 13063680 
128764350 68797071360 
1837863400464000 1466607098880000 
20715196582080000 95399508492288000 
4680268575566744160 4078978360934400000 
985554248498820000 114042281633280000 
1116766614600 2244323134616371200 
886322710 230844665274826752 
119973097263146400 3401222400000000000 
5620384251231750 17328257100000000 
69042458601916800 711967132090368000 
1224159883838892000 2280867360178176000 
128880170957538000 43020474900480000 
1696489292736000 2287907074252800 
4281140626963200 2092278988800000 
12683654676332640 57682522275840000 
239028075 10749542400 
8923714800 84652646400 
26436958145136000 17599285186560000 
10363194502115 2958148142320582656 
1283268987000 56947926420000 
618413435640 922078080000 
17196981048081120 3302259425280000000 
23153399030361600 5835496867200000 
1017346321031040000 561553296175872000 
3069579416904000 1006909263360000 
468319557279974400 1699711656394752000 
102701657298240000 504081152999424000 
11061969890400 1541054398464000 
7856748900 22632825600 
132600 59109745109237760 
38360313768878640 3336583109746360320 
6074125200 110361968640 
1422022947206400 102522290385715200 
88597190167200 735138180000000 
215811903225600 959961010176000 
15970111134634800 5484237660094464000 
118620532800 66588770304000 
140027687654400 248878780416000 
27587790012182400 571331649208320000 
241417704528000 16075315268812800 
1000716621552648000 131813576294400000 
1857249434748708000 1297856751206400000 
142922216236800000 559820106990144000 
231078728921040000 556453220843520000 
435031096500 823011840000 
195240810819600 56873575734312960 
31009016558520000 10453875816384000 
933386895412171200 5922072286986240000 
5259038400 65109019852800 
362129367600 50003727246950400 
10794125422080000 46209136925952000 
1231938227520000 18830689115238000 
7618665600 54890035200 
6211467553992901200 5309413982208000000 
25700298624000 164481911193600 
51482970000 284497920000 
1503467469504000 466839749376000 
3978174924307584000 2685794287521945600 
152977968000 344881152000 
2436809955079500 1280474741145600 
3581424 199065600 
312213038186649600 6063461174240870400 
36024581329228800 1684294770622464000 
659966907600 1558311955200 
51624078105600 61596911376000 
11025428109696000 8023808192400000 
1119195 132710400 
7383099180600 25719120000000 
999259368307200 6376469299200000 
11105300606400 464320324435968000 
635206244400 3555411148800 
344599387587000 645307123507200 
20477365562613960 269684519731200000 
618464680236000 25076532510720000 
9139 1855425871872 
316360239195 2113446032179200 
96365304297662400 148203857088000000 
1773991047628800 48086383113568800 
4026557040105600 28316874571776000 
1054113810750 7965941760000 
2367961264468800 1558311955200000 
132193807200 4464618504192000 
105594705216000 391287046550400 
1816689858984000 1697461920000000 
229962657983058000 149100025536000000 
45142075251212940 2441030167166976000 
72779390658374400 17784371404800000 
1251795504960 16721510400000 
1469160 607985949695016960 
1338557220000 3129477120000 
1777688640 4790016000 
463810076730000 440522802720000 
13123110 15479341056 
502831929600 833642409600 
1189663116531120000 431182487070720000 
3238237626624000 5756866891776000 
237336 65229815808 
778335150096504000 205043340902400000 
668928222963000 418455797760000 
89476993457280 578614558143283200 
279490747536000 168991764480000 
116626910400 7491236659200 
2787777236404591200 879964259328000000 
2686320 317483982520320 
58693056982560000 9336794987520000 
2697784440591240000 1203571228860000000 
270951408000 14566293504000 
1240318759680 31244888498503680 
510436486560000 407293862976000 
1633522039182880 133741506723840000 
140256167203152000 4518289348279106400 
12517955049600 51502252032000 
107219638023498000 20713561989120000 
4122756237600 3596104512000 
3479935620060900 18811699200000000 
496420983336096 60183678025728000 
1378178513712000 814587725952000 
989461497024 1257379200000 
136745788725 4353564672000 
129925353914516160 2080423437926400000 
124451586054956160 824036032512000000 
52860229080 1283918464548864 
503319630013200 15479341056000000 
20593188000 73156608000 
21945588357420 106517680021831680 
178652770296000 213000036480000 
2360561385517335000 876199854610080000 
403595786880 821895679180800 
15010242220512 1070176665600000 
642084206400 19733613788528640 
749444526230400 128602522150502400 
7315688016000 945606780518400 
73174930824996000 196395254415360000 
223092870 3359232000 
78705 202661983231672320 
125896607227591200 27510199516800000 
439977938400 555761606400 
9845696788200 58105576488960 
95243560756344000 1618773006090240000 
19508501376000 915377592729600 
1620851400 387907702279372800 
7766679454403688000 2753310393630720000 
113400 5336100 
62882193302359200 75425507942400000 
686205683350387200 80029671321600000 
20672677705680000 6419046553920000 
45888240141744000 330812181000000000 
50965959844800 104292060364800 
4515856800 1393140695040 
276276000 27249868800 
171840227943384000 60228664860672000 
758118652691400000 831930809149440000 
11146940925120 167215104000000 
6133685312708553600 3583854437990400000 
480027546211973760 1071246842265600000 
11839806322344000 5298260647680000 
16654322805120 549357355008000 
1402519507479090000 7464278611722240000 
8835881733000 57140536320000 
56829361861490400 110132415745228800 
2480721324681600 833642409600000 
11826606984192000 1095300948697956000 
5449790086204464000 3055431456000000000 
3259095840000 162486486162000 
975665744333280 8240360325120000 
3020092006104973800 1306613597184000000 
4662837304725600 1853628416640000 
164340559551168000 38858851519488000 
70638820344892800 23015068876800000 
434296399680 28665446400000 
281097016200 614718720000 
14897919410637120 5641491941897011200 
9883367280259200 37187568952934400 
27376405056000 283309770744000 
1194611210301600 1944365472000000 
556572092076000 584366983200000 
99348849600 3869835264000 
4517106834240000 92854777361346000 
384691449600 19591041024000 
4163323213296000 38617860066508800 
878850700 54419558400 
105657718320 51432405168291840 
361368546739200 708364480824000 
268606800 2554675200 
1818286159893840 43688892196454400 
1250245960952788800 715860702343987200 
162073793212531200 36958146825600000 
530068659120000 291774843360000 
3402436513279003200 423686495232000000 
1984214232000 18359599104000 
62927172000 1066746181268275200 
2370060 2026619832316723200 
31382935728144 11095591668940800 
68230678742226000 12945976243200000 
1670369097629232000 778528642616524800 
21718418020954200 417942208512000000 
29038543934400 38718058579200 
4127220966108240000 2024656531881984000 
499589711220600 1260236880000000 
832897545480 40912140474777600 
4341262318192800000 3012910258438080000 
410896122436800 3946722757705728000 
2967260103007200 1936363968000000 
3153514296642549840 5946543660072960000 
151431192467755200 661624362000000000 
35550573680160 2417172362035200 
4389446880 35081980068495360 
8436 927712935936 
3543887606688000 7508911410000000 
1173861139651200 392302310400000 
51043648656000 42873038208000 
293465284912800000 217581903931392000 
109290519898560000 795790900006502400 
10816205400 401316249600 
562009140 5195192441241600 
7516719283273200 431495231569920000 
1412981001432000 494300911104000 
4579655534625600 50203218086461440 
524569196781630000 134799977632320000 
48236247979920000 14255285204160000 
236044269153000 1371372871680000 
852650056440 8036313307545600 
95376217596660000 14005192481280000 
147241294200 226328256000 
9546679330188000 59521392000000000 
45239040 32244466974720 
4460443578247345920 2743888554086400000 
19334715400 251942400000 
2999150713944000 8447656889548800 
7153117171200 63764692992000 
3335722071842160000 380611701550080000 
259445050032168000 123927293952000000 
47888755200 119091772800 
1817122507200 350894743879680 
606494922153120000 100978614696960000 
9885044400 13317754060800 
1513512000 12486474000 
1931711248303200 8521414401746534400 
78555532774118400 30114332430336000 
33906600 46242201600 
82413020289600 1500111817408512000 
20252598293327400 16131032064000000 
4767217379656160 412782428160000000 
25520040 216466351718400 
226602498386880000 166690372552704000 
14236210763775 35224100536320000 
60909418610520480 205705930752000000 
63432274896 962938848411648 
853572720 7759825920 
2454021570000 3394923840000 
47951843940 1492992000000 
222869932169844960 370816214630400000 
23508898411078080 29797731532800000 
3736008720463219200 1569863078784000000 
3366046817949816000 602286648606720000 
171438409361419200 385648863215616000 
137846528820 3656158440062976 
360360 1814400 
8449051517606700 2684859218657280000 
70798999075833600 432261249840000000 
271792600207128000 285528485265408000 
11124108875880 14063548288204800 
921858537600 1190917728000 
5900766300 2751882854400 
2104791180055200 34828517376000000 
3569485920 31039303680 
3018791952 12023159649730560 
874701828000 290955932467200 
431416825725600 12899450880000000 
533573245296000 617371750195200 
23224406400 1605264998400 
52451256 660451885056 
8212952070823500 3992430435840000 
8158643731824300 6142346179305799680 
9200527969062830400 2815885629849600000 
4891088081880000 1553517149184000 
3139862719600807200 7741125586059264000 
18391860008121600 342798989524992000 
106672788047105280 494421619507200000 
6969250544256000 192730608595324800 
13258511612244360 3594971700736819200 
15910928953080 10699320537907200 
2698531355520 2179457280000 
669939330060 15655155793920000 
28912835952000 15692092416000 
6339463099200 600044726963404800 
8568 1990656 
23560992 122305904640 
115437174652800 449962577064000 
199126945457470800 239990252544000000 
8204747323500 38093690880000 
360483177600 52010585948160 
2032636967361000 18353529815040000 
716889219675720 1141260857376768000 
4778051964609924000 5734167100784640000 
8291113084800 286058222714880 
836922240 96733400924160 
25725998922624000 11333831693184000 
45125942400 595948953600 
17516057150592000 1510854805684224000 
687126039600 880165440000 
2106771834847680 4721039769600000 
108509961633263190 8124796533473280000 
1502154605952000 1896999616512000 
942995136006000 6943374697719398400 
45202896295471200 725594112000000000 
169621970918400 145887421680000 
2779674485280 428070666240000 
1372689900036000 13002646487040000 
363409200 12262440960 
165765600 49545216000 
146157442200 112844396298240 
3762092562228000 4635202682880000 
140826994308000 379399923302400 
407884497096384000 245132900812800000 
27616983440766720 1798225556479672320 
133785644592600 160944537600000 
6674113789200 134369280000000 
4336438693394808000 570917552325120000 
559458900 127166054400 
292045871187813600 2161306249200000000 
61848420480 297165007639019520 
7610192805799584 41201801625600000 
9369900540000 10170800640000 
16824500 2654208000 
1401563895732000 869100503040000 
48522699225 806215680000 
7334495785496880 1506808745164800000 
70280098396754400 95996101017600000 
2236810122337824 1617737265331568640 
3767835263520968640 4607812848844800000 
756756 24300000 
8103689660626560 5606653852800000 
5540984383334400 11179839414744000 
1814400 446185740 
228735227783462400 32953394073600000 
493076245894689600 2142770112000000000 
12919987080 182643484262400 
30932761067208000 25824700661760000 
11210994080 211344603217920 
683620294500 9185400000000 
440175353116514400 175992851865600000 
526213614326400 196151155200000 
2406725881560 30233088000000 
5905345294648800 8939319459840000 
348053820631545600 1028529653760000000 
11785878214110 3385331888947200 
6798074951606400 23532758478028800 
9637611984000 8449588224000 
66576656508991200 1926317998080000000 
4349576070840 87668872445952000 
154086045913800 164379135836160000 
11745442800 1041744317644800 
12493200720000 37866673152000 
2750541114096135360 3011125985280000000 
5651105627591424000 1450730456727552000 
18070522470000 34424248320000 
1499400 31665934879948800 
1515286301760 1485825038195097600 
4283383104000 13173608448000 
19789229940480 11115232128000 
63566336433600 1437264870931169280 
759720905683740000 735575186586240000 
4962513556 1252412463513600 
381649434566400 348462527212800 
512143632 6998400000 
105591530772 178322008965120 
1320261055027200 1920360960000000 
4876786654740000 3476402012160000 
1504198080 9963233280 
2540169450 637009920000 
475865246612448000 193592137052160000 
30040264800 22290251120640 
337543304888790000 302456851200000000 
741354768000 1693749657600 
22752628402904400 254273975746560000 
73513440 239500800 
149345209093103100 418159016032665600 
1648427927790423780 4936942338048000000 
22229795952 29720334827520 
2030145117000 4480842240000 
12082560 465064427520 
442890 3865470566400 
83843083456832700 9140396100157440000 
616183999200 585981178675200 
16379243680800 5610807836540928000 
26274085725888000 1757524978040832000 
245566353352320000 344504681224704000 
13551320502720000 244798958498094000 
40196873316600000 31619747839680000 
850376322956160 105476612161536000 
530423323241011200 335388897043200000 
34696505844000 588597166080000 
74670951632973696 1712996116070400000 
46197683532000 469116828180000 
155729321748000 248314429440000 
92920547079360 3305561684705280 
435578159016000 7289033028076800 
8580 161280 
172255143129300 10579162152960000 
6720385646967632640 7498727895859200000 
162615846032640 604969665300000 
3028623849355104000 1930862934000000000 
18829761436886400 899112778239836160 
1477814137800 69657034752000 
44573413500 445302209249280000 
999456057600 6311112192000 
357213131700796800 386266890240000000 
436593827634307200 474054819840000000 
3507802332194160 548478383239987200 
61040779261862400 11670993734400000 
711942968056320 222003155120947200 
37948097187000 132975953510400 
436091040 29520691200 
2227680 35481600 
92263734836 73040694872113152 
4586936386032000 2560949482291200 
300693493900800 350269920000000 
5869004708220192000 1355144959365120000 
5490759600144 743008370688000 
93256746094512000 23108567594112000 
2671546041964800000 8672877386789616000 
427518000 261598740480 
166320 997920 
116936358739200 76281004800000 
2430311795199288000 224083079700480000 
6609239536284000 7039714074624000 
1012352765424 3170169048268800 
3125614902381972000 843606888284160000 
50059898336448000 23764466880000000 
7693821298171008000 2595095475388416000 
573366235753190880 1415843728588800000 
125349840 1045094400 
54513675216000 10175947572510720 
7752254139630000 2751019951680000 
935041114687680 7036752422700000 
109627836318000 63371911680000 
170184152160 102736959897600 
850598261831656800 4325200327448985600 
732058145280 7485754536099840 
141672896164800 110649369600000 
15420669264000 262193283072000 
2172664781179200 329539072567541760 
630945315000 9103933440000 
464312358687177000 825908841676800000 
365057338984767000 7564571872200000000 
11905285392000 52694433792000 
1623421800 2051952580220682240 
38657680542280800 521341110897868800 
234266994655848000 219639079128268800 
44460928512000 9350130049860600 
80662622040 466754400000 
337451400 20065812480 
20044584755395200 1006822206996480000 
2794093632570240 332867750068224000 
410851398877920000 59133034920960000 
8803507062330288000 1555776810491904000 
2584084713210000 1132772921280000 
158739267927240 27518828544000000 
809349840 595282467225600 
9828 1509949440 
109475357191200 11985978654720000 
1849032550965600 940248656982835200 
159991977600 1042910668800 
3350884444895988000 1680487300800000000 
10460978576048 7925422620672000 
56628844272000 110612791296000 
45045 518400 
102318006772800 5749059483724677120 
10644519600 2063912140800 
100354190845708800 437068711644364800 
25324030189458000 102506267556000000 
529130893090800 23115815976960000 
44880624239330880 44696597299200000 
108234735840 990550025463398400 
1488754066800 79551384256512000 
6511893477289200 10674206373600000 
1696219709184 14702763600000 
48162832053336000 41449441620787200 
154448910000 447068160000 
166119731563500 656756100000000 
89237148000 246903552000 
421810378189200 3009871872000000 
48519593772249600 10592162380800000 
124932007200 573737472000 
5016123416304000 3012881743872000 
333943255245600000 559540476567072000 
1649666188256486400 222435409996800000 
1508495788800 16491024950400 
277632515160 17533774489190400 
190254820144989600 267811710566400000 
85101827171961600 243045684000000000 
26435433024000 1175014342656000 
34971279785442000 12622326837120000 
6064949221531200 2615348736000000 
2259438720 6975966412800 
469117829252610720 1762118651923660800 
3125708869098816000 1001829765736800000 
17459442000 48898080000 
6201803311704000 1834013301120000 
18533076307200 116211152977920 
459392837904000 166728481920000 
90597533402376000 103298802647040000 
358800 4844421120 
1652411475 3693514644397228032 
37265433004800 33798352896000 
687635278524033840 722670236467200000 
770605312853376000 455943857828659200 
107028515674080000 60862071029760000 
951675588864000 42107369265561600 
4094810920200 4007719883243520000 
212594080739040 47943914618880000 
9880 3710851743744 
1238940627724800 19776864780288000 
69090840 257955735797760 
7868537951724450000 1752399709220160000 
139675536000 317837520000 
160521051600 3125232952934400 
625490439003480960 1487502758117376000 
320585525035776000 1734575477357923200 
1894369011575040000 3558103543298304000 
41227562376 114307200000 
359704592078832000 169705776240000000 
5673052818868780800 2503009448755200000 
395784598809600 246387645504000 
84362730452 2536135238615040 
14536368 1114767360 
1458140581857960 974975584016793600 
834451800 4458050224128 
90834492949200 161663040000000 
1394019389251944000 1433541775196160000 
52463995021666800 1322395269120000000 
14884327948089600 23127447142800000 
62755158568415040 2550916800000000000 
1515449649639744000 650782456676352000 
146208597304770000 45776971995955200 
183757135161600 119091772800000 
90342136684800 145192719672000 
347187399314184000 158429779200000000 
4709254689659520000 2544034569043968000 
706469111910181620 6319286192701440000 
64407440402067840 1685142984720384000 
496053558000 3719607091200 
34420042800 188116992000 
288036953505100800 110419218911232000 
56650624596720000 49026580162560000 
106976192400 374053855769395200 
3888498872318860800 360133520947200000 
141351642432000 90509747328000 
128166271833600 16323761405952000 
1438555318200 4598415360000 
5226957353645527500 3829544819100000000 
283795284271611420 7077600535825612800 
10574783258054400 12570917990400000 
334597476513300 162495930669465600 
4478633721361800 65167638862233600 
34523557107177600 142242451244974080 
28345917600 250822656000 
68441012640000 2762270264754000 
9386230938084000 6304858560000000 
5040646686339264000 494300911104000000 
491776805520 10835538739200 
5077927134720 181021219061760 
14240696870400 13672894169088000 
5340261326400 1712282664960000 
1868749212825214720 3737827443474432000 
5343092083929600 4452576736608000 
2710274183371755000 618494015018880000 
660923953628400 2285621452800000 
47297250 436590000 
2847782466614685600 1858294893772800000 
3056156793440150400 759246199455744000 
20519125114187700 2278294822689177600 
2771861011920000 118902351270502800 
2097572400 53436265109913600 
230302800 81174881894400 
3051882448274499840 1524382530048000000 
6644410172400 1514918115866050560 
16945790400 44392513536000 
10010 207360 
1228950236994480000 313004936724480000 
92451627548280 255700877967360000 
1270751265463680 1481421312000000 
724780267219008000 433854971117568000 
4200241029354770400 8883108430479360000 
21183481616497200 522109230199603200 
764488314337587840 2293666840313856000 
12904005954162960 3728118800764108800 
1246721486250240000 2937587501977128000 
15144818832000 43783740000000 
173059286400 233929829253120 
2654532511908076800 1043349789081600000 
27679120450800 608672457267609600 
1438481546132400 7313988648960000 
351128639141280 1354442342400000 
1198796098500 5852528640000 
4240549272960000 2771861011920000 
171693792270 41747082117120000 
337681715408856000 520625965341081600 
1272185757079637400 8737778439290880000 
400022955176644800 826390421176320000 
3682290598786800 5162456988057600 
62336074312512 642429087300000 
343239651335243520 3531582996480000000 
8314135640336045520 3658518072115200000 
10080 83160 
39861390138570 31962609745920000 
351128639141280000 85364982743040000 
2680707555916790400 524312037849600000 
21361045305600 3767021862912000 
1200859945863177600 169474598092800000 
11745839605500 9053130240000 
2860326000 304784623219507200 
32041567958400 5273830608076800 
2643695814513600 127545840000000000 
3208964633112157920 730044422553600000 
30875644800 77189112000 
8835372000 2179989504000 
3773655750150 175495605123022848 
9847379391150 1109305553370218496 
29037670962300 1719926784000000 
1467326424564000 517839049728000 
9050702637600 1404285820600320 
50683934770560 4576931563438080 
6625858239000 14145516000000 
17540453810880 29099347200000 
7493845668309000 9194585400000000 
6130620002707200 184584071282688000 
6004299729315888000 576213633515520000 
785725214274000 42316648611840000 
104407463160 1889568000000 
2734995260461464000 2758406949698400000 
59400885600 5224277606400 
2332672777512000 5229501884006400 
3118022315574566400 1327899731558400000 
201376 32614907904 
155684501280000 1055425596825600 
2539555200 9686476800 
2923408968480000 1642584303360000 
619083144916236000 556224321945600000 
27227200 133056000 
1849476273598800 28239310173634560 
316015775227152000 75322043596800000 
92772630720 495275012731699200 
93755216263800 6573662538490183680 
40652739347220000 387754733076480000 
5400692878220640000 1045636542720000000 
1270312243200 474927240627840 
3097351569312000 133310718148608000 
10206984073005720 1407620999424245760 
9843799680 117413668454400 
182223497776320 66573550013644800 
7290702909289800 1828079220031488000 
499090620600 8398080000000 
21443203172160 898948399104000 
97816745137003200 892820880000000000 
139952292480 128474048102400 
6471252385884000 60197437440000000 
573413380944768000 118844061912576000 
2624622000 95374540800 
13852460958336000 123806369815128000 
61457235840 190546836480 
