771527554031520 2116316160000000 
4108513988779200000 2067028087348224000 
2308743493056000 62611459334424000 
2141691552 21163161600 
5554998389026944000 961140660480000000 
88580866974600 149158845480960000 
12319382275200 21998896920000 
1286299946131200000 1698185782028736000 
66714441436843200 24210656870400000 
16833328451596800 17459608320000000 
204139681460114400 6099690997505064960 
6969041030952 687970713600000 
3442437638640000 12117335408640000 
39109150080 62270208000 
24057324577056960 535500992922255360 
2006449366521600 1931334451200000 
49971289967121600 1647695362837708800 
581798092161326040 2962165402828800000 
63008083579240800 231472080000000000 
31902280410000 37344162240000 
4205031460261632000 478977582859776000 
3327571903924768500 6320730931200000000 
4065396150816000 26900984450340000 
166352892933427200 26676557107200000 
12252240 54432000 
130107761784000 130418723635200 
1877091843239613000 7928724880097280000 
336605018400 13060694016000 
2251024905729600 7547418648000000 
62867106732830400 7992113584354099200 
1369504662926400 653837184000000 
337904313771024000 83364240960000000 
74336437663488000 6737179082489856000 
5420528201088 58402644300000 
20959521897600 1433272320000000 
3185629894137600 3888730944000000 
739604028240 126243176322170880 
4297720490775211500 3226206412800000000 
120336294078000 138265989120000 
4746286453708800 2343366637387776000 
57146136453806400 207657080193024000 
9240 60480 
32842607157360 8629904631398400 
315040417896204000 76046294016000000 
56489284310659200 734569263267840000 
18386775 2149908480 
339773065632000 322808758272000 
3162510 136796838681378816 
382516819644960000 4431732081070694400 
29099070 671846400 
1573707590344890000 269599955264640000 
28774920430080 411411861504000 
40840800 186278400 
627972543920161440 5201058594816000000 
150215460595200 398529331200000 
276105375 237817036800 
328516860672000 2282507771544000 
334408227753600 774741019852800 
37804367192518080 617885761064140800 
9470539386000 2400178907853619200 
165640860 20293720473600 
1499184086400 2034160128000 
78606772744500 75322043596800 
4930216786535040000 997377189000192000 
354323467898400 328149460058112000 
49277529100800 101194925832000 
277186101192000 6774046998919200 
3511286391412800 3347646382080000 
122175900 1113255523123200 
131670 53084160 
2577017520 22265110462464000 
266857765747372800 52960811904000000 
276549247260 220150628352000 
52669295871192000 28970016768000000 
649587982411368000 135579678474240000 
2137236833571840 2419878661200000 
12324198875788800 256305725964288000 
275679510069600 349192166400000 
45024228721180800 162533081088000000 
8657788098960000 20594441027160000 
62866342400400 2104052938702848000 
780532595466624000 637391871148032000 
1952224955465400 21722546287411200 
6906900 2972712960 
1287074250 23224320000 
55409843833344000 1189617727354056000 
154867578465600 5393690394624000 
558480740815998000 458314718400000000 
3419854185697950 739706111262720000 
390713608637352000 130673447704800000 
1605427735111200 1693749657600000 
487190986808526000 178455303290880000 
73960402824000 1472837057091993600 
85622812539264000 27032244535296000 
120589079410800 487536340657766400 
81599652832698000 205012535112000000 
21273019020 44030125670400 
1714505675625600 8817984000000000 
4224809829240000 67547238196838400 
487191474000 62691331276800 
5557616064000 179339896335600 
19499099620 519400496868360192 
36239013360950400 61979281588224000 
1209728730736726200 1481421312000000000 
1055947052160000 56100780299163600 
160232045562388800 52982606476800000 
5897556623016938880 1537085717798400000 
598086720 1585446912000 
269375727391680 27461589380628480 
319770 107495424 
95706841230000 87136378560000 
5494201352640 175337744891904000 
33552151835067360 4044343163328921600 
313196636803050 103558855576780800 
78443948210518800 6377292000000000000 
4475086733251648800 3724716441600000000 
389188800 46849502700 
14214724737963750 12530426388480000 
1304250668141873760 7021429103001600000 
69743520 6088116142080 
79650778182988320 143994151526400000 
10863652800 52157952000 
14843152325664000 200812872345845760 
54203652462960 2996494663680000 
12628747080331200 31856483893248000 
1638600315992640000 438206911414272000 
227140313400 3433483468800 
9819441596764800 5475333169152000 
221707200 979776000 
48305580301550880 2006122600857600000 
10755016272000 11732745024000 
8278655687390088000 1034828111116800000 
1084105640217600 2934652849128000 
1647455040 10450944000 
343062720 1047816000 
154962990 341992096703447040 
596327241510000 715265187436800 
3816066050187431040 1921357147248000000 
6418853581140000 41659599421440000 
91662070500 342286560000 
726675943593600 700539840000000 
522161640 44590694400 
180684945558117000 91493197488000000 
3448674255840 12839184645488640 
429187030272000 1853639625277440 
9350411146876800 36177185984940000 
3212537328000 2802159360000 
7248900824110108800 3982060486656000000 
1371507274891353600 2185343558221824000 
2206413000 18811699200 
1294699786380000 1738916315136000 
618872369544000 960180480000000 
8207650045675080 2054739197952000000 
3998867618592000 4575814148505600 
3276420346120521600 1630242427968000000 
1009559498547600 7500559087042560000 
1346420073600 32651735040000 
14172938715936 24461180928000000 
3688326041400 30098718720000 
2170631159096400 4851911988000000 
1181685526938000 2875977360589455360 
27230384259936000 13579695360000000 
86741264610000 2618603392204800 
127556629200 797058662400 
20334948480 17439916032000 
313497122400 209278992384000 
59842631340011520 256782124298700000 
235620 579820584960 
1760791709476800 958961203200000 
32511911031600 483729408000000 
1610736689261700 84633297223680000 
1835793960 3302259425280 
12079209132900 33484638781440000 
28326343997952000 1892726248486993920 
239877544005 20542695432781824 
41685113870400 218766306705408000 
7413547680 250925875200 
77103346320000 2777306628096000 
829677240366374400 5583668156301312000 
648939043368000 4827232508313600 
1613252440800 1798052256000 
273996484977600 2925595459584000 
195720885704559600 3744762188267520000 
417629852640 9447840000000 
930560562105174000 691329945600000000 
40965007899816000 23433524674560000 
312873200640000 34522930044603000 
1956435232752000 549223234560000 
2347722279302400000 2438033128667136000 
80955940665600 56043187200000 
22999881366000 8914950229170585600 
222628836830400000 301291025843808000 
9520 1105920 
13101128790750 20692869120000 
44736202446756480 4814694242058240000 
7972278027714000 3609644060639232000 
67444611014781000 78153975900000000 
25153838509800 6011579824865280000 
18434294220232800 7456237601528217600 
3472905447091080000 1362749588766720000 
2540872594260000 84675587486490000 
424097856000 39675808972800 
8905153473216000 7259635983600000 
762450759278208000 100837385865216000 
13342888287368640 25092716544000000 
131320667103444000 382277806718976000 
5913325490992920000 585417045717504000 
9168470380320451200 1843883627249664000 
4250186884944000 1630234045440000 
763009740773280000 88699552381440000 
38551673160 15288238080000 
635808843390520800 2083248720000000000 
373219476780150 21158324305920000 
3088846051200 20316635136000 
77436405239193000 55167512400000000 
111485989421041950 2203992115200000000 
101593131473433600 624383873777664000 
54627300 42467328000 
16911539568443520 131096641536000000 
1901922498075600 1023724363217633280 
286396721155440 40122452017152000 
3028537512000 15941173248000 
12907516050 165542952960 
1762463876342400 5714053632000000 
1304872821252 104367705292800000 
28165398861600 411919916728320 
11865716134272 11415217766400000 
122783176676160 392073696000000 
4272854548330368000 748032891750144000 
762894475200 733835427840000 
39118609530000 220315189248000 
266896198800 73247647334400 
1380481043760 7232681976791040 
740043207120 2139864107581440 
962690352624000 608370352128000 
1190710439002656000 1720643420160000000 
1302784786947243600 580717154304000000 
544979008620446400 311098475520000000 
204571699932600 2720977920000000 
2048250394990800000 2047829684060160000 
511976232986400 1388832480000000 
53970627110400 46930980096000 
240117421549005 158508452413440000 
79464 230897441832960 
86577880989600000 939171890016360000 
2079411161667840000 205409489725440000 
16062686640000 19760412672000 
960566918220 29249267520503808 
1652162054400 6097498767360 
711234382271400 31596430963507200 
47583779443200 867199824691200 
61772630960040000 26768295493632000 
9609600 69189120 
11532185280 36578304000 
6652466428608000 819105086530130400 
520951478183136000 194030270834400000 
61596911376000 168658209720000 
1393808206190400 6674691863347200 
595373117923584000 318764016370800000 
275360342400 689762304000 
25947416880000 37544784076800 
11371779790371000 3556874280960000 
96124703875200 19337378896281600 
109830336 2985984000 
391514760 52183852646400 
5707644604349688000 3829707461099520000 
140950075266000 58845346560000 
2190601897395912000 1126354251939840000 
1085280 110592000 
5395297580640 164564744601600 
6938301909431692800 630233661657600000 
824551247520 653837184000 
1311055200 566797271040 
5313000 1486356480 
23853089660400 42074422790400 
817190 322486272 
408631225602600 2840471467248844800 
145814058185796000 4265518180073472000 
285028443000 8162933760000 
245402157000 617258880000 
7391629365120 31840508700000 
4237755762240 5424511482593280 
406539615081600 1572921129780000 
1875368941429183200 602576348774400000 
2111894104320 10119492583200 
284964911142912000 1556670300193008000 
63867117600 2407897497600 
4163580701280000 20829799710720000 
25665379740000 572067806310000 
485735643993600 450537408921600 
2289029222319840000 291441386396160000 
50830050618547200 11863221866496000 
1019319196896000 675967057920000 
3059133728222880000 1963024269708902400 
2581213507973100 8101522800000000 
1376647204252320000 1517106591000000000 
491456773502735040 2162600163724492800 
455377166244000 4772359220428800 
12389406277248000 755427402842112000 
260920896198842880 2728557528408391680 
2705868396000 6933850178243788800 
2465376734620800 5687923974340608000 
145008513 225434243432448 
1602879437118960 18431251395379200 
1448408831589720 821895679180800000 
3353023674000 15450675609600 
17184022794338400 12443939020800000 
53148595500 510935040000 
87487400 6688604160 
6540715896 16231265527136256 
9432812729340000 3521305538150400 
7397406278776800 825564856320000000 
67441096800 123818753182924800 
4698335842200 6466521600000 
1264063100908608000 276180826521600000 
472560626844306000 100381108101120000 
444469950196272000 3666044749086720000 
357386719536 138694895861760 
25395552 191600640 
95921224554355200 56568592080000000 
20180160 89812800 
10737573 1603087953297408 
2288683425600 1356127870648320 
11793600 125954949120 
162610957388880000 1008162305998848000 
122263877736 49533891379200 
60501307344086700 1160950579200000000 
184697807035341600 3128046665387212800 
10360604899680 5349660268953600 
2373152055512238000 1672465404395520000 
60610338798831360 4194133650859622400 
1013712941313072000 339411552480000000 
27415080 2078076976496640 
4783012847130 68475651442606080 
1472916239514720 1777705574400000 
1417293871593600 1421980993585152000 
3241378417285008000 1493272682496000000 
61846468023600 12638572385402880 
1281662718336000 215836400812032000 
1108744404768000 13988511914176800 
120456630372078000 203780303496000000 
30861102161260800 25924872960000000 
1816596695401488000 1944365472000000000 
99225500774400 6946780209500651520 
1060137318240 1176906931200 
93908891172096000 166949139861504000 
10091260049270400 5311169740800000 
260177531822208000 3075668711571456000 
37847705395500 220449600000000 
39128704655040000 13291202276352000 
19602264470194560 411923840709427200 
26414750728080 92052316068249600 
10962 3019898880 
28700200899770400 6216088343386521600 
180610620200010000 3082944056397004800 
368592580127051280 1685528248320000000 
93207319112587680 1695159838310400000 
331053480146188800 7381604907771494400 
274270481462577600 165919186944000000 
28591903472932800 10139505868800000 
40236284088000 654650848051200 
521949128500800 7893445515411456000 
3560712123608640000 715509722543616000 
2007835830 96745881600 
1995847425 343985356800 
600900300 154793410560 
7475007443904000 3515028701184000 
8477886008592000 2718655011072000 
108531557954820000 35763259371840000 
770922434381299200 431325073872000000 
1085740999200 24078974976000 
2560718160 9797760000 
110037489962400 1203948748800000 
111767455800 2006581248000 
1920538620 8230118400 
22990616374440 131503308668928000 
2111830615440 891610044825600 
721113927534000 3471687348859699200 
607169554992000 296406190080000 
10920 921600 
13884957009000 391820820480000 
4417238826000 4203239040000 
64715352471000 4286033764024320000 
8193001579963200 9012894105600000 
149918408640 186810624000 
767394854226000 542181911040000 
50283192960 92626934400 
570024 38755368960 
18309467404800 5876554106142720 
64250746560 112086374400 
7088318848597140 505542895416115200 
90532341900 13637380158259200 
243023430309660 182807922003148800 
12498200 2866544640 
307984556880000 3246670537110000 
994543731076896000 1300617023792486400 
223313110020 3945099260067840 
3718214500 50388480000 
1985548852287000 1935723847680000 
353761797094992000 632073093120000000 
18194847664593600 5753767219200000 
1067431062989491200 201381852672000000 
167942750976000 81407580580085760 
12467214862502400 16697162762280000 
2054973637332000 7679688081408000 
304470324958800 1420235733624422400 
22661795520 4643203244359680 
89763947010017280 403514766755100000 
920420965292400 47394646445260800 
125829907503300 5159780352000000 
5148297000 51093504000 
34306272000 495296802000 
441050950579377600 2883466884965990400 
1456083556842987072 6423735435264000000 
2294669520 67722117120 
304407712231983360 535623421132800000 
5402459773751040000 2057090452312896000 
19554575040000 310551094854000 
376425569520000 13811351323770000 
2461424197050 14221644595200 
328590284609386800 1129572406945382400 
1789707432513000 126949945835520000 
450502042377507120 2427160677580800000 
2233922963263992000 467114360993280000 
4457398643396899200 3278015337332736000 
5205933214574400 23039064244224000 
902687238216878400 4322612498400000000 
9888096778560 6849130659840000 
163031333517734220 3538800267912806400 
940491367200 544125380198400 
3478761000 5851864765814538240 
10612853912849760 120394874880000000 
12699141434179200 98884323901440000 
38535845493600 48886903296000 
13506149434377600 6293182896000000 
670743395225164800 411823273365504000 
135426225753638820 6346678434634137600 
198554885228700 3023308800000000 
7934253213738852000 1774413527040000000 
3224616279380496000 7201024094276812800 
50081520753813780 4549886058745036800 
57279344231088 24073471210291200 
12760912164000 12609717120000 
140502285 2226511046246400 
4831683653160 12054469961318400 
12059061994980000 6311163418560000 
1250895776940810000 184539006812160000 
4727337560 26418075402240 
378378000 2756754000 
5434542313200 17635968000000 
88863724857600 319987003392000 
104432328000 2479738060800 
28808079300 80831520000 
34631152395840000 55899197073720000 
57453550319725560 6712148046643200000 
158210137034149200 2176782336000000000 
65552760 35672555520 
25467973278667920 604661760000000000 
294512400 305764761600 
37586686737600 28021593600000 
3780485014754448000 403349543460864000 
209230560 23676007219200 
408053294612964000 1451461047386112000 
1242480458089728000 1434705592320000000 
451261102792500 483930961920000 
70649050071600 86416243200000 
4406381252965692000 2206725559758720000 
11292767085600 29218349160000 
937356395976000 3539609321472000 
75639956277600 1889568000000000 
7531904574754560 293827705307136000 
147833137274823000 28834219814400000 
7389070689000 174142586880000 
194990996200 865667494780600320 
559472664582720 41192384070942720 
3272028760 17635968000 
110504859008544000 23230835147520000 
1950850137600 86719982469120 
720041319317960640 1377317368627200000 
16261095738888000 63450774503424000 
5571748304246124000 2410305395097600000 
1413516424320000 1040862094272000 
288592936632000 2329687899000000 
240535017064742400 4113587874299904000 
6568521431472000 418976542752768000 
1081575 859963392 
61391588338080000 54395475982848000 
893569185305596800 238323653568000000 
83349730730185920 89393194598400000 
123894062772480 6421059993600000 
41580 352800 
5320130896080000 22912779681792000 
164153000913501600 8136767223889920000 
215720464279320 273965226393600000 
9442414800 892923700838400 
26096118093941280 1497904875307008000 
5770371744000 68568643584000 
47129212243960 3743906242624487424 
25057791158400 53887680000000 
3613698911162340000 919090756584000000 
7972933550400 17459608320000 
22309287000 98761420800 
1173800941644038400 439982129664000000 
412416547064121600 95329461427200000 
47563705036247400 493506023915520000 
134596 191102976 
421421364000 2909307767095296000 
577241321893632 770351078729318400 
120219571888416000 4016257198470316800 
6636331279770192000 2712709451612160000 
35788961957405184 5931703306215751680 
252574941606624000 278906767147008000 
473592252893760000 344332600964352000 
44249209804800 301850007338880 
97389600 2536715059200 
6731030592 174960000000 
33323896821600 201134687846400 
1177313672414880000 669482781327360000 
57980203837920 177602524096757760 
146040126493060800 365699432448000000 
8605010700 134369280000 
70864794000 1239869030400 
456820639578903600 444426393600000000 
80080 1866240 
77026242973680000 229127796817920000 
1260161671584816000 266162029056000000 
3854612171906496000 2649143945448000000 
711945616653671400 1523747635200000000 
2534196738528000 25745240044339200 
3122685525960000 44516257667481600 
3608213451523200 58047528960000000 
110880 665280 
2207641516637356800 2296140393254400000 
4330845130483872 594406696550400000 
342205063200 1210227480000 
114682676188953600 38585734387200000 
11587270652717760 4109478395904000000 
49277712424941000 11651378618880000 
1785792808800 5579410636800 
1243242000 86704128000 
1484667078631436700 1333279180800000000 
8433611807610528000 5067387325602201600 
225957137242636800 2497535495110656000 
46243014592320 87298041600000 
3533791060800 2942267328000 
120085994586317760 101207290060800000 
11491482735532800 22317642547200000 
466026007590 31560794080542720 
8751721726669521600 1720818996019200000 
6511680 340623360 
1780356061804320 1725124262400000 
230168850912000 7631960679383040 
38921125320000 533750702284800 
49054736350620000 50121705553920000 
6499270398159 554652776685109248 
79003943806788000 30128817438720000 
29133042120 1282470362637926400 
1501024222051200 33327679537152000 
2571758513438400 13226976000000000 
660790658041113600 231703552080000000 
3431028416751936000 280103849625600000 
19621894540248000 9206027550720000 
773281025745228000 152527138283520000 
152512113600 423208629043200 
15716776683207600 2784582561064550400 
6246600360 18289152000 
1007122215052800 2239909023744000 
5705988314208 6657355001364480 
203844450155346000 203948918046720000 
1364613574844520000 167262013062144000 
1423446393600 634812943564800 
17776886400 48432384000 
578256719040000 876044961792000 
7192407730662000 12799480135680000 
43197644028000 365699432448000 
15327077582960 169075682574336000 
156975156321984000 54064489070592000 
35607051480 4155203974946881536 
2880369535051008000 478483281948672000 
225871547417923680 764555613437952000 
12274301995956000 13066135971840000 
2439237690489600 24600486469759200 
3340764125899200 258897138941952000 
4783366816628400 1096956766479974400 
9059753340237600 23838185226240000 
263986763040000 6994255957088400 
779779185625440000 88032638453760000 
97297200 15330615300 
7915691976192000 18260062172352000 
135699814088494656 8916100448256000000 
1798194147750 15931883520000 
8362849237142400 49442161950720000 
2019628090769889600 430204749004800000 
351400491983772000 211191422238720000 
1812225206027527200 1706597351424000000 
35620613892864 197670488400000 
54006928782206400 15209258803200000 
20196301104000 114281072640000 
78374280600 95126814720000 
899510451840 871782912000 
623360743125120 1209939330600000 
941850937931904000 189225711747072000 
235088984110780800 108463742779392000 
65964099801600000 2128789617370416000 
20613781188000 19363639680000 
231215072961600 226974908160000 
271792600207128 4815794995200000 
60553223180049600 238085568000000000 
1779251443200 27413651865600 
1337632911014400 3124469956608000 
104071012728883200 1318143733530624000 
9130031086176000 4430400758784000 
12803590800 32332608000 
19359101309798250 154379017800000000 
4244421484512 277326388342554624 
191009799590009400 185829489377280000 
128659219032960 3672846316339200 
2157178415700 500964985405440000 
2402400 15966720 
97878690 24352464568320 
1455312758781024000 1106127912960000000 
81204767280 5682241732608000 
46558512 217728000 
97919583399237600 44052280272000000 
5016961672222500 6648797675520000 
2619562965805843200 1351934115840000000 
39342144441600 191294078976000 
357294723264919440 5393690394624000000 
195643523275200 104613949440000 
729093538559786400 103567809945600000 
3037889743999110000 1109008454400000000 
20907123092856000 34432934215680000 
5045040 23284800 
165237006654720000 308367826550784000 
816816 8709120 
773942488394400 7897302230536028160 
144259293600 10970982973440 
86324761290240 905106095308800 
48886437600 65383718400 
10184674500 62233920000 
262462200 11147673600 
80004591035328960 266987674533888000 
27132889488705000 53303259129120000 
4927752910080 15713497800000 
5747654093610 93930934763520000 
7909656300 272097792000 
76996139220000 988117119990000 
2475489478176000 2880541440000000 
98110738440 21040529387028480 
4460336941777516800 2134841274720000000 
1575580702584 246512345193381888 
28172667351628800 42929778821529600 
366648282000 635675040000 
869690250 1595963117949419520 
80902610006400 2874529741862338560 
403823799419040 2700201271335321600 
3965543721770400 11428107264000000 
287120523690000 161824703040000 
26108082000 572247244800 
6366993319666980 120932352000000000 
755160 155021475840 
525020386176000 1072701630000000 
6902970930240 350675489783808000 
659640998016000 2266478165952000 
4475671200 5085431070720 
280312779146400 372471644160000 
15073827493725000 76993596519840000 
2336366969502508800 4754873748240000000 
16398901190160 205426954327818240 
1221759 267181325549568 
602275457723940 324991861338931200 
261603339693696000 113137184160000000 
294328418103720000 226059120967680000 
3504192883551360000 777535333166592000 
1651976645102784000 308938069440000000 
12996319760424000 3201186852864000 
1523733120 29797447680 
241527901507754400 2621333531787264000 
508874302831854960 5825185626193920000 
32830600182700320 1664338750341120000 
115729133104728000 67898476800000000 
10631662820064000 14142148020000000 
291051420059400 147941222252544000 
65996690760000 3387023499459600 
108717040082851200 154506756096000000 
514080 28385280 
62145589746240000 591476952652185600 
4358970 2899102924800 
88668848268000 406332702720000 
235586070720 280215936000 
26293088250 1312200000000 
4813446949668236880 1147212664012800000 
34597290 46438023168 
211240491462000 5873672886681600 
9590368788000 23911759872000 
5385680294400 45712429056000 
846609428945280 32105299968000000 
600600 5322240 
1657019006446003200 7198778780024832000 
694702008000 10486140865200 
5473767859560 4403012567040000 
187398010800 290594304000 
8682524636385600 2500927228800000 
10994016633600 21300003648000 
206361048305412000 353960932147200000 
1261260 6350400 
1831223377855872000 221748880953600000 
375418368647922600 2642908293365760000 
7043166837907200 2964061900800000 
62853991200 98075577600 
484711226496000 2222538300702720 
80730 1019215872 
1006115092837747200 490265801625600000 
131255096544000 577608570000000 
180258552714240000 2365907810608742400 
10061666911296000 4054836680294400 
491580094797792000 142274971238400000 
170834529165300 108490229651865600 
3553049418947028000 610108553134080000 
210743800775988480 3031730587120435200 
2515416727824000 784604620800000 
2854093751308800 3387499315200000 
114011377200 2285621452800 
33655718658800 4382441692326789120 
105234069965824800 6398914471133184000 
228305784173987520 607039877283840000 
133855722000 258660864000 
1162838120944500 1524886624800000 
29458324790294400 10168475885568000 
162467124601017600 1364031900000000000 
133526704635324000 31789563886080000 
420936279863299200 6855979790499840000 
146170448424000 70614415872000 
1750320 19595520 
3252316920652800 16140590670204000 
999600 18999560927969280 
535422888000 603542016000 
42833831040 86220288000 
2071273758057504 154105439846400000 
77636318760 1209323520000 
12755644844342400 1675906171011072000 
135795660 1866240000 
25892667830383200 31998700339200000 
1726266381840 7664025600000 
1575848005241328000 1401685291302912000 
731517998211000 1474837217280000 
48316836531600 87060060831744000 
1918073757600 7970586624000 
85037752800 551809843200 
2763633600 4385247508561920 
493802400 4741632000 
108222351237000 1480646086920000 
791239075426800 152339935002624000 
37119313280649600 38626689024000000 
51362015304600 130188275582238720 
64764752532480 92521075046400 
21067718348476800 18969996165120000 
4677069776258880 783083938775040000 
16416403907904000 27316794477772800 
70344528304050000 3252979452963240000 
10296 155520 
7001280 48988800 
10480365550393200 28798830305280000 
876240758958364800 804538751385600000 
2787710588610948000 687754987920000000 
3975514943400 5001854457600 
17125658550 300987187200 
248552850966900480 1977686478028800000 
184366164840 184926527815680 
13009267682611200 240431915567844000 
2866831178765954400 3114856202895360000 
10581480 127733760 
2151003254400 1852538688000 
303047693315640 22290251120640000 
1848831294950640000 402667809223680000 
3562467300 26748301344768 
165711220002900 5374771200000000 
18417476501424000 4223788208640000 
77015228209920 211631616000000 
780044762594457360 1651817683353600000 
128858935140936000 651676388622336000 
2809029113130240000 850636945686528000 
8285095032230016 359579359641600000 
424804150309271040 503979530342400000 
2836291381219296000 6693193333827000000 
310545275040 1693052928000 
1617966979200 44789760000000 
1189594486080 89894839910400 
113301249193440 2938656153600000 
543182640 2612736000 
16094513635200 178541140377600 
4417744320 198110005092679680 
25298731458000 18106260480000 
5709596699664000 72043541640000000 
31235599287446400 80636724854784000 
5565720920760000 2903854393440000 
66118776781157100 131681894400000000 
135135 1555200 
93139546500 1805923123200 
2008865395794600 6162808629834547200 
2019630110400 40226937569280 
640928182249555200 116154175737600000 
6596409980160 4576860288000 
2273557938439788000 1526784261488640000 
16360143800 61725888000 
567065507887771200 3089428805320704000 
27095140800 2321901158400 
51946728593760000 66062687450760000 
177787980078508800 692190267310080000 
9991794224412000 9336040560000000 
382827364920000 226554584256000 
5461079818521600 9721827360000000 
31145864349600 94810963968000 
49080431400 135796953600 
244310094000 4571242905600 
1578423231000 779278866186240000 
23304596154840000 219528524139724800 
2577603419150760000 419449630279680000 
13862741077785600 5084237942784000 
146084400 5919001804800 
474023662840728000 225363554441625600 
5071570479360 668621267187793920 
265742600923800 164074730029056000 
10626 84934656 
3183856173854928000 2317601341440000000 
117327450240000 1711880828658000 
128234210014310400 400286648621059200 
922393263052800 6729693327953756160 
3353716976125824000 960920971186176000 
7052669523323424000 1434131710083072000 
111384 4976640 
99681120 1479750451200 
61620994378944 1961990553600000 
1486507162140000 2213166219264000 
216814609851840 6592288260096000 
261891630 5248800000 
107442720 1532805120 
79982064842097600 2267481600000000000 
2398030613858880000 802380819240000000 
972918937620630000 1399552239697920000 
3318590967120 719158719283200 
5342931457063200 11377315676160000 
1037896675200 1976041267200 
11293577370896184 278628139008000000 
3918149735179680 13544423424000000 
25686843761779200 11856247603200000 
84975936895080000 117595223746560000 
153643089600 196151155200 
9858943987200 23433666373877760 
18492093939056400 290237644800000000 
1215516906481878000 836232702197760000 
132882225840 2267481600000 
151351200 735134400 
10660 7421703487488 
623823348500352000 108611696793600000 
47243196000 619934515200 
2350889841107808000 614627875749888000 
54135564131048400 1248254062755840000 
2737650690274500 3024568512000000 
1774705015426543200 4875992432640000000 
702090074168683200 356467003200000000 
464602735396800 3033950846976000 
3828273649200 7201353600000 
3334569638400 119559930890400 
35123966795998080 242815950913536000 
16295479200 25147584000 
71940918415766400 105124759740000000 
1314869989052505600 6428310336000000000 
278394849604872000 132566796730368000 
671448571880486400 110874440476800000 
7510773029760000 12014330904576000 
87614654400 1117414932480 
1258966072275912000 192571396617600000 
117804960 339738624000 
89535600 1161216000 
743389490296252800 331005074400000000 
195593047650 3344302080000 
193222321206203520 3707314566384844800 
12148233185088 14676708556800000 
1122464591820 1354132755578880 
4324098240 55807731302400 
505412435127600 518497459200000 
18708279105035520 979425684357120000 
567850783500 12589439385600 
144187055812800 158280027262156800 
176689553040000 83364240960000 
2301022480841884800 2618941248000000000 
2888071057872000 1129830653952000 
2762189919217575 4622106472375910400 
839028960 41561539529932800 
60949324800 6624965867520 
20189400 2229534720 
2517086880 152392311609753600 
160247539452000 2083012409315819520 
13735503381600 928640648871936000 
292244752800 71433896067072000 
5062249457852146560 6481218240000000000 
6175128960 13621608000 
32189277120 18572812977438720 
3695814682560000 83393051796054000 
6589820160 59609088000 
1900046748600 85996339200000 
9237800 251942400 
4814331937156684800 6339831664320000000 
6144764740077600 7030166881440890880 
900115479703440000 630485856000000000 
70682976000 6539968512000 
2385308966040000 2185810397971200 
2745758400 20901888000 
42325920 261273600 
31278673483200 5136847994880000 
5395007800 712483534798848000 
229584616662240 479329560098242560 
7220177644680000 1977203644416000 
2674137194260131600 1161434308608000000 
494730748512000 211189410432000 
10260432000 40683448565760 
3543207176789280000 3364012653281280000 
155190341512800 89874292518420480 
8343316389408000 27005076000000000 
365421452760 45836749976371200 
172884543515283600 5876554106142720000 
110874440476800 1069586368250400 
12972960 122522400 
2992041615955392000 569434649591808000 
222304642560 1445641797600 
8934969835291500 16460236800000000 
3432198000 28217548800 
203139338630458230 6780639353241600000 
1922494077504000 351504995608166400 
4320554302576512000 336124619550720000 
7768198718280000 13816480540262400 
61620994378944000 91055981592576000 
137837700 635040000 
3090185920800 351071455150080 
3138293572814400 101709590298624000 
667633523176620000 119822202339840000 
382958222273827200 283718635200000000 
16287339600 914248581120 
4167611825465088000 1981880623522800000 
18531789288012000 8691005030400000 
1165709326181400000 485959583229120000 
3896004644532000 17826439470840000 
605707502400 10839997808640 
1979556104841915600 1396768665600000000 
79280381980800 204838502400000 
28449375290856000 122875009302528000 
9866505268620000 5162407810560000 
2253080404695120 2603765511644774400 
5204310471360000 16694913986150400 
387182026195965000 303421318200000000 
353697121050 6499837226778624 
3120179050377829440 2595713502412800000 
22088430 95126814720 
46752055734384000 338702349945960000 
15901522560 483667004620800 
2551128968868480 274239191619993600 
9570684123000 25204737600000 
183918600081216 39953262182400000 
555664871534572800 398206048665600000 
27038782907136000 1577271873739161600 
1779051771649152000 358862461461504000 
428163098127382800 1737803702992896000 
2581126307760 462316319539200 
1133012491934400 2614750942003200 
114955808528 5135673858195456 
1578640842979200 555761606400000 
11440660 806215680 
22254450772554000 7048364843520000 
926135961214464000 1027128497194800000 
35240152720 641959232274432 
51021117810 541653102231552 
123255419663376000 24453510681600000 
28277527346376 1871953121312243712 
41167526400 180107928000 
17124780311100 1410554953728000 
1079001560 256494072527585280 
1973655990298080 1733289927140966400 
16179034820949000 6094204258222080000 
12994800 56998682783907840 
10719029280960 162512113552588800 
265321347821244000 662171811840000000 
12012 233280 
8866884826800 214543667036160 
2761698344076672 256842399744000000 
3240312404128800 609359740010496000 
11179056587086080 51426482688000000 
508530691468800 1093571097447628800 
3512396679599808 51011754393600000 
14825431430409600 11266117632000000 
2180547008640000 1945301977611632640 
64764752532480000 2803970428666767360 
32615112024855360 141404583179059200 
42840 3317760 
16336320 81648000 
419127959250 4213820620800 
912022439328000 3902399211110400 
1580040 454164480 
1223994792490470000 1385884737357120000 
31329698400 4014814003200 
