1910459004782328000 317895638860800000 
57001402458000 370816214630400 
850668 33397665693696 
342513171000 2257403904000 
2478321846000 67421129932800 
128501493120000 411204777984000 
52667516563200 10791820040601600 
445952148642000 495709175808000 
114354240 449064000 
540540 3175200 
12368268712800 9262693440000 
7960245853259700000 3807683318799360000 
598426313400115200 3366046817949816000 
1260249188889600 1016847588556800 
6794815005178200 26486872473600000 
52528960292320512 5944066965504000000 
7893204214896000 2111894104320000 
8078520441600 63997400678400 
846957531420000 12845522559870000 
1472412942 20995200000 
18170460 2270822400 
4488062423933088000 691456360218624000 
19740240 54116587929600 
158612598144000 3372443762688000 
86493225 139314069504 
214432031721600 136696387180953600 
3933165600 3211851202560 
309327610672080 4837294080000000 
3185372490300 14898865766400 
26162526053664000 12888438571008000 
3127492148569588800 1257615587289600000 
6717950582042700 74054135070720000 
2563712728998220800 566691584659200000 
259733642968800 496711935720000 
9094231753759152000 2050433409024000000 
2308743493056 85766121000000 
22830578417398752 151073272627200000 
70394353848 89161004482560 
74209612276800000 86083150241088000 
17257427325600 1252412463513600000 
150102422205120 3296144130048000 
752538150 115422332637413376 
5730293987700282000 2172751257600000000 
91891800 279417600 
119500180800 176033088000 
5211139147788974400 912555528192000000 
16613520 271790899200 
2179916034481785600 733303549440000000 
7170037522147500 47258883000000000 
882161280 2095632000 
1069654877704052640 2810384252928000000 
1732234619763648000 1134182594248704000 
4160238733837105920 3749363947929600000 
14054850810000 15982686720000 
2025922415156640000 528501499606080000 
258121350797310000 193086293400000000 
2431277100 106872530219827200 
1194761672744824800 527978555596800000 
69837768 304819200 
68848752772800 292626432000000 
10301627536200 557184389323161600 
223936586641152000 485624618703544320 
719068214264400 536971843731456000 
11880 295680 
2122732227535920000 376584064496640000 
1112722538627700000 1455878916011520000 
126836546763326400 403777655930880000 
198277186088520000 96796068526080000 
2664155545632 4814694242058240 
2438362177020 77998046721343488 
70988200617061728 1393140695040000000 
492947199360 652950456238080 
26310680716320000 15111775590912000 
10860080 371085174374400 
27949074753600 24141680640000 
69523623916306560 9040852470988800000 
3478761 273593677362757632 
525481714517760 58765541061427200 
106758479520 31391848857600 
23728968900 380936908800 
115522842314880 380936908800000 
1161506838492000 5056584744960000 
105242722865280 235244217600000 
1245476010240000 91186030200545280 
1168801393359600000 7790154048757080000 
30653100013536000 2481630291689472000 
1864863000 81749606400 
1300887659111040 11536504455168000 
8271798688566000 4793295600982425600 
3938220 58786560 
70225727828256000 25107347865600000 
1341219880 1391569403904000 
944224554206934000 336999944080800000 
93218384619360000 1380112889521766400 
428114062696320 1672847769600000 
984224215774800 3413194702848000 
6847523314632000 2013818526720000 
520781098971276000 248961081600000000 
28364983604100 503884800000000 
5620091400 7792788661862400 
13305600 349188840 
145713665772675000 221413537920960000 
857533297420800000 2209467522854592000 
8889399003925440 106795069813555200 
496917404319432096 1950396973056000000 
26955329873472000 9505786752000000 
27040513500 601974374400 
111930 22265110462464 
33165168477655500 300987187200000000 
584337600 24183350231040 
156285443454940800 150912432871200000 
1769651383500 9932577177600 
144765466560 13002646487040 
25886140988400 1363738015825920000 
12716829012888000 2801038496256000 
47651562604800 15416885772288000 
183579396000 20639121408000 
110968576415928000 109819539564134400 
1062970403695200 609420425822208000 
158621748870816000 57197676856320000 
42504 127401984 
130395365100 5971968000000 
185253868800 733296564000 
12180 6039797760 
5781918257859744000 679663752768000000 
33256080 195955200 
66631803638400 5999018591712706560 
16434055955116800 5187108326400000 
46209136925952000 9603560558592000 
6524364106260 122736421424332800 
283458774318720 67121480466432000 
6688377150 434865438720000 
303888362273496000 129807385868160000 
21800278307808000 11909177280000000 
18202102722323520 291259281309696000 
3097351569312 917294284800000 
20035992963987000 41295442083840000 
166780469116800 9522194153472000 
1172140825912056000 1069586368250400000 
4677033473361849600 853649827430400000 
84126042000 1820786688000 
6678865104912000 4839757322400000 
9075135300 101559956668416 
203490 44236800 
155316845930400 6600491996597452800 
702538293600 12039487488000 
127125600 121913849287802880 
20780413255929600 231707160399052800 
963126309600 32889356314214400 
4952665159329888000 1946785126809600000 
398724480 6045837557760 
846442230480 169515983831040 
745116372000 26704871424000 
9013504500 429981696000 
14401847675255040 10369949184000000 
54384599612851200 82364654673100800 
11058116888 570630428688384 
93078934375518000 491500037210112000 
2834565741431424000 2018407591968768000 
1033530858775800 20735157819801600 
1005633626400 1203673560514560 
42570 197912092999680 
429770880 25092587520 
867258439407360 23543886643200000 
1047566520 2514758400 
8844044927374800 193491763200000000 
5468962356000 20207880000000 
12240 2211840 
937915062084000 2406429373759488000 
1492300008304560 798882600163737600 
53507017200 1420560433152000 
38459409468480 526013234675712000 
226770382753200 10787380789248000 
7125300 16986931200 
10266151896000 29717808120000 
102084206647119840 3852635996160000000 
8490283130279808000 5407736463360000000 
13092588795686400 8212999753728000 
6730490756462513040 8729804160000000000 
4088642196629390400 1820527909200000000 
4657940244619200 102036672000000000 
7735904619300 167961600000000 
265025376 13045963161600 
21371725828252800 25030094487552000 
240253860 3732480000 
10480903032600 16460236800000 
86090550 443323088319283200 
52404515163000 36212520960000 
2816350505868900 7044820107264000000 
258889315146789600 341319470284800000 
14991840864000 9153720576000 
1470290720371200 1555492377600000 
7039673203563000 8487309600000000 
62037370807011600 211631616000000000 
90442964962350000 183893796646560000 
1736504927277120 1868884617600000 
1594586710080 7936185600000 
460856338872930000 1866069652930560000 
1047785112213840 410947839590400000 
163986896259093600 159993501696000000 
2222110800 7983360000 
1968466500 46448640000 
360046191881376000 315242928000000000 
339903747580320000 184792494458880000 
6890892568560000 2851057040832000 
3006687713309280 308210879692800000 
114560151962256000 41064998768640000 
1057531500711766080 6840584921570400000 
516543300 949978046398464000 
4731468849859752 3170169048268800000 
86133247200 1116154626048000 
146725117705504800 111995451187200000 
1325689760023200 7524679680000000 
605404800 2205403200 
72832605300 3562417673994240000 
733168927719228000 1904684544000000000 
890515347321600000 1958391667984752000 
706074600 3805072588800 
6125237838720000 2217488809536000 
2781381002400 2618376990385766400 
953063449097760 931179110400000 
271922998064256000 137274424455168000 
2985755814241200 105791621529600000 
48134517631200 82959593472000 
79243288740 247637506365849600 
53542288800 195955200000 
480742618356000 2630066173378560000 
15674856120 22015062835200 
737371768809312 1065176800218316800 
59153663923200 1736695052375162880 
16123801841550 1579460446107205632 
12144 220200960 
121430260387800 4179422085120000 
494236512000 1524374691840 
749346136853113800 518497459200000000 
216542256524193600 2746158938062848000 
172100214000 620786073600 
7888725 55037657088 
500341407350400 32375460121804800 
114451461115992000 19007046938880000 
315684646200 333976656936960000 
1353018818979828000 3258381943111680000 
598609440 2802159360 
372972600 22295347200 
593676898214400 369581468256000 
421171648758 8666449635704832 
177399764729787600 85393650988800000 
32057588742379200 43385497111756800 
291934285843200 150401835859968000 
13483768334400 98668068942643200 
1362517394238000 1131641280000000 
10509634290355200 5389743265991884800 
1298775828495600 63192861927014400 
277549839567000 1350253800000000 
166509721602 2888816545234944 
2707475148 35664401793024 
66302915405126400 26491303238400000 
1995840 24504480 
6022809112320000 402370701899166000 
9465511770 656100000000 
850080 495452160 
178103069464320000 193687088042448000 
19033511777280 108543440773447680 
422649444016800 243743896004198400 
1614998385 60881161420800 
240431915567844000 120515269754880000 
64092818224955520 41115461587200000 
178713837061119360 190547816256000000 
7830559737000 11950131916800 
3389158080 7338354278400 
11440 1119744 
6588911520172800 32506616217600000 
3308104800 8821612800 
83453033664000 180257882112000 
5620306348800 44144787456000 
1113579398419488000 341459930972160000 
3530580269416200 107873807892480000 
317687816365920000 92016015759360000 
13253058000 3051985305600 
1092126163339411200 3599389390012416000 
99572813517996000 204791682170880000 
43321065868080000 13033403615232000 
234102016512000 420605832997109760 
30043092119040000 92109870268416000 
1461457559802240 2893072790716416000 
467001090057902400 276019881984000000 
10378966752000 16090621747200 
29105142005940 63403380965376000 
4604600 1911029760 
19294499191968000 5702114081664000 
30482033400 1961990553600 
558162298053360000 200365953147360000 
401968733166000 332702536320000 
834541903970775000 1231897544317440000 
77713955078760000 37381506402240000 
471219840 792723456000 
30595593600 137952460800 
480700 573308928 
855847144152000 5768252227584000 
358142400 4257792000 
12079671120316800 44497945755648000 
14292221623680000 58928432314752000 
19879587000 11190612787200 
724945815320126400 6460442494894080000 
568588989518550000 447962743388160000 
19480023222660000 295447018877010000 
51042996576 2630066173378560 
5141471512123346400 8145954857779200000 
314269956000 679264185600 
259185864168000 2091800753602560 
213610453056 815372697600000 
212594382000 1328431104000 
5525242950427200 3116623910400000 
11480 14843406974976 
2683319492700 1001929970810880000 
87673425840 25716202584145920 
1125768166538400 23805485383680000 
12045663037207800 37050964272000000 
63357058832067000 36778341600000000 
554709765289680 1237592249362022400 
2362967229168000 4692025301483520 
5650341016320 4109478395904000 
1447087439397600 735566832000000 
6411517748475840 75304827129692160 
1082900 37999121855938560 
3349696650300 23482733690880000 
103109203557360 1934917632000000 
637783146000 4516665753600 
68002990159104000 53662223526912000 
1355229284507542080 2231254137176064000 
4517106834240 11237826600000 
18981614351700 29588244450508800 
62589775248000 128755630080000 
9044296496235000 23690337390720000 
168658209720 1045094400000 
4275180 52848230400 
81900 2264924160 
8315583035760000 5773369722801080400 
664918126000128000 8561686651061544000 
539706271104000 462605375232000 
19048712151268800 88995891511296000 
2639788269300 668707533619200 
2271403134000 18884159078400 
10751500892714400 6721949203200000 
790849980349228800 5827582821924864000 
102697333200 190253629440000 
576748223251200 898290544331980800 
157864084297920 287520710400000 
19513901523916800 336604681794981600 
771008958720 784604620800 
3624110407325968560 1829259036057600000 
3235812863683900500 4233428054876160000 
99142203992832000 118426976059392000 
12156385500 249369237179596800 
38266934533027200 5698080981437644800 
8311476575001600 10625467212360000 
5245786 50096498540544 
73979050943952000 78442528260096000 
1040465790 461689330549653504 
1334243752934400 146460414836736000 
24568865521200 7855130971157299200 
157839423955290 239664780049121280 
1004921832915000 4100250702240000 
41258157969600 680244480000000 
2800323495742080 247154304425656320 
151419110119200 1462797729792000 
46853398931169600 90510609530880000 
118266509819858400 29128446547200000 
5056252403634432000 1158524765798400000 
651189347728920000 182942826786720000 
8303173401600 41120477798400 
7307872110 45137758519296 
326151120248553600 339914863411200000 
94143280 2641807540224 
1396755360 3113510400 
154872234316800 202389851664000 
67310305920 612360000000 
541513323351000 325912688640000 
9756657443332800 38258815795200000 
21034470600 524880000000 
9444859744320000 8368534766592000 
665121600 2155507200 
311875200 2113173387655249920 
4339842491427300 8230118400000000 
72596359836000 167778253843200 
4512611027925 16930529280000 
1381013105472000 972650988805816320 
4625534606287795200 787792077072000000 
4013569337778000 2371249520640000 
282703284864 538876800000 
1620207863466192000 207606382663680000 
54970083168000 174344474304000 
7567560 29937600 
468171518855040000 119510975840256000 
11400280491600 429981696000000 
1510683322579200 2514183598080000 
2223814714561440000 268899695640576000 
64314997306560000 19957399285824000 
6062821169172768000 2726400466944000000 
2653415284419900000 2911757832023040000 
237958523652960 179748585036840960 
57236023718644320 6066514744993382400 
299753826732360000 141596615160000000 
4032429102455754000 3456649728000000000 
5846297688000 313456656384000 
12454760102400 95947781529600 
21610567939410450 1356127870648320000 
2833457923296000 978140427264000 
3503211430118400 1171683318693888000 
8190946225045584 309586821120000000 
269283745435985280 588842414899200000 
21829691381715360 67722117120000000 
1015156976842008000 591335982268416000 
1220940 227082240 
5575232824761600 19664496230400000 
2381492471694336000 4716406364670000000 
5198527904169600 1569209241600000 
630754719039244800 90033380236800000 
64808314538647680 50812751001600000 
8540678361600 9764027655782400 
299836817280000 438022480896000 
6573622382046720000 9056990837486592000 
16024753945200 568094293449768960 
3909315243771756000 4685633688069734400 
57088413083651040 940369969152000000 
1638819000 297271296000 
10629719100 117050572800 
103789667520000 287843344588800 
58997484000 16059256012800 
7965077818298832000 1921841942372352000 
1851666129675648000 428730382080000000 
33744830255136000 47588080877568000 
108340980602911056 5547795834470400000 
7569056628470937600 855317112249600000 
90040996229184000 93592216029312000 
164430 15099494400 
8777919427200 1360313450496000 
76001869944000 441447874560000 
487832872166640000 1558069018361856000 
416761182546508800 393166601427600000 
99387873585000 80912351520000 
1413516424320 1401079680000 
5547097652896800 8288117791182028800 
11773136724148800 7886282342400000 
327445370725730400 368709304320000000 
4644558718800 128994508800000 
55895282935430400 100795906068480000 
9541235864160000 8014638125894400 
46558512000 88216128000 
24418800 510935040 
6750866097775800 5807171543040000 
643903749434400 6086724572676096000 
1596039268824000 2844328919040000 
5025449765700 8015439766487040000 
13898841966009000 11614343086080000 
563800301064000 200074178304000 
127075126546368000 19772036444160000 
57336623575319088 433421549568000000 
333943255245600 503334761529600 
25401694500 2080899072000 
27385657281648 2105947261476274176 
2483596706217026400 1069002001267200000 
85499215200 66870753361920 
2187996208369171200 1660036761583200000 
1263531087819000 1209827404800000 
8720111323123200 5954588640000000 
1586125981440 385422144307200 
293025600 12546293760 
480480 3024000 
8136521333184816000 3476402012160000000 
2755853100 119439360000 
1575848005241328 55725627801600000 
81518134698000 54318781440000 
97292210400 716199218380800 
38050964028997920 107124684226560000 
95136458376960000 154183913275392000 
557174830424612400 815795672186880000 
1053807440400 16855282483200 
281585880576000 2888071057872000 
4365938276343072000 1738201006080000000 
6344731105262550 49369423380480000 
5502474092115000 4347290787840000 
936120098891577600 891167508000000000 
353499897483532800 63552974284800000 
1402410240 274077969285120 
7135103322946684800 7199707576320000000 
33145226400 699840000000 
14163622200 2083488635289600 
11550 162000 
3513900 177329235327713280 
297804430560 3291673930770677760 
3071604834392094000 7372500558151680000 
545742284542884000 790091366400000000 
13398957772200000 18306169801920000 
207579335040 348713164800 
98017920 299376000 
1786527702960000 1384500237120000 
6380374572 1127171217162240 
17925027120 35925120000 
1140113772000 11428107264000 
170314674279750 514382400000000 
119653565850 3116402981210161152 
2271467887016328000 5094507587400000000 
63669933196669800 282175488000000000 
5066791329600 107271833518080 
1040862094272000 4292977882152960 
52929676800 195545750400 
224815370049270000 156307951800000000 
284689278720 163237614059520 
403650401970816000 81096733605888000 
7110781013700 170061120000000 
1719088196310084600 1290482565120000000 
770262429736800 6866966937600000 
1798432526880 117546246144000 
43851134527200 35206617600000 
526692958711920000 105450861035520000 
1207007359658100 650941377911193600 
1461685811040 131557425256857600 
903526123500 1646023680000 
37657312 489223618560 
56728050720 73383542784000 
51891840 3569485920 
6767063940 2143016882012160 
14972718618000 58786560000000 
90567738003600 438739012807557120 
7242044157948600 1808170494197760000 
3664533600 1219138492878028800 
4584895415100 343985356800000 
523816809516000 35545984833945600 
595501626720 46432032443596800 
11628 3981312 
142863424704000 3815980339691520 
26732160 276756480 
1298668214844000 3952468479960000 
2252510211887535600 5339753490677760000 
324897017760 534966026895360 
1355132050272000 4823624797992000 
369581468256000 2152078756027200 
98422421577480 1741425868800000 
371449886949741600 519142700482560000 
551350800 1397088000 
27992073330144000 25166977816780800 
5765760 27216000 
235586070720000 116709937344000 
965361519380372400 6742112993280000000 
9245179610525430 220399211520000000 
8470183028172138000 5578135342940160000 
7169242573295712000 8534547074698444800 
73815 1391569403904 
8928964044000 31616660275200 
389755814688240 134242960932864000 
34220506320 350065800000 
138874959725673600 66389621760000000 
41085139887792000 8447576417280000 
9424940515200 204073344000000 
274010536800 2869411184640 
6844101264000 49995841896000 
298652802575400 523788249600000 
20358520 51298814505517056 
28190015053200 22632825600000 
236637794250 4592700000000 
3129488762400 23410114560000 
1281101754240 156959244288000 
1963217256 23279477760 
4768810879833000 1294597624320000 
37442160 52242776064 
8452617465600 1000074544939008000 
171551420837596800 34522603315200000 
790039438067880000 165708495912960000 
2704051350 240789749760 
172080900531540000 334945611000000000 
87580285752960 14383174385664000 
159839479800 1170505728000 
3028382202384000 8045387513856000 
1065564271357740 649983722677862400 
4060238364 626206231756800 
258112630776 198135565516800 
2520291146167872 168514298472038400 
17907600099654720 2929236200600371200 
116570932618140000 36763630263360000 
3424912501570560000 4674575916122112000 
39866461034400 6171888620195020800 
55870214400 81729648000 
7210433815200 417942208512000 
36324288000 562194032400 
1407929402880 7228208988000 
237841145942400 321889075200000 
4379014287648000 266621436297216000 
669278610 4702924800 
660885825600 26754416640000 
3301124698872000 9641221580390400 
13378564459260000 12172414205952000 
399598699500 4551966720000 
230464634400 350269920000 
253339566480 19503969730560 
352158341895360000 55754004354048000 
4348681603314048000 1912175613444096000 
11508442545600 102979979182080 
30096806890176 213035360043663360 
2933895714750 28612362240000 
689887973949174000 176209121088000000 
23230136769840 809053559193600 
4078844970963840000 1166832607868928000 
566473564800 22473709977600 
471435128564400 23697323222630400 
8086598962041600 4073908608000000 
7918224419367662400 1955476131840000000 
177985742014080 77349515585126400 
1186904041202880000 4007133397403136000 
1055581527000 51597803520000 
44349776190720000 8433817304974261200 
1385246095833600 2125093442472000 
180190395000 995742720000 
64055087712 50960793600000 
115655019480000 1602292285440000 
183415803070500 177038991360000 
114866462529000 209515299840000 
634740891840 65825897840640 
1137177979037100 885194956800000 
18332414100 93350880000 
440064396802800 7714860775243776000 
15660590400 1160800811089920 
334513969485696000 273167944777728000 
113081313945600 207675035568000 
9012321618780480 6443662124777472000 
13661314987320000 192684003524812800 
4281630981273828000 4300625325588480000 
20778691437504 116805288600000 
46806004944578880 181870920000000000 
13651577041742640 213590139627110400 
974802747606105600 6076142100000000000 
610315580160 904085247098880 
21118306154400 780158789222400 
383202705600 11236854988800 
466720582623680 80244904034304000 
44595214864200 102419251200000 
334713588997920 1559960934426869760 
5953731179235840000 4067428848891408000 
45824060784902400 31109847552000000 
113513400 454053600 
272420817068400 8332049637263278080 
401289873304320 1594117324800000 
3076291325250 32148900000000 
1181069058929760000 3276527494496256000 
548046584925840 1735843674429849600 
1398006326461140 808868632665784320 
3107279487312000 5921348802969600 
88353720 348798320640 
6019348099564800 6829198619443200 
187008222937536000 361771859849400000 
76398578146800 27082655111577600 
5846337220323600 1804822030319616000 
47133319664471040 18157992652800000 
115638365157194880 222305785632000000 
974053080 3191926235898839040 
33974075025891000 68865868431360000 
347300985455424000 72860346599040000 
5136201530460 35505893340610560 
2395851770825833320 6621718118400000000 
2736067317984000 5738822369280000 
67530747171888000 34040398392000000 
831140131659037200 3649387776285081600 
4947307485120000 2428678219968000 
36672478927484400 3917702737428480000 
346845300421019400 1234235584512000000 
2926997232999840 30214654525440000 
20955447466800 1136188586899537920 
73366321228200 69742632960000 
200074178304000 702818108747855100 
7116207086596608000 2994950912937984000 
2248038410559341400 814781721600000000 
26152446440120 13209037701120000 
309312410298091200 97773806592000000 
20298021663920 338151365148672000 
10092721438800 44089920000000 
25237812600 468202291200 
32952082514551200 2256027537899520000 
8248330941282432000 756280393989120000 
249814842076800 8093865030451200 
13244 59373627899904 
33048451800 1217623228416000 
4532049967737600 6285458995200000 
4036032000 45026982000 
184174765014240000 75558877954560000 
415573828750080 769961392200000 
133506533160 244611809280000 
9816086280 38799129600 
66258582390 257191200000 
147094200 5016453120 
1588439081829600 1382659891200000 
419655357425304000 66524664286080000 
145876626000 3962200101853593600 
130320960 8254583545528320 
3755317538392992000 4267273537349222400 
13031050812572520 156031757844480000 
12870 172800 
2133034420809600 375915064747622400 
8039374663320000 3398318763840000 
534309208392960 439977938400000 
7235437196988000 2265545842560000 
325584 39813120 
386637768170734080 4799185853349888000 
666172912204800 36615103709184000 
7286034659904000 5181180202598400 
21405703134816000 7113748561920000 
176420380231751040 1029809601773568000 
46174869861120 332812557000000 
25270621756380000 4943009111040000 
7432535810700 29262643200000 
5710053533184000 2523634997982658560 
438729741450 4674604471815241728 
2630202775200 1052459402054860800 
5945919435788904000 4799805050880000000 
232792560 718502400 
147922873768406880 514264826880000000 
89017803090216000 17117457477120000 
103273129159200 257511260160000 
440197927369200 348713164800000 
5315289033600 15554923776000 
180324117000 9795520512000 
50456300246352000 12804747411456000 
946132078558867200 174770679283200000 
2539828286835840 44947419955200000 
79801963441200 682638940569600 
1192417160805090 866644963570483200 
7293101438891268000 1220217106268160000 
2454860399191200 2346571358208000 
131577066019872 693315970856386560 
43997793840 104781600000 
63495707170896000 1466417899634688000 
2964061900800 4868004216435360 
42389430042960000 8403115488768000 
15118025516880 2773897917235200 
82483309412824320 76219126502400000 
796210066080 21671077478400 
68499121244400 2089711042560000 
107465139714240 119832390024560640 
118735379642880000 123255419663376000 
1819484766459360000 177399104762880000 
77833515009650400 175649015808000000 
56062555829280 169305292800000 
148928197550932800 545612760000000000 
206137811880000 125863657920000 
472427623571904000 197558960062464000 
924505035300 252486352644341760 
50965887622505856 520105859481600000 
1136621406945024000 3077528519268403200 
399072960 1714608000 
59281238016000 2459559130353965640 
1782959457358759680 1606870263398400000 
51979200 132996926495784960 
33990374758032000 39221264130048000 
22638454658820 6492506210854502400 
7227370934784000 70757740917864000 
2754897600 1462966191453634560 
458423519016022560 208584120729600000 
4503224796986916000 780741951897600000 
415800 2494800 
1038934571875200000 4142751605352360000 
1299292874880000 6932756742912000 
16538142164544000 4434977619072000 
16988653281600 47405481984000 
6405508771200 680156725248000 
1812819987095040 10285296537600000 
148843279480896000 84518002054886400 
326726400 1629936000 
2842944947592750 2891636858880000 
827662189479840 723268197679104000 
1426911151087422000 2553138307399680000 
1554279101575200000 1263494916395712000 
847086240 2857355842682880 
813652133318481600 948109639680000000 
1061285391284976000 1474837217280000000 
48048 1244160 
1193808 119439360 
7120080 422785843200 
1420752361810320 606651474499338240 
1386274107778560 1396768665600000 
74046 115448720916480 
1050207657408000 1089479559168000 
1926513282133440000 1975756717257523200 
1292706174900 657366253849018368 
604721020675200 25170555174912000 
370333225935129600 147867793920000000 
292607199284400 834336482918400 
142954687814400 58584165934694400 
25088547711427200 187315162133299200 
465817912560 2370274099200 
49228483941000 88885278720000 
26342975096998560 408502129183948800 
339249535221236640 5492317876125696000 
3092067178200000 2874522530880000 
194378184000 30519853056000 
29448258840 64665216000 
13872904377696000 5402002814208000 
12514974584112000 15122842560000000 
183014536320 56505327943680 
1141528920869937600 1517599693209600000 
3855167316000 117719433216000 
1716937922700 136373801582592000 
5359583108880000 2139682184640000 
171360 7741440 
2143805856192 41788829199237120 
5382780480 15114593894400 
21179187757728000 10975497781248000 
16472278800432000 45509262704640000 
89513424000 58482457313280 
1228657629795195600 1587898468800000000 
456705487438200 2817928042905600000 
22649383350594000 51914270048256000 
4447629429122880 10037086617600000 
252852818400 1645836965385338880 
3640425703200 67184640000000 
73072877990112 939309347635200000 
4434994118244690000 418155032655360000 
4913773104240 6679533138739200000 
203349484800 616675430891520 
258120390528000 472242987216000 
920572649696700 13604889600000000 
27704671055301240 846332972236800000 
2761226977010261760 2519897651712000000 
3172434977416320000 1055705692833792000 
219295110033120 1039973956284579840 
4497552259200 4670265600000 
2208843000 594542592000 
46513524837780000 16631166071520000 
7086479400 83607552000 
1689923931696000 68320089892454400 
590539950 39813120000 
74511637200 6965703475200 
400286648621059200 80552741068800000 
260932815 1803473947459584 
3900223812972286800 3633998903377920000 
9913287384000 202263389798400 
1602879437118960000 844765688954880000 
172576686063141360 793618560000000000 
526859501939971200 7074038036614348800 
111632459610672000 43557815901600000 
222406430400 3693776486400 
3201397628520 1947751863256350720 
143353345236192000 34954135856640000 
356017421760 1242990379008000 
99132873840 27518828544000 
25443295637760000 20036595314736000 
2029384748213222400 2549567484592128000 
624660036 9331200000 
4952665159329888 43342154956800000 
116925953760 75229597532160 
393693300 19906560000 
4972318592501832000 6207860736000000000 
38144723760 176120502681600 
803546158317840 1437988680294727680 
100583946638175 211344603217920000 
462369068399700 6911719273267200 
3042312350 86566749478060032 
2162160 10886400 
246387645504 4492511100000 
24036012000 2427715584000 
4087552182714000 5254048800000000 
1341555588172800 2664606961336320 
112634771257008000 34326452160000000 
3487131648000 52331045326680120 
7135234378272000 2929190584320000 
13551320502720 48697248600000 
1095056202240000 201185350949583000 
57217085640 123284351877120 
27179260020712800 58993488691200000 
955610392921984800 2076570801930240000 
2891283595200 4184557977600 
5637539462454900 705186492737126400 
813137570704525248 1430291113574400000 
7553416612896000 10559571111936000 
1253498400 6386688000 
28844557101360 694337469771939840 
31294312819941600 391820820480000000 
1388162575800 68186900791296000 
12650 169869312 
13199338152000 26985313555200 
4424220853180128000 1081289781411840000 
6450370152223397400 7267997806755840000 
24391643608332000 53562342113280000 
3728016870563040 962938848411648000 
4458776370048000 42006762749952000 
479518439400 2575112601600 
50617245382704000 40171756584960000 
3897878624640000 5037258530304000 
77672765927156400 970864271032320000 
545845429937808000 73360532044800000 
2620091387598300 17279298183168000 
2390003616000 10255557312000 
2930352064780140000 4064428199351520000 
45064638178560000 202641714590515200 
1325126880 30440580710400 
134359011640854000 518378945495040000 
628854181956000 320118685286400 
3792894199189920 73466403840000000 
4680600494457888000 2679564888000000000 
117327450240 211718707200 
72681840 4087480320 
11993472691200 41022229248000 
12827415590080 2972033482752000 
220937435927208000 261894124800000000 
838429244031456000 369584988917760000 
78960960 515911471595520 
1708485760800 4888690329600 
6446563200 238379581440 
643317828140988000 183107887983820800 
141214920 1630745395200 
12600 75600 
306651290400 1777705574400 
423832922069356800 130418723635200000 
5853994465999680000 6728025306562560000 
5549161751078400 13489572741765120 
27399648497760 1880739938304000 
1111489797600 156031757844480 
61306200027072 17122826649600000 
96472495959840 101847715200000 
1391430230190000 1908932145120000 
7632759224376000 43883931893760000 
2804371148526047100 3333197952000000000 
2466094831200 7173527961600 
4336925392800 6706022400000 
1365269954630400 2777664960000000 
923953670640000 13450492225170000 
679481500517820 6742112993280000 
6339741660252000 1218719480020992000 
1745944200 5715360000 
74256 2488320 
102965940 1881169920 
116867520 5073430118400 
9711535645152000 13727442445516800 
8896539960 10192158720000 
548680860 1515264462028800 
12504636144000 49770428644836900 
28090291131302400 19527937228800000 
63397416602520 194995116803358720 
7119456166536714000 5333116723200000000 
176997497689584000 792478958040000000 
1044074631600 2057529600000 
574574136776640000 1057261119602688000 
81477396000 215151552000 
180387913091760 256783692909772800 
63707449806000 100429391462400 
92762015346000 118871232480000 
493406998794412560 7052774768640000000 
252385320779592000 2315685267000000000 
1868751860976000 1216740704256000 
977407200 5714711685365760 
19612560 1612431360 
847660528 63403380965376 
9228873975750 64297800000000 
41985687744000 4271762099404800 
125288955792000 54922323456000 
693645218884800 611086291200000 
1068586291412640 5417769369600000 
1365500263327200 4096770048000000 
4888643760 10059033600 
2522815012317600 1448500838400000 
6132963294944085600 5337103186800000000 
5512548328716000 161243136000000000 
1294446575733948000 750902834626560000 
808906548235500 42998169600000000 
6704425728000 22487761296000 
367567200 1037836800 
250049192190557760 481780157644800000 
1882976143688640 113010655887360000 
6106207379500800 57926790099763200 
666477936432000 1257091799040000 
10518300 110075314176 
73830991806000 141455160000000 
17036182800 544195584000 
15534553185431280 770527199232000000 
1940783750889984000 233419874688000000 
329926017473652600 952342272000000000 
65352922223846400 33194810880000000 
66454080 634178764800 
283536376106583600 71700791500800000 
42377557622400 30471021291110400 
93836020449600 17629662318428160 
1039020662796480 22884657817190400 
10119492583200 10059033600000 
230308696800 26005292974080 
115783668000 1061350290000 
1792502712000 2796970176000 
51946728593760 146091745800000 
80467157310540 306841053560832000 
744216397404480000 280512334406304000 
172560130470 1972549630033920 
3180411954720 5254048800000 
2648955762933480000 1921502528225280000 
74412 101330991615836160 
1852538688000 30920671782000 
363424501440000 15263921358766080 
15367514979136320 776691416825856000 
207941116166784000 35213055381504000 
6264447789600 8147817216000 
4399013566315368000 4444263936000000000 
103104136766030400 36315985305600000 
8932638514800 28005264000000 
1572135454890000 470762772480000 
