156280745119098600 206477210419200000 
1325171647800 1471133664000 
4223788208640 41923612130400 
512794800 10928332800 
171677191673988000 42074422790400000 
1160082924000 1920360960000 
569929822285824000 5236072827921936000 
127734235200 5297374494720 
37353738800 97387593162817536 
73582104525930000 233258706616320000 
234711657180000 632333205504000 
1080491954750208000 1540692745792200000 
51330759480000 1062411640290000 
6453009763200 6483885408000 
1725742732560 250482492702720000 
2038638393792000 1487127527424000 
19122246000 94058496000 
6118267456445760000 2567031737311641600 
1829881822267699200 186735899750400000 
163925601840 7739670528000 
345696951600 714550636800 
817262451205200 6249037227947458560 
201894000 13624934400 
14783258730240 54997242300000 
30569300511750 71693475840000 
25890921975718800 647242847354880000 
43777077087744000 3785452496973987840 
588664430640 63121588161085440 
514829700 5806080000 
55450964311142400 10984464691200000 
11943150991200 84276412416000 
8475511524480 5753269754265600 
8682263617727700 108839116800000000 
33463930500 117573120000 
230141528673056 66045188505600000 
52267807732140 1926317998080000 
1220815585237248000 204008970477312000 
813079230163200 2782860460380000 
364666034728195200 225176077526400000 
3750737882858366400 1463399704166400000 
571266802656000 1961063206502400 
7549794450198000 22248972877824000 
89951045184 228614400000 
95561174709000 96566722560000 
775200 55296000 
2702700 12700800 
119781748944000 215550720000000 
170931600 1277337600 
17760600 5733089280 
15986870759059200 8581613040000000 
100615354039200 8416211754811392000 
10950602761098000 4752893376000000 
551910379159339200 392465769696000000 
2896817663179440 1242706266921369600 
2808360296674732800 784227407040000000 
6706047348000 28694111846400 
158797654784408640 2718419958890496000 
1858410941587200 43509102516633600 
1303105081257252000 1802166803103744000 
1696391424000 366151037091840 
35620613892864000 35418224041200000 
10815650722800 626913312768000 
18865625458680000 6082255020441600 
189436901157504000 64117105007155200 
123760 3870720 
903424727790585000 1107067689604800000 
5162427015946200 11342131920000000 
5893592480455680000 8837870091418368000 
5094557346086208000 916287429657600000 
616277098316880000 92923340590080000 
8803958547384000 2858202547200000 
2753294408504640000 2344619277000000000 
58772246027695200 41716824145920000 
82281144438773280 66367674777600000 
37962934037028000 53026718692147200 
32164804758240 2203707789803520 
982913547005470080 3932899246080000000 
2495293394001408000 253427292518400000 
910754332488000 847721703628800 
7218075217473120 499301625102336000 
152897879534400 206928691200000 
188972784000 5721109954560 
355861598400 122079412224000 
144564179760000 138322888704000 
29143262493072000 90108340155187200 
41186376 1672151040 
1268973990966528000 320306990395392000 
12570798240 26464838400 
274850415840 352066176000 
4577366851200 1438317438566400 
6357453960 52836150804480 
84475764172800 1039705580833920 
614572358400 1452272976000 
325221914777760000 4368703325995008000 
850037376988800 479480601600000 
39331656000 9635553607680 
92148145031762820 1203948748800000000 
302136664515840 1142810726400000 
12410524583402400 210642873090048000 
8283680931030785280 3959839166976000000 
189852164440979040 3627970560000000000 
6577129372864050 1566167877550080000 
1392937076061531000 3310859059200000000 
4795815275859928320 2540637550080000000 
134882193600 420983760821944320 
1488160674000 6642155520000 
9396671684400 14402707200000 
6504658040092212000 940848823474560000 
945121253688612000 118632218664960000 
888939900392544000 5665705521315840000 
573367048254000 552361653043200 
13703032079193600 198119739510000000 
39411128588832000 2460534969257164800 
132059378210760000 33452402612428800 
33856556438409705 3082108796928000000 
806154069845124000 2508954096195993600 
44963074009854000 44659414800000000 
2370038245344 356725555200000 
100663926002640000 155742810144768000 
815181346980000 380231470080000 
71960836147200 109505620224000 
1801800 9072000 
216216 1360800 
1861121124210348000 967861923840000000 
69313705388928000 14405340837888000 
7588767713440914000 5330325912912000000 
157688679759811200 47664730713600000 
369807184421017200 1542794480640000000 
1991269454574708000 739169977835520000 
942809868000 16679709446400 
93024 37847040 
1817174309613062400 2009673666000000000 
59715116284824000 325838194311168000 
7118788300104581100 3629482214400000000 
4295029200 48092638598922240 
572702421582720 366917713920000000 
4272209061120 2511347908608000 
580041462000 1086375628800 
4746720 253671505920 
1297878086736000 12550804521615360 
547992969955200 6582589784064000 
3226504881600 2778808032000 
3950063742240 299649466368000 
22548903300 72138957898383360 
1287474516968640 2147887374925824000 
391441771409119200 5242667063574528000 
77061511399950 3526387384320000 
3051577900800 1027369598976000 
100947000 8174960640 
3188675231420 986049380773527552 
257414850 9953280000 
285633401328000 1055957111193600 
44975522592 119750400000 
24817035880 641235181318963200 
1351350 7983360 
3349739443050000 11845168695360000 
85465800 812851200 
8880300 5945425920 
89472404893512960 4493714625921024000 
15944556055428000 4265942980755456000 
17000747539776000 6194889372672000 
14833897694226 1052973630738137088 
6945810894182160000 2141463639490560000 
2161135200 365741547863408640 
848195712000 96355536076800 
1918487135565000 7289334581760000 
62403600 7255941120 
17810306946432000 15179238874800000 
5407825361400 789910774087680 
61880 2764800 
1858916324865600 6382845768499200 
479493848710800 6530347008000000 
139540574513340000 54645259949280000 
8174685129306696000 3404623622400000000 
41272209661082400 141584372858880000 
1482543143040960000 425318472843264000 
20593188 1194393600 
4758377944320 367284631633920 
6285399120 10897286400 
12231830362752000 4268249137152000 
17116942883040000 336054101999616000 
4134395865600 10157007097036800 
405051965866548000 62140685967360000 
2923408968480 13226976000000 
22595200368 24346898290704384 
555953678640360000 79088145776640000 
38718058579200 43997793840000 
8506091283197508000 724974669619200000 
410237366175 6094990540800 
4141840465515392640 3527856712396800000 
19705564294416000 1424520245359411200 
9448639200 159411732480 
1467486151560 23670595560407040 
73669906005696000 14783258730240000 
900900 6048000 
1866138222009600 3142729497600000 
56623458376485000 165181768335360000 
641885358114000 4120180162560000 
358841453668663680 4701849845760000000 
1870026009972120000 1254349053296640000 
3273147198921600 3733181706240000 
78844339879905600 18536284166400000 
41695117279200 3662382366720000 
3545909465498400 29760696000000000 
3497127978544200 2772521136000000 
1412104320 13795246080 
3600461918813760 33067440000000000 
649368720 3799912185593856000 
135373757400 133741506723840 
8545709096660736000 1972086714614016000 
130881150400 432081216000 
675675 3628800 
4440150 4246732800 
8500373769888000 2815858805760000 
493640 74217034874880 
8485840800 3134566563840 
213127200 535308533760 
30940 1658880 
4172651683200 32774160384000 
39967176897648000 26795648880000000 
13127595717600 35554111488000 
4087342564653348000 1833258873600000000 
711151920314035200 1799694695006208000 
123559128000 241416806400 
10296594 557383680 
6115915181376000 2761808265216000 
277976839320180000 52725430517760000 
26344311392805120 2568423997440000000 
246387645504000 978217616376000 
1531309459680000 583549686720000 
63033920209653120 254851871145984000 
933069111004800 1999918771200000 
173155761979200000 1049662700606520000 
179420726834331840 2350924922880000000 
594319819119586560 865237834137600000 
320942679057000 6117843271680000 
1636573599460800 34012224000000000 
32125373280000 53635405824000 
706052160 6270566400 
37730757764700 5049727052886835200 
111488037160500 236051988480000 
653409741600 26121388032000 
17347180055400 4513775851929600 
3585005424 16329600000 
95167558886400 3295359333826560 
106563600 94466211840 
23064370560 57480192000 
6563797858800 25395793920000 
5148297 398131200 
360802525597113600 9049893323459788800 
1041902956366272000 304904711311200000 
138988419660090000 42585924648960000 
123193822752000 371048061384000 
1251677700 8916100448256 
31516960104826560 171634933628928000 
133784560 76948221758275584 
385358454936000 342208323072000 
1925380705248000 1728324864000000 
818286799730400 1493272682496000 
123410 44530220924928 
180401262798556800 5994085188265574400 
731574480 1428677921341440 
409143399865200 6802444800000000 
4096500789981600000 2677931125309440000 
163352435400 169266594447360 
1023952465972800 2182451040000000 
960469686196020 221911833378816000 
30856 972777519512027136 
365787240 649399055155200 
212964601851185184 1083553873920000000 
81676217700 84633297223680 
480234843098010 264180754022400000 
114356642400 210491880410972160 
57178321200 61909376591462400 
