0.50963
0.51275
0.50928
0.51096
0.51061
0.50980
0.51455
0.50879
0.50878
0.51080
0.51271
0.50840
0.51110
0.50907
0.51185
0.50873
0.51052
0.51139
0.51312
0.50908
0.54591
0.51550
0.51033
0.51324
0.51224
0.52076
0.51331
0.50994
0.50993
0.51008
0.51215
0.51056
0.50953
0.51305
0.51489
0.51060
0.51114
0.51435
0.50918
0.50928
0.51033
0.56477
0.51460
0.52821
0.50985
0.50978
0.51305
0.50920
0.51278
0.51911
0.51213
0.50883
0.51200
0.51140
0.51148
0.50993
0.50939
0.51256
0.50968
0.51056
0.50444
0.51307
0.51020
0.51227
0.51446
0.50944
0.50949
0.50963
0.51132
0.51536
0.51114
0.51231
0.50916
0.51130
0.50866
0.51241
0.51003
0.50986
0.51010
0.50873
0.51584
0.51225
0.51045
0.50874
0.51091
0.50939
0.51444
0.51147
0.51205
0.51092
0.50969
0.51317
0.51003
0.50976
0.51150
0.51023
0.50883
0.51398
0.50942
0.50852
0.51113
0.51295
0.50877
0.51051
0.51493
0.51052
0.51556
0.51082
0.50934
0.51622
0.51037
0.51171
0.51070
0.51074
0.50925
0.51010
0.51295
0.51294
0.50838
0.50843
0.50981
0.51106
0.51241
0.51620
0.50997
0.51370
0.51272
0.51189
0.50891
0.50856
0.50896
0.50942
0.50992
0.51261
0.50953
0.50857
0.51647
0.50939
0.50977
0.51019
0.51417
0.51156
0.50686
0.50944
0.51008
0.51048
0.50861
0.50998
0.51088
0.50883
0.51014
0.50974
0.51235
0.50780
0.51434
0.50886
0.50871
0.51002
0.50983
0.51210
0.51262
0.51309
0.51210
0.50944
0.51275
0.50868
0.50968
0.51168
0.51510
0.51384
0.50967
0.50965
0.51139
0.51227
0.51090
0.51040
0.50989
0.48355
0.51150
0.50815
0.51136
0.51228
0.50971
0.50949
0.50966
0.51159
0.51002
0.50978
0.51017
0.50954
0.51383
0.50982
0.50980
0.51027
0.50970
0.51459
0.51084
0.51047
0.51422
0.51156
