0.50980
0.51233
0.51387
0.50999
0.51058
0.51109
0.50948
0.50973
0.51068
0.50939
0.51047
0.51057
0.51223
0.50905
0.50995
0.50937
0.50936
0.51115
0.51135
0.50937
0.51136
0.51072
0.51142
0.51323
0.51019
0.51480
0.50951
0.50965
0.51092
0.51417
0.51003
0.51014
0.50887
0.50985
0.50985
0.51015
0.51002
0.50957
0.51358
0.50861
0.50930
0.50919
0.51183
0.51247
0.51016
0.51001
0.50830
0.51543
0.51335
0.50783
0.50840
0.51017
0.45588
0.51381
0.51356
0.50920
0.51240
0.50928
0.50966
0.50800
0.51010
0.51264
0.51295
0.50902
0.51003
0.51008
0.50973
0.51447
0.51145
0.51150
0.51154
0.51013
0.50917
0.50991
0.51522
0.51028
0.51294
0.50872
0.50960
0.50978
0.50727
0.51428
0.50842
0.51213
0.50979
0.51029
0.51213
0.50942
0.51023
0.51000
0.51485
0.51285
0.50940
0.51033
0.51294
0.51170
0.51495
0.51231
0.50999
0.50872
0.51429
0.50860
0.50945
0.51266
0.50572
0.51149
0.50835
0.50965
0.51105
0.51435
0.51475
0.51222
0.51059
0.50932
0.51026
0.51521
0.51115
0.51026
0.51169
0.50976
0.51008
0.51009
0.50959
0.50962
0.50951
0.50930
0.51062
0.50929
0.51169
0.51188
0.51431
0.50944
0.51111
0.51058
0.51195
0.51153
0.50897
0.50910
0.51436
0.51249
0.50854
0.51103
0.50994
0.50985
0.51412
0.51091
0.53310
0.51186
0.50957
0.50957
0.51151
0.51092
0.51353
0.51013
0.51128
0.50957
0.51254
0.50997
0.50925
0.51051
0.51000
0.50906
0.50874
0.51007
0.51250
0.51431
0.50973
0.51452
0.50992
0.51023
0.51282
0.51201
0.50947
0.51070
0.51548
0.50868
0.51258
0.50960
0.51164
0.51136
0.50894
0.51178
0.51017
0.50931
0.51132
0.51129
0.51072
0.50961
0.51301
0.51015
0.51068
0.51003
0.51084
0.51150
0.51462
0.51058
0.51003
0.51053
0.51116
0.51623
