0.50977
0.50934
0.51281
0.51345
0.50876
0.51353
0.51020
0.51338
0.50884
0.51229
0.52003
0.51062
0.51041
0.51110
0.51208
0.51092
0.51414
0.50909
0.51101
0.51008
0.51233
0.50922
0.50939
0.50066
0.51473
0.51050
0.51157
0.51122
0.51582
0.50872
0.50894
0.51004
0.50864
0.50877
0.51115
0.51262
0.51584
0.50969
0.50901
0.51296
0.51089
0.51083
0.51419
0.51301
0.51213
0.51346
0.50882
0.51240
0.51015
0.51110
0.50991
0.51443
0.50911
0.51758
0.50893
0.51008
0.51091
0.51777
0.50845
0.50944
0.50975
0.50960
0.51003
0.50996
0.50838
0.51068
0.51301
0.50954
0.51129
0.50787
0.51096
0.49578
0.50943
0.51137
0.50929
0.50926
0.50995
0.51537
0.51430
0.50943
0.51175
0.51128
0.51325
0.51294
0.51435
0.50961
0.51736
0.50814
0.50929
0.51300
0.51053
0.51388
0.50929
0.51121
0.50973
0.50986
0.50962
0.50895
0.50958
0.51011
0.50875
0.51022
0.50988
0.50927
0.51008
0.51011
0.51381
0.52864
0.50860
0.51317
0.51479
0.51334
0.51390
0.51025
0.51374
0.51004
0.51497
0.51531
0.51300
0.54228
0.51512
0.51568
0.50961
0.50904
0.51191
0.50959
0.50868
0.51011
0.51084
0.51185
0.51366
0.50843
0.50936
0.51186
0.51303
0.51008
0.51083
0.51221
0.50890
0.51201
0.50986
0.50983
0.50982
0.51268
0.51139
0.51068
0.51311
0.51162
0.50933
0.50939
0.49592
0.50979
0.51212
0.50864
0.51076
0.50928
0.51110
0.51048
0.51077
0.51611
0.50985
0.51436
0.51062
0.50942
0.51425
0.51611
0.51032
0.51127
0.51114
0.51458
0.50994
0.50877
0.51302
0.51189
0.51172
0.51445
0.51050
0.50594
0.50973
0.51286
0.50966
0.51475
0.51032
0.50868
0.51417
0.51104
0.51181
0.50836
0.50863
0.51180
0.51041
0.51243
0.51505
0.50961
0.51082
0.50914
0.51114
0.50894
0.50978
0.50301
