0.51401
0.51111
0.49678
0.52329
0.51040
0.51062
0.51120
0.50921
0.50922
0.50997
0.51102
0.50940
0.51277
0.51453
0.51072
0.50885
0.51133
0.51030
0.51506
0.50958
0.50915
0.51015
0.51094
0.50979
0.50974
0.51324
0.51199
0.51008
0.52567
0.50875
0.50915
0.50980
0.50954
0.50835
0.51920
0.50929
0.51500
0.51294
0.50983
0.50875
0.50997
0.51282
0.50973
0.50913
0.51434
0.50954
0.51512
0.50931
0.51139
0.51125
0.50904
0.50941
0.51158
0.51262
0.51130
0.50995
0.50899
0.50963
0.51115
0.50991
0.50968
0.50995
0.51097
0.50970
0.51164
0.51025
0.51353
0.51130
0.51527
0.50865
0.51066
0.51535
0.51156
0.50951
0.51066
0.51043
0.51896
0.51297
0.51088
0.50981
0.51011
0.51191
0.51029
0.51301
0.51430
0.50960
0.51235
0.51053
0.51647
0.50943
0.50952
0.50989
0.50912
0.51211
0.50895
0.51505
0.50982
0.50872
0.51486
0.50918
0.50918
0.51467
0.51093
0.51455
0.50917
0.51000
0.51254
0.50885
0.50973
0.51033
0.51019
0.50956
0.50966
0.51018
0.50759
0.51294
0.50861
0.51317
0.50834
0.51141
0.50839
0.50837
0.51048
0.51262
0.50956
0.51000
0.50859
0.50963
0.51135
0.50919
0.50970
0.51502
0.51524
0.51627
0.51366
0.51014
0.50947
0.50966
0.50686
0.50914
0.51080
0.50857
0.51037
0.49936
0.51339
0.50884
0.51116
0.51144
0.51122
0.51139
0.50958
0.51264
0.50947
0.51524
0.51151
0.50865
0.50959
0.51340
0.51039
0.50975
0.51254
0.51278
0.50902
0.51296
0.50995
0.50980
0.51407
0.50983
0.50920
0.56084
0.50992
0.51039
0.51395
0.51092
0.51384
0.51014
0.51057
0.50842
0.50930
0.50972
0.51099
0.50977
0.50993
0.50986
0.51035
0.50646
0.51174
0.50946
0.50948
0.52441
0.51544
0.51168
0.50949
0.51113
0.50814
0.51318
0.53107
0.49925
0.50935
0.50930
