0.51224
0.51162
0.50294
0.51405
0.50276
0.51694
0.51093
0.51066
0.51905
0.51905
0.51162
0.50510
0.51099
0.51064
0.51624
0.51139
0.51986
0.51071
0.51042
0.52718
0.51588
0.52609
0.51164
0.51354
0.51646
0.51289
0.51141
0.51769
0.51966
0.51496
0.50865
0.50982
0.51564
0.51383
0.48979
0.49827
0.50962
0.51519
0.51217
0.51186
0.51505
0.52312
0.52403
0.51306
0.49987
0.51500
0.50304
0.50473
0.51285
0.51215
0.51499
0.49683
0.49583
0.52238
0.51022
0.50765
0.51566
0.51623
0.51215
0.51606
0.51085
0.51365
0.51189
0.50877
0.52183
0.51553
0.51356
0.52041
0.51277
0.50735
0.51751
0.52620
0.51181
0.51397
0.51631
0.49914
0.50698
0.48875
0.51251
0.51110
0.48792
0.51461
0.51400
0.51545
0.48500
0.54151
0.51165
0.51502
0.51669
0.53988
0.42742
0.55519
0.53960
0.51170
0.51364
0.52585
0.53041
0.52458
0.52350
0.51717
