0.48414
0.52578
0.49897
0.51062
0.50453
0.52071
0.55058
0.51083
0.51193
0.51221
0.50629
0.50931
0.53357
0.47339
0.50879
0.50913
0.53224
0.49207
0.50425
0.51279
0.50343
0.51052
0.49322
0.52010
0.51794
0.51187
0.49919
0.51388
0.51176
0.51430
0.51105
0.50655
0.51286
0.51042
0.54284
0.50191
0.50238
0.49089
0.51710
0.54094
0.50882
0.47317
0.52678
0.50434
0.51035
0.50819
0.51318
0.51351
0.48689
0.52078
0.51705
0.50635
0.51102
0.51665
0.50870
0.51549
0.53302
0.51070
0.51060
0.47232
0.50151
0.51115
0.51204
0.51160
0.51738
0.52872
0.51244
0.58196
0.51607
0.52305
0.51426
0.51291
0.51872
0.51054
0.51790
0.51007
0.52351
0.53159
0.51447
0.50935
0.51011
0.51138
0.51197
0.43830
0.51216
0.51881
0.51083
0.51547
0.51097
0.51276
0.50509
0.51105
0.50997
0.52080
0.51364
0.51496
0.51280
0.51042
0.51171
0.51184
