0.52904
0.49906
0.52369
0.51046
0.51069
0.51317
0.51380
0.51971
0.51138
0.52067
0.50908
0.51032
0.51333
0.51269
0.50963
0.51213
0.51491
0.52129
0.51158
0.51828
0.51324
0.53154
0.52547
0.50660
0.51045
0.53275
0.46859
0.51184
0.52031
0.53471
0.51172
0.50726
0.51025
0.51633
0.51317
0.51860
0.51823
0.51245
0.50741
0.51095
0.51576
0.50942
0.51652
0.51186
0.50142
0.49976
0.51073
0.51001
0.51732
0.50856
0.51170
0.51573
0.55412
0.51281
0.51520
0.51374
0.51953
0.52117
0.52020
0.51033
0.51447
0.50717
0.51596
0.51072
0.51284
0.49395
0.51553
0.51510
0.50672
0.52033
0.50638
0.50918
0.51514
0.51135
0.51242
0.51465
0.52421
0.50998
0.51158
0.51267
0.53301
0.52304
0.51277
0.50965
0.50922
0.51220
0.51065
0.51868
0.51389
0.51767
0.49847
0.47400
0.51575
0.53487
0.51196
0.51307
0.52109
0.52205
0.51196
0.51067
