0.52643
0.51153
0.51401
0.48389
0.51126
0.51261
0.51756
0.51042
0.51093
0.51308
0.50953
0.51285
0.51132
0.50817
0.50566
0.51022
0.57135
0.51076
0.51037
0.51099
0.48109
0.51576
0.51067
0.52992
0.51186
0.53790
0.48374
0.49033
0.50710
0.51059
0.51693
0.56977
0.51507
0.51097
0.58080
0.52368
0.51947
0.51347
0.50634
0.50589
0.54667
0.50872
0.50916
0.44927
0.53192
0.51320
0.51248
0.50727
0.52082
0.51353
0.51102
0.51519
0.50079
0.50373
0.50450
0.51135
0.51180
0.51218
0.49714
0.51511
0.50584
0.49189
0.53311
0.51159
0.51882
0.51748
0.51199
0.51428
0.51741
0.51176
0.51412
0.51351
0.51380
0.55559
0.50888
0.51321
0.50399
0.51230
0.51342
0.49502
0.51065
0.50903
0.51244
0.51751
0.53918
0.50385
0.51395
0.51183
0.50664
0.51802
0.51039
0.52358
0.51050
0.51201
0.51445
0.50981
0.50164
0.51063
0.49236
0.51552
