0.51061
0.51110
0.51613
0.50847
0.50932
0.51266
0.50999
0.51925
0.51327
0.51065
0.51326
0.51002
0.51249
0.51559
0.51034
0.51330
0.48321
0.51238
0.49711
0.51223
0.51574
0.48749
0.51018
0.49072
0.49314
0.46604
0.50054
0.51321
0.54177
0.50770
0.54140
0.53023
0.52094
0.54212
0.49386
0.51197
0.52123
0.52062
0.54511
0.51507
0.51291
0.50722
0.51123
0.49356
0.49288
0.51348
0.47667
0.51155
0.51765
0.51372
0.51491
0.51533
0.51068
0.49400
0.52599
0.52568
0.51902
0.52170
0.46854
0.49607
0.55441
0.51137
0.51100
0.52169
0.51538
0.51050
0.51665
0.50960
0.51748
0.52425
0.50902
0.51171
0.51987
0.51915
0.50955
0.50993
0.51895
0.52001
0.51063
0.53577
0.55177
0.51215
0.48000
0.51055
0.55990
0.52028
0.50571
0.50734
0.55124
0.51429
0.51242
0.51327
0.51281
0.49532
0.51180
0.50293
0.49504
0.51467
0.51327
0.51759
